[2022-08-18T20:03:24.132Z] Log level: Info
[2022-08-18T20:03:24.132Z] [info] Validating found git in: git
[2022-08-18T20:03:24.140Z] [info] Using git 2.34.1 from git
[2022-08-18T20:03:24.153Z] > git rev-parse --show-toplevel [3ms]
[2022-08-18T20:03:24.200Z] > git rev-parse --git-dir --git-common-dir [42ms]
[2022-08-18T20:03:24.202Z] [info] Open repository: /home/near/Documents/Code/go/sablia
[2022-08-18T20:03:24.221Z] > git status -z -uall [13ms]
[2022-08-18T20:03:24.226Z] > git symbolic-ref --short HEAD [2ms]
[2022-08-18T20:03:24.229Z] > git for-each-ref --format=%(refname)%00%(upstream:short)%00%(objectname)%00%(upstream:track)%00%(upstream:remotename)%00%(upstream:remoteref) refs/heads/main refs/remotes/main [1ms]
[2022-08-18T20:03:24.235Z] > git remote --verbose [1ms]
[2022-08-18T20:03:24.236Z] > git for-each-ref --sort -committerdate --format %(refname) %(objectname) %(*objectname) [4ms]
[2022-08-18T20:03:24.240Z] > git config --get commit.template [1ms]
[2022-08-18T20:03:24.248Z] > git status -z -uall [5ms]
[2022-08-18T20:03:24.252Z] > git symbolic-ref --short HEAD [1ms]
[2022-08-18T20:03:24.255Z] > git for-each-ref --format=%(refname)%00%(upstream:short)%00%(objectname)%00%(upstream:track)%00%(upstream:remotename)%00%(upstream:remoteref) refs/heads/main refs/remotes/main [1ms]
[2022-08-18T20:03:24.261Z] > git for-each-ref --sort -committerdate --format %(refname) %(objectname) %(*objectname) [3ms]
[2022-08-18T20:03:24.261Z] > git remote --verbose [2ms]
[2022-08-18T20:03:24.265Z] > git config --get commit.template [0ms]
[2022-08-18T20:03:24.661Z] > git fetch [456ms]
[2022-08-18T20:03:24.670Z] > git status -z -uall [6ms]
[2022-08-18T20:03:24.674Z] > git symbolic-ref --short HEAD [1ms]
[2022-08-18T20:03:24.677Z] > git for-each-ref --format=%(refname)%00%(upstream:short)%00%(objectname)%00%(upstream:track)%00%(upstream:remotename)%00%(upstream:remoteref) refs/heads/main refs/remotes/main [1ms]
[2022-08-18T20:03:24.683Z] > git for-each-ref --sort -committerdate --format %(refname) %(objectname) %(*objectname) [3ms]
[2022-08-18T20:03:24.683Z] > git remote --verbose [1ms]
[2022-08-18T20:03:24.689Z] > git config --get commit.template [1ms]
[2022-08-18T20:03:24.726Z] > git check-ignore -v -z --stdin [1ms]
[2022-08-18T20:03:25.705Z] > git status -z -uall [7ms]
[2022-08-18T20:03:25.709Z] > git symbolic-ref --short HEAD [1ms]
[2022-08-18T20:03:25.712Z] > git for-each-ref --format=%(refname)%00%(upstream:short)%00%(objectname)%00%(upstream:track)%00%(upstream:remotename)%00%(upstream:remoteref) refs/heads/main refs/remotes/main [1ms]
[2022-08-18T20:03:25.718Z] > git for-each-ref --sort -committerdate --format %(refname) %(objectname) %(*objectname) [4ms]
[2022-08-18T20:03:25.718Z] > git remote --verbose [1ms]
[2022-08-18T20:03:25.723Z] > git config --get commit.template [1ms]
[2022-08-18T20:03:27.336Z] > git show --textconv :go.mod [3ms]
[2022-08-18T20:03:27.336Z] > git ls-files --stage -- /home/near/Documents/Code/go/sablia/go.mod [1ms]
[2022-08-18T20:03:27.339Z] > git cat-file -s 85be06d97a7cb441cba87ce8893fc19948f9c79e [1ms]
[2022-08-18T20:03:29.462Z] > git show --textconv :go.sum [3ms]
[2022-08-18T20:03:29.463Z] > git ls-files --stage -- /home/near/Documents/Code/go/sablia/go.sum [1ms]
[2022-08-18T20:03:29.466Z] > git cat-file -s 50e0aedfaab37da5db2b3698650bbb9c1937dc14 [1ms]
[2022-08-18T20:03:32.274Z] > git check-ignore -v -z --stdin [1ms]
[2022-08-18T20:03:33.348Z] > git check-ignore -v -z --stdin [1ms]
[2022-08-18T20:03:34.498Z] > git show --textconv :web/view/home.html [3ms]
[2022-08-18T20:03:34.498Z] > git ls-files --stage -- /home/near/Documents/Code/go/sablia/web/view/home.html [0ms]
[2022-08-18T20:03:34.501Z] > git cat-file -s d17c051b50e12ef52af8e68306b04bb30cc89943 [1ms]
[2022-08-18T20:03:39.305Z] > git check-ignore -v -z --stdin [0ms]
[2022-08-18T20:03:39.835Z] > git show --textconv :web/handler/home_handler.go [3ms]
[2022-08-18T20:03:39.836Z] > git ls-files --stage -- /home/near/Documents/Code/go/sablia/web/handler/home_handler.go [1ms]
[2022-08-18T20:03:39.839Z] > git cat-file -s 5697f1350bfb049d081a012a7e4335850aea03b5 [1ms]
[2022-08-18T20:03:40.495Z] > git show --textconv :web/handler/about_handler.go [3ms]
[2022-08-18T20:03:40.496Z] > git ls-files --stage -- /home/near/Documents/Code/go/sablia/web/handler/about_handler.go [1ms]
[2022-08-18T20:03:40.500Z] > git cat-file -s a1f75c5ec029980604a1f096eebe7a655998c177 [1ms]
[2022-08-18T20:03:42.516Z] > git show --textconv :web/handler/home_handler.go [3ms]
[2022-08-18T20:03:42.517Z] > git ls-files --stage -- /home/near/Documents/Code/go/sablia/web/handler/home_handler.go [1ms]
[2022-08-18T20:03:42.520Z] > git cat-file -s 5697f1350bfb049d081a012a7e4335850aea03b5 [1ms]
[2022-08-18T20:03:43.477Z] > git show --textconv :web/handler/about_handler.go [2ms]
[2022-08-18T20:03:43.478Z] > git ls-files --stage -- /home/near/Documents/Code/go/sablia/web/handler/about_handler.go [1ms]
[2022-08-18T20:03:43.481Z] > git cat-file -s a1f75c5ec029980604a1f096eebe7a655998c177 [0ms]
[2022-08-18T20:03:44.646Z] > git show --textconv :web/handler/home_handler.go [3ms]
[2022-08-18T20:03:44.647Z] > git ls-files --stage -- /home/near/Documents/Code/go/sablia/web/handler/home_handler.go [1ms]
[2022-08-18T20:03:44.651Z] > git cat-file -s 5697f1350bfb049d081a012a7e4335850aea03b5 [1ms]
[2022-08-18T20:03:45.173Z] > git show --textconv :web/handler/about_handler.go [3ms]
[2022-08-18T20:03:45.173Z] > git ls-files --stage -- /home/near/Documents/Code/go/sablia/web/handler/about_handler.go [1ms]
[2022-08-18T20:03:45.176Z] > git cat-file -s a1f75c5ec029980604a1f096eebe7a655998c177 [0ms]
[2022-08-18T20:03:49.987Z] > git show --textconv :web/handler/home_handler.go [4ms]
[2022-08-18T20:03:49.988Z] > git ls-files --stage -- /home/near/Documents/Code/go/sablia/web/handler/home_handler.go [2ms]
[2022-08-18T20:03:49.992Z] > git cat-file -s 5697f1350bfb049d081a012a7e4335850aea03b5 [1ms]
[2022-08-18T20:05:26.461Z] > git show --textconv :web/main.go [4ms]
[2022-08-18T20:05:26.462Z] > git ls-files --stage -- /home/near/Documents/Code/go/sablia/web/main.go [2ms]
[2022-08-18T20:05:26.465Z] > git cat-file -s cd4692904c4ce7512f58527051458d21772f6030 [1ms]
[2022-08-18T20:07:14.139Z] > git fetch [442ms]
[2022-08-18T20:07:14.149Z] > git status -z -uall [7ms]
[2022-08-18T20:07:14.153Z] > git symbolic-ref --short HEAD [1ms]
[2022-08-18T20:07:14.156Z] > git for-each-ref --format=%(refname)%00%(upstream:short)%00%(objectname)%00%(upstream:track)%00%(upstream:remotename)%00%(upstream:remoteref) refs/heads/main refs/remotes/main [1ms]
[2022-08-18T20:07:14.162Z] > git remote --verbose [1ms]
[2022-08-18T20:07:14.162Z] > git for-each-ref --sort -committerdate --format %(refname) %(objectname) %(*objectname) [3ms]
[2022-08-18T20:07:14.169Z] > git config --get commit.template [1ms]
[2022-08-18T20:07:35.125Z] > git status -z -uall [5ms]
[2022-08-18T20:07:35.128Z] > git ls-files --stage -- /home/near/Documents/Code/go/sablia/web/main.go [3ms]
[2022-08-18T20:07:35.130Z] > git symbolic-ref --short HEAD [3ms]
[2022-08-18T20:07:35.132Z] > git cat-file -s cd4692904c4ce7512f58527051458d21772f6030 [2ms]
[2022-08-18T20:07:35.133Z] > git for-each-ref --format=%(refname)%00%(upstream:short)%00%(objectname)%00%(upstream:track)%00%(upstream:remotename)%00%(upstream:remoteref) refs/heads/main refs/remotes/main [1ms]
[2022-08-18T20:07:35.137Z] > git remote --verbose [1ms]
[2022-08-18T20:07:35.137Z] > git for-each-ref --sort -committerdate --format %(refname) %(objectname) %(*objectname) [2ms]
[2022-08-18T20:07:35.142Z] > git config --get commit.template [2ms]
[2022-08-18T20:07:35.143Z] > git show --textconv :web/main.go [1ms]
