[2022-08-18T02:14:53.555Z] Log level: Info
[2022-08-18T02:14:53.556Z] [info] Validating found git in: git
[2022-08-18T02:14:53.593Z] [info] Using git 2.34.1 from git
[2022-08-18T02:14:53.601Z] > git rev-parse --show-toplevel [3ms]
[2022-08-18T02:14:53.607Z] > git rev-parse --git-dir --git-common-dir [1ms]
[2022-08-18T02:14:53.610Z] [info] Open repository: /home/near/Documents/Code/python/youtube-stream-downloader
[2022-08-18T02:14:53.655Z] > git status -z -uall [41ms]
[2022-08-18T02:14:53.679Z] > git symbolic-ref --short HEAD [20ms]
[2022-08-18T02:14:53.686Z] > git for-each-ref --format=%(refname)%00%(upstream:short)%00%(objectname)%00%(upstream:track)%00%(upstream:remotename)%00%(upstream:remoteref) refs/heads/master refs/remotes/master [3ms]
[2022-08-18T02:14:53.694Z] > git remote --verbose [1ms]
[2022-08-18T02:14:53.695Z] > git for-each-ref --sort -committerdate --format %(refname) %(objectname) %(*objectname) [5ms]
[2022-08-18T02:14:53.701Z] > git config --get commit.template [0ms]
[2022-08-18T02:14:53.706Z] > git status -z -uall [1ms]
[2022-08-18T02:14:53.711Z] > git symbolic-ref --short HEAD [2ms]
[2022-08-18T02:14:53.715Z] > git for-each-ref --format=%(refname)%00%(upstream:short)%00%(objectname)%00%(upstream:track)%00%(upstream:remotename)%00%(upstream:remoteref) refs/heads/master refs/remotes/master [2ms]
[2022-08-18T02:14:53.726Z] > git remote --verbose [5ms]
[2022-08-18T02:14:53.726Z] > git for-each-ref --sort -committerdate --format %(refname) %(objectname) %(*objectname) [8ms]
[2022-08-18T02:14:53.732Z] > git config --get commit.template [0ms]
[2022-08-18T02:14:53.931Z] > git show --textconv :simple-download.py [5ms]
[2022-08-18T02:14:53.931Z] > git ls-files --stage -- /home/near/Documents/Code/python/youtube-stream-downloader/simple-download.py [1ms]
[2022-08-18T02:14:53.936Z] > git cat-file -s a7931cdada9581a658b6d563480c87dd8a7967e6 [1ms]
[2022-08-18T02:14:54.125Z] > git check-ignore -v -z --stdin [1ms]
[2022-08-18T02:15:09.004Z] > git fetch [219ms]
[2022-08-18T02:15:09.009Z] > git status -z -uall [1ms]
[2022-08-18T02:15:09.013Z] > git symbolic-ref --short HEAD [1ms]
[2022-08-18T02:15:09.017Z] > git for-each-ref --format=%(refname)%00%(upstream:short)%00%(objectname)%00%(upstream:track)%00%(upstream:remotename)%00%(upstream:remoteref) refs/heads/master refs/remotes/master [1ms]
[2022-08-18T02:15:09.022Z] > git for-each-ref --sort -committerdate --format %(refname) %(objectname) %(*objectname) [3ms]
[2022-08-18T02:15:09.023Z] > git remote --verbose [1ms]
[2022-08-18T02:15:09.028Z] > git config --get commit.template [1ms]
[2022-08-18T02:15:10.058Z] > git status -z -uall [1ms]
[2022-08-18T02:15:10.063Z] > git symbolic-ref --short HEAD [2ms]
[2022-08-18T02:15:10.072Z] > git for-each-ref --format=%(refname)%00%(upstream:short)%00%(objectname)%00%(upstream:track)%00%(upstream:remotename)%00%(upstream:remoteref) refs/heads/master refs/remotes/master [6ms]
[2022-08-18T02:15:10.078Z] > git for-each-ref --sort -committerdate --format %(refname) %(objectname) %(*objectname) [3ms]
[2022-08-18T02:15:10.079Z] > git remote --verbose [1ms]
[2022-08-18T02:15:10.084Z] > git config --get commit.template [0ms]
[2022-08-18T02:15:10.876Z] > git ls-files --stage -- /home/near/Documents/Code/python/youtube-stream-downloader/simple-download.py [0ms]
[2022-08-18T02:15:10.879Z] > git cat-file -s a7931cdada9581a658b6d563480c87dd8a7967e6 [0ms]
[2022-08-18T02:15:10.885Z] > git show --textconv :simple-download.py [1ms]
[2022-08-18T02:37:20.635Z] > git fetch [187ms]
[2022-08-18T02:37:20.639Z] > git status -z -uall [1ms]
[2022-08-18T02:37:20.643Z] > git symbolic-ref --short HEAD [1ms]
[2022-08-18T02:37:20.647Z] > git for-each-ref --format=%(refname)%00%(upstream:short)%00%(objectname)%00%(upstream:track)%00%(upstream:remotename)%00%(upstream:remoteref) refs/heads/master refs/remotes/master [1ms]
[2022-08-18T02:37:20.654Z] > git for-each-ref --sort -committerdate --format %(refname) %(objectname) %(*objectname) [4ms]
[2022-08-18T02:37:20.654Z] > git remote --verbose [1ms]
[2022-08-18T02:37:20.660Z] > git config --get commit.template [1ms]
[2022-08-18T02:37:21.689Z] > git status -z -uall [1ms]
[2022-08-18T02:37:21.693Z] > git symbolic-ref --short HEAD [1ms]
[2022-08-18T02:37:21.696Z] > git for-each-ref --format=%(refname)%00%(upstream:short)%00%(objectname)%00%(upstream:track)%00%(upstream:remotename)%00%(upstream:remoteref) refs/heads/master refs/remotes/master [1ms]
[2022-08-18T02:37:21.702Z] > git for-each-ref --sort -committerdate --format %(refname) %(objectname) %(*objectname) [3ms]
[2022-08-18T02:37:21.702Z] > git remote --verbose [1ms]
[2022-08-18T02:37:21.707Z] > git config --get commit.template [1ms]
[2022-08-18T02:37:21.791Z] > git ls-files --stage -- /home/near/Documents/Code/python/youtube-stream-downloader/simple-download.py [0ms]
[2022-08-18T02:37:21.795Z] > git cat-file -s a7931cdada9581a658b6d563480c87dd8a7967e6 [1ms]
[2022-08-18T02:37:21.802Z] > git show --textconv :simple-download.py [1ms]
[2022-08-18T02:41:17.347Z] > git fetch [190ms]
[2022-08-18T02:41:17.351Z] > git status -z -uall [1ms]
[2022-08-18T02:41:17.354Z] > git symbolic-ref --short HEAD [0ms]
[2022-08-18T02:41:17.358Z] > git for-each-ref --format=%(refname)%00%(upstream:short)%00%(objectname)%00%(upstream:track)%00%(upstream:remotename)%00%(upstream:remoteref) refs/heads/master refs/remotes/master [1ms]
[2022-08-18T02:41:17.364Z] > git for-each-ref --sort -committerdate --format %(refname) %(objectname) %(*objectname) [3ms]
[2022-08-18T02:41:17.365Z] > git remote --verbose [1ms]
[2022-08-18T02:41:17.370Z] > git config --get commit.template [1ms]
[2022-08-18T02:41:18.403Z] > git status -z -uall [2ms]
[2022-08-18T02:41:18.406Z] > git symbolic-ref --short HEAD [0ms]
[2022-08-18T02:41:18.409Z] > git for-each-ref --format=%(refname)%00%(upstream:short)%00%(objectname)%00%(upstream:track)%00%(upstream:remotename)%00%(upstream:remoteref) refs/heads/master refs/remotes/master [0ms]
[2022-08-18T02:41:18.415Z] > git for-each-ref --sort -committerdate --format %(refname) %(objectname) %(*objectname) [3ms]
[2022-08-18T02:41:18.416Z] > git remote --verbose [1ms]
[2022-08-18T02:41:18.420Z] > git config --get commit.template [0ms]
[2022-08-18T02:41:18.504Z] > git ls-files --stage -- /home/near/Documents/Code/python/youtube-stream-downloader/simple-download.py [1ms]
[2022-08-18T02:41:18.507Z] > git cat-file -s a7931cdada9581a658b6d563480c87dd8a7967e6 [0ms]
[2022-08-18T02:41:18.513Z] > git show --textconv :simple-download.py [1ms]
[2022-08-18T02:45:35.440Z] > git fetch [181ms]
[2022-08-18T02:45:35.445Z] > git status -z -uall [2ms]
[2022-08-18T02:45:35.448Z] > git symbolic-ref --short HEAD [1ms]
[2022-08-18T02:45:35.453Z] > git for-each-ref --format=%(refname)%00%(upstream:short)%00%(objectname)%00%(upstream:track)%00%(upstream:remotename)%00%(upstream:remoteref) refs/heads/master refs/remotes/master [2ms]
[2022-08-18T02:45:35.460Z] > git remote --verbose [1ms]
[2022-08-18T02:45:35.461Z] > git for-each-ref --sort -committerdate --format %(refname) %(objectname) %(*objectname) [5ms]
[2022-08-18T02:45:35.466Z] > git config --get commit.template [1ms]
[2022-08-18T02:46:43.610Z] > git status -z -uall [1ms]
[2022-08-18T02:46:43.617Z] > git symbolic-ref --short HEAD [4ms]
[2022-08-18T02:46:43.619Z] > git ls-files --stage -- /home/near/Documents/Code/python/youtube-stream-downloader/simple-download.py [3ms]
[2022-08-18T02:46:43.622Z] > git for-each-ref --format=%(refname)%00%(upstream:short)%00%(objectname)%00%(upstream:track)%00%(upstream:remotename)%00%(upstream:remoteref) refs/heads/master refs/remotes/master [3ms]
[2022-08-18T02:46:43.627Z] > git for-each-ref --sort -committerdate --format %(refname) %(objectname) %(*objectname) [3ms]
[2022-08-18T02:46:43.627Z] > git cat-file -s a7931cdada9581a658b6d563480c87dd8a7967e6 [6ms]
[2022-08-18T02:46:43.628Z] > git remote --verbose [2ms]
[2022-08-18T02:46:43.634Z] > git config --get commit.template [3ms]
[2022-08-18T02:46:43.635Z] > git show --textconv :simple-download.py [1ms]
