[2022-08-18T18:48:07.949Z] Log level: Info
[2022-08-18T18:48:07.950Z] [info] Validating found git in: git
[2022-08-18T18:48:07.957Z] [info] Using git 2.34.1 from git
[2022-08-18T18:48:07.968Z] > git rev-parse --show-toplevel [3ms]
[2022-08-18T18:48:07.972Z] > git rev-parse --git-dir --git-common-dir [1ms]
[2022-08-18T18:48:07.974Z] [info] Open repository: /home/near/Documents/Code/zerai.xyz
[2022-08-18T18:48:08.028Z] > git status -z -uall [47ms]
[2022-08-18T18:48:08.048Z] > git symbolic-ref --short HEAD [16ms]
[2022-08-18T18:48:08.053Z] > git for-each-ref --format=%(refname)%00%(upstream:short)%00%(objectname)%00%(upstream:track)%00%(upstream:remotename)%00%(upstream:remoteref) refs/heads/main refs/remotes/main [1ms]
[2022-08-18T18:48:08.062Z] > git remote --verbose [2ms]
[2022-08-18T18:48:08.062Z] > git for-each-ref --sort -committerdate --format %(refname) %(objectname) %(*objectname) [6ms]
[2022-08-18T18:48:08.068Z] > git config --get commit.template [1ms]
[2022-08-18T18:48:08.076Z] > git status -z -uall [2ms]
[2022-08-18T18:48:08.082Z] > git symbolic-ref --short HEAD [1ms]
[2022-08-18T18:48:08.087Z] > git for-each-ref --format=%(refname)%00%(upstream:short)%00%(objectname)%00%(upstream:track)%00%(upstream:remotename)%00%(upstream:remoteref) refs/heads/main refs/remotes/main [1ms]
[2022-08-18T18:48:08.095Z] > git for-each-ref --sort -committerdate --format %(refname) %(objectname) %(*objectname) [4ms]
[2022-08-18T18:48:08.095Z] > git remote --verbose [1ms]
[2022-08-18T18:48:08.100Z] > git config --get commit.template [1ms]
[2022-08-18T18:48:08.415Z] > git show --textconv :themes/ezhil/layouts/partials/paginator.html [3ms]
[2022-08-18T18:48:08.415Z] > git ls-files --stage -- /home/near/Documents/Code/zerai.xyz/themes/ezhil/layouts/partials/paginator.html [0ms]
[2022-08-18T18:48:08.418Z] > git cat-file -s ace433de08ae6d14fc00b2b305f134e7a3318e22 [1ms]
[2022-08-18T18:48:08.433Z] > git fetch [454ms]
[2022-08-18T18:48:08.436Z] > git status -z -uall [1ms]
[2022-08-18T18:48:08.439Z] > git symbolic-ref --short HEAD [1ms]
[2022-08-18T18:48:08.442Z] > git for-each-ref --format=%(refname)%00%(upstream:short)%00%(objectname)%00%(upstream:track)%00%(upstream:remotename)%00%(upstream:remoteref) refs/heads/main refs/remotes/main [1ms]
[2022-08-18T18:48:08.448Z] > git for-each-ref --sort -committerdate --format %(refname) %(objectname) %(*objectname) [4ms]
[2022-08-18T18:48:08.448Z] > git remote --verbose [1ms]
[2022-08-18T18:48:08.454Z] > git config --get commit.template [1ms]
[2022-08-18T18:48:08.491Z] > git check-ignore -v -z --stdin [1ms]
[2022-08-18T18:48:09.472Z] > git status -z -uall [2ms]
[2022-08-18T18:48:09.476Z] > git symbolic-ref --short HEAD [1ms]
[2022-08-18T18:48:09.479Z] > git for-each-ref --format=%(refname)%00%(upstream:short)%00%(objectname)%00%(upstream:track)%00%(upstream:remotename)%00%(upstream:remoteref) refs/heads/main refs/remotes/main [1ms]
[2022-08-18T18:48:09.483Z] > git for-each-ref --sort -committerdate --format %(refname) %(objectname) %(*objectname) [2ms]
[2022-08-18T18:48:09.484Z] > git remote --verbose [0ms]
[2022-08-18T18:48:09.487Z] > git config --get commit.template [1ms]
[2022-08-18T18:48:09.575Z] > git ls-files --stage -- /home/near/Documents/Code/zerai.xyz/themes/ezhil/layouts/partials/paginator.html [1ms]
[2022-08-18T18:48:09.578Z] > git cat-file -s ace433de08ae6d14fc00b2b305f134e7a3318e22 [1ms]
[2022-08-18T18:48:09.586Z] > git show --textconv :themes/ezhil/layouts/partials/paginator.html [3ms]
[2022-08-18T18:48:10.438Z] > git check-ignore -v -z --stdin [1ms]
[2022-08-18T18:48:26.180Z] > git check-ignore -v -z --stdin [1ms]
[2022-08-18T18:48:30.156Z] > git status -z -uall [1ms]
[2022-08-18T18:48:30.163Z] > git symbolic-ref --short HEAD [1ms]
[2022-08-18T18:48:30.166Z] > git for-each-ref --format=%(refname)%00%(upstream:short)%00%(objectname)%00%(upstream:track)%00%(upstream:remotename)%00%(upstream:remoteref) refs/heads/main refs/remotes/main [1ms]
[2022-08-18T18:48:30.169Z] > git for-each-ref --sort -committerdate --format %(refname) %(objectname) %(*objectname) [1ms]
[2022-08-18T18:48:30.170Z] > git remote --verbose [1ms]
[2022-08-18T18:48:30.173Z] > git config --get commit.template [0ms]
[2022-08-18T18:48:30.747Z] > git check-ignore -v -z --stdin [1ms]
[2022-08-18T18:48:34.458Z] > git check-ignore -v -z --stdin [1ms]
[2022-08-18T18:48:35.179Z] > git status -z -uall [2ms]
[2022-08-18T18:48:35.182Z] > git symbolic-ref --short HEAD [1ms]
[2022-08-18T18:48:35.186Z] > git for-each-ref --format=%(refname)%00%(upstream:short)%00%(objectname)%00%(upstream:track)%00%(upstream:remotename)%00%(upstream:remoteref) refs/heads/main refs/remotes/main [1ms]
[2022-08-18T18:48:35.191Z] > git for-each-ref --sort -committerdate --format %(refname) %(objectname) %(*objectname) [3ms]
[2022-08-18T18:48:35.191Z] > git remote --verbose [1ms]
[2022-08-18T18:48:35.196Z] > git config --get commit.template [1ms]
[2022-08-18T18:48:37.411Z] > git check-ignore -v -z --stdin [1ms]
[2022-08-18T18:48:39.300Z] > git check-ignore -v -z --stdin [1ms]
[2022-08-18T18:48:40.202Z] > git status -z -uall [2ms]
[2022-08-18T18:48:40.204Z] > git symbolic-ref --short HEAD [0ms]
[2022-08-18T18:48:40.207Z] > git for-each-ref --format=%(refname)%00%(upstream:short)%00%(objectname)%00%(upstream:track)%00%(upstream:remotename)%00%(upstream:remoteref) refs/heads/main refs/remotes/main [1ms]
[2022-08-18T18:48:40.212Z] > git for-each-ref --sort -committerdate --format %(refname) %(objectname) %(*objectname) [3ms]
[2022-08-18T18:48:40.212Z] > git remote --verbose [1ms]
[2022-08-18T18:48:40.216Z] > git config --get commit.template [1ms]
[2022-08-18T18:48:40.345Z] > git check-ignore -v -z --stdin [1ms]
[2022-08-18T18:48:42.266Z] > git show --textconv :themes/notepadium/.github/ISSUE_TEMPLATE.md [9ms]
[2022-08-18T18:48:42.267Z] > git ls-files --stage -- /home/near/Documents/Code/zerai.xyz/themes/notepadium/.github/ISSUE_TEMPLATE.md [7ms]
[2022-08-18T18:48:46.883Z] > git show --textconv :themes/ezhil/layouts/partials/paginator.html [2ms]
[2022-08-18T18:48:46.883Z] > git ls-files --stage -- /home/near/Documents/Code/zerai.xyz/themes/ezhil/layouts/partials/paginator.html [1ms]
[2022-08-18T18:48:46.887Z] > git cat-file -s ace433de08ae6d14fc00b2b305f134e7a3318e22 [1ms]
[2022-08-18T18:48:52.448Z] > git status -z -uall [2ms]
[2022-08-18T18:48:52.451Z] > git symbolic-ref --short HEAD [1ms]
[2022-08-18T18:48:52.454Z] > git for-each-ref --format=%(refname)%00%(upstream:short)%00%(objectname)%00%(upstream:track)%00%(upstream:remotename)%00%(upstream:remoteref) refs/heads/main refs/remotes/main [1ms]
[2022-08-18T18:48:52.460Z] > git remote --verbose [1ms]
[2022-08-18T18:48:52.461Z] > git for-each-ref --sort -committerdate --format %(refname) %(objectname) %(*objectname) [4ms]
[2022-08-18T18:48:52.468Z] > git config --get commit.template [2ms]
[2022-08-18T18:48:55.475Z] > git show --textconv :themes/notepadium/LICENSE [3ms]
[2022-08-18T18:48:55.476Z] > git ls-files --stage -- /home/near/Documents/Code/zerai.xyz/themes/notepadium/LICENSE [1ms]
[2022-08-18T18:50:49.385Z] > git show --textconv :themes/ezhil/layouts/partials/paginator.html [2ms]
[2022-08-18T18:50:49.385Z] > git ls-files --stage -- /home/near/Documents/Code/zerai.xyz/themes/ezhil/layouts/partials/paginator.html [0ms]
[2022-08-18T18:50:49.387Z] > git cat-file -s ace433de08ae6d14fc00b2b305f134e7a3318e22 [0ms]
[2022-08-18T18:51:19.911Z] > git fetch [466ms]
[2022-08-18T18:51:19.916Z] > git status -z -uall [2ms]
[2022-08-18T18:51:19.923Z] > git symbolic-ref --short HEAD [1ms]
[2022-08-18T18:51:19.930Z] > git for-each-ref --format=%(refname)%00%(upstream:short)%00%(objectname)%00%(upstream:track)%00%(upstream:remotename)%00%(upstream:remoteref) refs/heads/main refs/remotes/main [1ms]
[2022-08-18T18:51:19.940Z] > git for-each-ref --sort -committerdate --format %(refname) %(objectname) %(*objectname) [5ms]
[2022-08-18T18:51:19.941Z] > git remote --verbose [2ms]
[2022-08-18T18:51:19.947Z] > git config --get commit.template [1ms]
[2022-08-18T18:51:21.050Z] > git ls-files --stage -- /home/near/Documents/Code/zerai.xyz/themes/ezhil/layouts/partials/paginator.html [1ms]
[2022-08-18T18:51:21.053Z] > git cat-file -s ace433de08ae6d14fc00b2b305f134e7a3318e22 [0ms]
[2022-08-18T18:51:21.060Z] > git show --textconv :themes/ezhil/layouts/partials/paginator.html [1ms]
[2022-08-18T18:51:33.038Z] > git checkout -q -- /home/near/Documents/Code/zerai.xyz/themes/ezhil/layouts/partials/paginator.html [2ms]
[2022-08-18T18:51:33.043Z] > git status -z -uall [1ms]
[2022-08-18T18:51:33.047Z] > git symbolic-ref --short HEAD [1ms]
[2022-08-18T18:51:33.050Z] > git for-each-ref --format=%(refname)%00%(upstream:short)%00%(objectname)%00%(upstream:track)%00%(upstream:remotename)%00%(upstream:remoteref) refs/heads/main refs/remotes/main [0ms]
[2022-08-18T18:51:33.055Z] > git remote --verbose [0ms]
[2022-08-18T18:51:33.055Z] > git for-each-ref --sort -committerdate --format %(refname) %(objectname) %(*objectname) [2ms]
[2022-08-18T18:51:33.061Z] > git config --get commit.template [0ms]
[2022-08-18T18:51:34.798Z] > git checkout -q -- /home/near/Documents/Code/zerai.xyz/themes/ezhil/layouts/partials/footer.html [4ms]
[2022-08-18T18:51:34.800Z] > git status -z -uall [2ms]
[2022-08-18T18:51:34.806Z] > git symbolic-ref --short HEAD [3ms]
[2022-08-18T18:51:34.810Z] > git ls-files --stage -- /home/near/Documents/Code/zerai.xyz/themes/ezhil/layouts/partials/paginator.html [5ms]
[2022-08-18T18:51:34.814Z] > git for-each-ref --format=%(refname)%00%(upstream:short)%00%(objectname)%00%(upstream:track)%00%(upstream:remotename)%00%(upstream:remoteref) refs/heads/main refs/remotes/main [4ms]
[2022-08-18T18:51:34.819Z] > git for-each-ref --sort -committerdate --format %(refname) %(objectname) %(*objectname) [3ms]
[2022-08-18T18:51:34.819Z] > git cat-file -s ace433de08ae6d14fc00b2b305f134e7a3318e22 [6ms]
[2022-08-18T18:51:34.820Z] > git remote --verbose [1ms]
[2022-08-18T18:51:34.825Z] > git config --get commit.template [1ms]
[2022-08-18T18:51:34.831Z] > git status -z -uall [2ms]
[2022-08-18T18:51:34.839Z] > git symbolic-ref --short HEAD [4ms]
[2022-08-18T18:51:34.844Z] > git show --textconv :themes/ezhil/layouts/partials/paginator.html [6ms]
[2022-08-18T18:51:34.844Z] > git for-each-ref --format=%(refname)%00%(upstream:short)%00%(objectname)%00%(upstream:track)%00%(upstream:remotename)%00%(upstream:remoteref) refs/heads/main refs/remotes/main [0ms]
[2022-08-18T18:51:34.852Z] > git for-each-ref --sort -committerdate --format %(refname) %(objectname) %(*objectname) [4ms]
[2022-08-18T18:51:34.853Z] > git remote --verbose [2ms]
[2022-08-18T18:51:34.857Z] > git config --get commit.template [1ms]
[2022-08-18T18:51:35.961Z] > git ls-files --stage -- /home/near/Documents/Code/zerai.xyz/themes/ezhil/layouts/partials/paginator.html [0ms]
[2022-08-18T18:51:35.964Z] > git cat-file -s ace433de08ae6d14fc00b2b305f134e7a3318e22 [1ms]
[2022-08-18T18:51:35.972Z] > git show --textconv :themes/ezhil/layouts/partials/paginator.html [1ms]
[2022-08-18T18:51:39.631Z] > git show --textconv :themes/ezhil/layouts/partials/footer.html [3ms]
[2022-08-18T18:51:39.631Z] > git ls-files --stage -- /home/near/Documents/Code/zerai.xyz/themes/ezhil/layouts/partials/footer.html [1ms]
[2022-08-18T18:51:39.636Z] > git cat-file -s 1841def326709908271edda35c0ca5ed697a6206 [1ms]
[2022-08-18T18:51:47.732Z] > git show --textconv :themes/notepadium/theme.toml [4ms]
[2022-08-18T18:51:47.734Z] > git ls-files --stage -- /home/near/Documents/Code/zerai.xyz/themes/notepadium/theme.toml [2ms]
[2022-08-18T18:51:52.522Z] > git show --textconv :config.toml [3ms]
[2022-08-18T18:51:52.523Z] > git ls-files --stage -- /home/near/Documents/Code/zerai.xyz/config.toml [1ms]
[2022-08-18T18:51:52.527Z] > git cat-file -s ad78a4b2294297dfd374956b4aaecbd9ac9dc714 [1ms]
[2022-08-18T18:52:01.608Z] > git status -z -uall [2ms]
[2022-08-18T18:52:01.614Z] > git symbolic-ref --short HEAD [1ms]
[2022-08-18T18:52:01.618Z] > git for-each-ref --format=%(refname)%00%(upstream:short)%00%(objectname)%00%(upstream:track)%00%(upstream:remotename)%00%(upstream:remoteref) refs/heads/main refs/remotes/main [1ms]
[2022-08-18T18:52:01.625Z] > git for-each-ref --sort -committerdate --format %(refname) %(objectname) %(*objectname) [4ms]
[2022-08-18T18:52:01.625Z] > git remote --verbose [1ms]
[2022-08-18T18:52:01.631Z] > git config --get commit.template [0ms]
[2022-08-18T18:52:22.471Z] > git check-ignore -v -z --stdin [1ms]
[2022-08-18T18:52:23.094Z] > git show --textconv :themes/notepadium/exampleSite/config.toml [4ms]
[2022-08-18T18:52:23.095Z] > git ls-files --stage -- /home/near/Documents/Code/zerai.xyz/themes/notepadium/exampleSite/config.toml [1ms]
[2022-08-18T18:52:38.513Z] > git show --textconv :config.toml [3ms]
[2022-08-18T18:52:38.513Z] > git ls-files --stage -- /home/near/Documents/Code/zerai.xyz/config.toml [0ms]
[2022-08-18T18:52:38.516Z] > git cat-file -s ad78a4b2294297dfd374956b4aaecbd9ac9dc714 [1ms]
[2022-08-18T18:52:41.142Z] > git show --textconv :themes/notepadium/exampleSite/config.toml [3ms]
[2022-08-18T18:52:41.143Z] > git ls-files --stage -- /home/near/Documents/Code/zerai.xyz/themes/notepadium/exampleSite/config.toml [2ms]
[2022-08-18T18:52:42.607Z] > git show --textconv :config.toml [3ms]
[2022-08-18T18:52:42.607Z] > git ls-files --stage -- /home/near/Documents/Code/zerai.xyz/config.toml [1ms]
[2022-08-18T18:52:42.612Z] > git cat-file -s ad78a4b2294297dfd374956b4aaecbd9ac9dc714 [1ms]
[2022-08-18T18:52:43.690Z] > git show --textconv :themes/notepadium/exampleSite/config.toml [4ms]
[2022-08-18T18:52:43.691Z] > git ls-files --stage -- /home/near/Documents/Code/zerai.xyz/themes/notepadium/exampleSite/config.toml [1ms]
[2022-08-18T18:52:45.146Z] > git show --textconv :config.toml [4ms]
[2022-08-18T18:52:45.146Z] > git ls-files --stage -- /home/near/Documents/Code/zerai.xyz/config.toml [1ms]
[2022-08-18T18:52:45.149Z] > git cat-file -s ad78a4b2294297dfd374956b4aaecbd9ac9dc714 [1ms]
[2022-08-18T18:52:46.230Z] > git show --textconv :themes/notepadium/exampleSite/config.toml [4ms]
[2022-08-18T18:52:46.230Z] > git ls-files --stage -- /home/near/Documents/Code/zerai.xyz/themes/notepadium/exampleSite/config.toml [1ms]
[2022-08-18T18:52:51.369Z] > git show --textconv :config.toml [4ms]
[2022-08-18T18:52:51.369Z] > git ls-files --stage -- /home/near/Documents/Code/zerai.xyz/config.toml [1ms]
[2022-08-18T18:52:51.372Z] > git cat-file -s ad78a4b2294297dfd374956b4aaecbd9ac9dc714 [1ms]
[2022-08-18T18:52:57.328Z] > git status -z -uall [3ms]
[2022-08-18T18:52:57.331Z] > git symbolic-ref --short HEAD [0ms]
[2022-08-18T18:52:57.335Z] > git for-each-ref --format=%(refname)%00%(upstream:short)%00%(objectname)%00%(upstream:track)%00%(upstream:remotename)%00%(upstream:remoteref) refs/heads/main refs/remotes/main [0ms]
[2022-08-18T18:52:57.339Z] > git for-each-ref --sort -committerdate --format %(refname) %(objectname) %(*objectname) [2ms]
[2022-08-18T18:52:57.340Z] > git remote --verbose [1ms]
[2022-08-18T18:52:57.344Z] > git config --get commit.template [0ms]
[2022-08-18T18:53:28.206Z] > git check-ignore -v -z --stdin [1ms]
[2022-08-18T18:53:37.337Z] > git status -z -uall [1ms]
[2022-08-18T18:53:37.341Z] > git symbolic-ref --short HEAD [1ms]
[2022-08-18T18:53:37.346Z] > git for-each-ref --format=%(refname)%00%(upstream:short)%00%(objectname)%00%(upstream:track)%00%(upstream:remotename)%00%(upstream:remoteref) refs/heads/main refs/remotes/main [1ms]
[2022-08-18T18:53:37.352Z] > git for-each-ref --sort -committerdate --format %(refname) %(objectname) %(*objectname) [3ms]
[2022-08-18T18:53:37.353Z] > git remote --verbose [1ms]
[2022-08-18T18:53:37.357Z] > git config --get commit.template [0ms]
[2022-08-18T18:53:41.069Z] > git check-ignore -v -z --stdin [1ms]
[2022-08-18T18:53:47.492Z] > git check-ignore -v -z --stdin [1ms]
[2022-08-18T18:53:48.035Z] > git status -z -uall [2ms]
[2022-08-18T18:53:48.039Z] > git symbolic-ref --short HEAD [1ms]
[2022-08-18T18:53:48.043Z] > git for-each-ref --format=%(refname)%00%(upstream:short)%00%(objectname)%00%(upstream:track)%00%(upstream:remotename)%00%(upstream:remoteref) refs/heads/main refs/remotes/main [1ms]
[2022-08-18T18:53:48.048Z] > git for-each-ref --sort -committerdate --format %(refname) %(objectname) %(*objectname) [2ms]
[2022-08-18T18:53:48.049Z] > git remote --verbose [1ms]
[2022-08-18T18:53:48.055Z] > git config --get commit.template [1ms]
[2022-08-18T18:54:20.447Z] > git fetch [495ms]
[2022-08-18T18:54:20.452Z] > git status -z -uall [2ms]
[2022-08-18T18:54:20.455Z] > git symbolic-ref --short HEAD [1ms]
[2022-08-18T18:54:20.457Z] > git for-each-ref --format=%(refname)%00%(upstream:short)%00%(objectname)%00%(upstream:track)%00%(upstream:remotename)%00%(upstream:remoteref) refs/heads/main refs/remotes/main [1ms]
[2022-08-18T18:54:20.462Z] > git for-each-ref --sort -committerdate --format %(refname) %(objectname) %(*objectname) [3ms]
[2022-08-18T18:54:20.462Z] > git remote --verbose [1ms]
[2022-08-18T18:54:20.465Z] > git config --get commit.template [1ms]
[2022-08-18T18:54:21.484Z] > git status -z -uall [2ms]
[2022-08-18T18:54:21.489Z] > git symbolic-ref --short HEAD [1ms]
[2022-08-18T18:54:21.494Z] > git for-each-ref --format=%(refname)%00%(upstream:short)%00%(objectname)%00%(upstream:track)%00%(upstream:remotename)%00%(upstream:remoteref) refs/heads/main refs/remotes/main [1ms]
[2022-08-18T18:54:21.503Z] > git for-each-ref --sort -committerdate --format %(refname) %(objectname) %(*objectname) [4ms]
[2022-08-18T18:54:21.503Z] > git remote --verbose [1ms]
[2022-08-18T18:54:21.508Z] > git config --get commit.template [1ms]
[2022-08-18T18:54:21.585Z] > git ls-files --stage -- /home/near/Documents/Code/zerai.xyz/config.toml [0ms]
[2022-08-18T18:54:21.588Z] > git cat-file -s ad78a4b2294297dfd374956b4aaecbd9ac9dc714 [0ms]
[2022-08-18T18:54:21.596Z] > git show --textconv :config.toml [1ms]
[2022-08-18T18:54:28.443Z] > git check-ignore -v -z --stdin [0ms]
[2022-08-18T18:54:31.060Z] > git check-ignore -v -z --stdin [1ms]
[2022-08-18T18:54:36.298Z] > git show --textconv :config.toml [3ms]
[2022-08-18T18:54:36.299Z] > git ls-files --stage -- /home/near/Documents/Code/zerai.xyz/config.toml [1ms]
[2022-08-18T18:54:36.303Z] > git cat-file -s ad78a4b2294297dfd374956b4aaecbd9ac9dc714 [1ms]
[2022-08-18T18:54:56.139Z] > git show --textconv :themes/notepadium/theme.toml [3ms]
[2022-08-18T18:54:56.139Z] > git ls-files --stage -- /home/near/Documents/Code/zerai.xyz/themes/notepadium/theme.toml [1ms]
[2022-08-18T18:55:00.577Z] > git show --textconv :config.toml [3ms]
[2022-08-18T18:55:00.578Z] > git ls-files --stage -- /home/near/Documents/Code/zerai.xyz/config.toml [1ms]
[2022-08-18T18:55:00.581Z] > git cat-file -s ad78a4b2294297dfd374956b4aaecbd9ac9dc714 [0ms]
[2022-08-18T18:55:05.285Z] > git show --textconv :themes/notepadium/exampleSite/config.toml [4ms]
[2022-08-18T18:55:05.285Z] > git ls-files --stage -- /home/near/Documents/Code/zerai.xyz/themes/notepadium/exampleSite/config.toml [1ms]
[2022-08-18T18:55:08.638Z] > git show --textconv :config.toml [3ms]
[2022-08-18T18:55:08.639Z] > git ls-files --stage -- /home/near/Documents/Code/zerai.xyz/config.toml [1ms]
[2022-08-18T18:55:08.642Z] > git cat-file -s ad78a4b2294297dfd374956b4aaecbd9ac9dc714 [1ms]
[2022-08-18T18:55:09.973Z] > git show --textconv :themes/notepadium/exampleSite/config.toml [3ms]
[2022-08-18T18:55:09.973Z] > git ls-files --stage -- /home/near/Documents/Code/zerai.xyz/themes/notepadium/exampleSite/config.toml [1ms]
[2022-08-18T18:55:10.898Z] > git show --textconv :config.toml [3ms]
[2022-08-18T18:55:10.898Z] > git ls-files --stage -- /home/near/Documents/Code/zerai.xyz/config.toml [0ms]
[2022-08-18T18:55:10.903Z] > git cat-file -s ad78a4b2294297dfd374956b4aaecbd9ac9dc714 [1ms]
[2022-08-18T18:55:11.660Z] > git show --textconv :themes/notepadium/exampleSite/config.toml [4ms]
[2022-08-18T18:55:11.661Z] > git ls-files --stage -- /home/near/Documents/Code/zerai.xyz/themes/notepadium/exampleSite/config.toml [2ms]
[2022-08-18T18:55:32.641Z] > git show --textconv :config.toml [3ms]
[2022-08-18T18:55:32.642Z] > git ls-files --stage -- /home/near/Documents/Code/zerai.xyz/config.toml [0ms]
[2022-08-18T18:55:32.645Z] > git cat-file -s ad78a4b2294297dfd374956b4aaecbd9ac9dc714 [0ms]
[2022-08-18T18:56:14.865Z] > git check-ignore -v -z --stdin [1ms]
[2022-08-18T18:56:17.580Z] > git status -z -uall [1ms]
[2022-08-18T18:56:17.582Z] > git symbolic-ref --short HEAD [0ms]
[2022-08-18T18:56:17.585Z] > git for-each-ref --format=%(refname)%00%(upstream:short)%00%(objectname)%00%(upstream:track)%00%(upstream:remotename)%00%(upstream:remoteref) refs/heads/main refs/remotes/main [1ms]
[2022-08-18T18:56:17.589Z] > git for-each-ref --sort -committerdate --format %(refname) %(objectname) %(*objectname) [2ms]
[2022-08-18T18:56:17.589Z] > git remote --verbose [1ms]
[2022-08-18T18:56:17.593Z] > git config --get commit.template [1ms]
[2022-08-18T18:56:18.243Z] > git show --textconv :.gitignore [3ms]
[2022-08-18T18:56:18.243Z] > git ls-files --stage -- /home/near/Documents/Code/zerai.xyz/.gitignore [1ms]
[2022-08-18T18:56:18.246Z] > git cat-file -s c11d1ac6f2b2671139fca08235c2e243bcba4b57 [1ms]
[2022-08-18T18:56:24.905Z] > git show --textconv :config.toml [2ms]
[2022-08-18T18:56:24.906Z] > git ls-files --stage -- /home/near/Documents/Code/zerai.xyz/config.toml [1ms]
[2022-08-18T18:56:24.909Z] > git cat-file -s ad78a4b2294297dfd374956b4aaecbd9ac9dc714 [1ms]
[2022-08-18T18:57:04.370Z] > git status -z -uall [2ms]
[2022-08-18T18:57:04.374Z] > git symbolic-ref --short HEAD [1ms]
[2022-08-18T18:57:04.377Z] > git for-each-ref --format=%(refname)%00%(upstream:short)%00%(objectname)%00%(upstream:track)%00%(upstream:remotename)%00%(upstream:remoteref) refs/heads/main refs/remotes/main [1ms]
[2022-08-18T18:57:04.382Z] > git for-each-ref --sort -committerdate --format %(refname) %(objectname) %(*objectname) [2ms]
[2022-08-18T18:57:04.382Z] > git remote --verbose [0ms]
[2022-08-18T18:57:04.386Z] > git config --get commit.template [1ms]
[2022-08-18T18:57:07.779Z] > git check-ignore -v -z --stdin [1ms]
[2022-08-18T18:57:11.283Z] > git show --textconv :archetypes/default.md [3ms]
[2022-08-18T18:57:11.283Z] > git ls-files --stage -- /home/near/Documents/Code/zerai.xyz/archetypes/default.md [0ms]
[2022-08-18T18:57:11.287Z] > git cat-file -s 00e77bd79be44872c0b29256b03799c2fb00c10d [1ms]
[2022-08-18T18:57:20.988Z] > git fetch [517ms]
[2022-08-18T18:57:20.994Z] > git status -z -uall [2ms]
[2022-08-18T18:57:20.998Z] > git symbolic-ref --short HEAD [1ms]
[2022-08-18T18:57:21.001Z] > git for-each-ref --format=%(refname)%00%(upstream:short)%00%(objectname)%00%(upstream:track)%00%(upstream:remotename)%00%(upstream:remoteref) refs/heads/main refs/remotes/main [1ms]
[2022-08-18T18:57:21.006Z] > git for-each-ref --sort -committerdate --format %(refname) %(objectname) %(*objectname) [2ms]
[2022-08-18T18:57:21.006Z] > git remote --verbose [0ms]
[2022-08-18T18:57:21.012Z] > git config --get commit.template [1ms]
[2022-08-18T18:57:22.022Z] > git status -z -uall [2ms]
[2022-08-18T18:57:22.025Z] > git symbolic-ref --short HEAD [1ms]
[2022-08-18T18:57:22.028Z] > git for-each-ref --format=%(refname)%00%(upstream:short)%00%(objectname)%00%(upstream:track)%00%(upstream:remotename)%00%(upstream:remoteref) refs/heads/main refs/remotes/main [1ms]
[2022-08-18T18:57:22.033Z] > git for-each-ref --sort -committerdate --format %(refname) %(objectname) %(*objectname) [2ms]
[2022-08-18T18:57:22.033Z] > git remote --verbose [1ms]
[2022-08-18T18:57:22.037Z] > git config --get commit.template [1ms]
[2022-08-18T18:57:22.161Z] > git ls-files --stage -- /home/near/Documents/Code/zerai.xyz/archetypes/default.md [1ms]
[2022-08-18T18:57:22.165Z] > git cat-file -s 00e77bd79be44872c0b29256b03799c2fb00c10d [1ms]
[2022-08-18T18:57:22.172Z] > git show --textconv :archetypes/default.md [1ms]
[2022-08-18T18:58:08.537Z] > git status -z -uall [9ms]
[2022-08-18T18:58:08.540Z] > git ls-files --stage -- /home/near/Documents/Code/zerai.xyz/archetypes/default.md [4ms]
[2022-08-18T18:58:08.542Z] > git symbolic-ref --short HEAD [3ms]
[2022-08-18T18:58:08.544Z] > git cat-file -s 00e77bd79be44872c0b29256b03799c2fb00c10d [3ms]
[2022-08-18T18:58:08.545Z] > git for-each-ref --format=%(refname)%00%(upstream:short)%00%(objectname)%00%(upstream:track)%00%(upstream:remotename)%00%(upstream:remoteref) refs/heads/main refs/remotes/main [1ms]
[2022-08-18T18:58:08.553Z] > git for-each-ref --sort -committerdate --format %(refname) %(objectname) %(*objectname) [6ms]
[2022-08-18T18:58:08.553Z] > git remote --verbose [3ms]
[2022-08-18T18:58:08.560Z] > git show --textconv :archetypes/default.md [8ms]
[2022-08-18T18:58:08.561Z] > git config --get commit.template [1ms]
[2022-08-18T18:58:15.831Z] > git status -z -uall [2ms]
[2022-08-18T18:58:15.836Z] > git symbolic-ref --short HEAD [1ms]
[2022-08-18T18:58:15.839Z] > git for-each-ref --format=%(refname)%00%(upstream:short)%00%(objectname)%00%(upstream:track)%00%(upstream:remotename)%00%(upstream:remoteref) refs/heads/main refs/remotes/main [1ms]
[2022-08-18T18:58:15.844Z] > git for-each-ref --sort -committerdate --format %(refname) %(objectname) %(*objectname) [3ms]
[2022-08-18T18:58:15.844Z] > git remote --verbose [0ms]
[2022-08-18T18:58:15.850Z] > git config --get commit.template [0ms]
[2022-08-18T18:58:17.213Z] > git show --textconv :config.toml [2ms]
[2022-08-18T18:58:17.214Z] > git ls-files --stage -- /home/near/Documents/Code/zerai.xyz/config.toml [1ms]
[2022-08-18T18:58:17.216Z] > git cat-file -s ad78a4b2294297dfd374956b4aaecbd9ac9dc714 [0ms]
[2022-08-18T18:58:42.229Z] > git check-ignore -v -z --stdin [1ms]
[2022-08-18T18:58:44.154Z] > git check-ignore -v -z --stdin [1ms]
[2022-08-18T18:58:47.939Z] > git show --textconv :themes/notepadium/layouts/_default/single.html [3ms]
[2022-08-18T18:58:47.939Z] > git ls-files --stage -- /home/near/Documents/Code/zerai.xyz/themes/notepadium/layouts/_default/single.html [0ms]
[2022-08-18T18:59:07.226Z] > git status -z -uall [3ms]
[2022-08-18T18:59:07.230Z] > git symbolic-ref --short HEAD [1ms]
[2022-08-18T18:59:07.234Z] > git for-each-ref --format=%(refname)%00%(upstream:short)%00%(objectname)%00%(upstream:track)%00%(upstream:remotename)%00%(upstream:remoteref) refs/heads/main refs/remotes/main [1ms]
[2022-08-18T18:59:07.239Z] > git for-each-ref --sort -committerdate --format %(refname) %(objectname) %(*objectname) [3ms]
[2022-08-18T18:59:07.240Z] > git remote --verbose [1ms]
[2022-08-18T18:59:07.251Z] > git config --get commit.template [0ms]
[2022-08-18T18:59:27.476Z] > git status -z -uall [3ms]
[2022-08-18T18:59:27.480Z] > git symbolic-ref --short HEAD [0ms]
[2022-08-18T18:59:27.484Z] > git for-each-ref --format=%(refname)%00%(upstream:short)%00%(objectname)%00%(upstream:track)%00%(upstream:remotename)%00%(upstream:remoteref) refs/heads/main refs/remotes/main [0ms]
[2022-08-18T18:59:27.490Z] > git for-each-ref --sort -committerdate --format %(refname) %(objectname) %(*objectname) [3ms]
[2022-08-18T18:59:27.490Z] > git remote --verbose [1ms]
[2022-08-18T18:59:27.502Z] > git config --get commit.template [1ms]
[2022-08-18T18:59:27.726Z] > git show --textconv :config.toml [3ms]
[2022-08-18T18:59:27.727Z] > git ls-files --stage -- /home/near/Documents/Code/zerai.xyz/config.toml [1ms]
[2022-08-18T18:59:27.731Z] > git cat-file -s ad78a4b2294297dfd374956b4aaecbd9ac9dc714 [1ms]
[2022-08-18T19:01:43.344Z] > git fetch [503ms]
[2022-08-18T19:01:43.351Z] > git status -z -uall [3ms]
[2022-08-18T19:01:43.354Z] > git symbolic-ref --short HEAD [1ms]
[2022-08-18T19:01:43.357Z] > git for-each-ref --format=%(refname)%00%(upstream:short)%00%(objectname)%00%(upstream:track)%00%(upstream:remotename)%00%(upstream:remoteref) refs/heads/main refs/remotes/main [0ms]
[2022-08-18T19:01:43.362Z] > git for-each-ref --sort -committerdate --format %(refname) %(objectname) %(*objectname) [2ms]
[2022-08-18T19:01:43.363Z] > git remote --verbose [1ms]
[2022-08-18T19:01:43.374Z] > git config --get commit.template [0ms]
[2022-08-18T19:01:44.366Z] > git check-ignore -v -z --stdin [1ms]
[2022-08-18T19:01:44.381Z] > git status -z -uall [3ms]
[2022-08-18T19:01:44.385Z] > git symbolic-ref --short HEAD [1ms]
[2022-08-18T19:01:44.389Z] > git for-each-ref --format=%(refname)%00%(upstream:short)%00%(objectname)%00%(upstream:track)%00%(upstream:remotename)%00%(upstream:remoteref) refs/heads/main refs/remotes/main [1ms]
[2022-08-18T19:01:44.395Z] > git for-each-ref --sort -committerdate --format %(refname) %(objectname) %(*objectname) [4ms]
[2022-08-18T19:01:44.395Z] > git remote --verbose [1ms]
[2022-08-18T19:01:44.404Z] > git config --get commit.template [1ms]
[2022-08-18T19:01:44.484Z] > git ls-files --stage -- /home/near/Documents/Code/zerai.xyz/config.toml [1ms]
[2022-08-18T19:01:44.487Z] > git cat-file -s ad78a4b2294297dfd374956b4aaecbd9ac9dc714 [0ms]
[2022-08-18T19:01:44.494Z] > git show --textconv :config.toml [1ms]
[2022-08-18T19:01:45.924Z] > git check-ignore -v -z --stdin [1ms]
[2022-08-18T19:01:47.772Z] > git check-ignore -v -z --stdin [1ms]
[2022-08-18T19:01:48.828Z] > git show --textconv :themes/notepadium/layouts/partials/custom-css.html [3ms]
[2022-08-18T19:01:48.828Z] > git ls-files --stage -- /home/near/Documents/Code/zerai.xyz/themes/notepadium/layouts/partials/custom-css.html [1ms]
[2022-08-18T19:02:05.973Z] > git show --textconv :config.toml [3ms]
[2022-08-18T19:02:05.973Z] > git ls-files --stage -- /home/near/Documents/Code/zerai.xyz/config.toml [0ms]
[2022-08-18T19:02:05.976Z] > git cat-file -s ad78a4b2294297dfd374956b4aaecbd9ac9dc714 [0ms]
[2022-08-18T19:02:06.345Z] > git check-ignore -v -z --stdin [1ms]
[2022-08-18T19:02:09.086Z] > git show --textconv :themes/notepadium/layouts/partials/custom-css.html [2ms]
[2022-08-18T19:02:09.087Z] > git ls-files --stage -- /home/near/Documents/Code/zerai.xyz/themes/notepadium/layouts/partials/custom-css.html [1ms]
[2022-08-18T19:02:09.412Z] > git check-ignore -v -z --stdin [1ms]
[2022-08-18T19:03:37.368Z] > git status -z -uall [3ms]
[2022-08-18T19:03:37.374Z] > git symbolic-ref --short HEAD [1ms]
[2022-08-18T19:03:37.378Z] > git for-each-ref --format=%(refname)%00%(upstream:short)%00%(objectname)%00%(upstream:track)%00%(upstream:remotename)%00%(upstream:remoteref) refs/heads/main refs/remotes/main [1ms]
[2022-08-18T19:03:37.385Z] > git for-each-ref --sort -committerdate --format %(refname) %(objectname) %(*objectname) [4ms]
[2022-08-18T19:03:37.385Z] > git remote --verbose [1ms]
[2022-08-18T19:03:37.393Z] > git config --get commit.template [0ms]
[2022-08-18T19:03:50.225Z] > git check-ignore -v -z --stdin [1ms]
[2022-08-18T19:03:53.198Z] > git show --textconv :content/post/rich-content.md [4ms]
[2022-08-18T19:03:53.198Z] > git ls-files --stage -- /home/near/Documents/Code/zerai.xyz/content/post/rich-content.md [1ms]
[2022-08-18T19:04:22.088Z] > git show --textconv :themes/notepadium/layouts/partials/custom-css.html [4ms]
[2022-08-18T19:04:22.088Z] > git ls-files --stage -- /home/near/Documents/Code/zerai.xyz/themes/notepadium/layouts/partials/custom-css.html [0ms]
[2022-08-18T19:04:33.000Z] > git show --textconv :config.toml [3ms]
[2022-08-18T19:04:33.001Z] > git ls-files --stage -- /home/near/Documents/Code/zerai.xyz/config.toml [1ms]
[2022-08-18T19:04:33.004Z] > git cat-file -s ad78a4b2294297dfd374956b4aaecbd9ac9dc714 [1ms]
[2022-08-18T19:04:39.170Z] > git check-ignore -v -z --stdin [1ms]
[2022-08-18T19:04:40.167Z] > git check-ignore -v -z --stdin [0ms]
[2022-08-18T19:04:43.886Z] > git fetch [508ms]
[2022-08-18T19:04:43.893Z] > git status -z -uall [3ms]
[2022-08-18T19:04:43.896Z] > git symbolic-ref --short HEAD [1ms]
[2022-08-18T19:04:43.899Z] > git for-each-ref --format=%(refname)%00%(upstream:short)%00%(objectname)%00%(upstream:track)%00%(upstream:remotename)%00%(upstream:remoteref) refs/heads/main refs/remotes/main [1ms]
[2022-08-18T19:04:43.902Z] > git for-each-ref --sort -committerdate --format %(refname) %(objectname) %(*objectname) [1ms]
[2022-08-18T19:04:43.903Z] > git remote --verbose [1ms]
[2022-08-18T19:04:43.908Z] > git config --get commit.template [1ms]
[2022-08-18T19:04:44.922Z] > git status -z -uall [3ms]
[2022-08-18T19:04:44.927Z] > git symbolic-ref --short HEAD [1ms]
[2022-08-18T19:04:44.930Z] > git for-each-ref --format=%(refname)%00%(upstream:short)%00%(objectname)%00%(upstream:track)%00%(upstream:remotename)%00%(upstream:remoteref) refs/heads/main refs/remotes/main [1ms]
[2022-08-18T19:04:44.936Z] > git for-each-ref --sort -committerdate --format %(refname) %(objectname) %(*objectname) [3ms]
[2022-08-18T19:04:44.936Z] > git remote --verbose [1ms]
[2022-08-18T19:04:44.943Z] > git config --get commit.template [0ms]
[2022-08-18T19:04:45.023Z] > git ls-files --stage -- /home/near/Documents/Code/zerai.xyz/config.toml [1ms]
[2022-08-18T19:04:45.026Z] > git cat-file -s ad78a4b2294297dfd374956b4aaecbd9ac9dc714 [1ms]
[2022-08-18T19:04:45.033Z] > git show --textconv :config.toml [1ms]
[2022-08-18T19:04:49.671Z] > git show --textconv :themes/notepadium/exampleSite/content/post/rich-content.md [4ms]
[2022-08-18T19:04:49.671Z] > git ls-files --stage -- /home/near/Documents/Code/zerai.xyz/themes/notepadium/exampleSite/content/post/rich-content.md [1ms]
[2022-08-18T19:05:01.513Z] > git status -z -uall [1ms]
[2022-08-18T19:05:01.517Z] > git symbolic-ref --short HEAD [1ms]
[2022-08-18T19:05:01.521Z] > git for-each-ref --format=%(refname)%00%(upstream:short)%00%(objectname)%00%(upstream:track)%00%(upstream:remotename)%00%(upstream:remoteref) refs/heads/main refs/remotes/main [1ms]
[2022-08-18T19:05:01.526Z] > git for-each-ref --sort -committerdate --format %(refname) %(objectname) %(*objectname) [3ms]
[2022-08-18T19:05:01.527Z] > git remote --verbose [1ms]
[2022-08-18T19:05:01.538Z] > git config --get commit.template [3ms]
[2022-08-18T19:05:18.629Z] > git status -z -uall [2ms]
[2022-08-18T19:05:18.633Z] > git symbolic-ref --short HEAD [1ms]
[2022-08-18T19:05:18.636Z] > git for-each-ref --format=%(refname)%00%(upstream:short)%00%(objectname)%00%(upstream:track)%00%(upstream:remotename)%00%(upstream:remoteref) refs/heads/main refs/remotes/main [0ms]
[2022-08-18T19:05:18.643Z] > git for-each-ref --sort -committerdate --format %(refname) %(objectname) %(*objectname) [4ms]
[2022-08-18T19:05:18.643Z] > git remote --verbose [1ms]
[2022-08-18T19:05:18.652Z] > git config --get commit.template [0ms]
[2022-08-18T19:05:25.592Z] > git check-ignore -v -z --stdin [0ms]
[2022-08-18T19:05:26.702Z] > git show --textconv :config.toml [3ms]
[2022-08-18T19:05:26.702Z] > git ls-files --stage -- /home/near/Documents/Code/zerai.xyz/config.toml [1ms]
[2022-08-18T19:05:26.705Z] > git cat-file -s ad78a4b2294297dfd374956b4aaecbd9ac9dc714 [1ms]
[2022-08-18T19:07:14.924Z] > git check-ignore -v -z --stdin [1ms]
[2022-08-18T19:07:32.108Z] > git show --textconv :themes/notepadium/exampleSite/content/post/rich-content.md [2ms]
[2022-08-18T19:07:32.109Z] > git ls-files --stage -- /home/near/Documents/Code/zerai.xyz/themes/notepadium/exampleSite/content/post/rich-content.md [1ms]
[2022-08-18T19:07:44.395Z] > git fetch [483ms]
[2022-08-18T19:07:44.401Z] > git status -z -uall [3ms]
[2022-08-18T19:07:44.405Z] > git symbolic-ref --short HEAD [1ms]
[2022-08-18T19:07:44.408Z] > git for-each-ref --format=%(refname)%00%(upstream:short)%00%(objectname)%00%(upstream:track)%00%(upstream:remotename)%00%(upstream:remoteref) refs/heads/main refs/remotes/main [1ms]
[2022-08-18T19:07:44.412Z] > git for-each-ref --sort -committerdate --format %(refname) %(objectname) %(*objectname) [2ms]
[2022-08-18T19:07:44.413Z] > git remote --verbose [1ms]
[2022-08-18T19:07:44.419Z] > git config --get commit.template [0ms]
[2022-08-18T19:07:45.431Z] > git status -z -uall [2ms]
[2022-08-18T19:07:45.435Z] > git symbolic-ref --short HEAD [1ms]
[2022-08-18T19:07:45.439Z] > git for-each-ref --format=%(refname)%00%(upstream:short)%00%(objectname)%00%(upstream:track)%00%(upstream:remotename)%00%(upstream:remoteref) refs/heads/main refs/remotes/main [1ms]
[2022-08-18T19:07:45.445Z] > git for-each-ref --sort -committerdate --format %(refname) %(objectname) %(*objectname) [3ms]
[2022-08-18T19:07:45.445Z] > git remote --verbose [1ms]
[2022-08-18T19:07:45.453Z] > git config --get commit.template [1ms]
[2022-08-18T19:07:45.534Z] > git ls-files --stage -- /home/near/Documents/Code/zerai.xyz/themes/notepadium/exampleSite/content/post/rich-content.md [1ms]
[2022-08-18T19:07:45.541Z] > git show --textconv :themes/notepadium/exampleSite/content/post/rich-content.md [1ms]
[2022-08-18T19:07:47.747Z] > git show --textconv :content/post/rich-content.md [3ms]
[2022-08-18T19:07:47.747Z] > git ls-files --stage -- /home/near/Documents/Code/zerai.xyz/content/post/rich-content.md [0ms]
[2022-08-18T19:07:52.538Z] > git status -z -uall [3ms]
[2022-08-18T19:07:52.542Z] > git symbolic-ref --short HEAD [1ms]
[2022-08-18T19:07:52.545Z] > git for-each-ref --format=%(refname)%00%(upstream:short)%00%(objectname)%00%(upstream:track)%00%(upstream:remotename)%00%(upstream:remoteref) refs/heads/main refs/remotes/main [1ms]
[2022-08-18T19:07:52.552Z] > git for-each-ref --sort -committerdate --format %(refname) %(objectname) %(*objectname) [4ms]
[2022-08-18T19:07:52.552Z] > git remote --verbose [1ms]
[2022-08-18T19:07:52.561Z] > git config --get commit.template [1ms]
[2022-08-18T19:07:56.383Z] > git show --textconv :themes/notepadium/exampleSite/content/post/rich-content.md [3ms]
[2022-08-18T19:07:56.383Z] > git ls-files --stage -- /home/near/Documents/Code/zerai.xyz/themes/notepadium/exampleSite/content/post/rich-content.md [0ms]
[2022-08-18T19:07:57.569Z] > git status -z -uall [2ms]
[2022-08-18T19:07:57.574Z] > git symbolic-ref --short HEAD [1ms]
[2022-08-18T19:07:57.577Z] > git for-each-ref --format=%(refname)%00%(upstream:short)%00%(objectname)%00%(upstream:track)%00%(upstream:remotename)%00%(upstream:remoteref) refs/heads/main refs/remotes/main [0ms]
[2022-08-18T19:07:57.584Z] > git for-each-ref --sort -committerdate --format %(refname) %(objectname) %(*objectname) [4ms]
[2022-08-18T19:07:57.584Z] > git remote --verbose [1ms]
[2022-08-18T19:07:57.590Z] > git config --get commit.template [0ms]
[2022-08-18T19:08:02.913Z] > git status -z -uall [3ms]
[2022-08-18T19:08:02.916Z] > git symbolic-ref --short HEAD [1ms]
[2022-08-18T19:08:02.919Z] > git for-each-ref --format=%(refname)%00%(upstream:short)%00%(objectname)%00%(upstream:track)%00%(upstream:remotename)%00%(upstream:remoteref) refs/heads/main refs/remotes/main [1ms]
[2022-08-18T19:08:02.924Z] > git for-each-ref --sort -committerdate --format %(refname) %(objectname) %(*objectname) [3ms]
[2022-08-18T19:08:02.925Z] > git remote --verbose [1ms]
[2022-08-18T19:08:02.931Z] > git config --get commit.template [1ms]
[2022-08-18T19:08:06.464Z] > git show --textconv :content/post/rich-content.md [3ms]
[2022-08-18T19:08:06.464Z] > git ls-files --stage -- /home/near/Documents/Code/zerai.xyz/content/post/rich-content.md [0ms]
[2022-08-18T19:08:07.937Z] > git status -z -uall [2ms]
[2022-08-18T19:08:07.940Z] > git symbolic-ref --short HEAD [1ms]
[2022-08-18T19:08:07.944Z] > git for-each-ref --format=%(refname)%00%(upstream:short)%00%(objectname)%00%(upstream:track)%00%(upstream:remotename)%00%(upstream:remoteref) refs/heads/main refs/remotes/main [1ms]
[2022-08-18T19:08:07.949Z] > git for-each-ref --sort -committerdate --format %(refname) %(objectname) %(*objectname) [3ms]
[2022-08-18T19:08:07.949Z] > git remote --verbose [1ms]
[2022-08-18T19:08:07.958Z] > git config --get commit.template [2ms]
[2022-08-18T19:08:41.178Z] > git status -z -uall [2ms]
[2022-08-18T19:08:41.181Z] > git symbolic-ref --short HEAD [0ms]
[2022-08-18T19:08:41.185Z] > git for-each-ref --format=%(refname)%00%(upstream:short)%00%(objectname)%00%(upstream:track)%00%(upstream:remotename)%00%(upstream:remoteref) refs/heads/main refs/remotes/main [1ms]
[2022-08-18T19:08:41.190Z] > git for-each-ref --sort -committerdate --format %(refname) %(objectname) %(*objectname) [3ms]
[2022-08-18T19:08:41.190Z] > git remote --verbose [1ms]
[2022-08-18T19:08:41.198Z] > git config --get commit.template [1ms]
[2022-08-18T19:10:01.872Z] > git show --textconv :themes/notepadium/exampleSite/content/post/rich-content.md [2ms]
[2022-08-18T19:10:01.872Z] > git ls-files --stage -- /home/near/Documents/Code/zerai.xyz/themes/notepadium/exampleSite/content/post/rich-content.md [0ms]
[2022-08-18T19:10:22.988Z] > git status -z -uall [1ms]
[2022-08-18T19:10:22.990Z] > git symbolic-ref --short HEAD [0ms]
[2022-08-18T19:10:22.993Z] > git for-each-ref --format=%(refname)%00%(upstream:short)%00%(objectname)%00%(upstream:track)%00%(upstream:remotename)%00%(upstream:remoteref) refs/heads/main refs/remotes/main [1ms]
[2022-08-18T19:10:22.996Z] > git for-each-ref --sort -committerdate --format %(refname) %(objectname) %(*objectname) [2ms]
[2022-08-18T19:10:22.996Z] > git remote --verbose [0ms]
[2022-08-18T19:10:23.001Z] > git config --get commit.template [1ms]
[2022-08-18T19:10:27.493Z] > git show --textconv :content/post/rich-content.md [4ms]
[2022-08-18T19:10:27.493Z] > git ls-files --stage -- /home/near/Documents/Code/zerai.xyz/content/post/rich-content.md [1ms]
[2022-08-18T19:10:30.180Z] > git status -z -uall [3ms]
[2022-08-18T19:10:30.184Z] > git symbolic-ref --short HEAD [1ms]
[2022-08-18T19:10:30.189Z] > git for-each-ref --format=%(refname)%00%(upstream:short)%00%(objectname)%00%(upstream:track)%00%(upstream:remotename)%00%(upstream:remoteref) refs/heads/main refs/remotes/main [1ms]
[2022-08-18T19:10:30.194Z] > git for-each-ref --sort -committerdate --format %(refname) %(objectname) %(*objectname) [3ms]
[2022-08-18T19:10:30.194Z] > git remote --verbose [1ms]
[2022-08-18T19:10:30.202Z] > git config --get commit.template [1ms]
[2022-08-18T19:10:32.504Z] > git show --textconv :themes/notepadium/exampleSite/content/post/rich-content.md [4ms]
[2022-08-18T19:10:32.505Z] > git ls-files --stage -- /home/near/Documents/Code/zerai.xyz/themes/notepadium/exampleSite/content/post/rich-content.md [1ms]
[2022-08-18T19:10:34.870Z] > git show --textconv :content/post/rich-content.md [3ms]
[2022-08-18T19:10:34.871Z] > git ls-files --stage -- /home/near/Documents/Code/zerai.xyz/content/post/rich-content.md [1ms]
[2022-08-18T19:10:35.722Z] > git show --textconv :themes/notepadium/exampleSite/content/post/rich-content.md [3ms]
[2022-08-18T19:10:35.723Z] > git ls-files --stage -- /home/near/Documents/Code/zerai.xyz/themes/notepadium/exampleSite/content/post/rich-content.md [1ms]
[2022-08-18T19:10:36.526Z] > git show --textconv :content/post/rich-content.md [3ms]
[2022-08-18T19:10:36.527Z] > git ls-files --stage -- /home/near/Documents/Code/zerai.xyz/content/post/rich-content.md [1ms]
[2022-08-18T19:10:37.289Z] > git show --textconv :themes/notepadium/exampleSite/content/post/rich-content.md [3ms]
[2022-08-18T19:10:37.290Z] > git ls-files --stage -- /home/near/Documents/Code/zerai.xyz/themes/notepadium/exampleSite/content/post/rich-content.md [1ms]
[2022-08-18T19:10:40.354Z] > git show --textconv :content/post/rich-content.md [5ms]
[2022-08-18T19:10:40.355Z] > git ls-files --stage -- /home/near/Documents/Code/zerai.xyz/content/post/rich-content.md [2ms]
[2022-08-18T19:10:44.866Z] > git show --textconv :content/post/emoji-support.md [2ms]
[2022-08-18T19:10:44.867Z] > git ls-files --stage -- /home/near/Documents/Code/zerai.xyz/content/post/emoji-support.md [1ms]
[2022-08-18T19:10:44.891Z] > git fetch [466ms]
[2022-08-18T19:10:44.897Z] > git status -z -uall [3ms]
[2022-08-18T19:10:44.900Z] > git symbolic-ref --short HEAD [1ms]
[2022-08-18T19:10:44.904Z] > git for-each-ref --format=%(refname)%00%(upstream:short)%00%(objectname)%00%(upstream:track)%00%(upstream:remotename)%00%(upstream:remoteref) refs/heads/main refs/remotes/main [1ms]
[2022-08-18T19:10:44.911Z] > git for-each-ref --sort -committerdate --format %(refname) %(objectname) %(*objectname) [4ms]
[2022-08-18T19:10:44.911Z] > git remote --verbose [1ms]
[2022-08-18T19:10:44.919Z] > git config --get commit.template [1ms]
[2022-08-18T19:10:46.027Z] > git ls-files --stage -- /home/near/Documents/Code/zerai.xyz/content/post/emoji-support.md [1ms]
[2022-08-18T19:10:46.034Z] > git show --textconv :content/post/emoji-support.md [1ms]
[2022-08-18T19:10:46.278Z] > git show --textconv :content/post/markdown-syntax.md [3ms]
[2022-08-18T19:10:46.279Z] > git ls-files --stage -- /home/near/Documents/Code/zerai.xyz/content/post/markdown-syntax.md [1ms]
[2022-08-18T19:10:49.070Z] > git show --textconv :content/post/math-typesetting.md [3ms]
[2022-08-18T19:10:49.071Z] > git ls-files --stage -- /home/near/Documents/Code/zerai.xyz/content/post/math-typesetting.md [1ms]
[2022-08-18T19:10:55.917Z] > git show --textconv :content/post/rich-content.md [3ms]
[2022-08-18T19:10:55.918Z] > git ls-files --stage -- /home/near/Documents/Code/zerai.xyz/content/post/rich-content.md [1ms]
[2022-08-18T19:11:25.138Z] > git status -z -uall [3ms]
[2022-08-18T19:11:25.142Z] > git symbolic-ref --short HEAD [1ms]
[2022-08-18T19:11:25.144Z] > git for-each-ref --format=%(refname)%00%(upstream:short)%00%(objectname)%00%(upstream:track)%00%(upstream:remotename)%00%(upstream:remoteref) refs/heads/main refs/remotes/main [0ms]
[2022-08-18T19:11:25.148Z] > git for-each-ref --sort -committerdate --format %(refname) %(objectname) %(*objectname) [2ms]
[2022-08-18T19:11:25.148Z] > git remote --verbose [0ms]
[2022-08-18T19:11:25.155Z] > git config --get commit.template [1ms]
[2022-08-18T19:12:31.621Z] > git check-ignore -v -z --stdin [1ms]
[2022-08-18T19:12:37.222Z] > git show --textconv :themes/notepadium/assets/css/dark-style.css [4ms]
[2022-08-18T19:12:37.222Z] > git ls-files --stage -- /home/near/Documents/Code/zerai.xyz/themes/notepadium/assets/css/dark-style.css [1ms]
[2022-08-18T19:13:16.069Z] > git status -z -uall [3ms]
[2022-08-18T19:13:16.073Z] > git symbolic-ref --short HEAD [1ms]
[2022-08-18T19:13:16.076Z] > git for-each-ref --format=%(refname)%00%(upstream:short)%00%(objectname)%00%(upstream:track)%00%(upstream:remotename)%00%(upstream:remoteref) refs/heads/main refs/remotes/main [1ms]
[2022-08-18T19:13:16.080Z] > git for-each-ref --sort -committerdate --format %(refname) %(objectname) %(*objectname) [3ms]
[2022-08-18T19:13:16.080Z] > git remote --verbose [1ms]
[2022-08-18T19:13:16.086Z] > git config --get commit.template [1ms]
[2022-08-18T19:13:17.519Z] > git show --textconv :themes/notepadium/assets/css/style.css [3ms]
[2022-08-18T19:13:17.520Z] > git ls-files --stage -- /home/near/Documents/Code/zerai.xyz/themes/notepadium/assets/css/style.css [1ms]
[2022-08-18T19:13:22.085Z] > git status -z -uall [2ms]
[2022-08-18T19:13:22.090Z] > git symbolic-ref --short HEAD [1ms]
[2022-08-18T19:13:22.093Z] > git for-each-ref --format=%(refname)%00%(upstream:short)%00%(objectname)%00%(upstream:track)%00%(upstream:remotename)%00%(upstream:remoteref) refs/heads/main refs/remotes/main [1ms]
[2022-08-18T19:13:22.098Z] > git for-each-ref --sort -committerdate --format %(refname) %(objectname) %(*objectname) [2ms]
[2022-08-18T19:13:22.099Z] > git remote --verbose [1ms]
[2022-08-18T19:13:22.109Z] > git config --get commit.template [2ms]
[2022-08-18T19:13:23.130Z] > git show --textconv :themes/notepadium/assets/css/prism/synthwave84.css [2ms]
[2022-08-18T19:13:23.131Z] > git ls-files --stage -- /home/near/Documents/Code/zerai.xyz/themes/notepadium/assets/css/prism/synthwave84.css [1ms]
[2022-08-18T19:13:30.961Z] > git status -z -uall [3ms]
[2022-08-18T19:13:30.965Z] > git symbolic-ref --short HEAD [1ms]
[2022-08-18T19:13:30.969Z] > git for-each-ref --format=%(refname)%00%(upstream:short)%00%(objectname)%00%(upstream:track)%00%(upstream:remotename)%00%(upstream:remoteref) refs/heads/main refs/remotes/main [1ms]
[2022-08-18T19:13:30.976Z] > git for-each-ref --sort -committerdate --format %(refname) %(objectname) %(*objectname) [3ms]
[2022-08-18T19:13:30.976Z] > git remote --verbose [0ms]
[2022-08-18T19:13:30.991Z] > git config --get commit.template [3ms]
[2022-08-18T19:13:55.293Z] > git fetch [519ms]
[2022-08-18T19:13:55.299Z] > git status -z -uall [2ms]
[2022-08-18T19:13:55.304Z] > git symbolic-ref --short HEAD [1ms]
[2022-08-18T19:13:55.308Z] > git for-each-ref --format=%(refname)%00%(upstream:short)%00%(objectname)%00%(upstream:track)%00%(upstream:remotename)%00%(upstream:remoteref) refs/heads/main refs/remotes/main [0ms]
[2022-08-18T19:13:55.314Z] > git for-each-ref --sort -committerdate --format %(refname) %(objectname) %(*objectname) [3ms]
[2022-08-18T19:13:55.314Z] > git remote --verbose [1ms]
[2022-08-18T19:13:55.322Z] > git config --get commit.template [1ms]
[2022-08-18T19:13:55.537Z] > git check-ignore -v -z --stdin [1ms]
[2022-08-18T19:13:56.332Z] > git check-ignore -v -z --stdin [0ms]
[2022-08-18T19:13:56.390Z] > git ls-files --stage -- /home/near/Documents/Code/zerai.xyz/themes/notepadium/assets/css/prism/synthwave84.css [1ms]
[2022-08-18T19:13:56.395Z] > git show --textconv :themes/notepadium/assets/css/prism/synthwave84.css [1ms]
[2022-08-18T19:13:59.630Z] > git show --textconv :config.toml [3ms]
[2022-08-18T19:13:59.631Z] > git ls-files --stage -- /home/near/Documents/Code/zerai.xyz/config.toml [1ms]
[2022-08-18T19:13:59.635Z] > git cat-file -s ad78a4b2294297dfd374956b4aaecbd9ac9dc714 [0ms]
[2022-08-18T19:14:59.677Z] > git show --textconv :themes/notepadium/layouts/partials/head.html [3ms]
[2022-08-18T19:14:59.677Z] > git ls-files --stage -- /home/near/Documents/Code/zerai.xyz/themes/notepadium/layouts/partials/head.html [1ms]
[2022-08-18T19:15:20.452Z] > git show --textconv :config.toml [3ms]
[2022-08-18T19:15:20.452Z] > git ls-files --stage -- /home/near/Documents/Code/zerai.xyz/config.toml [1ms]
[2022-08-18T19:15:20.456Z] > git cat-file -s ad78a4b2294297dfd374956b4aaecbd9ac9dc714 [1ms]
[2022-08-18T19:15:31.715Z] > git show --textconv :themes/notepadium/layouts/partials/head.html [3ms]
[2022-08-18T19:15:31.715Z] > git ls-files --stage -- /home/near/Documents/Code/zerai.xyz/themes/notepadium/layouts/partials/head.html [1ms]
[2022-08-18T19:15:45.711Z] > git show --textconv :config.toml [3ms]
[2022-08-18T19:15:45.712Z] > git ls-files --stage -- /home/near/Documents/Code/zerai.xyz/config.toml [1ms]
[2022-08-18T19:15:45.715Z] > git cat-file -s ad78a4b2294297dfd374956b4aaecbd9ac9dc714 [0ms]
[2022-08-18T19:15:51.347Z] > git show --textconv :themes/notepadium/layouts/partials/head.html [3ms]
[2022-08-18T19:15:51.347Z] > git ls-files --stage -- /home/near/Documents/Code/zerai.xyz/themes/notepadium/layouts/partials/head.html [1ms]
[2022-08-18T19:16:02.251Z] > git show --textconv :themes/notepadium/layouts/partials/navigation-items.html [7ms]
[2022-08-18T19:16:02.252Z] > git ls-files --stage -- /home/near/Documents/Code/zerai.xyz/themes/notepadium/layouts/partials/navigation-items.html [1ms]
[2022-08-18T19:16:05.054Z] > git show --textconv :themes/notepadium/layouts/partials/head.html [4ms]
[2022-08-18T19:16:05.054Z] > git ls-files --stage -- /home/near/Documents/Code/zerai.xyz/themes/notepadium/layouts/partials/head.html [1ms]
[2022-08-18T19:16:09.675Z] > git show --textconv :themes/notepadium/layouts/partials/navigation-items.html [3ms]
[2022-08-18T19:16:09.676Z] > git ls-files --stage -- /home/near/Documents/Code/zerai.xyz/themes/notepadium/layouts/partials/navigation-items.html [1ms]
[2022-08-18T19:16:14.463Z] > git status -z -uall [3ms]
[2022-08-18T19:16:14.466Z] > git symbolic-ref --short HEAD [1ms]
[2022-08-18T19:16:14.470Z] > git for-each-ref --format=%(refname)%00%(upstream:short)%00%(objectname)%00%(upstream:track)%00%(upstream:remotename)%00%(upstream:remoteref) refs/heads/main refs/remotes/main [1ms]
[2022-08-18T19:16:14.477Z] > git for-each-ref --sort -committerdate --format %(refname) %(objectname) %(*objectname) [4ms]
[2022-08-18T19:16:14.477Z] > git remote --verbose [1ms]
[2022-08-18T19:16:14.486Z] > git config --get commit.template [1ms]
[2022-08-18T19:16:14.898Z] > git show --textconv :themes/notepadium/layouts/partials/head.html [3ms]
[2022-08-18T19:16:14.899Z] > git ls-files --stage -- /home/near/Documents/Code/zerai.xyz/themes/notepadium/layouts/partials/head.html [1ms]
[2022-08-18T19:16:24.808Z] > git status -z -uall [2ms]
[2022-08-18T19:16:24.812Z] > git symbolic-ref --short HEAD [1ms]
[2022-08-18T19:16:24.816Z] > git for-each-ref --format=%(refname)%00%(upstream:short)%00%(objectname)%00%(upstream:track)%00%(upstream:remotename)%00%(upstream:remoteref) refs/heads/main refs/remotes/main [1ms]
[2022-08-18T19:16:24.822Z] > git for-each-ref --sort -committerdate --format %(refname) %(objectname) %(*objectname) [3ms]
[2022-08-18T19:16:24.823Z] > git remote --verbose [1ms]
[2022-08-18T19:16:24.829Z] > git config --get commit.template [0ms]
[2022-08-18T19:16:44.077Z] > git status -z -uall [2ms]
[2022-08-18T19:16:44.081Z] > git symbolic-ref --short HEAD [1ms]
[2022-08-18T19:16:44.083Z] > git for-each-ref --format=%(refname)%00%(upstream:short)%00%(objectname)%00%(upstream:track)%00%(upstream:remotename)%00%(upstream:remoteref) refs/heads/main refs/remotes/main [1ms]
[2022-08-18T19:16:44.088Z] > git for-each-ref --sort -committerdate --format %(refname) %(objectname) %(*objectname) [3ms]
[2022-08-18T19:16:44.088Z] > git remote --verbose [0ms]
[2022-08-18T19:16:44.094Z] > git config --get commit.template [0ms]
[2022-08-18T19:16:44.273Z] > git show --textconv :themes/notepadium/layouts/partials/navigation-items.html [4ms]
[2022-08-18T19:16:44.274Z] > git ls-files --stage -- /home/near/Documents/Code/zerai.xyz/themes/notepadium/layouts/partials/navigation-items.html [1ms]
[2022-08-18T19:16:49.101Z] > git status -z -uall [2ms]
[2022-08-18T19:16:49.104Z] > git symbolic-ref --short HEAD [1ms]
[2022-08-18T19:16:49.109Z] > git for-each-ref --format=%(refname)%00%(upstream:short)%00%(objectname)%00%(upstream:track)%00%(upstream:remotename)%00%(upstream:remoteref) refs/heads/main refs/remotes/main [1ms]
[2022-08-18T19:16:49.115Z] > git for-each-ref --sort -committerdate --format %(refname) %(objectname) %(*objectname) [3ms]
[2022-08-18T19:16:49.115Z] > git remote --verbose [1ms]
[2022-08-18T19:16:49.124Z] > git config --get commit.template [0ms]
[2022-08-18T19:16:52.841Z] > git show --textconv :themes/notepadium/layouts/partials/head.html [4ms]
[2022-08-18T19:16:52.842Z] > git ls-files --stage -- /home/near/Documents/Code/zerai.xyz/themes/notepadium/layouts/partials/head.html [1ms]
[2022-08-18T19:16:55.796Z] > git fetch [470ms]
[2022-08-18T19:16:55.802Z] > git status -z -uall [3ms]
[2022-08-18T19:16:55.806Z] > git symbolic-ref --short HEAD [1ms]
[2022-08-18T19:16:55.810Z] > git for-each-ref --format=%(refname)%00%(upstream:short)%00%(objectname)%00%(upstream:track)%00%(upstream:remotename)%00%(upstream:remoteref) refs/heads/main refs/remotes/main [1ms]
[2022-08-18T19:16:55.815Z] > git for-each-ref --sort -committerdate --format %(refname) %(objectname) %(*objectname) [3ms]
[2022-08-18T19:16:55.815Z] > git remote --verbose [0ms]
[2022-08-18T19:16:55.822Z] > git config --get commit.template [1ms]
[2022-08-18T19:16:56.300Z] > git show --textconv :themes/notepadium/layouts/partials/header.html [3ms]
[2022-08-18T19:16:56.301Z] > git ls-files --stage -- /home/near/Documents/Code/zerai.xyz/themes/notepadium/layouts/partials/header.html [1ms]
[2022-08-18T19:16:56.831Z] > git status -z -uall [1ms]
[2022-08-18T19:16:56.834Z] > git symbolic-ref --short HEAD [1ms]
[2022-08-18T19:16:56.836Z] > git for-each-ref --format=%(refname)%00%(upstream:short)%00%(objectname)%00%(upstream:track)%00%(upstream:remotename)%00%(upstream:remoteref) refs/heads/main refs/remotes/main [0ms]
[2022-08-18T19:16:56.841Z] > git for-each-ref --sort -committerdate --format %(refname) %(objectname) %(*objectname) [3ms]
[2022-08-18T19:16:56.841Z] > git remote --verbose [0ms]
[2022-08-18T19:16:56.846Z] > git config --get commit.template [1ms]
[2022-08-18T19:16:56.933Z] > git ls-files --stage -- /home/near/Documents/Code/zerai.xyz/themes/notepadium/layouts/partials/header.html [1ms]
[2022-08-18T19:16:56.940Z] > git show --textconv :themes/notepadium/layouts/partials/header.html [1ms]
[2022-08-18T19:17:07.204Z] > git status -z -uall [3ms]
[2022-08-18T19:17:07.208Z] > git symbolic-ref --short HEAD [1ms]
[2022-08-18T19:17:07.211Z] > git for-each-ref --format=%(refname)%00%(upstream:short)%00%(objectname)%00%(upstream:track)%00%(upstream:remotename)%00%(upstream:remoteref) refs/heads/main refs/remotes/main [1ms]
[2022-08-18T19:17:07.217Z] > git for-each-ref --sort -committerdate --format %(refname) %(objectname) %(*objectname) [3ms]
[2022-08-18T19:17:07.217Z] > git remote --verbose [1ms]
[2022-08-18T19:17:07.225Z] > git config --get commit.template [0ms]
[2022-08-18T19:17:12.233Z] > git status -z -uall [3ms]
[2022-08-18T19:17:12.236Z] > git symbolic-ref --short HEAD [1ms]
[2022-08-18T19:17:12.239Z] > git for-each-ref --format=%(refname)%00%(upstream:short)%00%(objectname)%00%(upstream:track)%00%(upstream:remotename)%00%(upstream:remoteref) refs/heads/main refs/remotes/main [1ms]
[2022-08-18T19:17:12.244Z] > git for-each-ref --sort -committerdate --format %(refname) %(objectname) %(*objectname) [3ms]
[2022-08-18T19:17:12.244Z] > git remote --verbose [1ms]
[2022-08-18T19:17:12.250Z] > git config --get commit.template [1ms]
[2022-08-18T19:17:17.231Z] > git show --textconv :config.toml [3ms]
[2022-08-18T19:17:17.232Z] > git ls-files --stage -- /home/near/Documents/Code/zerai.xyz/config.toml [1ms]
[2022-08-18T19:17:17.235Z] > git cat-file -s ad78a4b2294297dfd374956b4aaecbd9ac9dc714 [0ms]
[2022-08-18T19:17:20.196Z] > git show --textconv :themes/notepadium/layouts/partials/header.html [2ms]
[2022-08-18T19:17:20.197Z] > git ls-files --stage -- /home/near/Documents/Code/zerai.xyz/themes/notepadium/layouts/partials/header.html [1ms]
[2022-08-18T19:17:31.233Z] > git status -z -uall [2ms]
[2022-08-18T19:17:31.236Z] > git symbolic-ref --short HEAD [0ms]
[2022-08-18T19:17:31.239Z] > git for-each-ref --format=%(refname)%00%(upstream:short)%00%(objectname)%00%(upstream:track)%00%(upstream:remotename)%00%(upstream:remoteref) refs/heads/main refs/remotes/main [1ms]
[2022-08-18T19:17:31.244Z] > git for-each-ref --sort -committerdate --format %(refname) %(objectname) %(*objectname) [2ms]
[2022-08-18T19:17:31.244Z] > git remote --verbose [1ms]
[2022-08-18T19:17:31.249Z] > git config --get commit.template [0ms]
[2022-08-18T19:17:36.256Z] > git status -z -uall [3ms]
[2022-08-18T19:17:36.260Z] > git symbolic-ref --short HEAD [0ms]
[2022-08-18T19:17:36.263Z] > git for-each-ref --format=%(refname)%00%(upstream:short)%00%(objectname)%00%(upstream:track)%00%(upstream:remotename)%00%(upstream:remoteref) refs/heads/main refs/remotes/main [1ms]
[2022-08-18T19:17:36.267Z] > git for-each-ref --sort -committerdate --format %(refname) %(objectname) %(*objectname) [1ms]
[2022-08-18T19:17:36.267Z] > git remote --verbose [1ms]
[2022-08-18T19:17:36.271Z] > git config --get commit.template [0ms]
[2022-08-18T19:19:56.345Z] > git fetch [518ms]
[2022-08-18T19:19:56.352Z] > git status -z -uall [3ms]
[2022-08-18T19:19:56.356Z] > git symbolic-ref --short HEAD [1ms]
[2022-08-18T19:19:56.360Z] > git for-each-ref --format=%(refname)%00%(upstream:short)%00%(objectname)%00%(upstream:track)%00%(upstream:remotename)%00%(upstream:remoteref) refs/heads/main refs/remotes/main [1ms]
[2022-08-18T19:19:56.365Z] > git for-each-ref --sort -committerdate --format %(refname) %(objectname) %(*objectname) [2ms]
[2022-08-18T19:19:56.366Z] > git remote --verbose [1ms]
[2022-08-18T19:19:56.372Z] > git config --get commit.template [1ms]
[2022-08-18T19:19:57.381Z] > git status -z -uall [2ms]
[2022-08-18T19:19:57.386Z] > git symbolic-ref --short HEAD [1ms]
[2022-08-18T19:19:57.390Z] > git for-each-ref --format=%(refname)%00%(upstream:short)%00%(objectname)%00%(upstream:track)%00%(upstream:remotename)%00%(upstream:remoteref) refs/heads/main refs/remotes/main [1ms]
[2022-08-18T19:19:57.396Z] > git for-each-ref --sort -committerdate --format %(refname) %(objectname) %(*objectname) [3ms]
[2022-08-18T19:19:57.396Z] > git remote --verbose [1ms]
[2022-08-18T19:19:57.404Z] > git config --get commit.template [2ms]
[2022-08-18T19:19:57.599Z] > git ls-files --stage -- /home/near/Documents/Code/zerai.xyz/themes/notepadium/layouts/partials/header.html [1ms]
[2022-08-18T19:19:57.610Z] > git show --textconv :themes/notepadium/layouts/partials/header.html [1ms]
[2022-08-18T19:20:05.471Z] > git check-ignore -v -z --stdin [1ms]
[2022-08-18T19:20:06.270Z] > git check-ignore -v -z --stdin [1ms]
[2022-08-18T19:20:07.380Z] > git check-ignore -v -z --stdin [2ms]
[2022-08-18T19:20:15.826Z] > git add -A -- . [83ms]
[2022-08-18T19:20:15.837Z] > git -c user.useConfigOnly=true commit --quiet --allow-empty-message --file - [6ms]
[2022-08-18T19:20:15.844Z] > git status -z -uall [2ms]
[2022-08-18T19:20:15.847Z] > git symbolic-ref --short HEAD [1ms]
[2022-08-18T19:20:15.850Z] > git for-each-ref --format=%(refname)%00%(upstream:short)%00%(objectname)%00%(upstream:track)%00%(upstream:remotename)%00%(upstream:remoteref) refs/heads/main refs/remotes/main [1ms]
[2022-08-18T19:20:15.861Z] > git for-each-ref --sort -committerdate --format %(refname) %(objectname) %(*objectname) [5ms]
[2022-08-18T19:20:15.861Z] > git remote --verbose [0ms]
[2022-08-18T19:20:15.866Z] > git config --get commit.template [0ms]
[2022-08-18T19:20:15.869Z] > git config --get commit.template [0ms]
[2022-08-18T19:20:16.754Z] > git log --oneline --cherry main...main@{upstream} -- [1ms]
[2022-08-18T19:20:17.245Z] > git pull --tags origin main [484ms]
[2022-08-18T19:20:17.245Z] From github.com:naoufalzerai/zerai.xyz
 * branch            main       -> FETCH_HEAD
[2022-08-18T19:20:18.405Z] > git ls-files --stage -- /home/near/Documents/Code/zerai.xyz/themes/notepadium/layouts/partials/header.html [0ms]
[2022-08-18T19:20:18.409Z] > git cat-file -s 53f3f2de84bdec71b4acef930802c895b7140c08 [0ms]
[2022-08-18T19:20:18.416Z] > git show --textconv :themes/notepadium/layouts/partials/header.html [1ms]
[2022-08-18T19:20:19.300Z] > git push origin main:main [2051ms]
[2022-08-18T19:20:19.300Z] To github.com:naoufalzerai/zerai.xyz.git
   dee5809..5dba107  main -> main
[2022-08-18T19:20:19.306Z] > git status -z -uall [2ms]
[2022-08-18T19:20:19.310Z] > git symbolic-ref --short HEAD [1ms]
[2022-08-18T19:20:19.313Z] > git for-each-ref --format=%(refname)%00%(upstream:short)%00%(objectname)%00%(upstream:track)%00%(upstream:remotename)%00%(upstream:remoteref) refs/heads/main refs/remotes/main [0ms]
[2022-08-18T19:20:19.318Z] > git for-each-ref --sort -committerdate --format %(refname) %(objectname) %(*objectname) [2ms]
[2022-08-18T19:20:19.319Z] > git remote --verbose [1ms]
[2022-08-18T19:20:19.324Z] > git config --get commit.template [1ms]
[2022-08-18T19:20:19.330Z] > git status -z -uall [2ms]
[2022-08-18T19:20:19.334Z] > git symbolic-ref --short HEAD [1ms]
[2022-08-18T19:20:19.337Z] > git for-each-ref --format=%(refname)%00%(upstream:short)%00%(objectname)%00%(upstream:track)%00%(upstream:remotename)%00%(upstream:remoteref) refs/heads/main refs/remotes/main [0ms]
[2022-08-18T19:20:19.344Z] > git for-each-ref --sort -committerdate --format %(refname) %(objectname) %(*objectname) [4ms]
[2022-08-18T19:20:19.345Z] > git remote --verbose [1ms]
[2022-08-18T19:20:19.349Z] > git config --get commit.template [1ms]
[2022-08-18T19:20:20.563Z] > git ls-files --stage -- /home/near/Documents/Code/zerai.xyz/themes/notepadium/layouts/partials/header.html [1ms]
[2022-08-18T19:20:20.566Z] > git cat-file -s 53f3f2de84bdec71b4acef930802c895b7140c08 [1ms]
[2022-08-18T19:20:20.572Z] > git show --textconv :themes/notepadium/layouts/partials/header.html [1ms]
[2022-08-18T19:20:24.356Z] > git status -z -uall [3ms]
[2022-08-18T19:20:24.361Z] > git symbolic-ref --short HEAD [1ms]
[2022-08-18T19:20:24.364Z] > git for-each-ref --format=%(refname)%00%(upstream:short)%00%(objectname)%00%(upstream:track)%00%(upstream:remotename)%00%(upstream:remoteref) refs/heads/main refs/remotes/main [1ms]
[2022-08-18T19:20:24.368Z] > git for-each-ref --sort -committerdate --format %(refname) %(objectname) %(*objectname) [2ms]
[2022-08-18T19:20:24.368Z] > git remote --verbose [0ms]
[2022-08-18T19:20:24.373Z] > git config --get commit.template [1ms]
[2022-08-18T19:22:56.899Z] > git fetch [521ms]
[2022-08-18T19:22:56.904Z] > git status -z -uall [2ms]
[2022-08-18T19:22:56.907Z] > git symbolic-ref --short HEAD [1ms]
[2022-08-18T19:22:56.910Z] > git for-each-ref --format=%(refname)%00%(upstream:short)%00%(objectname)%00%(upstream:track)%00%(upstream:remotename)%00%(upstream:remoteref) refs/heads/main refs/remotes/main [1ms]
[2022-08-18T19:22:56.914Z] > git for-each-ref --sort -committerdate --format %(refname) %(objectname) %(*objectname) [2ms]
[2022-08-18T19:22:56.914Z] > git remote --verbose [0ms]
[2022-08-18T19:22:56.918Z] > git config --get commit.template [1ms]
[2022-08-18T19:22:57.934Z] > git status -z -uall [2ms]
[2022-08-18T19:22:57.938Z] > git symbolic-ref --short HEAD [1ms]
[2022-08-18T19:22:57.943Z] > git for-each-ref --format=%(refname)%00%(upstream:short)%00%(objectname)%00%(upstream:track)%00%(upstream:remotename)%00%(upstream:remoteref) refs/heads/main refs/remotes/main [1ms]
[2022-08-18T19:22:57.949Z] > git for-each-ref --sort -committerdate --format %(refname) %(objectname) %(*objectname) [3ms]
[2022-08-18T19:22:57.949Z] > git remote --verbose [0ms]
[2022-08-18T19:22:57.954Z] > git config --get commit.template [1ms]
[2022-08-18T19:22:58.038Z] > git ls-files --stage -- /home/near/Documents/Code/zerai.xyz/themes/notepadium/layouts/partials/header.html [1ms]
[2022-08-18T19:22:58.043Z] > git cat-file -s 53f3f2de84bdec71b4acef930802c895b7140c08 [1ms]
[2022-08-18T19:22:58.050Z] > git show --textconv :themes/notepadium/layouts/partials/header.html [1ms]
[2022-08-18T19:25:57.447Z] > git fetch [526ms]
[2022-08-18T19:25:57.453Z] > git status -z -uall [3ms]
[2022-08-18T19:25:57.456Z] > git symbolic-ref --short HEAD [1ms]
[2022-08-18T19:25:57.460Z] > git for-each-ref --format=%(refname)%00%(upstream:short)%00%(objectname)%00%(upstream:track)%00%(upstream:remotename)%00%(upstream:remoteref) refs/heads/main refs/remotes/main [1ms]
[2022-08-18T19:25:57.465Z] > git for-each-ref --sort -committerdate --format %(refname) %(objectname) %(*objectname) [3ms]
[2022-08-18T19:25:57.465Z] > git remote --verbose [0ms]
[2022-08-18T19:25:57.469Z] > git config --get commit.template [1ms]
[2022-08-18T19:25:58.482Z] > git status -z -uall [4ms]
[2022-08-18T19:25:58.487Z] > git symbolic-ref --short HEAD [1ms]
[2022-08-18T19:25:58.493Z] > git for-each-ref --format=%(refname)%00%(upstream:short)%00%(objectname)%00%(upstream:track)%00%(upstream:remotename)%00%(upstream:remoteref) refs/heads/main refs/remotes/main [2ms]
[2022-08-18T19:25:58.498Z] > git for-each-ref --sort -committerdate --format %(refname) %(objectname) %(*objectname) [2ms]
[2022-08-18T19:25:58.498Z] > git remote --verbose [0ms]
[2022-08-18T19:25:58.503Z] > git config --get commit.template [1ms]
[2022-08-18T19:25:58.581Z] > git ls-files --stage -- /home/near/Documents/Code/zerai.xyz/themes/notepadium/layouts/partials/header.html [1ms]
[2022-08-18T19:25:58.585Z] > git cat-file -s 53f3f2de84bdec71b4acef930802c895b7140c08 [1ms]
[2022-08-18T19:25:58.591Z] > git show --textconv :themes/notepadium/layouts/partials/header.html [1ms]
[2022-08-18T19:28:57.914Z] > git fetch [441ms]
[2022-08-18T19:28:57.918Z] > git status -z -uall [1ms]
[2022-08-18T19:28:57.920Z] > git symbolic-ref --short HEAD [0ms]
[2022-08-18T19:28:57.923Z] > git for-each-ref --format=%(refname)%00%(upstream:short)%00%(objectname)%00%(upstream:track)%00%(upstream:remotename)%00%(upstream:remoteref) refs/heads/main refs/remotes/main [1ms]
[2022-08-18T19:28:57.927Z] > git for-each-ref --sort -committerdate --format %(refname) %(objectname) %(*objectname) [2ms]
[2022-08-18T19:28:57.927Z] > git remote --verbose [1ms]
[2022-08-18T19:28:57.930Z] > git config --get commit.template [1ms]
[2022-08-18T19:28:58.953Z] > git status -z -uall [2ms]
[2022-08-18T19:28:58.957Z] > git symbolic-ref --short HEAD [1ms]
[2022-08-18T19:28:58.961Z] > git for-each-ref --format=%(refname)%00%(upstream:short)%00%(objectname)%00%(upstream:track)%00%(upstream:remotename)%00%(upstream:remoteref) refs/heads/main refs/remotes/main [1ms]
[2022-08-18T19:28:58.965Z] > git for-each-ref --sort -committerdate --format %(refname) %(objectname) %(*objectname) [2ms]
[2022-08-18T19:28:58.965Z] > git remote --verbose [1ms]
[2022-08-18T19:28:58.968Z] > git config --get commit.template [1ms]
[2022-08-18T19:28:59.053Z] > git ls-files --stage -- /home/near/Documents/Code/zerai.xyz/themes/notepadium/layouts/partials/header.html [0ms]
[2022-08-18T19:28:59.056Z] > git cat-file -s 53f3f2de84bdec71b4acef930802c895b7140c08 [1ms]
[2022-08-18T19:28:59.061Z] > git show --textconv :themes/notepadium/layouts/partials/header.html [0ms]
[2022-08-18T19:31:58.426Z] > git fetch [491ms]
[2022-08-18T19:31:58.433Z] > git status -z -uall [3ms]
[2022-08-18T19:31:58.436Z] > git symbolic-ref --short HEAD [1ms]
[2022-08-18T19:31:58.440Z] > git for-each-ref --format=%(refname)%00%(upstream:short)%00%(objectname)%00%(upstream:track)%00%(upstream:remotename)%00%(upstream:remoteref) refs/heads/main refs/remotes/main [1ms]
[2022-08-18T19:31:58.446Z] > git for-each-ref --sort -committerdate --format %(refname) %(objectname) %(*objectname) [4ms]
[2022-08-18T19:31:58.446Z] > git remote --verbose [1ms]
[2022-08-18T19:31:58.451Z] > git config --get commit.template [1ms]
[2022-08-18T19:31:59.464Z] > git status -z -uall [4ms]
[2022-08-18T19:31:59.468Z] > git symbolic-ref --short HEAD [1ms]
[2022-08-18T19:31:59.471Z] > git for-each-ref --format=%(refname)%00%(upstream:short)%00%(objectname)%00%(upstream:track)%00%(upstream:remotename)%00%(upstream:remoteref) refs/heads/main refs/remotes/main [1ms]
[2022-08-18T19:31:59.475Z] > git for-each-ref --sort -committerdate --format %(refname) %(objectname) %(*objectname) [3ms]
[2022-08-18T19:31:59.475Z] > git remote --verbose [1ms]
[2022-08-18T19:31:59.480Z] > git config --get commit.template [1ms]
[2022-08-18T19:31:59.563Z] > git ls-files --stage -- /home/near/Documents/Code/zerai.xyz/themes/notepadium/layouts/partials/header.html [1ms]
[2022-08-18T19:31:59.566Z] > git cat-file -s 53f3f2de84bdec71b4acef930802c895b7140c08 [0ms]
[2022-08-18T19:31:59.572Z] > git show --textconv :themes/notepadium/layouts/partials/header.html [1ms]
[2022-08-18T19:34:58.973Z] > git fetch [517ms]
[2022-08-18T19:34:58.978Z] > git status -z -uall [2ms]
[2022-08-18T19:34:58.982Z] > git symbolic-ref --short HEAD [0ms]
[2022-08-18T19:34:58.986Z] > git for-each-ref --format=%(refname)%00%(upstream:short)%00%(objectname)%00%(upstream:track)%00%(upstream:remotename)%00%(upstream:remoteref) refs/heads/main refs/remotes/main [1ms]
[2022-08-18T19:34:58.992Z] > git for-each-ref --sort -committerdate --format %(refname) %(objectname) %(*objectname) [3ms]
[2022-08-18T19:34:58.993Z] > git remote --verbose [1ms]
[2022-08-18T19:34:58.997Z] > git config --get commit.template [1ms]
[2022-08-18T19:35:00.010Z] > git status -z -uall [3ms]
[2022-08-18T19:35:00.014Z] > git symbolic-ref --short HEAD [0ms]
[2022-08-18T19:35:00.017Z] > git for-each-ref --format=%(refname)%00%(upstream:short)%00%(objectname)%00%(upstream:track)%00%(upstream:remotename)%00%(upstream:remoteref) refs/heads/main refs/remotes/main [0ms]
[2022-08-18T19:35:00.022Z] > git for-each-ref --sort -committerdate --format %(refname) %(objectname) %(*objectname) [3ms]
[2022-08-18T19:35:00.022Z] > git remote --verbose [1ms]
[2022-08-18T19:35:00.026Z] > git config --get commit.template [1ms]
[2022-08-18T19:35:00.112Z] > git ls-files --stage -- /home/near/Documents/Code/zerai.xyz/themes/notepadium/layouts/partials/header.html [1ms]
[2022-08-18T19:35:00.116Z] > git cat-file -s 53f3f2de84bdec71b4acef930802c895b7140c08 [1ms]
[2022-08-18T19:35:00.124Z] > git show --textconv :themes/notepadium/layouts/partials/header.html [1ms]
[2022-08-18T19:37:59.511Z] > git fetch [510ms]
[2022-08-18T19:37:59.517Z] > git status -z -uall [2ms]
[2022-08-18T19:37:59.520Z] > git symbolic-ref --short HEAD [1ms]
[2022-08-18T19:37:59.523Z] > git for-each-ref --format=%(refname)%00%(upstream:short)%00%(objectname)%00%(upstream:track)%00%(upstream:remotename)%00%(upstream:remoteref) refs/heads/main refs/remotes/main [1ms]
[2022-08-18T19:37:59.527Z] > git for-each-ref --sort -committerdate --format %(refname) %(objectname) %(*objectname) [2ms]
[2022-08-18T19:37:59.528Z] > git remote --verbose [1ms]
[2022-08-18T19:37:59.531Z] > git config --get commit.template [1ms]
[2022-08-18T19:38:00.550Z] > git status -z -uall [3ms]
[2022-08-18T19:38:00.554Z] > git symbolic-ref --short HEAD [0ms]
[2022-08-18T19:38:00.558Z] > git for-each-ref --format=%(refname)%00%(upstream:short)%00%(objectname)%00%(upstream:track)%00%(upstream:remotename)%00%(upstream:remoteref) refs/heads/main refs/remotes/main [1ms]
[2022-08-18T19:38:00.564Z] > git for-each-ref --sort -committerdate --format %(refname) %(objectname) %(*objectname) [3ms]
[2022-08-18T19:38:00.564Z] > git remote --verbose [1ms]
[2022-08-18T19:38:00.568Z] > git config --get commit.template [1ms]
[2022-08-18T19:38:00.650Z] > git ls-files --stage -- /home/near/Documents/Code/zerai.xyz/themes/notepadium/layouts/partials/header.html [1ms]
[2022-08-18T19:38:00.654Z] > git cat-file -s 53f3f2de84bdec71b4acef930802c895b7140c08 [1ms]
[2022-08-18T19:38:00.660Z] > git show --textconv :themes/notepadium/layouts/partials/header.html [1ms]
[2022-08-18T19:39:53.628Z] > git show --textconv :config.toml [4ms]
[2022-08-18T19:39:53.628Z] > git ls-files --stage -- /home/near/Documents/Code/zerai.xyz/config.toml [1ms]
[2022-08-18T19:39:53.632Z] > git cat-file -s a604c3671d6cde2b76d2f08f4141ef34c3938efd [1ms]
[2022-08-18T20:00:02.409Z] > git fetch [573ms]
[2022-08-18T20:00:02.415Z] > git status -z -uall [2ms]
[2022-08-18T20:00:02.418Z] > git symbolic-ref --short HEAD [0ms]
[2022-08-18T20:00:02.422Z] > git for-each-ref --format=%(refname)%00%(upstream:short)%00%(objectname)%00%(upstream:track)%00%(upstream:remotename)%00%(upstream:remoteref) refs/heads/main refs/remotes/main [1ms]
[2022-08-18T20:00:02.428Z] > git for-each-ref --sort -committerdate --format %(refname) %(objectname) %(*objectname) [4ms]
[2022-08-18T20:00:02.428Z] > git remote --verbose [1ms]
[2022-08-18T20:00:02.432Z] > git config --get commit.template [1ms]
[2022-08-18T20:00:05.848Z] > git status -z -uall [8ms]
[2022-08-18T20:00:05.851Z] > git ls-files --stage -- /home/near/Documents/Code/zerai.xyz/config.toml [3ms]
[2022-08-18T20:00:05.853Z] > git symbolic-ref --short HEAD [3ms]
[2022-08-18T20:00:05.856Z] > git cat-file -s a604c3671d6cde2b76d2f08f4141ef34c3938efd [3ms]
[2022-08-18T20:00:05.856Z] > git for-each-ref --format=%(refname)%00%(upstream:short)%00%(objectname)%00%(upstream:track)%00%(upstream:remotename)%00%(upstream:remoteref) refs/heads/main refs/remotes/main [1ms]
[2022-08-18T20:00:05.864Z] > git for-each-ref --sort -committerdate --format %(refname) %(objectname) %(*objectname) [5ms]
[2022-08-18T20:00:05.864Z] > git remote --verbose [3ms]
[2022-08-18T20:00:05.867Z] > git show --textconv :config.toml [3ms]
[2022-08-18T20:00:05.867Z] > git config --get commit.template [0ms]
[2022-08-18T20:07:40.038Z] > git fetch [437ms]
[2022-08-18T20:07:40.044Z] > git status -z -uall [2ms]
[2022-08-18T20:07:40.047Z] > git symbolic-ref --short HEAD [1ms]
[2022-08-18T20:07:40.051Z] > git for-each-ref --format=%(refname)%00%(upstream:short)%00%(objectname)%00%(upstream:track)%00%(upstream:remotename)%00%(upstream:remoteref) refs/heads/main refs/remotes/main [1ms]
[2022-08-18T20:07:40.057Z] > git for-each-ref --sort -committerdate --format %(refname) %(objectname) %(*objectname) [4ms]
[2022-08-18T20:07:40.057Z] > git remote --verbose [1ms]
[2022-08-18T20:07:40.061Z] > git config --get commit.template [1ms]
[2022-08-18T20:07:41.079Z] > git status -z -uall [3ms]
[2022-08-18T20:07:41.083Z] > git symbolic-ref --short HEAD [0ms]
[2022-08-18T20:07:41.087Z] > git for-each-ref --format=%(refname)%00%(upstream:short)%00%(objectname)%00%(upstream:track)%00%(upstream:remotename)%00%(upstream:remoteref) refs/heads/main refs/remotes/main [1ms]
[2022-08-18T20:07:41.091Z] > git for-each-ref --sort -committerdate --format %(refname) %(objectname) %(*objectname) [2ms]
[2022-08-18T20:07:41.091Z] > git remote --verbose [0ms]
[2022-08-18T20:07:41.094Z] > git config --get commit.template [0ms]
[2022-08-18T20:07:41.180Z] > git ls-files --stage -- /home/near/Documents/Code/zerai.xyz/config.toml [1ms]
[2022-08-18T20:07:41.183Z] > git cat-file -s a604c3671d6cde2b76d2f08f4141ef34c3938efd [1ms]
[2022-08-18T20:07:41.189Z] > git show --textconv :config.toml [1ms]
[2022-08-18T20:07:51.618Z] > git show --textconv :themes/notepadium/layouts/partials/header.html [3ms]
[2022-08-18T20:07:51.618Z] > git ls-files --stage -- /home/near/Documents/Code/zerai.xyz/themes/notepadium/layouts/partials/header.html [0ms]
[2022-08-18T20:07:51.622Z] > git cat-file -s 53f3f2de84bdec71b4acef930802c895b7140c08 [1ms]
[2022-08-18T20:08:05.633Z] > git show --textconv :content/post/markdown-syntax.md [3ms]
[2022-08-18T20:08:05.633Z] > git ls-files --stage -- /home/near/Documents/Code/zerai.xyz/content/post/markdown-syntax.md [1ms]
[2022-08-18T20:08:05.637Z] > git cat-file -s 2aa35e1f47dbda295f57303f53b6cfc473d0ef98 [1ms]
[2022-08-18T20:08:31.310Z] > git show --textconv :content/post/math-typesetting.md [3ms]
[2022-08-18T20:08:31.310Z] > git ls-files --stage -- /home/near/Documents/Code/zerai.xyz/content/post/math-typesetting.md [0ms]
[2022-08-18T20:08:31.314Z] > git cat-file -s 48fdc79f06b7488b2149ac58e8d0c880571f99c8 [1ms]
[2022-08-18T20:08:34.435Z] > git show --textconv :content/post/markdown-syntax.md [3ms]
[2022-08-18T20:08:34.435Z] > git ls-files --stage -- /home/near/Documents/Code/zerai.xyz/content/post/markdown-syntax.md [1ms]
[2022-08-18T20:08:34.439Z] > git cat-file -s 2aa35e1f47dbda295f57303f53b6cfc473d0ef98 [1ms]
[2022-08-18T20:08:40.021Z] > git show --textconv :content/post/math-typesetting.md [3ms]
[2022-08-18T20:08:40.022Z] > git ls-files --stage -- /home/near/Documents/Code/zerai.xyz/content/post/math-typesetting.md [1ms]
[2022-08-18T20:08:40.025Z] > git cat-file -s 48fdc79f06b7488b2149ac58e8d0c880571f99c8 [1ms]
[2022-08-18T20:08:54.533Z] > git status -z -uall [3ms]
[2022-08-18T20:08:54.538Z] > git symbolic-ref --short HEAD [1ms]
[2022-08-18T20:08:54.541Z] > git for-each-ref --format=%(refname)%00%(upstream:short)%00%(objectname)%00%(upstream:track)%00%(upstream:remotename)%00%(upstream:remoteref) refs/heads/main refs/remotes/main [1ms]
[2022-08-18T20:08:54.547Z] > git for-each-ref --sort -committerdate --format %(refname) %(objectname) %(*objectname) [3ms]
[2022-08-18T20:08:54.547Z] > git remote --verbose [1ms]
[2022-08-18T20:08:54.553Z] > git config --get commit.template [0ms]
[2022-08-19T02:35:18.214Z] > git fetch [523ms]
[2022-08-19T02:35:18.219Z] > git status -z -uall [2ms]
[2022-08-19T02:35:18.221Z] > git symbolic-ref --short HEAD [0ms]
[2022-08-19T02:35:18.223Z] > git for-each-ref --format=%(refname)%00%(upstream:short)%00%(objectname)%00%(upstream:track)%00%(upstream:remotename)%00%(upstream:remoteref) refs/heads/main refs/remotes/main [0ms]
[2022-08-19T02:35:18.227Z] > git for-each-ref --sort -committerdate --format %(refname) %(objectname) %(*objectname) [2ms]
[2022-08-19T02:35:18.227Z] > git remote --verbose [0ms]
[2022-08-19T02:35:18.230Z] > git config --get commit.template [0ms]
[2022-08-19T02:35:19.335Z] > git ls-files --stage -- /home/near/Documents/Code/zerai.xyz/content/post/math-typesetting.md [1ms]
[2022-08-19T02:35:19.338Z] > git cat-file -s 48fdc79f06b7488b2149ac58e8d0c880571f99c8 [1ms]
[2022-08-19T02:35:19.344Z] > git show --textconv :content/post/math-typesetting.md [1ms]
[2022-08-19T02:35:30.617Z] > git show --textconv :content/post/markdown-syntax.md [3ms]
[2022-08-19T02:35:30.617Z] > git ls-files --stage -- /home/near/Documents/Code/zerai.xyz/content/post/markdown-syntax.md [1ms]
[2022-08-19T02:35:30.619Z] > git cat-file -s 2aa35e1f47dbda295f57303f53b6cfc473d0ef98 [1ms]
[2022-08-19T02:35:31.782Z] > git show --textconv :content/post/math-typesetting.md [2ms]
[2022-08-19T02:35:31.783Z] > git ls-files --stage -- /home/near/Documents/Code/zerai.xyz/content/post/math-typesetting.md [1ms]
[2022-08-19T02:35:31.785Z] > git cat-file -s 48fdc79f06b7488b2149ac58e8d0c880571f99c8 [1ms]
[2022-08-19T02:35:44.699Z] > git show --textconv :themes/notepadium/i18n/en.toml [2ms]
[2022-08-19T02:35:44.699Z] > git ls-files --stage -- /home/near/Documents/Code/zerai.xyz/themes/notepadium/i18n/en.toml [0ms]
[2022-08-19T02:35:44.701Z] > git cat-file -s 1ae51b854e3e6ebcc2977f3cd0308ce6022036d9 [0ms]
[2022-08-19T02:42:31.847Z] > git fetch [481ms]
[2022-08-19T02:42:31.851Z] > git status -z -uall [2ms]
[2022-08-19T02:42:31.853Z] > git symbolic-ref --short HEAD [0ms]
[2022-08-19T02:42:31.855Z] > git for-each-ref --format=%(refname)%00%(upstream:short)%00%(objectname)%00%(upstream:track)%00%(upstream:remotename)%00%(upstream:remoteref) refs/heads/main refs/remotes/main [0ms]
[2022-08-19T02:42:31.859Z] > git for-each-ref --sort -committerdate --format %(refname) %(objectname) %(*objectname) [2ms]
[2022-08-19T02:42:31.859Z] > git remote --verbose [0ms]
[2022-08-19T02:42:31.862Z] > git config --get commit.template [0ms]
[2022-08-19T02:42:32.886Z] > git status -z -uall [2ms]
[2022-08-19T02:42:32.888Z] > git symbolic-ref --short HEAD [0ms]
[2022-08-19T02:42:32.891Z] > git for-each-ref --format=%(refname)%00%(upstream:short)%00%(objectname)%00%(upstream:track)%00%(upstream:remotename)%00%(upstream:remoteref) refs/heads/main refs/remotes/main [1ms]
[2022-08-19T02:42:32.895Z] > git for-each-ref --sort -committerdate --format %(refname) %(objectname) %(*objectname) [3ms]
[2022-08-19T02:42:32.895Z] > git remote --verbose [1ms]
[2022-08-19T02:42:32.899Z] > git config --get commit.template [1ms]
[2022-08-19T02:42:32.986Z] > git ls-files --stage -- /home/near/Documents/Code/zerai.xyz/themes/notepadium/i18n/en.toml [1ms]
[2022-08-19T02:42:32.988Z] > git cat-file -s 1ae51b854e3e6ebcc2977f3cd0308ce6022036d9 [0ms]
[2022-08-19T02:42:32.995Z] > git show --textconv :themes/notepadium/i18n/en.toml [1ms]
[2022-08-19T02:42:46.685Z] > git show --textconv :themes/notepadium/layouts/partials/header.html [3ms]
[2022-08-19T02:42:46.685Z] > git ls-files --stage -- /home/near/Documents/Code/zerai.xyz/themes/notepadium/layouts/partials/header.html [0ms]
[2022-08-19T02:42:46.688Z] > git cat-file -s 53f3f2de84bdec71b4acef930802c895b7140c08 [1ms]
[2022-08-19T02:45:32.342Z] > git fetch [476ms]
[2022-08-19T02:45:32.346Z] > git status -z -uall [1ms]
[2022-08-19T02:45:32.349Z] > git symbolic-ref --short HEAD [0ms]
[2022-08-19T02:45:32.351Z] > git for-each-ref --format=%(refname)%00%(upstream:short)%00%(objectname)%00%(upstream:track)%00%(upstream:remotename)%00%(upstream:remoteref) refs/heads/main refs/remotes/main [0ms]
[2022-08-19T02:45:32.355Z] > git for-each-ref --sort -committerdate --format %(refname) %(objectname) %(*objectname) [2ms]
[2022-08-19T02:45:32.355Z] > git remote --verbose [0ms]
[2022-08-19T02:45:32.358Z] > git config --get commit.template [0ms]
[2022-08-19T02:45:33.377Z] > git status -z -uall [1ms]
[2022-08-19T02:45:33.380Z] > git symbolic-ref --short HEAD [1ms]
[2022-08-19T02:45:33.382Z] > git for-each-ref --format=%(refname)%00%(upstream:short)%00%(objectname)%00%(upstream:track)%00%(upstream:remotename)%00%(upstream:remoteref) refs/heads/main refs/remotes/main [1ms]
[2022-08-19T02:45:33.386Z] > git for-each-ref --sort -committerdate --format %(refname) %(objectname) %(*objectname) [2ms]
[2022-08-19T02:45:33.386Z] > git remote --verbose [1ms]
[2022-08-19T02:45:33.389Z] > git config --get commit.template [1ms]
[2022-08-19T02:45:33.479Z] > git ls-files --stage -- /home/near/Documents/Code/zerai.xyz/themes/notepadium/layouts/partials/header.html [1ms]
[2022-08-19T02:45:33.481Z] > git cat-file -s 53f3f2de84bdec71b4acef930802c895b7140c08 [1ms]
[2022-08-19T02:45:33.488Z] > git show --textconv :themes/notepadium/layouts/partials/header.html [1ms]
[2022-08-19T02:45:48.462Z] > git status -z -uall [2ms]
[2022-08-19T02:45:48.465Z] > git symbolic-ref --short HEAD [1ms]
[2022-08-19T02:45:48.467Z] > git for-each-ref --format=%(refname)%00%(upstream:short)%00%(objectname)%00%(upstream:track)%00%(upstream:remotename)%00%(upstream:remoteref) refs/heads/main refs/remotes/main [1ms]
[2022-08-19T02:45:48.472Z] > git for-each-ref --sort -committerdate --format %(refname) %(objectname) %(*objectname) [2ms]
[2022-08-19T02:45:48.472Z] > git remote --verbose [0ms]
[2022-08-19T02:45:48.474Z] > git config --get commit.template [0ms]
[2022-08-19T02:46:17.504Z] > git show --textconv :themes/notepadium/layouts/partials/header.html [3ms]
[2022-08-19T02:46:17.504Z] > git ls-files --stage -- /home/near/Documents/Code/zerai.xyz/themes/notepadium/layouts/partials/header.html [0ms]
[2022-08-19T02:46:17.508Z] > git cat-file -s 53f3f2de84bdec71b4acef930802c895b7140c08 [1ms]
[2022-08-19T02:46:26.297Z] > git show --textconv :themes/notepadium/layouts/partials/header.html [2ms]
[2022-08-19T02:46:26.297Z] > git ls-files --stage -- /home/near/Documents/Code/zerai.xyz/themes/notepadium/layouts/partials/header.html [0ms]
[2022-08-19T02:46:26.299Z] > git cat-file -s 53f3f2de84bdec71b4acef930802c895b7140c08 [0ms]
