[2022-08-17 16:52:32.354] [renderer3] [error] Error: Unable to read file '/home/near/Documents/Code/zerai.xyz/themes/lugo' (Error: Unable to read file '/home/near/Documents/Code/zerai.xyz/themes/lugo' that is actually a directory)
    at h.doReadFileStream (vscode-file://vscode-app/usr/share/codium/resources/app/out/vs/workbench/workbench.desktop.main.js:602:20089)
    at async v.doRead (vscode-file://vscode-app/usr/share/codium/resources/app/out/vs/workbench/workbench.desktop.main.js:2759:42424)
    at async v.readStream (vscode-file://vscode-app/usr/share/codium/resources/app/out/vs/workbench/workbench.desktop.main.js:2759:42099)
    at async kr.resolveFromFile (vscode-file://vscode-app/usr/share/codium/resources/app/out/vs/workbench/workbench.desktop.main.js:2748:67842)
    at async c.doResolve (vscode-file://vscode-app/usr/share/codium/resources/app/out/vs/workbench/workbench.desktop.main.js:2759:36959)
    at async kl.doResolveAsText (vscode-file://vscode-app/usr/share/codium/resources/app/out/vs/workbench/workbench.desktop.main.js:2138:90522)
    at async Promise.all (index 1)
    at async Ds.createModel (vscode-file://vscode-app/usr/share/codium/resources/app/out/vs/workbench/workbench.desktop.main.js:1728:19147)
    at async Ds.resolve (vscode-file://vscode-app/usr/share/codium/resources/app/out/vs/workbench/workbench.desktop.main.js:1728:18862)
    at async Jl.setInput (vscode-file://vscode-app/usr/share/codium/resources/app/out/vs/workbench/workbench.desktop.main.js:2723:11013)
    at async o.doSetInput (vscode-file://vscode-app/usr/share/codium/resources/app/out/vs/workbench/workbench.desktop.main.js:2721:6429)
    at async o.doOpenEditor (vscode-file://vscode-app/usr/share/codium/resources/app/out/vs/workbench/workbench.desktop.main.js:2721:4791)
    at async openEditor (vscode-file://vscode-app/usr/share/codium/resources/app/out/vs/workbench/workbench.desktop.main.js:2721:3783)
    at async vscode-file://vscode-app/usr/share/codium/resources/app/out/vs/workbench/workbench.desktop.main.js:2928:16842
[2022-08-17 16:52:34.411] [renderer3] [error] Git error
[2022-08-17 16:55:07.696] [renderer3] [error] Error: Unable to read file '/home/near/Documents/Code/zerai.xyz/themes/lugo' (Error: Unable to read file '/home/near/Documents/Code/zerai.xyz/themes/lugo' that is actually a directory)
    at h.doReadFileStream (vscode-file://vscode-app/usr/share/codium/resources/app/out/vs/workbench/workbench.desktop.main.js:602:20089)
    at async v.doRead (vscode-file://vscode-app/usr/share/codium/resources/app/out/vs/workbench/workbench.desktop.main.js:2759:42424)
    at async v.readStream (vscode-file://vscode-app/usr/share/codium/resources/app/out/vs/workbench/workbench.desktop.main.js:2759:42099)
    at async kr.resolveFromFile (vscode-file://vscode-app/usr/share/codium/resources/app/out/vs/workbench/workbench.desktop.main.js:2748:67842)
    at async c.doResolve (vscode-file://vscode-app/usr/share/codium/resources/app/out/vs/workbench/workbench.desktop.main.js:2759:36959)
    at async kl.doResolveAsText (vscode-file://vscode-app/usr/share/codium/resources/app/out/vs/workbench/workbench.desktop.main.js:2138:90522)
    at async Promise.all (index 1)
    at async Ds.createModel (vscode-file://vscode-app/usr/share/codium/resources/app/out/vs/workbench/workbench.desktop.main.js:1728:19147)
    at async Ds.resolve (vscode-file://vscode-app/usr/share/codium/resources/app/out/vs/workbench/workbench.desktop.main.js:1728:18862)
    at async Jl.setInput (vscode-file://vscode-app/usr/share/codium/resources/app/out/vs/workbench/workbench.desktop.main.js:2723:11013)
    at async o.doSetInput (vscode-file://vscode-app/usr/share/codium/resources/app/out/vs/workbench/workbench.desktop.main.js:2721:6429)
    at async o.doOpenEditor (vscode-file://vscode-app/usr/share/codium/resources/app/out/vs/workbench/workbench.desktop.main.js:2721:4791)
    at async openEditor (vscode-file://vscode-app/usr/share/codium/resources/app/out/vs/workbench/workbench.desktop.main.js:2721:3783)
    at async vscode-file://vscode-app/usr/share/codium/resources/app/out/vs/workbench/workbench.desktop.main.js:2928:16842
    at async vscode-file://vscode-app/usr/share/codium/resources/app/out/vs/workbench/workbench.desktop.main.js:2723:26932
    at async Mt.open (vscode-file://vscode-app/usr/share/codium/resources/app/out/vs/workbench/workbench.desktop.main.js:2731:49900)
