[2022-08-18 10:22:09.261] [exthost] [info] Extension host with pid 4147 started
[2022-08-18 10:22:09.261] [exthost] [info] Skipping acquiring lock for /home/near/.config/VSCodium/User/workspaceStorage/d163e4e7174cc29fe3d4f593e62cbfe3.
[2022-08-18 10:22:09.312] [exthost] [info] ExtensionService#_doActivateExtension ms-python.python, startup: false, activationEvent: 'onLanguage:python'
[2022-08-18 10:22:09.509] [exthost] [info] ExtensionService#_doActivateExtension ms-toolsai.jupyter, startup: false, activationEvent: 'onLanguage:python'
[2022-08-18 10:22:09.561] [exthost] [info] ExtensionService#_doActivateExtension vscode.debug-auto-launch, startup: true, activationEvent: '*'
[2022-08-18 10:22:09.562] [exthost] [info] ExtensionService#_doActivateExtension vscode.git-base, startup: true, activationEvent: '*', root cause: vscode.git
[2022-08-18 10:22:09.563] [exthost] [info] ExtensionService#_doActivateExtension vscode.ipynb, startup: true, activationEvent: '*'
[2022-08-18 10:22:09.567] [exthost] [info] ExtensionService#_doActivateExtension ms-vscode.sublime-keybindings, startup: true, activationEvent: '*'
[2022-08-18 10:22:09.897] [exthost] [info] ExtensionService#_doActivateExtension vscode.git, startup: true, activationEvent: '*'
[2022-08-18 10:22:09.911] [exthost] [info] ExtensionService#_doActivateExtension vscode.github, startup: true, activationEvent: '*'
[2022-08-18 10:22:09.928] [exthost] [info] ExtensionService#_doActivateExtension ms-toolsai.jupyter-renderers, startup: false, activationEvent: 'api', root cause: ms-toolsai.jupyter
[2022-08-18 10:22:09.973] [exthost] [info] Eager extensions activated
[2022-08-18 10:22:09.990] [exthost] [info] ExtensionService#_doActivateExtension vscode.emmet, startup: false, activationEvent: 'onStartupFinished'
[2022-08-18 10:22:09.994] [exthost] [info] ExtensionService#_doActivateExtension vscode.merge-conflict, startup: false, activationEvent: 'onStartupFinished'
[2022-08-18 10:22:09.995] [exthost] [info] ExtensionService#_doActivateExtension bierner.emojisense, startup: false, activationEvent: 'onStartupFinished'
[2022-08-18 10:22:09.999] [exthost] [info] ExtensionService#_doActivateExtension esbenp.prettier-vscode, startup: false, activationEvent: 'onStartupFinished'
[2022-08-18 10:36:29.972] [exthost] [info] ExtensionService#_doActivateExtension tomblind.local-lua-debugger-vscode, startup: false, activationEvent: 'onDebug'
[2022-08-18 10:36:30.082] [exthost] [info] ExtensionService#_doActivateExtension vscode.debug-server-ready, startup: false, activationEvent: 'onDebugResolve'
[2022-08-18 11:28:24.054] [exthost] [info] Extension host terminating: received terminate message from renderer
[2022-08-18 11:28:24.074] [exthost] [info] Extension host with pid 4147 exiting with code 0
