[2022-08-18T14:22:09.933Z] Log level: Info
[2022-08-18T14:22:09.933Z] [info] Validating found git in: git
[2022-08-18T14:22:09.966Z] [info] Using git 2.34.1 from git
[2022-08-18T14:22:09.976Z] > git rev-parse --show-toplevel [4ms]
[2022-08-18T14:22:09.981Z] > git rev-parse --git-dir --git-common-dir [1ms]
[2022-08-18T14:22:09.983Z] [info] Open repository: /home/near/Documents/Code/python/youtube-stream-downloader
[2022-08-18T14:22:10.026Z] > git status -z -uall [40ms]
[2022-08-18T14:22:10.047Z] > git symbolic-ref --short HEAD [16ms]
[2022-08-18T14:22:10.056Z] > git for-each-ref --format=%(refname)%00%(upstream:short)%00%(objectname)%00%(upstream:track)%00%(upstream:remotename)%00%(upstream:remoteref) refs/heads/master refs/remotes/master [5ms]
[2022-08-18T14:22:10.066Z] > git remote --verbose [2ms]
[2022-08-18T14:22:10.066Z] > git for-each-ref --sort -committerdate --format %(refname) %(objectname) %(*objectname) [6ms]
[2022-08-18T14:22:10.075Z] > git config --get commit.template [2ms]
[2022-08-18T14:22:10.081Z] > git status -z -uall [1ms]
[2022-08-18T14:22:10.086Z] > git symbolic-ref --short HEAD [1ms]
[2022-08-18T14:22:10.092Z] > git for-each-ref --format=%(refname)%00%(upstream:short)%00%(objectname)%00%(upstream:track)%00%(upstream:remotename)%00%(upstream:remoteref) refs/heads/master refs/remotes/master [2ms]
[2022-08-18T14:22:10.101Z] > git remote --verbose [3ms]
[2022-08-18T14:22:10.101Z] > git for-each-ref --sort -committerdate --format %(refname) %(objectname) %(*objectname) [6ms]
[2022-08-18T14:22:10.107Z] > git config --get commit.template [1ms]
[2022-08-18T14:22:10.301Z] > git show --textconv :simple-download.py [5ms]
[2022-08-18T14:22:10.302Z] > git ls-files --stage -- /home/near/Documents/Code/python/youtube-stream-downloader/simple-download.py [1ms]
[2022-08-18T14:22:10.307Z] > git cat-file -s a7931cdada9581a658b6d563480c87dd8a7967e6 [1ms]
[2022-08-18T14:22:10.495Z] > git check-ignore -v -z --stdin [1ms]
[2022-08-18T14:22:50.278Z] > git ls-files --stage -- /home/near/Documents/Code/python/youtube-stream-downloader/simple-download.py [1ms]
[2022-08-18T14:22:50.282Z] > git cat-file -s a7931cdada9581a658b6d563480c87dd8a7967e6 [1ms]
[2022-08-18T14:22:50.289Z] > git show --textconv :simple-download.py [1ms]
[2022-08-18T14:22:50.376Z] > git fetch [1262ms]
[2022-08-18T14:22:50.381Z] > git status -z -uall [1ms]
[2022-08-18T14:22:50.385Z] > git symbolic-ref --short HEAD [1ms]
[2022-08-18T14:22:50.388Z] > git for-each-ref --format=%(refname)%00%(upstream:short)%00%(objectname)%00%(upstream:track)%00%(upstream:remotename)%00%(upstream:remoteref) refs/heads/master refs/remotes/master [1ms]
[2022-08-18T14:22:50.394Z] > git for-each-ref --sort -committerdate --format %(refname) %(objectname) %(*objectname) [3ms]
[2022-08-18T14:22:50.394Z] > git remote --verbose [1ms]
[2022-08-18T14:22:50.397Z] > git config --get commit.template [0ms]
[2022-08-18T14:22:51.425Z] > git status -z -uall [1ms]
[2022-08-18T14:22:51.429Z] > git symbolic-ref --short HEAD [1ms]
[2022-08-18T14:22:51.432Z] > git for-each-ref --format=%(refname)%00%(upstream:short)%00%(objectname)%00%(upstream:track)%00%(upstream:remotename)%00%(upstream:remoteref) refs/heads/master refs/remotes/master [0ms]
[2022-08-18T14:22:51.438Z] > git remote --verbose [0ms]
[2022-08-18T14:22:51.439Z] > git for-each-ref --sort -committerdate --format %(refname) %(objectname) %(*objectname) [4ms]
[2022-08-18T14:22:51.444Z] > git config --get commit.template [1ms]
[2022-08-18T14:22:51.526Z] > git ls-files --stage -- /home/near/Documents/Code/python/youtube-stream-downloader/simple-download.py [0ms]
[2022-08-18T14:22:51.529Z] > git cat-file -s a7931cdada9581a658b6d563480c87dd8a7967e6 [1ms]
[2022-08-18T14:22:51.535Z] > git show --textconv :simple-download.py [1ms]
[2022-08-18T14:27:00.956Z] > git fetch [258ms]
[2022-08-18T14:27:00.960Z] > git status -z -uall [2ms]
[2022-08-18T14:27:00.963Z] > git symbolic-ref --short HEAD [1ms]
[2022-08-18T14:27:00.966Z] > git for-each-ref --format=%(refname)%00%(upstream:short)%00%(objectname)%00%(upstream:track)%00%(upstream:remotename)%00%(upstream:remoteref) refs/heads/master refs/remotes/master [1ms]
[2022-08-18T14:27:00.971Z] > git remote --verbose [1ms]
[2022-08-18T14:27:00.971Z] > git for-each-ref --sort -committerdate --format %(refname) %(objectname) %(*objectname) [3ms]
[2022-08-18T14:27:00.975Z] > git config --get commit.template [0ms]
[2022-08-18T14:27:05.017Z] > git status -z -uall [1ms]
[2022-08-18T14:27:05.026Z] > git symbolic-ref --short HEAD [4ms]
[2022-08-18T14:27:05.029Z] > git ls-files --stage -- /home/near/Documents/Code/python/youtube-stream-downloader/simple-download.py [4ms]
[2022-08-18T14:27:05.032Z] > git for-each-ref --format=%(refname)%00%(upstream:short)%00%(objectname)%00%(upstream:track)%00%(upstream:remotename)%00%(upstream:remoteref) refs/heads/master refs/remotes/master [4ms]
[2022-08-18T14:27:05.037Z] > git remote --verbose [1ms]
[2022-08-18T14:27:05.037Z] > git for-each-ref --sort -committerdate --format %(refname) %(objectname) %(*objectname) [3ms]
[2022-08-18T14:27:05.038Z] > git cat-file -s a7931cdada9581a658b6d563480c87dd8a7967e6 [7ms]
[2022-08-18T14:27:05.045Z] > git config --get commit.template [4ms]
[2022-08-18T14:27:05.045Z] > git show --textconv :simple-download.py [1ms]
[2022-08-18T14:32:49.312Z] > git fetch [200ms]
[2022-08-18T14:32:49.316Z] > git status -z -uall [1ms]
[2022-08-18T14:32:49.319Z] > git symbolic-ref --short HEAD [0ms]
[2022-08-18T14:32:49.322Z] > git for-each-ref --format=%(refname)%00%(upstream:short)%00%(objectname)%00%(upstream:track)%00%(upstream:remotename)%00%(upstream:remoteref) refs/heads/master refs/remotes/master [1ms]
[2022-08-18T14:32:49.327Z] > git for-each-ref --sort -committerdate --format %(refname) %(objectname) %(*objectname) [3ms]
[2022-08-18T14:32:49.327Z] > git remote --verbose [1ms]
[2022-08-18T14:32:49.331Z] > git config --get commit.template [1ms]
[2022-08-18T14:32:50.365Z] > git status -z -uall [1ms]
[2022-08-18T14:32:50.369Z] > git symbolic-ref --short HEAD [1ms]
[2022-08-18T14:32:50.373Z] > git for-each-ref --format=%(refname)%00%(upstream:short)%00%(objectname)%00%(upstream:track)%00%(upstream:remotename)%00%(upstream:remoteref) refs/heads/master refs/remotes/master [2ms]
[2022-08-18T14:32:50.377Z] > git for-each-ref --sort -committerdate --format %(refname) %(objectname) %(*objectname) [2ms]
[2022-08-18T14:32:50.377Z] > git remote --verbose [1ms]
[2022-08-18T14:32:50.381Z] > git config --get commit.template [1ms]
[2022-08-18T14:32:50.470Z] > git ls-files --stage -- /home/near/Documents/Code/python/youtube-stream-downloader/simple-download.py [1ms]
[2022-08-18T14:32:50.473Z] > git cat-file -s a7931cdada9581a658b6d563480c87dd8a7967e6 [1ms]
[2022-08-18T14:32:50.481Z] > git show --textconv :simple-download.py [1ms]
[2022-08-18T14:36:25.897Z] > git fetch [221ms]
[2022-08-18T14:36:25.900Z] > git status -z -uall [0ms]
[2022-08-18T14:36:25.903Z] > git symbolic-ref --short HEAD [0ms]
[2022-08-18T14:36:25.906Z] > git for-each-ref --format=%(refname)%00%(upstream:short)%00%(objectname)%00%(upstream:track)%00%(upstream:remotename)%00%(upstream:remoteref) refs/heads/master refs/remotes/master [1ms]
[2022-08-18T14:36:25.914Z] > git for-each-ref --sort -committerdate --format %(refname) %(objectname) %(*objectname) [3ms]
[2022-08-18T14:36:25.914Z] > git remote --verbose [1ms]
[2022-08-18T14:36:25.919Z] > git config --get commit.template [1ms]
[2022-08-18T14:36:26.950Z] > git status -z -uall [1ms]
[2022-08-18T14:36:26.952Z] > git symbolic-ref --short HEAD [0ms]
[2022-08-18T14:36:26.955Z] > git for-each-ref --format=%(refname)%00%(upstream:short)%00%(objectname)%00%(upstream:track)%00%(upstream:remotename)%00%(upstream:remoteref) refs/heads/master refs/remotes/master [1ms]
[2022-08-18T14:36:26.960Z] > git for-each-ref --sort -committerdate --format %(refname) %(objectname) %(*objectname) [3ms]
[2022-08-18T14:36:26.960Z] > git remote --verbose [0ms]
[2022-08-18T14:36:26.964Z] > git config --get commit.template [1ms]
[2022-08-18T14:36:27.053Z] > git ls-files --stage -- /home/near/Documents/Code/python/youtube-stream-downloader/simple-download.py [1ms]
[2022-08-18T14:36:27.057Z] > git cat-file -s a7931cdada9581a658b6d563480c87dd8a7967e6 [1ms]
[2022-08-18T14:36:27.065Z] > git show --textconv :simple-download.py [1ms]
[2022-08-18T14:36:31.968Z] > git status -z -uall [0ms]
[2022-08-18T14:36:31.972Z] > git symbolic-ref --short HEAD [1ms]
[2022-08-18T14:36:31.976Z] > git for-each-ref --format=%(refname)%00%(upstream:short)%00%(objectname)%00%(upstream:track)%00%(upstream:remotename)%00%(upstream:remoteref) refs/heads/master refs/remotes/master [1ms]
[2022-08-18T14:36:31.981Z] > git for-each-ref --sort -committerdate --format %(refname) %(objectname) %(*objectname) [2ms]
[2022-08-18T14:36:31.981Z] > git remote --verbose [0ms]
[2022-08-18T14:36:31.985Z] > git config --get commit.template [0ms]
[2022-08-18T14:36:38.906Z] > git status -z -uall [1ms]
[2022-08-18T14:36:38.911Z] > git symbolic-ref --short HEAD [1ms]
[2022-08-18T14:36:38.916Z] > git for-each-ref --format=%(refname)%00%(upstream:short)%00%(objectname)%00%(upstream:track)%00%(upstream:remotename)%00%(upstream:remoteref) refs/heads/master refs/remotes/master [1ms]
[2022-08-18T14:36:38.924Z] > git for-each-ref --sort -committerdate --format %(refname) %(objectname) %(*objectname) [5ms]
[2022-08-18T14:36:38.924Z] > git remote --verbose [1ms]
[2022-08-18T14:36:38.930Z] > git config --get commit.template [1ms]
[2022-08-18T14:36:43.936Z] > git status -z -uall [2ms]
[2022-08-18T14:36:43.940Z] > git symbolic-ref --short HEAD [1ms]
[2022-08-18T14:36:43.945Z] > git for-each-ref --format=%(refname)%00%(upstream:short)%00%(objectname)%00%(upstream:track)%00%(upstream:remotename)%00%(upstream:remoteref) refs/heads/master refs/remotes/master [1ms]
[2022-08-18T14:36:43.952Z] > git for-each-ref --sort -committerdate --format %(refname) %(objectname) %(*objectname) [4ms]
[2022-08-18T14:36:43.952Z] > git remote --verbose [1ms]
[2022-08-18T14:36:43.957Z] > git config --get commit.template [1ms]
[2022-08-18T14:36:48.963Z] > git status -z -uall [1ms]
[2022-08-18T14:36:48.966Z] > git symbolic-ref --short HEAD [1ms]
[2022-08-18T14:36:48.968Z] > git for-each-ref --format=%(refname)%00%(upstream:short)%00%(objectname)%00%(upstream:track)%00%(upstream:remotename)%00%(upstream:remoteref) refs/heads/master refs/remotes/master [0ms]
[2022-08-18T14:36:48.973Z] > git for-each-ref --sort -committerdate --format %(refname) %(objectname) %(*objectname) [2ms]
[2022-08-18T14:36:48.973Z] > git remote --verbose [0ms]
[2022-08-18T14:36:48.979Z] > git config --get commit.template [1ms]
[2022-08-18T14:36:53.985Z] > git status -z -uall [1ms]
[2022-08-18T14:36:53.988Z] > git symbolic-ref --short HEAD [0ms]
[2022-08-18T14:36:53.993Z] > git for-each-ref --format=%(refname)%00%(upstream:short)%00%(objectname)%00%(upstream:track)%00%(upstream:remotename)%00%(upstream:remoteref) refs/heads/master refs/remotes/master [1ms]
[2022-08-18T14:36:53.999Z] > git for-each-ref --sort -committerdate --format %(refname) %(objectname) %(*objectname) [3ms]
[2022-08-18T14:36:54.000Z] > git remote --verbose [1ms]
[2022-08-18T14:36:54.003Z] > git config --get commit.template [0ms]
[2022-08-18T14:36:59.011Z] > git status -z -uall [1ms]
[2022-08-18T14:36:59.016Z] > git symbolic-ref --short HEAD [1ms]
[2022-08-18T14:36:59.020Z] > git for-each-ref --format=%(refname)%00%(upstream:short)%00%(objectname)%00%(upstream:track)%00%(upstream:remotename)%00%(upstream:remoteref) refs/heads/master refs/remotes/master [1ms]
[2022-08-18T14:36:59.027Z] > git for-each-ref --sort -committerdate --format %(refname) %(objectname) %(*objectname) [5ms]
[2022-08-18T14:36:59.027Z] > git remote --verbose [1ms]
[2022-08-18T14:36:59.033Z] > git config --get commit.template [1ms]
[2022-08-18T14:37:02.188Z] > git check-ignore -v -z --stdin [0ms]
[2022-08-18T14:37:04.039Z] > git status -z -uall [0ms]
[2022-08-18T14:37:04.043Z] > git symbolic-ref --short HEAD [1ms]
[2022-08-18T14:37:04.047Z] > git for-each-ref --format=%(refname)%00%(upstream:short)%00%(objectname)%00%(upstream:track)%00%(upstream:remotename)%00%(upstream:remoteref) refs/heads/master refs/remotes/master [1ms]
[2022-08-18T14:37:04.053Z] > git for-each-ref --sort -committerdate --format %(refname) %(objectname) %(*objectname) [3ms]
[2022-08-18T14:37:04.054Z] > git remote --verbose [1ms]
[2022-08-18T14:37:04.059Z] > git config --get commit.template [1ms]
[2022-08-18T14:37:24.950Z] > git show --textconv :simple-download.py [3ms]
[2022-08-18T14:37:24.951Z] > git ls-files --stage -- /home/near/Documents/Code/python/youtube-stream-downloader/simple-download.py [1ms]
[2022-08-18T14:37:24.954Z] > git cat-file -s a7931cdada9581a658b6d563480c87dd8a7967e6 [1ms]
[2022-08-18T14:38:36.996Z] > git status -z -uall [2ms]
[2022-08-18T14:38:37.000Z] > git symbolic-ref --short HEAD [1ms]
[2022-08-18T14:38:37.003Z] > git for-each-ref --format=%(refname)%00%(upstream:short)%00%(objectname)%00%(upstream:track)%00%(upstream:remotename)%00%(upstream:remoteref) refs/heads/master refs/remotes/master [1ms]
[2022-08-18T14:38:37.008Z] > git for-each-ref --sort -committerdate --format %(refname) %(objectname) %(*objectname) [3ms]
[2022-08-18T14:38:37.008Z] > git remote --verbose [1ms]
[2022-08-18T14:38:37.012Z] > git config --get commit.template [1ms]
[2022-08-18T14:43:06.062Z] > git fetch [246ms]
[2022-08-18T14:43:06.065Z] > git status -z -uall [1ms]
[2022-08-18T14:43:06.068Z] > git symbolic-ref --short HEAD [1ms]
[2022-08-18T14:43:06.072Z] > git for-each-ref --format=%(refname)%00%(upstream:short)%00%(objectname)%00%(upstream:track)%00%(upstream:remotename)%00%(upstream:remoteref) refs/heads/master refs/remotes/master [1ms]
[2022-08-18T14:43:06.075Z] > git for-each-ref --sort -committerdate --format %(refname) %(objectname) %(*objectname) [1ms]
[2022-08-18T14:43:06.076Z] > git remote --verbose [1ms]
[2022-08-18T14:43:06.079Z] > git config --get commit.template [1ms]
[2022-08-18T14:43:19.110Z] > git status -z -uall [2ms]
[2022-08-18T14:43:19.115Z] > git symbolic-ref --short HEAD [1ms]
[2022-08-18T14:43:19.119Z] > git for-each-ref --format=%(refname)%00%(upstream:short)%00%(objectname)%00%(upstream:track)%00%(upstream:remotename)%00%(upstream:remoteref) refs/heads/master refs/remotes/master [1ms]
[2022-08-18T14:43:19.124Z] > git for-each-ref --sort -committerdate --format %(refname) %(objectname) %(*objectname) [2ms]
[2022-08-18T14:43:19.124Z] > git remote --verbose [0ms]
[2022-08-18T14:43:19.128Z] > git config --get commit.template [1ms]
[2022-08-18T14:43:19.135Z] > git ls-files --stage -- /home/near/Documents/Code/python/youtube-stream-downloader/simple-download.py [1ms]
[2022-08-18T14:43:19.141Z] > git cat-file -s a7931cdada9581a658b6d563480c87dd8a7967e6 [1ms]
[2022-08-18T14:43:19.151Z] > git show --textconv :simple-download.py [1ms]
[2022-08-18T14:46:36.543Z] > git fetch [416ms]
[2022-08-18T14:46:36.547Z] > git status -z -uall [0ms]
[2022-08-18T14:46:36.552Z] > git symbolic-ref --short HEAD [1ms]
[2022-08-18T14:46:36.556Z] > git for-each-ref --format=%(refname)%00%(upstream:short)%00%(objectname)%00%(upstream:track)%00%(upstream:remotename)%00%(upstream:remoteref) refs/heads/master refs/remotes/master [1ms]
[2022-08-18T14:46:36.562Z] > git remote --verbose [1ms]
[2022-08-18T14:46:36.562Z] > git for-each-ref --sort -committerdate --format %(refname) %(objectname) %(*objectname) [4ms]
[2022-08-18T14:46:36.569Z] > git config --get commit.template [1ms]
[2022-08-18T14:46:37.596Z] > git status -z -uall [2ms]
[2022-08-18T14:46:37.599Z] > git symbolic-ref --short HEAD [1ms]
[2022-08-18T14:46:37.602Z] > git for-each-ref --format=%(refname)%00%(upstream:short)%00%(objectname)%00%(upstream:track)%00%(upstream:remotename)%00%(upstream:remoteref) refs/heads/master refs/remotes/master [1ms]
[2022-08-18T14:46:37.607Z] > git for-each-ref --sort -committerdate --format %(refname) %(objectname) %(*objectname) [3ms]
[2022-08-18T14:46:37.607Z] > git remote --verbose [1ms]
[2022-08-18T14:46:37.610Z] > git config --get commit.template [0ms]
[2022-08-18T14:46:37.698Z] > git ls-files --stage -- /home/near/Documents/Code/python/youtube-stream-downloader/simple-download.py [1ms]
[2022-08-18T14:46:37.701Z] > git cat-file -s a7931cdada9581a658b6d563480c87dd8a7967e6 [1ms]
[2022-08-18T14:46:37.707Z] > git show --textconv :simple-download.py [1ms]
[2022-08-18T14:50:05.016Z] > git fetch [279ms]
[2022-08-18T14:50:05.020Z] > git status -z -uall [1ms]
[2022-08-18T14:50:05.024Z] > git symbolic-ref --short HEAD [1ms]
[2022-08-18T14:50:05.027Z] > git for-each-ref --format=%(refname)%00%(upstream:short)%00%(objectname)%00%(upstream:track)%00%(upstream:remotename)%00%(upstream:remoteref) refs/heads/master refs/remotes/master [1ms]
[2022-08-18T14:50:05.033Z] > git for-each-ref --sort -committerdate --format %(refname) %(objectname) %(*objectname) [3ms]
[2022-08-18T14:50:05.033Z] > git remote --verbose [1ms]
[2022-08-18T14:50:05.038Z] > git config --get commit.template [1ms]
[2022-08-18T14:50:06.069Z] > git status -z -uall [1ms]
[2022-08-18T14:50:06.072Z] > git symbolic-ref --short HEAD [1ms]
[2022-08-18T14:50:06.076Z] > git for-each-ref --format=%(refname)%00%(upstream:short)%00%(objectname)%00%(upstream:track)%00%(upstream:remotename)%00%(upstream:remoteref) refs/heads/master refs/remotes/master [1ms]
[2022-08-18T14:50:06.080Z] > git for-each-ref --sort -committerdate --format %(refname) %(objectname) %(*objectname) [2ms]
[2022-08-18T14:50:06.080Z] > git remote --verbose [0ms]
[2022-08-18T14:50:06.084Z] > git config --get commit.template [1ms]
[2022-08-18T14:50:06.171Z] > git ls-files --stage -- /home/near/Documents/Code/python/youtube-stream-downloader/simple-download.py [1ms]
[2022-08-18T14:50:06.174Z] > git cat-file -s a7931cdada9581a658b6d563480c87dd8a7967e6 [1ms]
[2022-08-18T14:50:06.179Z] > git show --textconv :simple-download.py [1ms]
[2022-08-18T14:56:59.567Z] > git fetch [205ms]
[2022-08-18T14:56:59.571Z] > git status -z -uall [1ms]
[2022-08-18T14:56:59.575Z] > git symbolic-ref --short HEAD [1ms]
[2022-08-18T14:56:59.579Z] > git for-each-ref --format=%(refname)%00%(upstream:short)%00%(objectname)%00%(upstream:track)%00%(upstream:remotename)%00%(upstream:remoteref) refs/heads/master refs/remotes/master [1ms]
[2022-08-18T14:56:59.584Z] > git for-each-ref --sort -committerdate --format %(refname) %(objectname) %(*objectname) [3ms]
[2022-08-18T14:56:59.584Z] > git remote --verbose [1ms]
[2022-08-18T14:56:59.588Z] > git config --get commit.template [0ms]
[2022-08-18T14:57:00.621Z] > git status -z -uall [1ms]
[2022-08-18T14:57:00.626Z] > git symbolic-ref --short HEAD [1ms]
[2022-08-18T14:57:00.629Z] > git for-each-ref --format=%(refname)%00%(upstream:short)%00%(objectname)%00%(upstream:track)%00%(upstream:remotename)%00%(upstream:remoteref) refs/heads/master refs/remotes/master [1ms]
[2022-08-18T14:57:00.635Z] > git for-each-ref --sort -committerdate --format %(refname) %(objectname) %(*objectname) [3ms]
[2022-08-18T14:57:00.636Z] > git remote --verbose [1ms]
[2022-08-18T14:57:00.641Z] > git config --get commit.template [1ms]
[2022-08-18T14:57:00.722Z] > git ls-files --stage -- /home/near/Documents/Code/python/youtube-stream-downloader/simple-download.py [0ms]
[2022-08-18T14:57:00.725Z] > git cat-file -s a7931cdada9581a658b6d563480c87dd8a7967e6 [1ms]
[2022-08-18T14:57:00.731Z] > git show --textconv :simple-download.py [1ms]
[2022-08-18T15:26:24.722Z] > git fetch [236ms]
[2022-08-18T15:26:24.726Z] > git status -z -uall [1ms]
[2022-08-18T15:26:24.729Z] > git symbolic-ref --short HEAD [1ms]
[2022-08-18T15:26:24.731Z] > git for-each-ref --format=%(refname)%00%(upstream:short)%00%(objectname)%00%(upstream:track)%00%(upstream:remotename)%00%(upstream:remoteref) refs/heads/master refs/remotes/master [0ms]
[2022-08-18T15:26:24.736Z] > git for-each-ref --sort -committerdate --format %(refname) %(objectname) %(*objectname) [2ms]
[2022-08-18T15:26:24.737Z] > git remote --verbose [1ms]
[2022-08-18T15:26:24.740Z] > git config --get commit.template [0ms]
[2022-08-18T15:26:25.776Z] > git status -z -uall [1ms]
[2022-08-18T15:26:25.778Z] > git symbolic-ref --short HEAD [1ms]
[2022-08-18T15:26:25.780Z] > git for-each-ref --format=%(refname)%00%(upstream:short)%00%(objectname)%00%(upstream:track)%00%(upstream:remotename)%00%(upstream:remoteref) refs/heads/master refs/remotes/master [0ms]
[2022-08-18T15:26:25.784Z] > git for-each-ref --sort -committerdate --format %(refname) %(objectname) %(*objectname) [2ms]
[2022-08-18T15:26:25.785Z] > git remote --verbose [1ms]
[2022-08-18T15:26:25.788Z] > git config --get commit.template [1ms]
[2022-08-18T15:26:25.879Z] > git ls-files --stage -- /home/near/Documents/Code/python/youtube-stream-downloader/simple-download.py [1ms]
[2022-08-18T15:26:25.882Z] > git cat-file -s a7931cdada9581a658b6d563480c87dd8a7967e6 [1ms]
[2022-08-18T15:26:25.890Z] > git show --textconv :simple-download.py [1ms]
