[2022-08-18T02:14:52.922Z] Log level: Info
[2022-08-18T02:14:52.923Z] [info] Validating found git in: git
[2022-08-18T02:14:52.932Z] [info] Using git 2.34.1 from git
[2022-08-18T02:14:52.939Z] > git rev-parse --show-toplevel [2ms]
[2022-08-18T02:14:52.943Z] > git rev-parse --git-dir --git-common-dir [1ms]
[2022-08-18T02:14:52.945Z] [info] Open repository: /home/near/Documents/Code/zerai.xyz
[2022-08-18T02:14:53.031Z] > git status -z -uall [82ms]
[2022-08-18T02:14:53.050Z] > git symbolic-ref --short HEAD [17ms]
[2022-08-18T02:14:53.056Z] > git for-each-ref --format=%(refname)%00%(upstream:short)%00%(objectname)%00%(upstream:track)%00%(upstream:remotename)%00%(upstream:remoteref) refs/heads/main refs/remotes/main [3ms]
[2022-08-18T02:14:53.062Z] > git remote --verbose [1ms]
[2022-08-18T02:14:53.063Z] > git for-each-ref --sort -committerdate --format %(refname) %(objectname) %(*objectname) [4ms]
[2022-08-18T02:14:53.068Z] > git config --get commit.template [0ms]
[2022-08-18T02:14:53.079Z] > git status -z -uall [5ms]
[2022-08-18T02:14:53.084Z] > git symbolic-ref --short HEAD [3ms]
[2022-08-18T02:14:53.088Z] > git for-each-ref --format=%(refname)%00%(upstream:short)%00%(objectname)%00%(upstream:track)%00%(upstream:remotename)%00%(upstream:remoteref) refs/heads/main refs/remotes/main [1ms]
[2022-08-18T02:14:53.092Z] > git for-each-ref --sort -committerdate --format %(refname) %(objectname) %(*objectname) [2ms]
[2022-08-18T02:14:53.092Z] > git remote --verbose [1ms]
[2022-08-18T02:14:53.095Z] > git config --get commit.template [0ms]
[2022-08-18T02:14:53.458Z] > git check-ignore -v -z --stdin [1ms]
[2022-08-18T02:14:53.958Z] > git fetch [1010ms]
[2022-08-18T02:14:53.964Z] > git status -z -uall [4ms]
[2022-08-18T02:14:53.966Z] > git symbolic-ref --short HEAD [0ms]
[2022-08-18T02:14:53.969Z] > git for-each-ref --format=%(refname)%00%(upstream:short)%00%(objectname)%00%(upstream:track)%00%(upstream:remotename)%00%(upstream:remoteref) refs/heads/main refs/remotes/main [1ms]
[2022-08-18T02:14:53.972Z] > git for-each-ref --sort -committerdate --format %(refname) %(objectname) %(*objectname) [2ms]
[2022-08-18T02:14:53.972Z] > git remote --verbose [0ms]
[2022-08-18T02:14:53.975Z] > git config --get commit.template [1ms]
[2022-08-18T02:37:19.393Z] > git fetch [458ms]
[2022-08-18T02:37:19.401Z] > git status -z -uall [5ms]
[2022-08-18T02:37:19.404Z] > git symbolic-ref --short HEAD [1ms]
[2022-08-18T02:37:19.407Z] > git for-each-ref --format=%(refname)%00%(upstream:short)%00%(objectname)%00%(upstream:track)%00%(upstream:remotename)%00%(upstream:remoteref) refs/heads/main refs/remotes/main [1ms]
[2022-08-18T02:37:19.412Z] > git for-each-ref --sort -committerdate --format %(refname) %(objectname) %(*objectname) [3ms]
[2022-08-18T02:37:19.412Z] > git remote --verbose [1ms]
[2022-08-18T02:37:19.417Z] > git config --get commit.template [1ms]
[2022-08-18T02:46:47.870Z] > git status -z -uall [6ms]
[2022-08-18T02:46:47.873Z] > git symbolic-ref --short HEAD [1ms]
[2022-08-18T02:46:47.876Z] > git for-each-ref --format=%(refname)%00%(upstream:short)%00%(objectname)%00%(upstream:track)%00%(upstream:remotename)%00%(upstream:remoteref) refs/heads/main refs/remotes/main [1ms]
[2022-08-18T02:46:47.880Z] > git for-each-ref --sort -committerdate --format %(refname) %(objectname) %(*objectname) [2ms]
[2022-08-18T02:46:47.881Z] > git remote --verbose [1ms]
[2022-08-18T02:46:47.884Z] > git config --get commit.template [1ms]
[2022-08-18T02:46:48.376Z] > git fetch [515ms]
[2022-08-18T02:46:48.384Z] > git status -z -uall [5ms]
[2022-08-18T02:46:48.388Z] > git symbolic-ref --short HEAD [1ms]
[2022-08-18T02:46:48.392Z] > git for-each-ref --format=%(refname)%00%(upstream:short)%00%(objectname)%00%(upstream:track)%00%(upstream:remotename)%00%(upstream:remoteref) refs/heads/main refs/remotes/main [1ms]
[2022-08-18T02:46:48.396Z] > git for-each-ref --sort -committerdate --format %(refname) %(objectname) %(*objectname) [2ms]
[2022-08-18T02:46:48.397Z] > git remote --verbose [1ms]
[2022-08-18T02:46:48.402Z] > git config --get commit.template [1ms]
