[2022-08-18T01:12:43.155Z] Log level: Info
[2022-08-18T01:12:43.155Z] [info] Validating found git in: git
[2022-08-18T01:12:43.162Z] [info] Using git 2.34.1 from git
[2022-08-18T01:12:43.170Z] > git rev-parse --show-toplevel [2ms]
[2022-08-18T01:12:43.174Z] > git rev-parse --git-dir --git-common-dir [0ms]
[2022-08-18T01:12:43.176Z] [info] Open repository: /home/near/Documents/Code/python/youtube-stream-downloader
[2022-08-18T01:12:43.231Z] > git status -z -uall [48ms]
[2022-08-18T01:12:43.245Z] > git symbolic-ref --short HEAD [11ms]
[2022-08-18T01:12:43.250Z] > git for-each-ref --format=%(refname)%00%(upstream:short)%00%(objectname)%00%(upstream:track)%00%(upstream:remotename)%00%(upstream:remoteref) refs/heads/master refs/remotes/master [1ms]
[2022-08-18T01:12:43.255Z] > git remote --verbose [1ms]
[2022-08-18T01:12:43.255Z] > git for-each-ref --sort -committerdate --format %(refname) %(objectname) %(*objectname) [2ms]
[2022-08-18T01:12:43.261Z] > git config --get commit.template [1ms]
[2022-08-18T01:12:43.265Z] > git status -z -uall [1ms]
[2022-08-18T01:12:43.268Z] > git symbolic-ref --short HEAD [0ms]
[2022-08-18T01:12:43.271Z] > git for-each-ref --format=%(refname)%00%(upstream:short)%00%(objectname)%00%(upstream:track)%00%(upstream:remotename)%00%(upstream:remoteref) refs/heads/master refs/remotes/master [1ms]
[2022-08-18T01:12:43.274Z] > git for-each-ref --sort -committerdate --format %(refname) %(objectname) %(*objectname) [2ms]
[2022-08-18T01:12:43.274Z] > git remote --verbose [0ms]
[2022-08-18T01:12:43.277Z] > git config --get commit.template [0ms]
[2022-08-18T01:12:43.379Z] > git fetch [199ms]
[2022-08-18T01:12:43.384Z] > git status -z -uall [1ms]
[2022-08-18T01:12:43.386Z] > git symbolic-ref --short HEAD [0ms]
[2022-08-18T01:12:43.389Z] > git for-each-ref --format=%(refname)%00%(upstream:short)%00%(objectname)%00%(upstream:track)%00%(upstream:remotename)%00%(upstream:remoteref) refs/heads/master refs/remotes/master [1ms]
[2022-08-18T01:12:43.394Z] > git for-each-ref --sort -committerdate --format %(refname) %(objectname) %(*objectname) [2ms]
[2022-08-18T01:12:43.394Z] > git remote --verbose [1ms]
[2022-08-18T01:12:43.398Z] > git config --get commit.template [1ms]
[2022-08-18T01:12:43.689Z] > git check-ignore -v -z --stdin [1ms]
[2022-08-18T01:12:45.673Z] > git status -z -uall [1ms]
[2022-08-18T01:12:45.675Z] > git symbolic-ref --short HEAD [0ms]
[2022-08-18T01:12:45.677Z] > git for-each-ref --format=%(refname)%00%(upstream:short)%00%(objectname)%00%(upstream:track)%00%(upstream:remotename)%00%(upstream:remoteref) refs/heads/master refs/remotes/master [0ms]
[2022-08-18T01:12:45.681Z] > git for-each-ref --sort -committerdate --format %(refname) %(objectname) %(*objectname) [2ms]
[2022-08-18T01:12:45.681Z] > git remote --verbose [1ms]
[2022-08-18T01:12:45.686Z] > git config --get commit.template [1ms]
[2022-08-18T01:12:49.206Z] > git show --textconv :downloader.py [61ms]
[2022-08-18T01:12:49.206Z] > git ls-files --stage -- /home/near/Documents/Code/python/youtube-stream-downloader/downloader.py [56ms]
[2022-08-18T01:12:49.214Z] > git cat-file -s fc491e2e9600ffabd138e5c98dcdd5fcc4180c91 [6ms]
[2022-08-18T01:13:20.460Z] > git show --textconv :simple-download.py [3ms]
[2022-08-18T01:13:20.460Z] > git ls-files --stage -- /home/near/Documents/Code/python/youtube-stream-downloader/simple-download.py [1ms]
[2022-08-18T01:13:20.470Z] > git cat-file -s a7931cdada9581a658b6d563480c87dd8a7967e6 [0ms]
[2022-08-18T01:13:22.746Z] > git show --textconv :simple-download.py [3ms]
[2022-08-18T01:13:22.746Z] > git ls-files --stage -- /home/near/Documents/Code/python/youtube-stream-downloader/simple-download.py [0ms]
[2022-08-18T01:13:22.749Z] > git cat-file -s a7931cdada9581a658b6d563480c87dd8a7967e6 [0ms]
[2022-08-18T01:15:10.504Z] > git status -z -uall [1ms]
[2022-08-18T01:15:10.507Z] > git symbolic-ref --short HEAD [1ms]
[2022-08-18T01:15:10.510Z] > git for-each-ref --format=%(refname)%00%(upstream:short)%00%(objectname)%00%(upstream:track)%00%(upstream:remotename)%00%(upstream:remoteref) refs/heads/master refs/remotes/master [1ms]
[2022-08-18T01:15:10.514Z] > git remote --verbose [0ms]
[2022-08-18T01:15:10.515Z] > git for-each-ref --sort -committerdate --format %(refname) %(objectname) %(*objectname) [3ms]
[2022-08-18T01:15:10.521Z] > git config --get commit.template [1ms]
[2022-08-18T01:15:11.880Z] > git check-ignore -v -z --stdin [0ms]
[2022-08-18T01:15:15.526Z] > git status -z -uall [1ms]
[2022-08-18T01:15:15.528Z] > git symbolic-ref --short HEAD [1ms]
[2022-08-18T01:15:15.530Z] > git for-each-ref --format=%(refname)%00%(upstream:short)%00%(objectname)%00%(upstream:track)%00%(upstream:remotename)%00%(upstream:remoteref) refs/heads/master refs/remotes/master [0ms]
[2022-08-18T01:15:15.534Z] > git for-each-ref --sort -committerdate --format %(refname) %(objectname) %(*objectname) [2ms]
[2022-08-18T01:15:15.535Z] > git remote --verbose [1ms]
[2022-08-18T01:15:15.538Z] > git config --get commit.template [1ms]
[2022-08-18T01:15:20.543Z] > git status -z -uall [1ms]
[2022-08-18T01:15:20.546Z] > git symbolic-ref --short HEAD [1ms]
[2022-08-18T01:15:20.548Z] > git for-each-ref --format=%(refname)%00%(upstream:short)%00%(objectname)%00%(upstream:track)%00%(upstream:remotename)%00%(upstream:remoteref) refs/heads/master refs/remotes/master [0ms]
[2022-08-18T01:15:20.553Z] > git for-each-ref --sort -committerdate --format %(refname) %(objectname) %(*objectname) [3ms]
[2022-08-18T01:15:20.553Z] > git remote --verbose [0ms]
[2022-08-18T01:15:20.557Z] > git config --get commit.template [0ms]
[2022-08-18T01:15:22.640Z] > git show --textconv :simple-download.py [3ms]
[2022-08-18T01:15:22.640Z] > git ls-files --stage -- /home/near/Documents/Code/python/youtube-stream-downloader/simple-download.py [1ms]
[2022-08-18T01:15:22.643Z] > git cat-file -s a7931cdada9581a658b6d563480c87dd8a7967e6 [1ms]
[2022-08-18T01:27:51.205Z] > git status -z -uall [1ms]
[2022-08-18T01:27:51.212Z] > git symbolic-ref --short HEAD [1ms]
[2022-08-18T01:27:51.214Z] > git for-each-ref --format=%(refname)%00%(upstream:short)%00%(objectname)%00%(upstream:track)%00%(upstream:remotename)%00%(upstream:remoteref) refs/heads/master refs/remotes/master [0ms]
[2022-08-18T01:27:51.218Z] > git for-each-ref --sort -committerdate --format %(refname) %(objectname) %(*objectname) [2ms]
[2022-08-18T01:27:51.218Z] > git remote --verbose [0ms]
[2022-08-18T01:27:51.223Z] > git config --get commit.template [1ms]
[2022-08-18T01:27:51.390Z] > git fetch [190ms]
[2022-08-18T01:27:51.394Z] > git status -z -uall [1ms]
[2022-08-18T01:27:51.396Z] > git symbolic-ref --short HEAD [0ms]
[2022-08-18T01:27:51.399Z] > git for-each-ref --format=%(refname)%00%(upstream:short)%00%(objectname)%00%(upstream:track)%00%(upstream:remotename)%00%(upstream:remoteref) refs/heads/master refs/remotes/master [1ms]
[2022-08-18T01:27:51.403Z] > git for-each-ref --sort -committerdate --format %(refname) %(objectname) %(*objectname) [2ms]
[2022-08-18T01:27:51.403Z] > git remote --verbose [1ms]
[2022-08-18T01:27:51.406Z] > git config --get commit.template [0ms]
[2022-08-18T01:27:52.548Z] > git ls-files --stage -- /home/near/Documents/Code/python/youtube-stream-downloader/simple-download.py [1ms]
[2022-08-18T01:27:52.551Z] > git cat-file -s a7931cdada9581a658b6d563480c87dd8a7967e6 [1ms]
[2022-08-18T01:27:52.557Z] > git show --textconv :simple-download.py [1ms]
