[2022-08-18T14:22:09.196Z] Log level: Info
[2022-08-18T14:22:09.197Z] [info] Validating found git in: git
[2022-08-18T14:22:09.210Z] [info] Using git 2.34.1 from git
[2022-08-18T14:22:09.223Z] > git rev-parse --show-toplevel [3ms]
[2022-08-18T14:22:09.299Z] > git rev-parse --git-dir --git-common-dir [71ms]
[2022-08-18T14:22:09.301Z] [info] Open repository: /home/near/Documents/Code/zerai.xyz
[2022-08-18T14:22:09.340Z] > git status -z -uall [33ms]
[2022-08-18T14:22:09.345Z] > git symbolic-ref --short HEAD [1ms]
[2022-08-18T14:22:09.350Z] > git for-each-ref --format=%(refname)%00%(upstream:short)%00%(objectname)%00%(upstream:track)%00%(upstream:remotename)%00%(upstream:remoteref) refs/heads/main refs/remotes/main [2ms]
[2022-08-18T14:22:09.357Z] > git remote --verbose [1ms]
[2022-08-18T14:22:09.357Z] > git for-each-ref --sort -committerdate --format %(refname) %(objectname) %(*objectname) [4ms]
[2022-08-18T14:22:09.365Z] > git config --get commit.template [1ms]
[2022-08-18T14:22:09.377Z] > git status -z -uall [6ms]
[2022-08-18T14:22:09.382Z] > git symbolic-ref --short HEAD [1ms]
[2022-08-18T14:22:09.389Z] > git for-each-ref --format=%(refname)%00%(upstream:short)%00%(objectname)%00%(upstream:track)%00%(upstream:remotename)%00%(upstream:remoteref) refs/heads/main refs/remotes/main [1ms]
[2022-08-18T14:22:09.396Z] > git remote --verbose [1ms]
[2022-08-18T14:22:09.396Z] > git for-each-ref --sort -committerdate --format %(refname) %(objectname) %(*objectname) [3ms]
[2022-08-18T14:22:09.401Z] > git config --get commit.template [1ms]
[2022-08-18T14:22:09.812Z] > git check-ignore -v -z --stdin [1ms]
[2022-08-18T14:22:10.080Z] > git fetch [776ms]
[2022-08-18T14:22:10.088Z] > git status -z -uall [5ms]
[2022-08-18T14:22:10.091Z] > git symbolic-ref --short HEAD [0ms]
[2022-08-18T14:22:10.095Z] > git for-each-ref --format=%(refname)%00%(upstream:short)%00%(objectname)%00%(upstream:track)%00%(upstream:remotename)%00%(upstream:remoteref) refs/heads/main refs/remotes/main [1ms]
[2022-08-18T14:22:10.100Z] > git for-each-ref --sort -committerdate --format %(refname) %(objectname) %(*objectname) [3ms]
[2022-08-18T14:22:10.101Z] > git remote --verbose [0ms]
[2022-08-18T14:22:10.106Z] > git config --get commit.template [1ms]
[2022-08-18T14:37:22.715Z] > git fetch [616ms]
[2022-08-18T14:37:22.723Z] > git status -z -uall [4ms]
[2022-08-18T14:37:22.728Z] > git symbolic-ref --short HEAD [1ms]
[2022-08-18T14:37:22.732Z] > git for-each-ref --format=%(refname)%00%(upstream:short)%00%(objectname)%00%(upstream:track)%00%(upstream:remotename)%00%(upstream:remoteref) refs/heads/main refs/remotes/main [1ms]
[2022-08-18T14:37:22.739Z] > git for-each-ref --sort -committerdate --format %(refname) %(objectname) %(*objectname) [3ms]
[2022-08-18T14:37:22.740Z] > git remote --verbose [2ms]
[2022-08-18T14:37:22.746Z] > git config --get commit.template [1ms]
[2022-08-18T14:57:04.032Z] > git fetch [514ms]
[2022-08-18T14:57:04.039Z] > git status -z -uall [4ms]
[2022-08-18T14:57:04.043Z] > git symbolic-ref --short HEAD [1ms]
[2022-08-18T14:57:04.047Z] > git for-each-ref --format=%(refname)%00%(upstream:short)%00%(objectname)%00%(upstream:track)%00%(upstream:remotename)%00%(upstream:remoteref) refs/heads/main refs/remotes/main [1ms]
[2022-08-18T14:57:04.052Z] > git for-each-ref --sort -committerdate --format %(refname) %(objectname) %(*objectname) [3ms]
[2022-08-18T14:57:04.052Z] > git remote --verbose [1ms]
[2022-08-18T14:57:04.057Z] > git config --get commit.template [1ms]
[2022-08-18T14:57:05.073Z] > git status -z -uall [6ms]
[2022-08-18T14:57:05.076Z] > git symbolic-ref --short HEAD [1ms]
[2022-08-18T14:57:05.080Z] > git for-each-ref --format=%(refname)%00%(upstream:short)%00%(objectname)%00%(upstream:track)%00%(upstream:remotename)%00%(upstream:remoteref) refs/heads/main refs/remotes/main [2ms]
[2022-08-18T14:57:05.085Z] > git for-each-ref --sort -committerdate --format %(refname) %(objectname) %(*objectname) [3ms]
[2022-08-18T14:57:05.085Z] > git remote --verbose [1ms]
[2022-08-18T14:57:05.090Z] > git config --get commit.template [1ms]
[2022-08-18T14:57:22.063Z] > git check-ignore -v -z --stdin [1ms]
[2022-08-18T14:57:23.131Z] > git show --textconv :content/about.md [10ms]
[2022-08-18T14:57:23.131Z] > git ls-files --stage -- /home/near/Documents/Code/zerai.xyz/content/about.md [6ms]
[2022-08-18T14:57:23.135Z] > git cat-file -s 55d862fc21c9f01edbb376aad29644f269c091ae [1ms]
[2022-08-18T15:06:08.042Z] > git fetch [625ms]
[2022-08-18T15:06:08.051Z] > git status -z -uall [5ms]
[2022-08-18T15:06:08.054Z] > git symbolic-ref --short HEAD [1ms]
[2022-08-18T15:06:08.058Z] > git for-each-ref --format=%(refname)%00%(upstream:short)%00%(objectname)%00%(upstream:track)%00%(upstream:remotename)%00%(upstream:remoteref) refs/heads/main refs/remotes/main [1ms]
[2022-08-18T15:06:08.064Z] > git for-each-ref --sort -committerdate --format %(refname) %(objectname) %(*objectname) [3ms]
[2022-08-18T15:06:08.065Z] > git remote --verbose [2ms]
[2022-08-18T15:06:08.069Z] > git config --get commit.template [1ms]
[2022-08-18T15:06:09.140Z] > git ls-files --stage -- /home/near/Documents/Code/zerai.xyz/content/about.md [2ms]
[2022-08-18T15:06:09.143Z] > git cat-file -s 55d862fc21c9f01edbb376aad29644f269c091ae [1ms]
[2022-08-18T15:06:09.149Z] > git show --textconv :content/about.md [0ms]
[2022-08-18T15:22:48.138Z] > git status -z -uall [2ms]
[2022-08-18T15:22:48.144Z] > git symbolic-ref --short HEAD [3ms]
[2022-08-18T15:22:48.147Z] > git ls-files --stage -- /home/near/Documents/Code/zerai.xyz/content/about.md [3ms]
[2022-08-18T15:22:48.150Z] > git for-each-ref --format=%(refname)%00%(upstream:short)%00%(objectname)%00%(upstream:track)%00%(upstream:remotename)%00%(upstream:remoteref) refs/heads/main refs/remotes/main [3ms]
[2022-08-18T15:22:48.155Z] > git for-each-ref --sort -committerdate --format %(refname) %(objectname) %(*objectname) [2ms]
[2022-08-18T15:22:48.156Z] > git cat-file -s 55d862fc21c9f01edbb376aad29644f269c091ae [6ms]
[2022-08-18T15:22:48.156Z] > git remote --verbose [1ms]
[2022-08-18T15:22:48.161Z] > git config --get commit.template [0ms]
[2022-08-18T15:22:48.171Z] > git show --textconv :content/about.md [1ms]
[2022-08-18T15:22:48.662Z] > git fetch [530ms]
[2022-08-18T15:22:48.667Z] > git status -z -uall [2ms]
[2022-08-18T15:22:48.670Z] > git symbolic-ref --short HEAD [1ms]
[2022-08-18T15:22:48.673Z] > git for-each-ref --format=%(refname)%00%(upstream:short)%00%(objectname)%00%(upstream:track)%00%(upstream:remotename)%00%(upstream:remoteref) refs/heads/main refs/remotes/main [1ms]
[2022-08-18T15:22:48.678Z] > git remote --verbose [1ms]
[2022-08-18T15:22:48.678Z] > git for-each-ref --sort -committerdate --format %(refname) %(objectname) %(*objectname) [3ms]
[2022-08-18T15:22:48.683Z] > git config --get commit.template [0ms]
[2022-08-18T15:22:49.792Z] > git ls-files --stage -- /home/near/Documents/Code/zerai.xyz/content/about.md [0ms]
[2022-08-18T15:22:49.795Z] > git cat-file -s 55d862fc21c9f01edbb376aad29644f269c091ae [0ms]
[2022-08-18T15:22:49.802Z] > git show --textconv :content/about.md [1ms]
[2022-08-18T15:22:50.371Z] > git check-ignore -v -z --stdin [0ms]
[2022-08-18T15:22:51.509Z] > git ls-files --stage -- /home/near/Documents/Code/zerai.xyz/content/posts/hello-world.md [1ms]
[2022-08-18T15:22:51.515Z] > git cat-file -s 11cb1dbe3b9ac3e33a85f15761da69593e755018 [4ms]
[2022-08-18T15:22:51.515Z] > git show --textconv :content/posts/hello-world.md [9ms]
[2022-08-18T15:22:53.168Z] > git status -z -uall [1ms]
[2022-08-18T15:22:53.171Z] > git symbolic-ref --short HEAD [0ms]
[2022-08-18T15:22:53.175Z] > git for-each-ref --format=%(refname)%00%(upstream:short)%00%(objectname)%00%(upstream:track)%00%(upstream:remotename)%00%(upstream:remoteref) refs/heads/main refs/remotes/main [1ms]
[2022-08-18T15:22:53.181Z] > git for-each-ref --sort -committerdate --format %(refname) %(objectname) %(*objectname) [3ms]
[2022-08-18T15:22:53.181Z] > git remote --verbose [1ms]
[2022-08-18T15:22:53.187Z] > git config --get commit.template [1ms]
[2022-08-18T15:22:58.668Z] > git status -z -uall [1ms]
[2022-08-18T15:22:58.671Z] > git symbolic-ref --short HEAD [0ms]
[2022-08-18T15:22:58.674Z] > git for-each-ref --format=%(refname)%00%(upstream:short)%00%(objectname)%00%(upstream:track)%00%(upstream:remotename)%00%(upstream:remoteref) refs/heads/main refs/remotes/main [0ms]
[2022-08-18T15:22:58.679Z] > git remote --verbose [0ms]
[2022-08-18T15:22:58.680Z] > git for-each-ref --sort -committerdate --format %(refname) %(objectname) %(*objectname) [3ms]
[2022-08-18T15:22:58.685Z] > git config --get commit.template [0ms]
[2022-08-18T15:23:18.266Z] > git -c user.useConfigOnly=true commit --quiet --allow-empty-message --file - [13ms]
[2022-08-18T15:23:18.271Z] > git status -z -uall [1ms]
[2022-08-18T15:23:18.275Z] > git symbolic-ref --short HEAD [1ms]
[2022-08-18T15:23:18.278Z] > git for-each-ref --format=%(refname)%00%(upstream:short)%00%(objectname)%00%(upstream:track)%00%(upstream:remotename)%00%(upstream:remoteref) refs/heads/main refs/remotes/main [1ms]
[2022-08-18T15:23:18.284Z] > git for-each-ref --sort -committerdate --format %(refname) %(objectname) %(*objectname) [4ms]
[2022-08-18T15:23:18.285Z] > git remote --verbose [2ms]
[2022-08-18T15:23:18.290Z] > git config --get commit.template [0ms]
[2022-08-18T15:23:18.293Z] > git config --get commit.template [1ms]
[2022-08-18T15:23:19.335Z] > git status -z -uall [2ms]
[2022-08-18T15:23:19.340Z] > git symbolic-ref --short HEAD [1ms]
[2022-08-18T15:23:19.345Z] > git for-each-ref --format=%(refname)%00%(upstream:short)%00%(objectname)%00%(upstream:track)%00%(upstream:remotename)%00%(upstream:remoteref) refs/heads/main refs/remotes/main [2ms]
[2022-08-18T15:23:19.354Z] > git for-each-ref --sort -committerdate --format %(refname) %(objectname) %(*objectname) [4ms]
[2022-08-18T15:23:19.354Z] > git remote --verbose [1ms]
[2022-08-18T15:23:19.360Z] > git config --get commit.template [1ms]
[2022-08-18T15:23:19.437Z] > git ls-files --stage -- /home/near/Documents/Code/zerai.xyz/content/posts/hello-world.md [1ms]
[2022-08-18T15:23:19.440Z] > git cat-file -s 11cb1dbe3b9ac3e33a85f15761da69593e755018 [0ms]
[2022-08-18T15:23:19.447Z] > git show --textconv :content/posts/hello-world.md [1ms]
[2022-08-18T15:23:24.155Z] > git add -A -- /home/near/Documents/Code/zerai.xyz/content/posts/hello-world.md [8ms]
[2022-08-18T15:23:24.160Z] > git status -z -uall [2ms]
[2022-08-18T15:23:24.162Z] > git symbolic-ref --short HEAD [0ms]
[2022-08-18T15:23:24.166Z] > git for-each-ref --format=%(refname)%00%(upstream:short)%00%(objectname)%00%(upstream:track)%00%(upstream:remotename)%00%(upstream:remoteref) refs/heads/main refs/remotes/main [1ms]
[2022-08-18T15:23:24.171Z] > git remote --verbose [1ms]
[2022-08-18T15:23:24.171Z] > git for-each-ref --sort -committerdate --format %(refname) %(objectname) %(*objectname) [3ms]
[2022-08-18T15:23:24.176Z] > git config --get commit.template [1ms]
[2022-08-18T15:23:25.213Z] > git status -z -uall [1ms]
[2022-08-18T15:23:25.216Z] > git symbolic-ref --short HEAD [0ms]
[2022-08-18T15:23:25.220Z] > git for-each-ref --format=%(refname)%00%(upstream:short)%00%(objectname)%00%(upstream:track)%00%(upstream:remotename)%00%(upstream:remoteref) refs/heads/main refs/remotes/main [1ms]
[2022-08-18T15:23:25.224Z] > git remote --verbose [0ms]
[2022-08-18T15:23:25.224Z] > git for-each-ref --sort -committerdate --format %(refname) %(objectname) %(*objectname) [2ms]
[2022-08-18T15:23:25.228Z] > git config --get commit.template [0ms]
[2022-08-18T15:23:25.315Z] > git ls-files --stage -- /home/near/Documents/Code/zerai.xyz/content/posts/hello-world.md [1ms]
[2022-08-18T15:23:25.318Z] > git cat-file -s 1ac6713476734d823673f027ba5b7e8eff8fede1 [1ms]
[2022-08-18T15:23:25.326Z] > git show --textconv :content/posts/hello-world.md [2ms]
[2022-08-18T15:23:29.955Z] > git log --oneline --cherry main...main@{upstream} -- [1ms]
[2022-08-18T15:23:30.535Z] > git pull --tags origin main [577ms]
[2022-08-18T15:23:30.535Z] From github.com:naoufalzerai/zerai.xyz
 * branch            main       -> FETCH_HEAD
[2022-08-18T15:23:31.276Z] > git push origin main:main [739ms]
[2022-08-18T15:23:31.276Z] To github.com:naoufalzerai/zerai.xyz.git
   d2c7682..bf87861  main -> main
[2022-08-18T15:23:31.282Z] > git status -z -uall [1ms]
[2022-08-18T15:23:31.287Z] > git symbolic-ref --short HEAD [1ms]
[2022-08-18T15:23:31.289Z] > git for-each-ref --format=%(refname)%00%(upstream:short)%00%(objectname)%00%(upstream:track)%00%(upstream:remotename)%00%(upstream:remoteref) refs/heads/main refs/remotes/main [1ms]
[2022-08-18T15:23:31.292Z] > git for-each-ref --sort -committerdate --format %(refname) %(objectname) %(*objectname) [2ms]
[2022-08-18T15:23:31.292Z] > git remote --verbose [0ms]
[2022-08-18T15:23:31.295Z] > git config --get commit.template [0ms]
[2022-08-18T15:24:37.832Z] > git status -z -uall [2ms]
[2022-08-18T15:24:37.836Z] > git symbolic-ref --short HEAD [2ms]
[2022-08-18T15:24:37.838Z] > git ls-files --stage -- /home/near/Documents/Code/zerai.xyz/content/posts/hello-world.md [2ms]
[2022-08-18T15:24:37.840Z] > git for-each-ref --format=%(refname)%00%(upstream:short)%00%(objectname)%00%(upstream:track)%00%(upstream:remotename)%00%(upstream:remoteref) refs/heads/main refs/remotes/main [2ms]
[2022-08-18T15:24:37.843Z] > git for-each-ref --sort -committerdate --format %(refname) %(objectname) %(*objectname) [2ms]
[2022-08-18T15:24:37.843Z] > git cat-file -s 1ac6713476734d823673f027ba5b7e8eff8fede1 [3ms]
[2022-08-18T15:24:37.844Z] > git remote --verbose [1ms]
[2022-08-18T15:24:37.849Z] > git config --get commit.template [3ms]
[2022-08-18T15:24:37.850Z] > git show --textconv :content/posts/hello-world.md [1ms]
[2022-08-18T15:24:42.626Z] > git show --textconv :config.toml [2ms]
[2022-08-18T15:24:42.626Z] > git ls-files --stage -- /home/near/Documents/Code/zerai.xyz/config.toml [0ms]
[2022-08-18T15:24:42.629Z] > git cat-file -s d7fd190ada092881e67d4879586039acb30c1c53 [1ms]
[2022-08-18T15:25:02.016Z] > git status -z -uall [2ms]
[2022-08-18T15:25:02.019Z] > git symbolic-ref --short HEAD [0ms]
[2022-08-18T15:25:02.022Z] > git for-each-ref --format=%(refname)%00%(upstream:short)%00%(objectname)%00%(upstream:track)%00%(upstream:remotename)%00%(upstream:remoteref) refs/heads/main refs/remotes/main [1ms]
[2022-08-18T15:25:02.026Z] > git for-each-ref --sort -committerdate --format %(refname) %(objectname) %(*objectname) [2ms]
[2022-08-18T15:25:02.027Z] > git remote --verbose [1ms]
[2022-08-18T15:25:02.030Z] > git config --get commit.template [0ms]
[2022-08-18T15:26:12.824Z] > git status -z -uall [2ms]
[2022-08-18T15:26:12.826Z] > git symbolic-ref --short HEAD [0ms]
[2022-08-18T15:26:12.828Z] > git for-each-ref --format=%(refname)%00%(upstream:short)%00%(objectname)%00%(upstream:track)%00%(upstream:remotename)%00%(upstream:remoteref) refs/heads/main refs/remotes/main [0ms]
[2022-08-18T15:26:12.834Z] > git for-each-ref --sort -committerdate --format %(refname) %(objectname) %(*objectname) [3ms]
[2022-08-18T15:26:12.834Z] > git remote --verbose [1ms]
[2022-08-18T15:26:12.839Z] > git config --get commit.template [1ms]
[2022-08-18T15:26:13.351Z] > git fetch [531ms]
[2022-08-18T15:26:13.355Z] > git status -z -uall [1ms]
[2022-08-18T15:26:13.359Z] > git symbolic-ref --short HEAD [1ms]
[2022-08-18T15:26:13.362Z] > git for-each-ref --format=%(refname)%00%(upstream:short)%00%(objectname)%00%(upstream:track)%00%(upstream:remotename)%00%(upstream:remoteref) refs/heads/main refs/remotes/main [1ms]
[2022-08-18T15:26:13.367Z] > git for-each-ref --sort -committerdate --format %(refname) %(objectname) %(*objectname) [3ms]
[2022-08-18T15:26:13.367Z] > git remote --verbose [1ms]
[2022-08-18T15:26:13.372Z] > git config --get commit.template [1ms]
[2022-08-18T15:26:14.452Z] > git ls-files --stage -- /home/near/Documents/Code/zerai.xyz/config.toml [1ms]
[2022-08-18T15:26:14.455Z] > git cat-file -s d7fd190ada092881e67d4879586039acb30c1c53 [1ms]
[2022-08-18T15:26:14.462Z] > git show --textconv :config.toml [1ms]
[2022-08-18T15:26:15.651Z] > git check-ignore -v -z --stdin [1ms]
[2022-08-18T15:26:17.012Z] > git show --textconv :themes/ezhil/exampleSite/config.toml [2ms]
[2022-08-18T15:26:17.013Z] > git ls-files --stage -- /home/near/Documents/Code/zerai.xyz/themes/ezhil/exampleSite/config.toml [1ms]
[2022-08-18T15:26:20.699Z] > git show --textconv :config.toml [3ms]
[2022-08-18T15:26:20.700Z] > git ls-files --stage -- /home/near/Documents/Code/zerai.xyz/config.toml [1ms]
[2022-08-18T15:26:20.703Z] > git cat-file -s d7fd190ada092881e67d4879586039acb30c1c53 [1ms]
[2022-08-18T15:26:21.425Z] > git show --textconv :themes/ezhil/exampleSite/config.toml [3ms]
[2022-08-18T15:26:21.425Z] > git ls-files --stage -- /home/near/Documents/Code/zerai.xyz/themes/ezhil/exampleSite/config.toml [0ms]
[2022-08-18T15:26:21.966Z] > git show --textconv :config.toml [3ms]
[2022-08-18T15:26:21.967Z] > git ls-files --stage -- /home/near/Documents/Code/zerai.xyz/config.toml [1ms]
[2022-08-18T15:26:21.970Z] > git cat-file -s d7fd190ada092881e67d4879586039acb30c1c53 [1ms]
[2022-08-18T15:26:22.535Z] > git show --textconv :themes/ezhil/exampleSite/config.toml [3ms]
[2022-08-18T15:26:22.535Z] > git ls-files --stage -- /home/near/Documents/Code/zerai.xyz/themes/ezhil/exampleSite/config.toml [1ms]
[2022-08-18T15:26:23.365Z] > git show --textconv :config.toml [3ms]
[2022-08-18T15:26:23.366Z] > git ls-files --stage -- /home/near/Documents/Code/zerai.xyz/config.toml [1ms]
[2022-08-18T15:26:23.368Z] > git cat-file -s d7fd190ada092881e67d4879586039acb30c1c53 [0ms]
[2022-08-18T15:26:24.094Z] > git show --textconv :themes/ezhil/exampleSite/config.toml [2ms]
[2022-08-18T15:26:24.095Z] > git ls-files --stage -- /home/near/Documents/Code/zerai.xyz/themes/ezhil/exampleSite/config.toml [1ms]
[2022-08-18T15:26:28.861Z] > git show --textconv :config.toml [3ms]
[2022-08-18T15:26:28.861Z] > git ls-files --stage -- /home/near/Documents/Code/zerai.xyz/config.toml [1ms]
[2022-08-18T15:26:28.864Z] > git cat-file -s d7fd190ada092881e67d4879586039acb30c1c53 [1ms]
[2022-08-18T15:26:29.532Z] > git show --textconv :themes/ezhil/exampleSite/config.toml [4ms]
[2022-08-18T15:26:29.533Z] > git ls-files --stage -- /home/near/Documents/Code/zerai.xyz/themes/ezhil/exampleSite/config.toml [1ms]
[2022-08-18T15:26:30.050Z] > git show --textconv :config.toml [2ms]
[2022-08-18T15:26:30.050Z] > git ls-files --stage -- /home/near/Documents/Code/zerai.xyz/config.toml [0ms]
[2022-08-18T15:26:30.053Z] > git cat-file -s d7fd190ada092881e67d4879586039acb30c1c53 [1ms]
[2022-08-18T15:26:34.200Z] > git show --textconv :themes/ezhil/exampleSite/config.toml [2ms]
[2022-08-18T15:26:34.201Z] > git ls-files --stage -- /home/near/Documents/Code/zerai.xyz/themes/ezhil/exampleSite/config.toml [1ms]
[2022-08-18T15:26:34.804Z] > git show --textconv :config.toml [1ms]
[2022-08-18T15:26:34.805Z] > git ls-files --stage -- /home/near/Documents/Code/zerai.xyz/config.toml [1ms]
[2022-08-18T15:26:34.807Z] > git cat-file -s d7fd190ada092881e67d4879586039acb30c1c53 [0ms]
[2022-08-18T15:26:35.339Z] > git show --textconv :themes/ezhil/exampleSite/config.toml [2ms]
[2022-08-18T15:26:35.340Z] > git ls-files --stage -- /home/near/Documents/Code/zerai.xyz/themes/ezhil/exampleSite/config.toml [1ms]
[2022-08-18T15:26:36.088Z] > git show --textconv :config.toml [2ms]
[2022-08-18T15:26:36.089Z] > git ls-files --stage -- /home/near/Documents/Code/zerai.xyz/config.toml [1ms]
[2022-08-18T15:26:36.091Z] > git cat-file -s d7fd190ada092881e67d4879586039acb30c1c53 [0ms]
[2022-08-18T15:27:51.019Z] > git check-ignore -v -z --stdin [1ms]
[2022-08-18T15:27:51.552Z] > git status -z -uall [1ms]
[2022-08-18T15:27:51.555Z] > git symbolic-ref --short HEAD [0ms]
[2022-08-18T15:27:51.558Z] > git for-each-ref --format=%(refname)%00%(upstream:short)%00%(objectname)%00%(upstream:track)%00%(upstream:remotename)%00%(upstream:remoteref) refs/heads/main refs/remotes/main [1ms]
[2022-08-18T15:27:51.562Z] > git for-each-ref --sort -committerdate --format %(refname) %(objectname) %(*objectname) [2ms]
[2022-08-18T15:27:51.562Z] > git remote --verbose [0ms]
[2022-08-18T15:27:51.568Z] > git config --get commit.template [1ms]
[2022-08-18T15:34:05.539Z] > git status -z -uall [1ms]
[2022-08-18T15:34:05.542Z] > git symbolic-ref --short HEAD [1ms]
[2022-08-18T15:34:05.545Z] > git for-each-ref --format=%(refname)%00%(upstream:short)%00%(objectname)%00%(upstream:track)%00%(upstream:remotename)%00%(upstream:remoteref) refs/heads/main refs/remotes/main [0ms]
[2022-08-18T15:34:05.550Z] > git for-each-ref --sort -committerdate --format %(refname) %(objectname) %(*objectname) [3ms]
[2022-08-18T15:34:05.550Z] > git remote --verbose [1ms]
[2022-08-18T15:34:05.554Z] > git config --get commit.template [0ms]
[2022-08-18T15:34:06.126Z] > git fetch [590ms]
[2022-08-18T15:34:06.130Z] > git status -z -uall [2ms]
[2022-08-18T15:34:06.133Z] > git symbolic-ref --short HEAD [1ms]
[2022-08-18T15:34:06.135Z] > git for-each-ref --format=%(refname)%00%(upstream:short)%00%(objectname)%00%(upstream:track)%00%(upstream:remotename)%00%(upstream:remoteref) refs/heads/main refs/remotes/main [1ms]
[2022-08-18T15:34:06.139Z] > git for-each-ref --sort -committerdate --format %(refname) %(objectname) %(*objectname) [2ms]
[2022-08-18T15:34:06.139Z] > git remote --verbose [1ms]
[2022-08-18T15:34:06.142Z] > git config --get commit.template [0ms]
[2022-08-18T15:34:06.149Z] > git check-ignore -v -z --stdin [0ms]
[2022-08-18T15:34:07.222Z] > git ls-files --stage -- /home/near/Documents/Code/zerai.xyz/config.toml [1ms]
[2022-08-18T15:34:07.224Z] > git cat-file -s d7fd190ada092881e67d4879586039acb30c1c53 [1ms]
[2022-08-18T15:34:07.230Z] > git show --textconv :config.toml [1ms]
[2022-08-18T15:34:12.972Z] > git check-ignore -v -z --stdin [1ms]
[2022-08-18T15:34:20.304Z] > git add -A -- /home/near/Documents/Code/zerai.xyz/config.toml /home/near/Documents/Code/zerai.xyz/public/about/index.html /home/near/Documents/Code/zerai.xyz/public/index.html /home/near/Documents/Code/zerai.xyz/public/index.xml /home/near/Documents/Code/zerai.xyz/public/sitemap.xml /home/near/Documents/Code/zerai.xyz/public/tags/index.html /home/near/Documents/Code/zerai.xyz/public/tags/index.xml /home/near/Documents/Code/zerai.xyz/public/tags/personal/index.html /home/near/Documents/Code/zerai.xyz/public/tags/personal/index.xml /home/near/Documents/Code/zerai.xyz/public/tags/test/index.html /home/near/Documents/Code/zerai.xyz/public/tags/test/index.xml /home/near/Documents/Code/zerai.xyz/public/css/dark.css /home/near/Documents/Code/zerai.xyz/public/css/main.css /home/near/Documents/Code/zerai.xyz/public/css/normalize.css /home/near/Documents/Code/zerai.xyz/public/js/feather.min.js /home/near/Documents/Code/zerai.xyz/public/js/main.js /home/near/Documents/Code/zerai.xyz/public/page/1/index.html /home/near/Documents/Code/zerai.xyz/public/posts/hello-world/index.html /home/near/Documents/Code/zerai.xyz/public/posts/index.html /home/near/Documents/Code/zerai.xyz/public/posts/index.xml [15ms]
[2022-08-18T15:34:20.310Z] > git status -z -uall [3ms]
[2022-08-18T15:34:20.313Z] > git symbolic-ref --short HEAD [0ms]
[2022-08-18T15:34:20.317Z] > git for-each-ref --format=%(refname)%00%(upstream:short)%00%(objectname)%00%(upstream:track)%00%(upstream:remotename)%00%(upstream:remoteref) refs/heads/main refs/remotes/main [1ms]
[2022-08-18T15:34:20.322Z] > git for-each-ref --sort -committerdate --format %(refname) %(objectname) %(*objectname) [3ms]
[2022-08-18T15:34:20.322Z] > git remote --verbose [1ms]
[2022-08-18T15:34:20.328Z] > git config --get commit.template [0ms]
[2022-08-18T15:34:21.361Z] > git status -z -uall [2ms]
[2022-08-18T15:34:21.366Z] > git symbolic-ref --short HEAD [1ms]
[2022-08-18T15:34:21.370Z] > git for-each-ref --format=%(refname)%00%(upstream:short)%00%(objectname)%00%(upstream:track)%00%(upstream:remotename)%00%(upstream:remoteref) refs/heads/main refs/remotes/main [1ms]
[2022-08-18T15:34:21.375Z] > git for-each-ref --sort -committerdate --format %(refname) %(objectname) %(*objectname) [3ms]
[2022-08-18T15:34:21.375Z] > git remote --verbose [1ms]
[2022-08-18T15:34:21.380Z] > git config --get commit.template [1ms]
[2022-08-18T15:34:21.463Z] > git ls-files --stage -- /home/near/Documents/Code/zerai.xyz/config.toml [0ms]
[2022-08-18T15:34:21.466Z] > git cat-file -s 1e10f204da63e140719a6b0a9ddcf37698f48678 [1ms]
[2022-08-18T15:34:21.472Z] > git show --textconv :config.toml [1ms]
[2022-08-18T15:38:22.797Z] > git fetch [606ms]
[2022-08-18T15:38:22.802Z] > git status -z -uall [2ms]
[2022-08-18T15:38:22.804Z] > git symbolic-ref --short HEAD [0ms]
[2022-08-18T15:38:22.807Z] > git for-each-ref --format=%(refname)%00%(upstream:short)%00%(objectname)%00%(upstream:track)%00%(upstream:remotename)%00%(upstream:remoteref) refs/heads/main refs/remotes/main [1ms]
[2022-08-18T15:38:22.811Z] > git for-each-ref --sort -committerdate --format %(refname) %(objectname) %(*objectname) [2ms]
[2022-08-18T15:38:22.812Z] > git remote --verbose [1ms]
[2022-08-18T15:38:22.815Z] > git config --get commit.template [1ms]
[2022-08-18T15:38:23.876Z] > git ls-files --stage -- /home/near/Documents/Code/zerai.xyz/config.toml [0ms]
[2022-08-18T15:38:23.878Z] > git cat-file -s 1e10f204da63e140719a6b0a9ddcf37698f48678 [0ms]
[2022-08-18T15:38:23.884Z] > git show --textconv :config.toml [1ms]
[2022-08-18T15:38:32.847Z] > git -c user.useConfigOnly=true commit --quiet --allow-empty-message --file - [12ms]
[2022-08-18T15:38:32.854Z] > git status -z -uall [2ms]
[2022-08-18T15:38:32.858Z] > git symbolic-ref --short HEAD [1ms]
[2022-08-18T15:38:32.861Z] > git for-each-ref --format=%(refname)%00%(upstream:short)%00%(objectname)%00%(upstream:track)%00%(upstream:remotename)%00%(upstream:remoteref) refs/heads/main refs/remotes/main [1ms]
[2022-08-18T15:38:32.864Z] > git for-each-ref --sort -committerdate --format %(refname) %(objectname) %(*objectname) [2ms]
[2022-08-18T15:38:32.864Z] > git remote --verbose [0ms]
[2022-08-18T15:38:32.868Z] > git config --get commit.template [0ms]
[2022-08-18T15:38:32.872Z] > git config --get commit.template [0ms]
[2022-08-18T15:38:33.932Z] > git status -z -uall [2ms]
[2022-08-18T15:38:33.936Z] > git symbolic-ref --short HEAD [1ms]
[2022-08-18T15:38:33.940Z] > git for-each-ref --format=%(refname)%00%(upstream:short)%00%(objectname)%00%(upstream:track)%00%(upstream:remotename)%00%(upstream:remoteref) refs/heads/main refs/remotes/main [1ms]
[2022-08-18T15:38:33.945Z] > git for-each-ref --sort -committerdate --format %(refname) %(objectname) %(*objectname) [3ms]
[2022-08-18T15:38:33.945Z] > git remote --verbose [0ms]
[2022-08-18T15:38:33.950Z] > git config --get commit.template [1ms]
[2022-08-18T15:38:34.034Z] > git ls-files --stage -- /home/near/Documents/Code/zerai.xyz/config.toml [1ms]
[2022-08-18T15:38:34.038Z] > git cat-file -s 1e10f204da63e140719a6b0a9ddcf37698f48678 [1ms]
[2022-08-18T15:38:34.044Z] > git show --textconv :config.toml [1ms]
[2022-08-18T15:38:37.336Z] > git status -z -uall [2ms]
[2022-08-18T15:38:37.341Z] > git symbolic-ref --short HEAD [1ms]
[2022-08-18T15:38:37.344Z] > git for-each-ref --format=%(refname)%00%(upstream:short)%00%(objectname)%00%(upstream:track)%00%(upstream:remotename)%00%(upstream:remoteref) refs/heads/main refs/remotes/main [1ms]
[2022-08-18T15:38:37.348Z] > git for-each-ref --sort -committerdate --format %(refname) %(objectname) %(*objectname) [2ms]
[2022-08-18T15:38:37.348Z] > git remote --verbose [0ms]
[2022-08-18T15:38:37.352Z] > git config --get commit.template [1ms]
[2022-08-18T15:39:23.982Z] > git log --oneline --cherry main...main@{upstream} -- [1ms]
[2022-08-18T15:39:24.540Z] > git pull --tags origin main [554ms]
[2022-08-18T15:39:24.540Z] From github.com:naoufalzerai/zerai.xyz
 * branch            main       -> FETCH_HEAD
[2022-08-18T15:39:25.486Z] > git push origin main:main [943ms]
[2022-08-18T15:39:25.486Z] To github.com:naoufalzerai/zerai.xyz.git
   bf87861..995c48a  main -> main
[2022-08-18T15:39:25.491Z] > git status -z -uall [2ms]
[2022-08-18T15:39:25.494Z] > git symbolic-ref --short HEAD [0ms]
[2022-08-18T15:39:25.497Z] > git for-each-ref --format=%(refname)%00%(upstream:short)%00%(objectname)%00%(upstream:track)%00%(upstream:remotename)%00%(upstream:remoteref) refs/heads/main refs/remotes/main [1ms]
[2022-08-18T15:39:25.503Z] > git for-each-ref --sort -committerdate --format %(refname) %(objectname) %(*objectname) [3ms]
[2022-08-18T15:39:25.503Z] > git remote --verbose [1ms]
[2022-08-18T15:39:25.508Z] > git config --get commit.template [1ms]
[2022-08-18T15:39:26.643Z] > git status -z -uall [1ms]
[2022-08-18T15:39:26.647Z] > git symbolic-ref --short HEAD [1ms]
[2022-08-18T15:39:26.650Z] > git for-each-ref --format=%(refname)%00%(upstream:short)%00%(objectname)%00%(upstream:track)%00%(upstream:remotename)%00%(upstream:remoteref) refs/heads/main refs/remotes/main [1ms]
[2022-08-18T15:39:26.654Z] > git for-each-ref --sort -committerdate --format %(refname) %(objectname) %(*objectname) [2ms]
[2022-08-18T15:39:26.655Z] > git remote --verbose [1ms]
[2022-08-18T15:39:26.659Z] > git config --get commit.template [1ms]
[2022-08-18T15:39:26.747Z] > git ls-files --stage -- /home/near/Documents/Code/zerai.xyz/config.toml [0ms]
[2022-08-18T15:39:26.752Z] > git cat-file -s 1e10f204da63e140719a6b0a9ddcf37698f48678 [1ms]
[2022-08-18T15:39:26.759Z] > git show --textconv :config.toml [1ms]
[2022-08-18T15:39:36.181Z] > git status -z -uall [1ms]
[2022-08-18T15:39:36.185Z] > git symbolic-ref --short HEAD [1ms]
[2022-08-18T15:39:36.188Z] > git for-each-ref --format=%(refname)%00%(upstream:short)%00%(objectname)%00%(upstream:track)%00%(upstream:remotename)%00%(upstream:remoteref) refs/heads/main refs/remotes/main [1ms]
[2022-08-18T15:39:36.192Z] > git for-each-ref --sort -committerdate --format %(refname) %(objectname) %(*objectname) [2ms]
[2022-08-18T15:39:36.192Z] > git remote --verbose [1ms]
[2022-08-18T15:39:36.194Z] > git config --get commit.template [0ms]
[2022-08-18T15:42:30.026Z] > git fetch [618ms]
[2022-08-18T15:42:30.030Z] > git status -z -uall [1ms]
[2022-08-18T15:42:30.033Z] > git symbolic-ref --short HEAD [1ms]
[2022-08-18T15:42:30.036Z] > git for-each-ref --format=%(refname)%00%(upstream:short)%00%(objectname)%00%(upstream:track)%00%(upstream:remotename)%00%(upstream:remoteref) refs/heads/main refs/remotes/main [1ms]
[2022-08-18T15:42:30.042Z] > git for-each-ref --sort -committerdate --format %(refname) %(objectname) %(*objectname) [4ms]
[2022-08-18T15:42:30.042Z] > git remote --verbose [1ms]
[2022-08-18T15:42:30.047Z] > git config --get commit.template [1ms]
[2022-08-18T15:43:51.015Z] > git ls-files --stage -- /home/near/Documents/Code/zerai.xyz/config.toml [1ms]
[2022-08-18T15:43:51.018Z] > git cat-file -s 1e10f204da63e140719a6b0a9ddcf37698f48678 [1ms]
[2022-08-18T15:43:51.025Z] > git show --textconv :config.toml [1ms]
[2022-08-18T15:45:37.676Z] > git check-ignore -v -z --stdin [1ms]
[2022-08-18T15:45:58.197Z] > git status -z -uall [1ms]
[2022-08-18T15:45:58.200Z] > git symbolic-ref --short HEAD [0ms]
[2022-08-18T15:45:58.204Z] > git for-each-ref --format=%(refname)%00%(upstream:short)%00%(objectname)%00%(upstream:track)%00%(upstream:remotename)%00%(upstream:remoteref) refs/heads/main refs/remotes/main [1ms]
[2022-08-18T15:45:58.209Z] > git remote --verbose [1ms]
[2022-08-18T15:45:58.209Z] > git for-each-ref --sort -committerdate --format %(refname) %(objectname) %(*objectname) [3ms]
[2022-08-18T15:45:58.214Z] > git config --get commit.template [1ms]
[2022-08-18T15:45:58.764Z] > git fetch [571ms]
[2022-08-18T15:45:58.769Z] > git status -z -uall [2ms]
[2022-08-18T15:45:58.772Z] > git symbolic-ref --short HEAD [1ms]
[2022-08-18T15:45:58.775Z] > git for-each-ref --format=%(refname)%00%(upstream:short)%00%(objectname)%00%(upstream:track)%00%(upstream:remotename)%00%(upstream:remoteref) refs/heads/main refs/remotes/main [1ms]
[2022-08-18T15:45:58.782Z] > git for-each-ref --sort -committerdate --format %(refname) %(objectname) %(*objectname) [4ms]
[2022-08-18T15:45:58.782Z] > git remote --verbose [1ms]
[2022-08-18T15:45:58.787Z] > git config --get commit.template [1ms]
[2022-08-18T15:45:59.788Z] > git check-ignore -v -z --stdin [1ms]
[2022-08-18T15:45:59.901Z] > git ls-files --stage -- /home/near/Documents/Code/zerai.xyz/config.toml [1ms]
[2022-08-18T15:45:59.904Z] > git cat-file -s 1e10f204da63e140719a6b0a9ddcf37698f48678 [1ms]
[2022-08-18T15:45:59.910Z] > git show --textconv :config.toml [1ms]
[2022-08-18T15:46:03.218Z] > git status -z -uall [1ms]
[2022-08-18T15:46:03.222Z] > git symbolic-ref --short HEAD [1ms]
[2022-08-18T15:46:03.226Z] > git for-each-ref --format=%(refname)%00%(upstream:short)%00%(objectname)%00%(upstream:track)%00%(upstream:remotename)%00%(upstream:remoteref) refs/heads/main refs/remotes/main [2ms]
[2022-08-18T15:46:03.230Z] > git for-each-ref --sort -committerdate --format %(refname) %(objectname) %(*objectname) [2ms]
[2022-08-18T15:46:03.231Z] > git remote --verbose [1ms]
[2022-08-18T15:46:03.234Z] > git config --get commit.template [0ms]
[2022-08-18T15:46:03.464Z] > git check-ignore -v -z --stdin [1ms]
[2022-08-18T15:46:12.907Z] > git add -A -- . [28ms]
[2022-08-18T15:46:12.916Z] > git -c user.useConfigOnly=true commit --quiet --allow-empty-message --file - [5ms]
[2022-08-18T15:46:12.919Z] > git status -z -uall [1ms]
[2022-08-18T15:46:12.922Z] > git symbolic-ref --short HEAD [1ms]
[2022-08-18T15:46:12.925Z] > git for-each-ref --format=%(refname)%00%(upstream:short)%00%(objectname)%00%(upstream:track)%00%(upstream:remotename)%00%(upstream:remoteref) refs/heads/main refs/remotes/main [1ms]
[2022-08-18T15:46:12.930Z] > git for-each-ref --sort -committerdate --format %(refname) %(objectname) %(*objectname) [2ms]
[2022-08-18T15:46:12.930Z] > git remote --verbose [0ms]
[2022-08-18T15:46:12.934Z] > git config --get commit.template [1ms]
[2022-08-18T15:46:12.937Z] > git config --get commit.template [0ms]
[2022-08-18T15:46:13.889Z] > git log --oneline --cherry main...main@{upstream} -- [2ms]
[2022-08-18T15:46:14.437Z] > git pull --tags origin main [545ms]
[2022-08-18T15:46:14.437Z] From github.com:naoufalzerai/zerai.xyz
 * branch            main       -> FETCH_HEAD
[2022-08-18T15:46:15.770Z] > git push origin main:main [1331ms]
[2022-08-18T15:46:15.770Z] To github.com:naoufalzerai/zerai.xyz.git
   995c48a..6cf9ba8  main -> main
[2022-08-18T15:46:15.776Z] > git status -z -uall [2ms]
[2022-08-18T15:46:15.780Z] > git symbolic-ref --short HEAD [1ms]
[2022-08-18T15:46:15.784Z] > git for-each-ref --format=%(refname)%00%(upstream:short)%00%(objectname)%00%(upstream:track)%00%(upstream:remotename)%00%(upstream:remoteref) refs/heads/main refs/remotes/main [1ms]
[2022-08-18T15:46:15.793Z] > git remote --verbose [1ms]
[2022-08-18T15:46:15.793Z] > git for-each-ref --sort -committerdate --format %(refname) %(objectname) %(*objectname) [5ms]
[2022-08-18T15:46:15.800Z] > git config --get commit.template [0ms]
[2022-08-18T15:48:54.555Z] > git status -z -uall [2ms]
[2022-08-18T15:48:54.561Z] > git symbolic-ref --short HEAD [3ms]
[2022-08-18T15:48:54.565Z] > git ls-files --stage -- /home/near/Documents/Code/zerai.xyz/config.toml [4ms]
[2022-08-18T15:48:54.568Z] > git for-each-ref --format=%(refname)%00%(upstream:short)%00%(objectname)%00%(upstream:track)%00%(upstream:remotename)%00%(upstream:remoteref) refs/heads/main refs/remotes/main [3ms]
[2022-08-18T15:48:54.571Z] > git for-each-ref --sort -committerdate --format %(refname) %(objectname) %(*objectname) [2ms]
[2022-08-18T15:48:54.571Z] > git cat-file -s 1e10f204da63e140719a6b0a9ddcf37698f48678 [3ms]
[2022-08-18T15:48:54.572Z] > git remote --verbose [1ms]
[2022-08-18T15:48:54.574Z] > git config --get commit.template [0ms]
[2022-08-18T15:48:54.578Z] > git show --textconv :config.toml [1ms]
[2022-08-18T15:48:59.165Z] > git check-ignore -v -z --stdin [0ms]
[2022-08-18T15:48:59.345Z] > git fetch [554ms]
[2022-08-18T15:48:59.349Z] > git status -z -uall [1ms]
[2022-08-18T15:48:59.353Z] > git symbolic-ref --short HEAD [0ms]
[2022-08-18T15:48:59.358Z] > git for-each-ref --format=%(refname)%00%(upstream:short)%00%(objectname)%00%(upstream:track)%00%(upstream:remotename)%00%(upstream:remoteref) refs/heads/main refs/remotes/main [1ms]
[2022-08-18T15:48:59.365Z] > git remote --verbose [1ms]
[2022-08-18T15:48:59.365Z] > git for-each-ref --sort -committerdate --format %(refname) %(objectname) %(*objectname) [3ms]
[2022-08-18T15:48:59.369Z] > git config --get commit.template [0ms]
[2022-08-18T15:48:59.580Z] > git status -z -uall [1ms]
[2022-08-18T15:48:59.583Z] > git symbolic-ref --short HEAD [1ms]
[2022-08-18T15:48:59.586Z] > git for-each-ref --format=%(refname)%00%(upstream:short)%00%(objectname)%00%(upstream:track)%00%(upstream:remotename)%00%(upstream:remoteref) refs/heads/main refs/remotes/main [1ms]
[2022-08-18T15:48:59.591Z] > git for-each-ref --sort -committerdate --format %(refname) %(objectname) %(*objectname) [3ms]
[2022-08-18T15:48:59.591Z] > git remote --verbose [0ms]
[2022-08-18T15:48:59.595Z] > git config --get commit.template [0ms]
[2022-08-18T15:49:00.481Z] > git ls-files --stage -- /home/near/Documents/Code/zerai.xyz/config.toml [1ms]
[2022-08-18T15:49:00.484Z] > git cat-file -s 1e10f204da63e140719a6b0a9ddcf37698f48678 [0ms]
[2022-08-18T15:49:00.491Z] > git show --textconv :config.toml [1ms]
[2022-08-18T15:49:01.667Z] > git check-ignore -v -z --stdin [1ms]
[2022-08-18T15:49:02.681Z] > git check-ignore -v -z --stdin [1ms]
[2022-08-18T15:49:04.362Z] > git ls-files --stage -- /home/near/Documents/Code/zerai.xyz/resources/_gen/assets/scss/sass/main.scss_b4f67ac5085b89b62b54c1923e5a9145.content [1ms]
[2022-08-18T15:49:04.369Z] > git cat-file -s bc4e6ebb1e611ea085bed86242bd01b9cfe990c7 [5ms]
[2022-08-18T15:49:04.371Z] > git show --textconv :resources/_gen/assets/scss/sass/main.scss_b4f67ac5085b89b62b54c1923e5a9145.content [11ms]
[2022-08-18T15:49:04.600Z] > git check-ignore -v -z --stdin [5ms]
[2022-08-18T15:49:04.601Z] > git status -z -uall [1ms]
[2022-08-18T15:49:04.605Z] > git symbolic-ref --short HEAD [1ms]
[2022-08-18T15:49:04.609Z] > git for-each-ref --format=%(refname)%00%(upstream:short)%00%(objectname)%00%(upstream:track)%00%(upstream:remotename)%00%(upstream:remoteref) refs/heads/main refs/remotes/main [1ms]
[2022-08-18T15:49:04.614Z] > git for-each-ref --sort -committerdate --format %(refname) %(objectname) %(*objectname) [3ms]
[2022-08-18T15:49:04.614Z] > git remote --verbose [1ms]
[2022-08-18T15:49:04.618Z] > git config --get commit.template [1ms]
[2022-08-18T15:52:58.289Z] > git fetch [517ms]
[2022-08-18T15:52:58.294Z] > git status -z -uall [2ms]
[2022-08-18T15:52:58.297Z] > git symbolic-ref --short HEAD [1ms]
[2022-08-18T15:52:58.300Z] > git for-each-ref --format=%(refname)%00%(upstream:short)%00%(objectname)%00%(upstream:track)%00%(upstream:remotename)%00%(upstream:remoteref) refs/heads/main refs/remotes/main [1ms]
[2022-08-18T15:52:58.305Z] > git remote --verbose [1ms]
[2022-08-18T15:52:58.305Z] > git for-each-ref --sort -committerdate --format %(refname) %(objectname) %(*objectname) [3ms]
[2022-08-18T15:52:58.309Z] > git config --get commit.template [1ms]
[2022-08-18T15:52:59.321Z] > git status -z -uall [2ms]
[2022-08-18T15:52:59.324Z] > git symbolic-ref --short HEAD [1ms]
[2022-08-18T15:52:59.327Z] > git for-each-ref --format=%(refname)%00%(upstream:short)%00%(objectname)%00%(upstream:track)%00%(upstream:remotename)%00%(upstream:remoteref) refs/heads/main refs/remotes/main [1ms]
[2022-08-18T15:52:59.332Z] > git remote --verbose [1ms]
[2022-08-18T15:52:59.332Z] > git for-each-ref --sort -committerdate --format %(refname) %(objectname) %(*objectname) [3ms]
[2022-08-18T15:52:59.336Z] > git config --get commit.template [0ms]
[2022-08-18T15:52:59.422Z] > git ls-files --stage -- /home/near/Documents/Code/zerai.xyz/resources/_gen/assets/scss/sass/main.scss_b4f67ac5085b89b62b54c1923e5a9145.content [0ms]
[2022-08-18T15:52:59.425Z] > git cat-file -s bc4e6ebb1e611ea085bed86242bd01b9cfe990c7 [1ms]
[2022-08-18T15:52:59.432Z] > git show --textconv :resources/_gen/assets/scss/sass/main.scss_b4f67ac5085b89b62b54c1923e5a9145.content [2ms]
[2022-08-18T15:54:13.331Z] > git status -z -uall [2ms]
[2022-08-18T15:54:13.334Z] > git symbolic-ref --short HEAD [1ms]
[2022-08-18T15:54:13.338Z] > git for-each-ref --format=%(refname)%00%(upstream:short)%00%(objectname)%00%(upstream:track)%00%(upstream:remotename)%00%(upstream:remoteref) refs/heads/main refs/remotes/main [1ms]
[2022-08-18T15:54:13.343Z] > git for-each-ref --sort -committerdate --format %(refname) %(objectname) %(*objectname) [3ms]
[2022-08-18T15:54:13.343Z] > git remote --verbose [1ms]
[2022-08-18T15:54:13.348Z] > git config --get commit.template [1ms]
[2022-08-18T15:54:14.199Z] > git show --textconv :config.toml [3ms]
[2022-08-18T15:54:14.200Z] > git ls-files --stage -- /home/near/Documents/Code/zerai.xyz/config.toml [1ms]
[2022-08-18T15:54:14.203Z] > git cat-file -s 1e10f204da63e140719a6b0a9ddcf37698f48678 [1ms]
[2022-08-18T15:54:21.620Z] > git status -z -uall [1ms]
[2022-08-18T15:54:21.624Z] > git symbolic-ref --short HEAD [1ms]
[2022-08-18T15:54:21.627Z] > git for-each-ref --format=%(refname)%00%(upstream:short)%00%(objectname)%00%(upstream:track)%00%(upstream:remotename)%00%(upstream:remoteref) refs/heads/main refs/remotes/main [0ms]
[2022-08-18T15:54:21.632Z] > git remote --verbose [1ms]
[2022-08-18T15:54:21.632Z] > git for-each-ref --sort -committerdate --format %(refname) %(objectname) %(*objectname) [3ms]
[2022-08-18T15:54:21.638Z] > git config --get commit.template [1ms]
[2022-08-18T15:54:26.212Z] > git show --textconv :public/css/main.css [2ms]
[2022-08-18T15:54:26.213Z] > git ls-files --stage -- /home/near/Documents/Code/zerai.xyz/public/css/main.css [1ms]
[2022-08-18T15:54:26.215Z] > git cat-file -s 6d2edbf6299d69445654220d30d78d8697b2e28c [1ms]
[2022-08-18T15:54:27.861Z] > git show --textconv :config.toml [2ms]
[2022-08-18T15:54:27.861Z] > git ls-files --stage -- /home/near/Documents/Code/zerai.xyz/config.toml [0ms]
[2022-08-18T15:54:27.864Z] > git cat-file -s 1e10f204da63e140719a6b0a9ddcf37698f48678 [1ms]
[2022-08-18T15:54:28.871Z] > git show --textconv :public/css/dark.css [4ms]
[2022-08-18T15:54:28.872Z] > git ls-files --stage -- /home/near/Documents/Code/zerai.xyz/public/css/dark.css [1ms]
[2022-08-18T15:54:28.877Z] > git cat-file -s eeca406d7a781446bd975caaf77cd15c2c89fab2 [1ms]
[2022-08-18T15:54:30.498Z] > git show --textconv :config.toml [3ms]
[2022-08-18T15:54:30.498Z] > git ls-files --stage -- /home/near/Documents/Code/zerai.xyz/config.toml [1ms]
[2022-08-18T15:54:30.501Z] > git cat-file -s 1e10f204da63e140719a6b0a9ddcf37698f48678 [1ms]
[2022-08-18T15:56:11.473Z] > git fetch [529ms]
[2022-08-18T15:56:11.477Z] > git status -z -uall [2ms]
[2022-08-18T15:56:11.479Z] > git symbolic-ref --short HEAD [0ms]
[2022-08-18T15:56:11.481Z] > git for-each-ref --format=%(refname)%00%(upstream:short)%00%(objectname)%00%(upstream:track)%00%(upstream:remotename)%00%(upstream:remoteref) refs/heads/main refs/remotes/main [0ms]
[2022-08-18T15:56:11.485Z] > git for-each-ref --sort -committerdate --format %(refname) %(objectname) %(*objectname) [2ms]
[2022-08-18T15:56:11.485Z] > git remote --verbose [1ms]
[2022-08-18T15:56:11.489Z] > git config --get commit.template [1ms]
[2022-08-18T15:56:12.570Z] > git ls-files --stage -- /home/near/Documents/Code/zerai.xyz/config.toml [1ms]
[2022-08-18T15:56:12.575Z] > git cat-file -s 1e10f204da63e140719a6b0a9ddcf37698f48678 [1ms]
[2022-08-18T15:56:12.580Z] > git show --textconv :config.toml [1ms]
[2022-08-18T15:56:14.604Z] > git show --textconv :public/css/dark.css [3ms]
[2022-08-18T15:56:14.604Z] > git ls-files --stage -- /home/near/Documents/Code/zerai.xyz/public/css/dark.css [1ms]
[2022-08-18T15:56:14.608Z] > git cat-file -s eeca406d7a781446bd975caaf77cd15c2c89fab2 [1ms]
[2022-08-18T15:56:20.435Z] > git check-ignore -v -z --stdin [0ms]
[2022-08-18T15:56:24.004Z] > git show --textconv :themes/ezhil/layouts/index.html [3ms]
[2022-08-18T15:56:24.004Z] > git ls-files --stage -- /home/near/Documents/Code/zerai.xyz/themes/ezhil/layouts/index.html [0ms]
[2022-08-18T15:56:24.007Z] > git cat-file -s 8b024449770fa207e058b4b375cfe5953766fffd [1ms]
[2022-08-18T15:56:50.017Z] > git show --textconv :themes/ezhil/layouts/partials/header.html [2ms]
[2022-08-18T15:56:50.018Z] > git ls-files --stage -- /home/near/Documents/Code/zerai.xyz/themes/ezhil/layouts/partials/header.html [1ms]
[2022-08-18T15:56:50.020Z] > git cat-file -s 62e9d272362d5396ca9724ce55177ec9f689689b [1ms]
[2022-08-18T15:57:08.036Z] > git show --textconv :config.toml [3ms]
[2022-08-18T15:57:08.036Z] > git ls-files --stage -- /home/near/Documents/Code/zerai.xyz/config.toml [0ms]
[2022-08-18T15:57:08.039Z] > git cat-file -s 1e10f204da63e140719a6b0a9ddcf37698f48678 [0ms]
[2022-08-18T15:57:13.049Z] > git status -z -uall [3ms]
[2022-08-18T15:57:13.051Z] > git symbolic-ref --short HEAD [0ms]
[2022-08-18T15:57:13.055Z] > git for-each-ref --format=%(refname)%00%(upstream:short)%00%(objectname)%00%(upstream:track)%00%(upstream:remotename)%00%(upstream:remoteref) refs/heads/main refs/remotes/main [1ms]
[2022-08-18T15:57:13.059Z] > git for-each-ref --sort -committerdate --format %(refname) %(objectname) %(*objectname) [1ms]
[2022-08-18T15:57:13.060Z] > git remote --verbose [1ms]
[2022-08-18T15:57:13.062Z] > git config --get commit.template [0ms]
[2022-08-18T15:57:14.205Z] > git check-ignore -v -z --stdin [0ms]
[2022-08-18T15:57:20.558Z] > git add -A -- . [2ms]
[2022-08-18T15:57:20.568Z] > git -c user.useConfigOnly=true commit --quiet --allow-empty-message --file - [7ms]
[2022-08-18T15:57:20.574Z] > git status -z -uall [3ms]
[2022-08-18T15:57:20.579Z] > git symbolic-ref --short HEAD [1ms]
[2022-08-18T15:57:20.583Z] > git for-each-ref --format=%(refname)%00%(upstream:short)%00%(objectname)%00%(upstream:track)%00%(upstream:remotename)%00%(upstream:remoteref) refs/heads/main refs/remotes/main [1ms]
[2022-08-18T15:57:20.589Z] > git for-each-ref --sort -committerdate --format %(refname) %(objectname) %(*objectname) [4ms]
[2022-08-18T15:57:20.589Z] > git remote --verbose [1ms]
[2022-08-18T15:57:20.594Z] > git config --get commit.template [1ms]
[2022-08-18T15:57:20.597Z] > git config --get commit.template [1ms]
[2022-08-18T15:57:21.360Z] > git log --oneline --cherry main...main@{upstream} -- [1ms]
[2022-08-18T15:57:21.960Z] > git pull --tags origin main [597ms]
[2022-08-18T15:57:21.960Z] From github.com:naoufalzerai/zerai.xyz
 * branch            main       -> FETCH_HEAD
[2022-08-18T15:57:22.834Z] > git push origin main:main [872ms]
[2022-08-18T15:57:22.834Z] To github.com:naoufalzerai/zerai.xyz.git
   6cf9ba8..74d28d7  main -> main
[2022-08-18T15:57:22.839Z] > git status -z -uall [2ms]
[2022-08-18T15:57:22.842Z] > git symbolic-ref --short HEAD [1ms]
[2022-08-18T15:57:22.845Z] > git for-each-ref --format=%(refname)%00%(upstream:short)%00%(objectname)%00%(upstream:track)%00%(upstream:remotename)%00%(upstream:remoteref) refs/heads/main refs/remotes/main [1ms]
[2022-08-18T15:57:22.849Z] > git for-each-ref --sort -committerdate --format %(refname) %(objectname) %(*objectname) [3ms]
[2022-08-18T15:57:22.849Z] > git remote --verbose [1ms]
[2022-08-18T15:57:22.853Z] > git config --get commit.template [1ms]
[2022-08-18T15:57:22.859Z] > git status -z -uall [2ms]
[2022-08-18T15:57:22.862Z] > git symbolic-ref --short HEAD [0ms]
[2022-08-18T15:57:22.866Z] > git for-each-ref --format=%(refname)%00%(upstream:short)%00%(objectname)%00%(upstream:track)%00%(upstream:remotename)%00%(upstream:remoteref) refs/heads/main refs/remotes/main [1ms]
[2022-08-18T15:57:22.872Z] > git for-each-ref --sort -committerdate --format %(refname) %(objectname) %(*objectname) [3ms]
[2022-08-18T15:57:22.872Z] > git remote --verbose [1ms]
[2022-08-18T15:57:22.876Z] > git config --get commit.template [0ms]
[2022-08-18T15:58:10.353Z] > git status -z -uall [1ms]
[2022-08-18T15:58:10.362Z] > git symbolic-ref --short HEAD [5ms]
[2022-08-18T15:58:10.364Z] > git ls-files --stage -- /home/near/Documents/Code/zerai.xyz/config.toml [3ms]
[2022-08-18T15:58:10.366Z] > git for-each-ref --format=%(refname)%00%(upstream:short)%00%(objectname)%00%(upstream:track)%00%(upstream:remotename)%00%(upstream:remoteref) refs/heads/main refs/remotes/main [2ms]
[2022-08-18T15:58:10.373Z] > git for-each-ref --sort -committerdate --format %(refname) %(objectname) %(*objectname) [5ms]
[2022-08-18T15:58:10.373Z] > git cat-file -s ad78a4b2294297dfd374956b4aaecbd9ac9dc714 [7ms]
[2022-08-18T15:58:10.373Z] > git remote --verbose [1ms]
[2022-08-18T15:58:10.378Z] > git config --get commit.template [1ms]
[2022-08-18T15:58:10.382Z] > git show --textconv :config.toml [1ms]
[2022-08-18T15:58:12.601Z] > git show --textconv :themes/ezhil/layouts/partials/header.html [3ms]
[2022-08-18T15:58:12.601Z] > git ls-files --stage -- /home/near/Documents/Code/zerai.xyz/themes/ezhil/layouts/partials/header.html [0ms]
[2022-08-18T15:58:12.604Z] > git cat-file -s 62e9d272362d5396ca9724ce55177ec9f689689b [1ms]
[2022-08-18T16:00:19.103Z] > git fetch [560ms]
[2022-08-18T16:00:19.108Z] > git status -z -uall [2ms]
[2022-08-18T16:00:19.112Z] > git symbolic-ref --short HEAD [1ms]
[2022-08-18T16:00:19.115Z] > git for-each-ref --format=%(refname)%00%(upstream:short)%00%(objectname)%00%(upstream:track)%00%(upstream:remotename)%00%(upstream:remoteref) refs/heads/main refs/remotes/main [1ms]
[2022-08-18T16:00:19.121Z] > git for-each-ref --sort -committerdate --format %(refname) %(objectname) %(*objectname) [4ms]
[2022-08-18T16:00:19.121Z] > git remote --verbose [1ms]
[2022-08-18T16:00:19.126Z] > git config --get commit.template [0ms]
[2022-08-18T16:00:20.140Z] > git status -z -uall [2ms]
[2022-08-18T16:00:20.144Z] > git symbolic-ref --short HEAD [1ms]
[2022-08-18T16:00:20.147Z] > git for-each-ref --format=%(refname)%00%(upstream:short)%00%(objectname)%00%(upstream:track)%00%(upstream:remotename)%00%(upstream:remoteref) refs/heads/main refs/remotes/main [0ms]
[2022-08-18T16:00:20.152Z] > git for-each-ref --sort -committerdate --format %(refname) %(objectname) %(*objectname) [2ms]
[2022-08-18T16:00:20.153Z] > git remote --verbose [1ms]
[2022-08-18T16:00:20.157Z] > git config --get commit.template [1ms]
[2022-08-18T16:00:20.244Z] > git ls-files --stage -- /home/near/Documents/Code/zerai.xyz/themes/ezhil/layouts/partials/header.html [1ms]
[2022-08-18T16:00:20.247Z] > git cat-file -s 62e9d272362d5396ca9724ce55177ec9f689689b [0ms]
[2022-08-18T16:00:20.253Z] > git show --textconv :themes/ezhil/layouts/partials/header.html [1ms]
[2022-08-18T16:00:21.460Z] > git show --textconv :config.toml [3ms]
[2022-08-18T16:00:21.460Z] > git ls-files --stage -- /home/near/Documents/Code/zerai.xyz/config.toml [0ms]
[2022-08-18T16:00:21.463Z] > git cat-file -s ad78a4b2294297dfd374956b4aaecbd9ac9dc714 [0ms]
[2022-08-18T16:00:41.724Z] > git show --textconv :themes/ezhil/layouts/partials/header.html [5ms]
[2022-08-18T16:00:41.725Z] > git ls-files --stage -- /home/near/Documents/Code/zerai.xyz/themes/ezhil/layouts/partials/header.html [1ms]
[2022-08-18T16:00:41.729Z] > git cat-file -s 62e9d272362d5396ca9724ce55177ec9f689689b [1ms]
[2022-08-18T16:01:00.520Z] > git show --textconv :netlify.toml [3ms]
[2022-08-18T16:01:00.520Z] > git ls-files --stage -- /home/near/Documents/Code/zerai.xyz/netlify.toml [1ms]
[2022-08-18T16:01:00.523Z] > git cat-file -s c56850f39dfb29a82f71c09ecd50b8172ff7a22f [1ms]
[2022-08-18T16:01:21.413Z] > git status -z -uall [2ms]
[2022-08-18T16:01:21.416Z] > git symbolic-ref --short HEAD [1ms]
[2022-08-18T16:01:21.418Z] > git for-each-ref --format=%(refname)%00%(upstream:short)%00%(objectname)%00%(upstream:track)%00%(upstream:remotename)%00%(upstream:remoteref) refs/heads/main refs/remotes/main [1ms]
[2022-08-18T16:01:21.421Z] > git for-each-ref --sort -committerdate --format %(refname) %(objectname) %(*objectname) [1ms]
[2022-08-18T16:01:21.422Z] > git remote --verbose [1ms]
[2022-08-18T16:01:21.427Z] > git config --get commit.template [1ms]
[2022-08-18T16:01:37.142Z] > git add -A -- . [1ms]
[2022-08-18T16:01:37.152Z] > git -c user.useConfigOnly=true commit --quiet --allow-empty-message --file - [6ms]
[2022-08-18T16:01:37.158Z] > git status -z -uall [2ms]
[2022-08-18T16:01:37.161Z] > git symbolic-ref --short HEAD [1ms]
[2022-08-18T16:01:37.163Z] > git for-each-ref --format=%(refname)%00%(upstream:short)%00%(objectname)%00%(upstream:track)%00%(upstream:remotename)%00%(upstream:remoteref) refs/heads/main refs/remotes/main [0ms]
[2022-08-18T16:01:37.167Z] > git for-each-ref --sort -committerdate --format %(refname) %(objectname) %(*objectname) [2ms]
[2022-08-18T16:01:37.167Z] > git remote --verbose [0ms]
[2022-08-18T16:01:37.171Z] > git config --get commit.template [1ms]
[2022-08-18T16:01:37.174Z] > git config --get commit.template [0ms]
[2022-08-18T16:01:38.057Z] > git log --oneline --cherry main...main@{upstream} -- [1ms]
[2022-08-18T16:01:38.544Z] > git pull --tags origin main [484ms]
[2022-08-18T16:01:38.544Z] From github.com:naoufalzerai/zerai.xyz
 * branch            main       -> FETCH_HEAD
[2022-08-18T16:01:39.245Z] > git push origin main:main [699ms]
[2022-08-18T16:01:39.245Z] To github.com:naoufalzerai/zerai.xyz.git
   74d28d7..dee5809  main -> main
[2022-08-18T16:01:39.248Z] > git status -z -uall [1ms]
[2022-08-18T16:01:39.250Z] > git symbolic-ref --short HEAD [0ms]
[2022-08-18T16:01:39.253Z] > git for-each-ref --format=%(refname)%00%(upstream:short)%00%(objectname)%00%(upstream:track)%00%(upstream:remotename)%00%(upstream:remoteref) refs/heads/main refs/remotes/main [1ms]
[2022-08-18T16:01:39.256Z] > git for-each-ref --sort -committerdate --format %(refname) %(objectname) %(*objectname) [2ms]
[2022-08-18T16:01:39.256Z] > git remote --verbose [1ms]
[2022-08-18T16:01:39.260Z] > git config --get commit.template [1ms]
[2022-08-18T16:01:39.264Z] > git status -z -uall [1ms]
[2022-08-18T16:01:39.267Z] > git symbolic-ref --short HEAD [0ms]
[2022-08-18T16:01:39.270Z] > git for-each-ref --format=%(refname)%00%(upstream:short)%00%(objectname)%00%(upstream:track)%00%(upstream:remotename)%00%(upstream:remoteref) refs/heads/main refs/remotes/main [1ms]
[2022-08-18T16:01:39.275Z] > git for-each-ref --sort -committerdate --format %(refname) %(objectname) %(*objectname) [4ms]
[2022-08-18T16:01:39.275Z] > git remote --verbose [1ms]
[2022-08-18T16:01:39.280Z] > git config --get commit.template [1ms]
[2022-08-18T16:01:40.506Z] > git ls-files --stage -- /home/near/Documents/Code/zerai.xyz/netlify.toml [1ms]
[2022-08-18T16:01:40.512Z] > git cat-file -s 7165e99c7b04370a18ec16de28ca3ca04809ba11 [1ms]
[2022-08-18T16:01:40.518Z] > git show --textconv :netlify.toml [1ms]
[2022-08-18T17:54:32.524Z] > git status -z -uall [1ms]
[2022-08-18T17:54:32.527Z] > git symbolic-ref --short HEAD [1ms]
[2022-08-18T17:54:32.530Z] > git for-each-ref --format=%(refname)%00%(upstream:short)%00%(objectname)%00%(upstream:track)%00%(upstream:remotename)%00%(upstream:remoteref) refs/heads/main refs/remotes/main [1ms]
[2022-08-18T17:54:32.534Z] > git for-each-ref --sort -committerdate --format %(refname) %(objectname) %(*objectname) [2ms]
[2022-08-18T17:54:32.534Z] > git remote --verbose [1ms]
[2022-08-18T17:54:32.537Z] > git config --get commit.template [0ms]
[2022-08-18T17:54:33.010Z] > git fetch [489ms]
[2022-08-18T17:54:33.015Z] > git status -z -uall [2ms]
[2022-08-18T17:54:33.018Z] > git symbolic-ref --short HEAD [1ms]
[2022-08-18T17:54:33.021Z] > git for-each-ref --format=%(refname)%00%(upstream:short)%00%(objectname)%00%(upstream:track)%00%(upstream:remotename)%00%(upstream:remoteref) refs/heads/main refs/remotes/main [1ms]
[2022-08-18T17:54:33.026Z] > git for-each-ref --sort -committerdate --format %(refname) %(objectname) %(*objectname) [3ms]
[2022-08-18T17:54:33.026Z] > git remote --verbose [0ms]
[2022-08-18T17:54:33.030Z] > git config --get commit.template [0ms]
[2022-08-18T17:54:34.148Z] > git ls-files --stage -- /home/near/Documents/Code/zerai.xyz/netlify.toml [1ms]
[2022-08-18T17:54:34.152Z] > git cat-file -s 7165e99c7b04370a18ec16de28ca3ca04809ba11 [1ms]
[2022-08-18T17:54:34.159Z] > git show --textconv :netlify.toml [1ms]
[2022-08-18T17:54:37.544Z] > git status -z -uall [1ms]
[2022-08-18T17:54:37.547Z] > git symbolic-ref --short HEAD [0ms]
[2022-08-18T17:54:37.555Z] > git for-each-ref --format=%(refname)%00%(upstream:short)%00%(objectname)%00%(upstream:track)%00%(upstream:remotename)%00%(upstream:remoteref) refs/heads/main refs/remotes/main [0ms]
[2022-08-18T17:54:37.560Z] > git for-each-ref --sort -committerdate --format %(refname) %(objectname) %(*objectname) [3ms]
[2022-08-18T17:54:37.560Z] > git remote --verbose [1ms]
[2022-08-18T17:54:37.564Z] > git config --get commit.template [0ms]
[2022-08-18T17:56:54.559Z] > git show --textconv :content/posts/hello-world.md [3ms]
[2022-08-18T17:56:54.559Z] > git ls-files --stage -- /home/near/Documents/Code/zerai.xyz/content/posts/hello-world.md [0ms]
[2022-08-18T17:56:54.563Z] > git cat-file -s 1ac6713476734d823673f027ba5b7e8eff8fede1 [1ms]
[2022-08-18T17:56:55.263Z] > git show --textconv :config.toml [2ms]
[2022-08-18T17:56:55.265Z] > git ls-files --stage -- /home/near/Documents/Code/zerai.xyz/config.toml [2ms]
[2022-08-18T17:56:55.269Z] > git cat-file -s ad78a4b2294297dfd374956b4aaecbd9ac9dc714 [1ms]
[2022-08-18T17:56:55.804Z] > git show --textconv :netlify.toml [2ms]
[2022-08-18T17:56:55.805Z] > git ls-files --stage -- /home/near/Documents/Code/zerai.xyz/netlify.toml [1ms]
[2022-08-18T17:56:55.808Z] > git cat-file -s 7165e99c7b04370a18ec16de28ca3ca04809ba11 [1ms]
[2022-08-18T17:58:07.792Z] > git fetch [485ms]
[2022-08-18T17:58:07.797Z] > git status -z -uall [2ms]
[2022-08-18T17:58:07.802Z] > git symbolic-ref --short HEAD [1ms]
[2022-08-18T17:58:07.806Z] > git for-each-ref --format=%(refname)%00%(upstream:short)%00%(objectname)%00%(upstream:track)%00%(upstream:remotename)%00%(upstream:remoteref) refs/heads/main refs/remotes/main [1ms]
[2022-08-18T17:58:07.811Z] > git for-each-ref --sort -committerdate --format %(refname) %(objectname) %(*objectname) [3ms]
[2022-08-18T17:58:07.811Z] > git remote --verbose [0ms]
[2022-08-18T17:58:07.817Z] > git config --get commit.template [0ms]
[2022-08-18T17:58:08.826Z] > git status -z -uall [2ms]
[2022-08-18T17:58:08.829Z] > git symbolic-ref --short HEAD [1ms]
[2022-08-18T17:58:08.832Z] > git for-each-ref --format=%(refname)%00%(upstream:short)%00%(objectname)%00%(upstream:track)%00%(upstream:remotename)%00%(upstream:remoteref) refs/heads/main refs/remotes/main [1ms]
[2022-08-18T17:58:08.837Z] > git for-each-ref --sort -committerdate --format %(refname) %(objectname) %(*objectname) [2ms]
[2022-08-18T17:58:08.838Z] > git remote --verbose [1ms]
[2022-08-18T17:58:08.841Z] > git config --get commit.template [1ms]
[2022-08-18T17:58:08.927Z] > git ls-files --stage -- /home/near/Documents/Code/zerai.xyz/netlify.toml [1ms]
[2022-08-18T17:58:08.930Z] > git cat-file -s 7165e99c7b04370a18ec16de28ca3ca04809ba11 [1ms]
[2022-08-18T17:58:08.936Z] > git show --textconv :netlify.toml [1ms]
[2022-08-18T18:02:36.903Z] > git fetch [477ms]
[2022-08-18T18:02:36.906Z] > git status -z -uall [1ms]
[2022-08-18T18:02:36.909Z] > git symbolic-ref --short HEAD [1ms]
[2022-08-18T18:02:36.912Z] > git for-each-ref --format=%(refname)%00%(upstream:short)%00%(objectname)%00%(upstream:track)%00%(upstream:remotename)%00%(upstream:remoteref) refs/heads/main refs/remotes/main [1ms]
[2022-08-18T18:02:36.917Z] > git for-each-ref --sort -committerdate --format %(refname) %(objectname) %(*objectname) [3ms]
[2022-08-18T18:02:36.917Z] > git remote --verbose [1ms]
[2022-08-18T18:02:36.920Z] > git config --get commit.template [0ms]
[2022-08-18T18:02:37.941Z] > git status -z -uall [2ms]
[2022-08-18T18:02:37.944Z] > git symbolic-ref --short HEAD [1ms]
[2022-08-18T18:02:37.947Z] > git for-each-ref --format=%(refname)%00%(upstream:short)%00%(objectname)%00%(upstream:track)%00%(upstream:remotename)%00%(upstream:remoteref) refs/heads/main refs/remotes/main [1ms]
[2022-08-18T18:02:37.952Z] > git for-each-ref --sort -committerdate --format %(refname) %(objectname) %(*objectname) [3ms]
[2022-08-18T18:02:37.953Z] > git remote --verbose [1ms]
[2022-08-18T18:02:37.957Z] > git config --get commit.template [1ms]
[2022-08-18T18:02:38.042Z] > git ls-files --stage -- /home/near/Documents/Code/zerai.xyz/netlify.toml [0ms]
[2022-08-18T18:02:38.045Z] > git cat-file -s 7165e99c7b04370a18ec16de28ca3ca04809ba11 [1ms]
[2022-08-18T18:02:38.051Z] > git show --textconv :netlify.toml [1ms]
[2022-08-18T18:25:20.749Z] > git fetch [582ms]
[2022-08-18T18:25:20.754Z] > git status -z -uall [2ms]
[2022-08-18T18:25:20.757Z] > git symbolic-ref --short HEAD [1ms]
[2022-08-18T18:25:20.760Z] > git for-each-ref --format=%(refname)%00%(upstream:short)%00%(objectname)%00%(upstream:track)%00%(upstream:remotename)%00%(upstream:remoteref) refs/heads/main refs/remotes/main [1ms]
[2022-08-18T18:25:20.766Z] > git for-each-ref --sort -committerdate --format %(refname) %(objectname) %(*objectname) [3ms]
[2022-08-18T18:25:20.766Z] > git remote --verbose [0ms]
[2022-08-18T18:25:20.769Z] > git config --get commit.template [0ms]
[2022-08-18T18:25:21.843Z] > git ls-files --stage -- /home/near/Documents/Code/zerai.xyz/netlify.toml [0ms]
[2022-08-18T18:25:21.846Z] > git cat-file -s 7165e99c7b04370a18ec16de28ca3ca04809ba11 [0ms]
[2022-08-18T18:25:21.852Z] > git show --textconv :netlify.toml [1ms]
[2022-08-18T18:25:25.313Z] > git show --textconv :static/style.css [3ms]
[2022-08-18T18:25:25.314Z] > git ls-files --stage -- /home/near/Documents/Code/zerai.xyz/static/style.css [1ms]
[2022-08-18T18:25:25.317Z] > git cat-file -s d3b2088cd6bd82da75bffbc3a3412efafdc07673 [1ms]
[2022-08-18T18:25:41.384Z] > git status -z -uall [2ms]
[2022-08-18T18:25:41.387Z] > git symbolic-ref --short HEAD [1ms]
[2022-08-18T18:25:41.390Z] > git for-each-ref --format=%(refname)%00%(upstream:short)%00%(objectname)%00%(upstream:track)%00%(upstream:remotename)%00%(upstream:remoteref) refs/heads/main refs/remotes/main [1ms]
[2022-08-18T18:25:41.396Z] > git remote --verbose [1ms]
[2022-08-18T18:25:41.396Z] > git for-each-ref --sort -committerdate --format %(refname) %(objectname) %(*objectname) [3ms]
[2022-08-18T18:25:41.401Z] > git config --get commit.template [1ms]
[2022-08-18T18:36:40.131Z] > git show --textconv :netlify.toml [3ms]
[2022-08-18T18:36:40.132Z] > git ls-files --stage -- /home/near/Documents/Code/zerai.xyz/netlify.toml [1ms]
[2022-08-18T18:36:40.137Z] > git cat-file -s 7165e99c7b04370a18ec16de28ca3ca04809ba11 [1ms]
[2022-08-18T18:36:40.298Z] > git fetch [512ms]
[2022-08-18T18:36:40.303Z] > git status -z -uall [2ms]
[2022-08-18T18:36:40.307Z] > git symbolic-ref --short HEAD [0ms]
[2022-08-18T18:36:40.311Z] > git for-each-ref --format=%(refname)%00%(upstream:short)%00%(objectname)%00%(upstream:track)%00%(upstream:remotename)%00%(upstream:remoteref) refs/heads/main refs/remotes/main [1ms]
[2022-08-18T18:36:40.316Z] > git for-each-ref --sort -committerdate --format %(refname) %(objectname) %(*objectname) [3ms]
[2022-08-18T18:36:40.316Z] > git remote --verbose [1ms]
[2022-08-18T18:36:40.322Z] > git config --get commit.template [1ms]
[2022-08-18T18:36:41.415Z] > git ls-files --stage -- /home/near/Documents/Code/zerai.xyz/netlify.toml [1ms]
[2022-08-18T18:36:41.418Z] > git cat-file -s 7165e99c7b04370a18ec16de28ca3ca04809ba11 [1ms]
[2022-08-18T18:36:41.425Z] > git show --textconv :netlify.toml [1ms]
[2022-08-18T18:37:13.818Z] > git show --textconv :config.toml [4ms]
[2022-08-18T18:37:13.818Z] > git ls-files --stage -- /home/near/Documents/Code/zerai.xyz/config.toml [0ms]
[2022-08-18T18:37:13.821Z] > git cat-file -s ad78a4b2294297dfd374956b4aaecbd9ac9dc714 [1ms]
[2022-08-18T18:37:14.559Z] > git show --textconv :content/posts/hello-world.md [3ms]
[2022-08-18T18:37:14.560Z] > git ls-files --stage -- /home/near/Documents/Code/zerai.xyz/content/posts/hello-world.md [1ms]
[2022-08-18T18:37:14.564Z] > git cat-file -s 1ac6713476734d823673f027ba5b7e8eff8fede1 [1ms]
[2022-08-18T18:37:21.895Z] > git show --textconv :themes/ezhil/layouts/partials/footer.html [3ms]
[2022-08-18T18:37:21.896Z] > git ls-files --stage -- /home/near/Documents/Code/zerai.xyz/themes/ezhil/layouts/partials/footer.html [1ms]
[2022-08-18T18:37:21.899Z] > git cat-file -s 1841def326709908271edda35c0ca5ed697a6206 [1ms]
[2022-08-18T18:37:34.074Z] > git status -z -uall [2ms]
[2022-08-18T18:37:34.076Z] > git symbolic-ref --short HEAD [1ms]
[2022-08-18T18:37:34.079Z] > git for-each-ref --format=%(refname)%00%(upstream:short)%00%(objectname)%00%(upstream:track)%00%(upstream:remotename)%00%(upstream:remoteref) refs/heads/main refs/remotes/main [1ms]
[2022-08-18T18:37:34.085Z] > git for-each-ref --sort -committerdate --format %(refname) %(objectname) %(*objectname) [4ms]
[2022-08-18T18:37:34.085Z] > git remote --verbose [2ms]
[2022-08-18T18:37:34.090Z] > git config --get commit.template [1ms]
[2022-08-18T18:39:53.747Z] > git fetch [480ms]
[2022-08-18T18:39:53.751Z] > git status -z -uall [1ms]
[2022-08-18T18:39:53.756Z] > git symbolic-ref --short HEAD [1ms]
[2022-08-18T18:39:53.760Z] > git for-each-ref --format=%(refname)%00%(upstream:short)%00%(objectname)%00%(upstream:track)%00%(upstream:remotename)%00%(upstream:remoteref) refs/heads/main refs/remotes/main [1ms]
[2022-08-18T18:39:53.764Z] > git for-each-ref --sort -committerdate --format %(refname) %(objectname) %(*objectname) [2ms]
[2022-08-18T18:39:53.764Z] > git remote --verbose [0ms]
[2022-08-18T18:39:53.768Z] > git config --get commit.template [1ms]
[2022-08-18T18:39:54.782Z] > git status -z -uall [2ms]
[2022-08-18T18:39:54.785Z] > git symbolic-ref --short HEAD [1ms]
[2022-08-18T18:39:54.789Z] > git for-each-ref --format=%(refname)%00%(upstream:short)%00%(objectname)%00%(upstream:track)%00%(upstream:remotename)%00%(upstream:remoteref) refs/heads/main refs/remotes/main [1ms]
[2022-08-18T18:39:54.793Z] > git for-each-ref --sort -committerdate --format %(refname) %(objectname) %(*objectname) [2ms]
[2022-08-18T18:39:54.794Z] > git remote --verbose [1ms]
[2022-08-18T18:39:54.797Z] > git config --get commit.template [1ms]
[2022-08-18T18:39:54.884Z] > git ls-files --stage -- /home/near/Documents/Code/zerai.xyz/themes/ezhil/layouts/partials/footer.html [1ms]
[2022-08-18T18:39:54.887Z] > git cat-file -s 1841def326709908271edda35c0ca5ed697a6206 [0ms]
[2022-08-18T18:39:54.895Z] > git show --textconv :themes/ezhil/layouts/partials/footer.html [2ms]
[2022-08-18T18:39:59.802Z] > git status -z -uall [2ms]
[2022-08-18T18:39:59.805Z] > git symbolic-ref --short HEAD [1ms]
[2022-08-18T18:39:59.807Z] > git for-each-ref --format=%(refname)%00%(upstream:short)%00%(objectname)%00%(upstream:track)%00%(upstream:remotename)%00%(upstream:remoteref) refs/heads/main refs/remotes/main [0ms]
[2022-08-18T18:39:59.811Z] > git for-each-ref --sort -committerdate --format %(refname) %(objectname) %(*objectname) [2ms]
[2022-08-18T18:39:59.811Z] > git remote --verbose [0ms]
[2022-08-18T18:39:59.815Z] > git config --get commit.template [1ms]
[2022-08-18T18:40:42.400Z] > git status -z -uall [2ms]
[2022-08-18T18:40:42.406Z] > git symbolic-ref --short HEAD [1ms]
[2022-08-18T18:40:42.409Z] > git for-each-ref --format=%(refname)%00%(upstream:short)%00%(objectname)%00%(upstream:track)%00%(upstream:remotename)%00%(upstream:remoteref) refs/heads/main refs/remotes/main [0ms]
[2022-08-18T18:40:42.414Z] > git for-each-ref --sort -committerdate --format %(refname) %(objectname) %(*objectname) [3ms]
[2022-08-18T18:40:42.414Z] > git remote --verbose [1ms]
[2022-08-18T18:40:42.418Z] > git config --get commit.template [1ms]
[2022-08-18T18:40:49.995Z] > git show --textconv :themes/ezhil/layouts/partials/paginator.html [2ms]
[2022-08-18T18:40:49.996Z] > git ls-files --stage -- /home/near/Documents/Code/zerai.xyz/themes/ezhil/layouts/partials/paginator.html [1ms]
[2022-08-18T18:40:49.998Z] > git cat-file -s ace433de08ae6d14fc00b2b305f134e7a3318e22 [0ms]
[2022-08-18T18:41:06.689Z] > git check-ignore -v -z --stdin [1ms]
[2022-08-18T18:41:08.064Z] > git check-ignore -v -z --stdin [1ms]
[2022-08-18T18:41:08.699Z] > git check-ignore -v -z --stdin [1ms]
[2022-08-18T18:41:38.038Z] > git status -z -uall [2ms]
[2022-08-18T18:41:38.042Z] > git symbolic-ref --short HEAD [1ms]
[2022-08-18T18:41:38.045Z] > git for-each-ref --format=%(refname)%00%(upstream:short)%00%(objectname)%00%(upstream:track)%00%(upstream:remotename)%00%(upstream:remoteref) refs/heads/main refs/remotes/main [1ms]
[2022-08-18T18:41:38.051Z] > git for-each-ref --sort -committerdate --format %(refname) %(objectname) %(*objectname) [3ms]
[2022-08-18T18:41:38.052Z] > git remote --verbose [1ms]
[2022-08-18T18:41:38.057Z] > git config --get commit.template [1ms]
[2022-08-18T18:42:18.448Z] > git status -z -uall [2ms]
[2022-08-18T18:42:18.451Z] > git symbolic-ref --short HEAD [1ms]
[2022-08-18T18:42:18.456Z] > git for-each-ref --format=%(refname)%00%(upstream:short)%00%(objectname)%00%(upstream:track)%00%(upstream:remotename)%00%(upstream:remoteref) refs/heads/main refs/remotes/main [1ms]
[2022-08-18T18:42:18.461Z] > git for-each-ref --sort -committerdate --format %(refname) %(objectname) %(*objectname) [2ms]
[2022-08-18T18:42:18.461Z] > git remote --verbose [1ms]
[2022-08-18T18:42:18.464Z] > git config --get commit.template [1ms]
[2022-08-18T18:42:40.479Z] > git status -z -uall [1ms]
[2022-08-18T18:42:40.483Z] > git symbolic-ref --short HEAD [1ms]
[2022-08-18T18:42:40.486Z] > git for-each-ref --format=%(refname)%00%(upstream:short)%00%(objectname)%00%(upstream:track)%00%(upstream:remotename)%00%(upstream:remoteref) refs/heads/main refs/remotes/main [1ms]
[2022-08-18T18:42:40.493Z] > git for-each-ref --sort -committerdate --format %(refname) %(objectname) %(*objectname) [4ms]
[2022-08-18T18:42:40.493Z] > git remote --verbose [1ms]
[2022-08-18T18:42:40.498Z] > git config --get commit.template [1ms]
