[Debug 14:57:23.097] TableOfContentsProvider: create - file:///home/near/Documents/Code/zerai.xyz/content/about.md
[Debug 14:57:23.126] LinkProvider: compute - file:///home/near/Documents/Code/zerai.xyz/content/about.md
[Debug 14:57:24.571] MdFoldingProvider: provideFoldingRanges - file:///home/near/Documents/Code/zerai.xyz/content/about.md
[Debug 15:22:51.311] TableOfContentsProvider: create - file:///home/near/Documents/Code/zerai.xyz/content/posts/hello-world.md
[Debug 15:22:51.311] LinkProvider: compute - file:///home/near/Documents/Code/zerai.xyz/content/posts/hello-world.md
[Debug 15:22:51.478] MdFoldingProvider: provideFoldingRanges - file:///home/near/Documents/Code/zerai.xyz/content/posts/hello-world.md
[Debug 15:22:56.059] MdFoldingProvider: provideFoldingRanges - file:///home/near/Documents/Code/zerai.xyz/content/posts/hello-world.md
[Debug 15:22:56.060] TableOfContentsProvider: create - file:///home/near/Documents/Code/zerai.xyz/content/posts/hello-world.md
[Debug 15:22:56.732] MdFoldingProvider: provideFoldingRanges - file:///home/near/Documents/Code/zerai.xyz/content/posts/hello-world.md
[Debug 15:22:56.733] TableOfContentsProvider: create - file:///home/near/Documents/Code/zerai.xyz/content/posts/hello-world.md
[Debug 15:22:57.555] MdFoldingProvider: provideFoldingRanges - file:///home/near/Documents/Code/zerai.xyz/content/posts/hello-world.md
[Debug 15:22:57.555] TableOfContentsProvider: create - file:///home/near/Documents/Code/zerai.xyz/content/posts/hello-world.md
[Trace 15:22:57.913] VsCodeClientWorkspace: onDidChangeWatchedFiles: 2: file:///home/near/Documents/Code/zerai.xyz/content/posts/hello-world.md
[Debug 15:22:58.356] LinkProvider: compute - file:///home/near/Documents/Code/zerai.xyz/content/posts/hello-world.md
[Trace 15:32:42.121] VsCodeClientWorkspace: onDidChangeWatchedFiles: 1: file:///home/near/Documents/Code/zerai.xyz/themes/ezhil/LICENSE.md
[Trace 15:32:42.125] VsCodeClientWorkspace: onDidChangeWatchedFiles: 1: file:///home/near/Documents/Code/zerai.xyz/themes/ezhil/README.md
[Trace 15:32:42.129] VsCodeClientWorkspace: onDidChangeWatchedFiles: 1: file:///home/near/Documents/Code/zerai.xyz/themes/ezhil/archetypes/default.md
[Trace 15:32:42.132] VsCodeClientWorkspace: onDidChangeWatchedFiles: 1: file:///home/near/Documents/Code/zerai.xyz/themes/ezhil/exampleSite/archetypes/default.md
[Trace 15:32:42.135] VsCodeClientWorkspace: onDidChangeWatchedFiles: 1: file:///home/near/Documents/Code/zerai.xyz/themes/ezhil/exampleSite/content/about.md
[Trace 15:32:42.137] VsCodeClientWorkspace: onDidChangeWatchedFiles: 1: file:///home/near/Documents/Code/zerai.xyz/themes/ezhil/exampleSite/content/posts/post-1.md
[Trace 15:32:42.140] VsCodeClientWorkspace: onDidChangeWatchedFiles: 1: file:///home/near/Documents/Code/zerai.xyz/themes/ezhil/exampleSite/content/posts/post-2.md
[Trace 15:32:42.143] VsCodeClientWorkspace: onDidChangeWatchedFiles: 1: file:///home/near/Documents/Code/zerai.xyz/themes/ezhil/exampleSite/content/posts/post-3.md
[Trace 15:32:42.146] VsCodeClientWorkspace: onDidChangeWatchedFiles: 1: file:///home/near/Documents/Code/zerai.xyz/themes/ezhil/exampleSite/content/posts/post-4.md
[Trace 15:32:42.149] VsCodeClientWorkspace: onDidChangeWatchedFiles: 1: file:///home/near/Documents/Code/zerai.xyz/themes/ezhil/exampleSite/content/posts/post-5.md
[Trace 15:32:42.152] VsCodeClientWorkspace: onDidChangeWatchedFiles: 1: file:///home/near/Documents/Code/zerai.xyz/themes/ezhil/exampleSite/content/posts/post-6.md
[Trace 15:32:42.155] VsCodeClientWorkspace: onDidChangeWatchedFiles: 1: file:///home/near/Documents/Code/zerai.xyz/themes/ezhil/exampleSite/content/posts/post-7.md
[Debug 17:56:54.540] MdFoldingProvider: provideFoldingRanges - file:///home/near/Documents/Code/zerai.xyz/content/posts/hello-world.md
[Debug 17:56:54.540] TableOfContentsProvider: create - file:///home/near/Documents/Code/zerai.xyz/content/posts/hello-world.md
[Debug 18:37:14.539] MdFoldingProvider: provideFoldingRanges - file:///home/near/Documents/Code/zerai.xyz/content/posts/hello-world.md
