[2022-08-17T20:52:32.767Z] Log level: Info
[2022-08-17T20:52:32.767Z] [info] Validating found git in: git
[2022-08-17T20:52:32.774Z] [info] Using git 2.34.1 from git
[2022-08-17T20:52:32.783Z] > git rev-parse --show-toplevel [2ms]
[2022-08-17T20:52:32.788Z] > git rev-parse --git-dir --git-common-dir [1ms]
[2022-08-17T20:52:32.789Z] [info] Open repository: /home/near/Documents/Code/zerai.xyz
[2022-08-17T20:52:32.801Z] > git status -z -uall [3ms]
[2022-08-17T20:52:32.807Z] > git symbolic-ref --short HEAD [1ms]
[2022-08-17T20:52:32.813Z] > git for-each-ref --format=%(refname)%00%(upstream:short)%00%(objectname)%00%(upstream:track)%00%(upstream:remotename)%00%(upstream:remoteref) refs/heads/main refs/remotes/main [1ms]
[2022-08-17T20:52:32.818Z] > git remote --verbose [1ms]
[2022-08-17T20:52:32.818Z] > git for-each-ref --sort -committerdate --format %(refname) %(objectname) %(*objectname) [3ms]
[2022-08-17T20:52:32.823Z] > git config --get commit.template [1ms]
[2022-08-17T20:52:32.829Z] > git status -z -uall [3ms]
[2022-08-17T20:52:32.833Z] > git symbolic-ref --short HEAD [1ms]
[2022-08-17T20:52:32.836Z] > git for-each-ref --format=%(refname)%00%(upstream:short)%00%(objectname)%00%(upstream:track)%00%(upstream:remotename)%00%(upstream:remoteref) refs/heads/main refs/remotes/main [0ms]
[2022-08-17T20:52:32.841Z] > git for-each-ref --sort -committerdate --format %(refname) %(objectname) %(*objectname) [2ms]
[2022-08-17T20:52:32.841Z] > git remote --verbose [1ms]
[2022-08-17T20:52:32.915Z] > git show --textconv HEAD:themes/lugo [63ms]
[2022-08-17T20:52:32.916Z] > git ls-tree -l HEAD -- /home/near/Documents/Code/zerai.xyz/themes/lugo [61ms]
[2022-08-17T20:52:32.916Z] > git config --get commit.template [70ms]
[2022-08-17T20:52:32.933Z] > git show --textconv HEAD:themes/lugo [3ms]
[2022-08-17T20:52:32.934Z] > git ls-tree -l HEAD -- /home/near/Documents/Code/zerai.xyz/themes/lugo [1ms]
[2022-08-17T20:52:33.302Z] > git fetch [509ms]
[2022-08-17T20:52:33.307Z] > git status -z -uall [2ms]
[2022-08-17T20:52:33.310Z] > git symbolic-ref --short HEAD [1ms]
[2022-08-17T20:52:33.313Z] > git for-each-ref --format=%(refname)%00%(upstream:short)%00%(objectname)%00%(upstream:track)%00%(upstream:remotename)%00%(upstream:remoteref) refs/heads/main refs/remotes/main [1ms]
[2022-08-17T20:52:33.318Z] > git for-each-ref --sort -committerdate --format %(refname) %(objectname) %(*objectname) [2ms]
[2022-08-17T20:52:33.318Z] > git remote --verbose [0ms]
[2022-08-17T20:52:33.322Z] > git config --get commit.template [1ms]
[2022-08-17T20:52:33.407Z] > git check-ignore -v -z --stdin [1ms]
[2022-08-17T20:52:34.337Z] > git status -z -uall [2ms]
[2022-08-17T20:52:34.341Z] > git symbolic-ref --short HEAD [1ms]
[2022-08-17T20:52:34.344Z] > git for-each-ref --format=%(refname)%00%(upstream:short)%00%(objectname)%00%(upstream:track)%00%(upstream:remotename)%00%(upstream:remoteref) refs/heads/main refs/remotes/main [1ms]
[2022-08-17T20:52:34.349Z] > git for-each-ref --sort -committerdate --format %(refname) %(objectname) %(*objectname) [3ms]
[2022-08-17T20:52:34.349Z] > git remote --verbose [0ms]
[2022-08-17T20:52:34.353Z] > git config --get commit.template [1ms]
[2022-08-17T20:52:34.439Z] > git show --textconv HEAD:themes/lugo [2ms]
[2022-08-17T20:52:34.440Z] > git ls-tree -l HEAD -- /home/near/Documents/Code/zerai.xyz/themes/lugo [1ms]
[2022-08-17T20:54:23.763Z] > git status -z -uall [9ms]
[2022-08-17T20:54:23.765Z] > git show --textconv HEAD:themes/lugo [5ms]
[2022-08-17T20:54:23.766Z] > git symbolic-ref --short HEAD [1ms]
[2022-08-17T20:54:23.769Z] > git ls-tree -l HEAD -- /home/near/Documents/Code/zerai.xyz/themes/lugo [7ms]
[2022-08-17T20:54:23.769Z] > git for-each-ref --format=%(refname)%00%(upstream:short)%00%(objectname)%00%(upstream:track)%00%(upstream:remotename)%00%(upstream:remoteref) refs/heads/main refs/remotes/main [0ms]
[2022-08-17T20:54:23.773Z] > git for-each-ref --sort -committerdate --format %(refname) %(objectname) %(*objectname) [2ms]
[2022-08-17T20:54:23.773Z] > git remote --verbose [1ms]
[2022-08-17T20:54:23.777Z] > git config --get commit.template [0ms]
[2022-08-17T20:54:28.783Z] > git status -z -uall [2ms]
[2022-08-17T20:54:28.786Z] > git symbolic-ref --short HEAD [0ms]
[2022-08-17T20:54:28.788Z] > git for-each-ref --format=%(refname)%00%(upstream:short)%00%(objectname)%00%(upstream:track)%00%(upstream:remotename)%00%(upstream:remoteref) refs/heads/main refs/remotes/main [0ms]
[2022-08-17T20:54:28.793Z] > git for-each-ref --sort -committerdate --format %(refname) %(objectname) %(*objectname) [2ms]
[2022-08-17T20:54:28.793Z] > git remote --verbose [1ms]
[2022-08-17T20:54:28.797Z] > git config --get commit.template [0ms]
[2022-08-17T20:55:07.699Z] > git show --textconv HEAD:themes/lugo [2ms]
[2022-08-17T20:55:07.700Z] > git ls-tree -l HEAD -- /home/near/Documents/Code/zerai.xyz/themes/lugo [1ms]
[2022-08-17T20:55:08.547Z] > git add -A -- /home/near/Documents/Code/zerai.xyz/themes/lugo [0ms]
[2022-08-17T20:55:08.551Z] > git status -z -uall [1ms]
[2022-08-17T20:55:08.553Z] > git symbolic-ref --short HEAD [0ms]
[2022-08-17T20:55:08.556Z] > git for-each-ref --format=%(refname)%00%(upstream:short)%00%(objectname)%00%(upstream:track)%00%(upstream:remotename)%00%(upstream:remoteref) refs/heads/main refs/remotes/main [1ms]
[2022-08-17T20:55:08.560Z] > git for-each-ref --sort -committerdate --format %(refname) %(objectname) %(*objectname) [2ms]
[2022-08-17T20:55:08.560Z] > git remote --verbose [1ms]
[2022-08-17T20:55:08.565Z] > git config --get commit.template [1ms]
[2022-08-17T20:55:18.139Z] > git show --textconv :netlify.toml [3ms]
[2022-08-17T20:55:18.139Z] > git ls-files --stage -- /home/near/Documents/Code/zerai.xyz/netlify.toml [1ms]
[2022-08-17T20:55:18.142Z] > git cat-file -s c56850f39dfb29a82f71c09ecd50b8172ff7a22f [1ms]
[2022-08-17T20:55:23.817Z] > git push origin main:main [463ms]
[2022-08-17T20:55:23.818Z] Everything up-to-date
[2022-08-17T20:55:23.821Z] > git status -z -uall [1ms]
[2022-08-17T20:55:23.823Z] > git symbolic-ref --short HEAD [0ms]
[2022-08-17T20:55:23.825Z] > git for-each-ref --format=%(refname)%00%(upstream:short)%00%(objectname)%00%(upstream:track)%00%(upstream:remotename)%00%(upstream:remoteref) refs/heads/main refs/remotes/main [0ms]
[2022-08-17T20:55:23.829Z] > git for-each-ref --sort -committerdate --format %(refname) %(objectname) %(*objectname) [2ms]
[2022-08-17T20:55:23.829Z] > git remote --verbose [1ms]
[2022-08-17T20:55:23.834Z] > git config --get commit.template [1ms]
[2022-08-17T20:55:46.850Z] > git fetch [555ms]
[2022-08-17T20:55:46.853Z] > git status -z -uall [1ms]
[2022-08-17T20:55:46.856Z] > git symbolic-ref --short HEAD [1ms]
[2022-08-17T20:55:46.858Z] > git for-each-ref --format=%(refname)%00%(upstream:short)%00%(objectname)%00%(upstream:track)%00%(upstream:remotename)%00%(upstream:remoteref) refs/heads/main refs/remotes/main [1ms]
[2022-08-17T20:55:46.861Z] > git for-each-ref --sort -committerdate --format %(refname) %(objectname) %(*objectname) [2ms]
[2022-08-17T20:55:46.861Z] > git remote --verbose [1ms]
[2022-08-17T20:55:46.866Z] > git config --get commit.template [0ms]
[2022-08-17T20:56:54.316Z] > git status -z -uall [2ms]
[2022-08-17T20:56:54.324Z] > git show --textconv HEAD:themes/lugo [4ms]
[2022-08-17T20:56:54.324Z] > git ls-tree -l HEAD -- /home/near/Documents/Code/zerai.xyz/themes/lugo [3ms]
[2022-08-17T20:56:54.324Z] > git symbolic-ref --short HEAD [6ms]
[2022-08-17T20:56:54.326Z] > git ls-files --stage -- /home/near/Documents/Code/zerai.xyz/netlify.toml [3ms]
[2022-08-17T20:56:54.328Z] > git for-each-ref --format=%(refname)%00%(upstream:short)%00%(objectname)%00%(upstream:track)%00%(upstream:remotename)%00%(upstream:remoteref) refs/heads/main refs/remotes/main [2ms]
[2022-08-17T20:56:54.333Z] > git for-each-ref --sort -committerdate --format %(refname) %(objectname) %(*objectname) [3ms]
[2022-08-17T20:56:54.333Z] > git cat-file -s c56850f39dfb29a82f71c09ecd50b8172ff7a22f [5ms]
[2022-08-17T20:56:54.333Z] > git remote --verbose [1ms]
[2022-08-17T20:56:54.338Z] > git config --get commit.template [0ms]
[2022-08-17T20:56:54.350Z] > git show --textconv :netlify.toml [1ms]
[2022-08-17T20:56:59.344Z] > git status -z -uall [1ms]
[2022-08-17T20:56:59.347Z] > git symbolic-ref --short HEAD [1ms]
[2022-08-17T20:56:59.349Z] > git for-each-ref --format=%(refname)%00%(upstream:short)%00%(objectname)%00%(upstream:track)%00%(upstream:remotename)%00%(upstream:remoteref) refs/heads/main refs/remotes/main [1ms]
[2022-08-17T20:56:59.353Z] > git for-each-ref --sort -committerdate --format %(refname) %(objectname) %(*objectname) [2ms]
[2022-08-17T20:56:59.353Z] > git remote --verbose [1ms]
[2022-08-17T20:56:59.356Z] > git config --get commit.template [1ms]
[2022-08-17T20:57:00.761Z] > git check-ignore -v -z --stdin [1ms]
[2022-08-17T20:57:05.014Z] > git -c user.useConfigOnly=true commit --quiet --allow-empty-message --file - [3ms]
[2022-08-17T20:57:05.018Z] > git status -z -uall [1ms]
[2022-08-17T20:57:05.021Z] > git symbolic-ref --short HEAD [1ms]
[2022-08-17T20:57:05.023Z] > git for-each-ref --format=%(refname)%00%(upstream:short)%00%(objectname)%00%(upstream:track)%00%(upstream:remotename)%00%(upstream:remoteref) refs/heads/main refs/remotes/main [0ms]
[2022-08-17T20:57:05.028Z] > git for-each-ref --sort -committerdate --format %(refname) %(objectname) %(*objectname) [3ms]
[2022-08-17T20:57:05.028Z] > git remote --verbose [1ms]
[2022-08-17T20:57:05.032Z] > git config --get commit.template [0ms]
[2022-08-17T20:57:05.036Z] > git config --get commit.template [0ms]
[2022-08-17T20:57:06.119Z] > git status -z -uall [1ms]
[2022-08-17T20:57:06.122Z] > git symbolic-ref --short HEAD [1ms]
[2022-08-17T20:57:06.125Z] > git for-each-ref --format=%(refname)%00%(upstream:short)%00%(objectname)%00%(upstream:track)%00%(upstream:remotename)%00%(upstream:remoteref) refs/heads/main refs/remotes/main [1ms]
[2022-08-17T20:57:06.129Z] > git for-each-ref --sort -committerdate --format %(refname) %(objectname) %(*objectname) [2ms]
[2022-08-17T20:57:06.129Z] > git remote --verbose [1ms]
[2022-08-17T20:57:06.133Z] > git config --get commit.template [0ms]
[2022-08-17T20:57:06.225Z] > git show --textconv HEAD:themes/lugo [4ms]
[2022-08-17T20:57:06.225Z] > git ls-tree -l HEAD -- /home/near/Documents/Code/zerai.xyz/themes/lugo [2ms]
[2022-08-17T20:57:06.226Z] > git ls-files --stage -- /home/near/Documents/Code/zerai.xyz/netlify.toml [1ms]
[2022-08-17T20:57:06.228Z] > git cat-file -s c56850f39dfb29a82f71c09ecd50b8172ff7a22f [1ms]
[2022-08-17T20:57:06.254Z] > git show --textconv :netlify.toml [1ms]
[2022-08-17T20:57:11.138Z] > git status -z -uall [1ms]
[2022-08-17T20:57:11.141Z] > git symbolic-ref --short HEAD [1ms]
[2022-08-17T20:57:11.144Z] > git for-each-ref --format=%(refname)%00%(upstream:short)%00%(objectname)%00%(upstream:track)%00%(upstream:remotename)%00%(upstream:remoteref) refs/heads/main refs/remotes/main [1ms]
[2022-08-17T20:57:11.148Z] > git for-each-ref --sort -committerdate --format %(refname) %(objectname) %(*objectname) [3ms]
[2022-08-17T20:57:11.148Z] > git remote --verbose [1ms]
[2022-08-17T20:57:11.153Z] > git config --get commit.template [1ms]
[2022-08-17T20:57:37.287Z] > git add -A -- . [2ms]
[2022-08-17T20:57:37.296Z] > git -c user.useConfigOnly=true commit --quiet --allow-empty-message --file - [6ms]
[2022-08-17T20:57:37.301Z] > git status -z -uall [1ms]
[2022-08-17T20:57:37.304Z] > git symbolic-ref --short HEAD [1ms]
[2022-08-17T20:57:37.307Z] > git for-each-ref --format=%(refname)%00%(upstream:short)%00%(objectname)%00%(upstream:track)%00%(upstream:remotename)%00%(upstream:remoteref) refs/heads/main refs/remotes/main [0ms]
[2022-08-17T20:57:37.311Z] > git for-each-ref --sort -committerdate --format %(refname) %(objectname) %(*objectname) [2ms]
[2022-08-17T20:57:37.311Z] > git remote --verbose [0ms]
[2022-08-17T20:57:37.316Z] > git config --get commit.template [0ms]
[2022-08-17T20:57:37.320Z] > git config --get commit.template [1ms]
[2022-08-17T20:57:38.372Z] > git status -z -uall [1ms]
[2022-08-17T20:57:38.374Z] > git symbolic-ref --short HEAD [0ms]
[2022-08-17T20:57:38.376Z] > git for-each-ref --format=%(refname)%00%(upstream:short)%00%(objectname)%00%(upstream:track)%00%(upstream:remotename)%00%(upstream:remoteref) refs/heads/main refs/remotes/main [0ms]
[2022-08-17T20:57:38.381Z] > git for-each-ref --sort -committerdate --format %(refname) %(objectname) %(*objectname) [3ms]
[2022-08-17T20:57:38.381Z] > git remote --verbose [1ms]
[2022-08-17T20:57:38.385Z] > git config --get commit.template [1ms]
[2022-08-17T20:57:38.476Z] > git ls-tree -l HEAD -- /home/near/Documents/Code/zerai.xyz/themes/lugo [2ms]
[2022-08-17T20:57:38.477Z] > git ls-files --stage -- /home/near/Documents/Code/zerai.xyz/netlify.toml [1ms]
[2022-08-17T20:57:38.480Z] > git cat-file -s c56850f39dfb29a82f71c09ecd50b8172ff7a22f [1ms]
[2022-08-17T20:57:38.484Z] > git show --textconv HEAD:themes/lugo [1ms]
[2022-08-17T20:57:38.487Z] > git show --textconv :netlify.toml [1ms]
[2022-08-17T20:57:38.761Z] > git log --oneline --cherry main...main@{upstream} -- [1ms]
[2022-08-17T20:57:39.254Z] > git pull --tags origin main [490ms]
[2022-08-17T20:57:39.254Z] From github.com:naoufalzerai/zerai.xyz
 * branch            main       -> FETCH_HEAD
[2022-08-17T20:57:40.114Z] > git push origin main:main [857ms]
[2022-08-17T20:57:40.114Z] To github.com:naoufalzerai/zerai.xyz.git
   9c0af7b..a327509  main -> main
[2022-08-17T20:57:40.118Z] > git status -z -uall [1ms]
[2022-08-17T20:57:40.120Z] > git symbolic-ref --short HEAD [1ms]
[2022-08-17T20:57:40.122Z] > git for-each-ref --format=%(refname)%00%(upstream:short)%00%(objectname)%00%(upstream:track)%00%(upstream:remotename)%00%(upstream:remoteref) refs/heads/main refs/remotes/main [1ms]
[2022-08-17T20:57:40.125Z] > git for-each-ref --sort -committerdate --format %(refname) %(objectname) %(*objectname) [2ms]
[2022-08-17T20:57:40.125Z] > git remote --verbose [0ms]
[2022-08-17T20:57:40.129Z] > git config --get commit.template [0ms]
[2022-08-17T20:57:41.376Z] > git show --textconv HEAD:themes/lugo [4ms]
[2022-08-17T20:57:41.376Z] > git ls-tree -l HEAD -- /home/near/Documents/Code/zerai.xyz/themes/lugo [2ms]
[2022-08-17T20:57:41.376Z] > git ls-files --stage -- /home/near/Documents/Code/zerai.xyz/netlify.toml [1ms]
[2022-08-17T20:57:41.378Z] > git cat-file -s c56850f39dfb29a82f71c09ecd50b8172ff7a22f [0ms]
[2022-08-17T20:57:41.383Z] > git show --textconv :netlify.toml [1ms]
[2022-08-17T23:55:22.516Z] > git status -z -uall [1ms]
[2022-08-17T23:55:22.521Z] > git symbolic-ref --short HEAD [0ms]
[2022-08-17T23:55:22.524Z] > git for-each-ref --format=%(refname)%00%(upstream:short)%00%(objectname)%00%(upstream:track)%00%(upstream:remotename)%00%(upstream:remoteref) refs/heads/main refs/remotes/main [1ms]
[2022-08-17T23:55:22.527Z] > git for-each-ref --sort -committerdate --format %(refname) %(objectname) %(*objectname) [1ms]
[2022-08-17T23:55:22.527Z] > git remote --verbose [0ms]
[2022-08-17T23:55:22.531Z] > git config --get commit.template [1ms]
[2022-08-17T23:55:22.992Z] > git fetch [479ms]
[2022-08-17T23:55:22.996Z] > git status -z -uall [1ms]
[2022-08-17T23:55:22.998Z] > git symbolic-ref --short HEAD [0ms]
[2022-08-17T23:55:23.001Z] > git for-each-ref --format=%(refname)%00%(upstream:short)%00%(objectname)%00%(upstream:track)%00%(upstream:remotename)%00%(upstream:remoteref) refs/heads/main refs/remotes/main [1ms]
[2022-08-17T23:55:23.006Z] > git for-each-ref --sort -committerdate --format %(refname) %(objectname) %(*objectname) [2ms]
[2022-08-17T23:55:23.006Z] > git remote --verbose [0ms]
[2022-08-17T23:55:23.011Z] > git config --get commit.template [1ms]
[2022-08-17T23:55:50.244Z] > git status -z -uall [1ms]
[2022-08-17T23:55:50.248Z] > git symbolic-ref --short HEAD [2ms]
[2022-08-17T23:55:50.251Z] > git ls-files --stage -- /home/near/Documents/Code/zerai.xyz/netlify.toml [3ms]
[2022-08-17T23:55:50.253Z] > git for-each-ref --format=%(refname)%00%(upstream:short)%00%(objectname)%00%(upstream:track)%00%(upstream:remotename)%00%(upstream:remoteref) refs/heads/main refs/remotes/main [3ms]
[2022-08-17T23:55:50.258Z] > git for-each-ref --sort -committerdate --format %(refname) %(objectname) %(*objectname) [2ms]
[2022-08-17T23:55:50.258Z] > git cat-file -s c56850f39dfb29a82f71c09ecd50b8172ff7a22f [5ms]
[2022-08-17T23:55:50.258Z] > git remote --verbose [1ms]
[2022-08-17T23:55:50.263Z] > git config --get commit.template [2ms]
[2022-08-17T23:55:50.263Z] > git show --textconv :netlify.toml [0ms]
[2022-08-17T23:56:04.856Z] > git status -z -uall [1ms]
[2022-08-17T23:56:04.858Z] > git symbolic-ref --short HEAD [0ms]
[2022-08-17T23:56:04.860Z] > git for-each-ref --format=%(refname)%00%(upstream:short)%00%(objectname)%00%(upstream:track)%00%(upstream:remotename)%00%(upstream:remoteref) refs/heads/main refs/remotes/main [0ms]
[2022-08-17T23:56:04.864Z] > git for-each-ref --sort -committerdate --format %(refname) %(objectname) %(*objectname) [2ms]
[2022-08-17T23:56:04.864Z] > git remote --verbose [1ms]
[2022-08-17T23:56:04.866Z] > git config --get commit.template [0ms]
[2022-08-17T23:56:05.451Z] > git check-ignore -v -z --stdin [1ms]
[2022-08-17T23:56:28.729Z] > git status -z -uall [2ms]
[2022-08-17T23:56:28.732Z] > git symbolic-ref --short HEAD [1ms]
[2022-08-17T23:56:28.734Z] > git for-each-ref --format=%(refname)%00%(upstream:short)%00%(objectname)%00%(upstream:track)%00%(upstream:remotename)%00%(upstream:remoteref) refs/heads/main refs/remotes/main [1ms]
[2022-08-17T23:56:28.738Z] > git for-each-ref --sort -committerdate --format %(refname) %(objectname) %(*objectname) [2ms]
[2022-08-17T23:56:28.738Z] > git remote --verbose [1ms]
[2022-08-17T23:56:28.742Z] > git config --get commit.template [1ms]
[2022-08-17T23:56:30.963Z] > git show --textconv :config.toml [2ms]
[2022-08-17T23:56:30.963Z] > git ls-files --stage -- /home/near/Documents/Code/zerai.xyz/config.toml [0ms]
[2022-08-17T23:56:30.966Z] > git cat-file -s 9b4126c47e278aec20346703d62687e9b4116e3e [1ms]
[2022-08-17T23:56:34.181Z] > git check-ignore -v -z --stdin [0ms]
[2022-08-17T23:57:06.315Z] > git status -z -uall [1ms]
[2022-08-17T23:57:06.317Z] > git symbolic-ref --short HEAD [0ms]
[2022-08-17T23:57:06.319Z] > git for-each-ref --format=%(refname)%00%(upstream:short)%00%(objectname)%00%(upstream:track)%00%(upstream:remotename)%00%(upstream:remoteref) refs/heads/main refs/remotes/main [0ms]
[2022-08-17T23:57:06.324Z] > git for-each-ref --sort -committerdate --format %(refname) %(objectname) %(*objectname) [2ms]
[2022-08-17T23:57:06.324Z] > git remote --verbose [1ms]
[2022-08-17T23:57:06.328Z] > git config --get commit.template [1ms]
[2022-08-17T23:57:11.332Z] > git status -z -uall [1ms]
[2022-08-17T23:57:11.335Z] > git symbolic-ref --short HEAD [1ms]
[2022-08-17T23:57:11.337Z] > git for-each-ref --format=%(refname)%00%(upstream:short)%00%(objectname)%00%(upstream:track)%00%(upstream:remotename)%00%(upstream:remoteref) refs/heads/main refs/remotes/main [0ms]
[2022-08-17T23:57:11.341Z] > git for-each-ref --sort -committerdate --format %(refname) %(objectname) %(*objectname) [2ms]
[2022-08-17T23:57:11.341Z] > git remote --verbose [0ms]
[2022-08-17T23:57:11.344Z] > git config --get commit.template [0ms]
[2022-08-17T23:57:16.165Z] > git check-ignore -v -z --stdin [1ms]
[2022-08-17T23:57:19.187Z] > git check-ignore -v -z --stdin [1ms]
[2022-08-17T23:57:27.308Z] > git status -z -uall [1ms]
[2022-08-17T23:57:27.311Z] > git symbolic-ref --short HEAD [0ms]
[2022-08-17T23:57:27.313Z] > git for-each-ref --format=%(refname)%00%(upstream:short)%00%(objectname)%00%(upstream:track)%00%(upstream:remotename)%00%(upstream:remoteref) refs/heads/main refs/remotes/main [1ms]
[2022-08-17T23:57:27.316Z] > git for-each-ref --sort -committerdate --format %(refname) %(objectname) %(*objectname) [2ms]
[2022-08-17T23:57:27.316Z] > git remote --verbose [0ms]
[2022-08-17T23:57:27.320Z] > git config --get commit.template [1ms]
[2022-08-17T23:57:39.710Z] > git status -z -uall [1ms]
[2022-08-17T23:57:39.713Z] > git symbolic-ref --short HEAD [1ms]
[2022-08-17T23:57:39.715Z] > git for-each-ref --format=%(refname)%00%(upstream:short)%00%(objectname)%00%(upstream:track)%00%(upstream:remotename)%00%(upstream:remoteref) refs/heads/main refs/remotes/main [0ms]
[2022-08-17T23:57:39.719Z] > git for-each-ref --sort -committerdate --format %(refname) %(objectname) %(*objectname) [2ms]
[2022-08-17T23:57:39.719Z] > git remote --verbose [0ms]
[2022-08-17T23:57:39.723Z] > git config --get commit.template [1ms]
[2022-08-18T00:01:38.223Z] > git status -z -uall [1ms]
[2022-08-18T00:01:38.226Z] > git symbolic-ref --short HEAD [0ms]
[2022-08-18T00:01:38.228Z] > git for-each-ref --format=%(refname)%00%(upstream:short)%00%(objectname)%00%(upstream:track)%00%(upstream:remotename)%00%(upstream:remoteref) refs/heads/main refs/remotes/main [0ms]
[2022-08-18T00:01:38.231Z] > git for-each-ref --sort -committerdate --format %(refname) %(objectname) %(*objectname) [1ms]
[2022-08-18T00:01:38.232Z] > git remote --verbose [1ms]
[2022-08-18T00:01:38.234Z] > git config --get commit.template [0ms]
[2022-08-18T00:01:38.681Z] > git fetch [462ms]
[2022-08-18T00:01:38.685Z] > git status -z -uall [1ms]
[2022-08-18T00:01:38.687Z] > git symbolic-ref --short HEAD [0ms]
[2022-08-18T00:01:38.690Z] > git for-each-ref --format=%(refname)%00%(upstream:short)%00%(objectname)%00%(upstream:track)%00%(upstream:remotename)%00%(upstream:remoteref) refs/heads/main refs/remotes/main [1ms]
[2022-08-18T00:01:38.693Z] > git for-each-ref --sort -committerdate --format %(refname) %(objectname) %(*objectname) [2ms]
[2022-08-18T00:01:38.693Z] > git remote --verbose [0ms]
[2022-08-18T00:01:38.696Z] > git config --get commit.template [0ms]
[2022-08-18T00:01:38.812Z] > git check-ignore -v -z --stdin [0ms]
[2022-08-18T00:01:39.816Z] > git ls-files --stage -- /home/near/Documents/Code/zerai.xyz/config.toml [1ms]
[2022-08-18T00:01:39.818Z] > git cat-file -s 9b4126c47e278aec20346703d62687e9b4116e3e [0ms]
[2022-08-18T00:01:39.824Z] > git show --textconv :config.toml [1ms]
[2022-08-18T00:01:40.792Z] > git check-ignore -v -z --stdin [0ms]
[2022-08-18T00:01:43.428Z] > git status -z -uall [1ms]
[2022-08-18T00:01:43.431Z] > git symbolic-ref --short HEAD [1ms]
[2022-08-18T00:01:43.433Z] > git for-each-ref --format=%(refname)%00%(upstream:short)%00%(objectname)%00%(upstream:track)%00%(upstream:remotename)%00%(upstream:remoteref) refs/heads/main refs/remotes/main [0ms]
[2022-08-18T00:01:43.437Z] > git for-each-ref --sort -committerdate --format %(refname) %(objectname) %(*objectname) [2ms]
[2022-08-18T00:01:43.437Z] > git remote --verbose [0ms]
[2022-08-18T00:01:43.441Z] > git config --get commit.template [0ms]
[2022-08-18T00:01:48.447Z] > git status -z -uall [1ms]
[2022-08-18T00:01:48.449Z] > git symbolic-ref --short HEAD [0ms]
[2022-08-18T00:01:48.451Z] > git for-each-ref --format=%(refname)%00%(upstream:short)%00%(objectname)%00%(upstream:track)%00%(upstream:remotename)%00%(upstream:remoteref) refs/heads/main refs/remotes/main [1ms]
[2022-08-18T00:01:48.454Z] > git for-each-ref --sort -committerdate --format %(refname) %(objectname) %(*objectname) [2ms]
[2022-08-18T00:01:48.454Z] > git remote --verbose [0ms]
[2022-08-18T00:01:48.458Z] > git config --get commit.template [1ms]
[2022-08-18T00:01:54.906Z] > git status -z -uall [1ms]
[2022-08-18T00:01:54.908Z] > git symbolic-ref --short HEAD [0ms]
[2022-08-18T00:01:54.910Z] > git for-each-ref --format=%(refname)%00%(upstream:short)%00%(objectname)%00%(upstream:track)%00%(upstream:remotename)%00%(upstream:remoteref) refs/heads/main refs/remotes/main [0ms]
[2022-08-18T00:01:54.914Z] > git for-each-ref --sort -committerdate --format %(refname) %(objectname) %(*objectname) [2ms]
[2022-08-18T00:01:54.915Z] > git remote --verbose [1ms]
[2022-08-18T00:01:54.918Z] > git config --get commit.template [1ms]
[2022-08-18T00:04:59.965Z] > git status -z -uall [1ms]
[2022-08-18T00:04:59.967Z] > git symbolic-ref --short HEAD [0ms]
[2022-08-18T00:04:59.970Z] > git for-each-ref --format=%(refname)%00%(upstream:short)%00%(objectname)%00%(upstream:track)%00%(upstream:remotename)%00%(upstream:remoteref) refs/heads/main refs/remotes/main [1ms]
[2022-08-18T00:04:59.976Z] > git remote --verbose [1ms]
[2022-08-18T00:04:59.976Z] > git for-each-ref --sort -committerdate --format %(refname) %(objectname) %(*objectname) [5ms]
[2022-08-18T00:04:59.983Z] > git config --get commit.template [1ms]
[2022-08-18T00:05:00.546Z] > git fetch [586ms]
[2022-08-18T00:05:00.550Z] > git status -z -uall [1ms]
[2022-08-18T00:05:00.552Z] > git symbolic-ref --short HEAD [1ms]
[2022-08-18T00:05:00.554Z] > git for-each-ref --format=%(refname)%00%(upstream:short)%00%(objectname)%00%(upstream:track)%00%(upstream:remotename)%00%(upstream:remoteref) refs/heads/main refs/remotes/main [1ms]
[2022-08-18T00:05:00.558Z] > git remote --verbose [2ms]
[2022-08-18T00:05:00.558Z] > git for-each-ref --sort -committerdate --format %(refname) %(objectname) %(*objectname) [3ms]
[2022-08-18T00:05:00.561Z] > git check-ignore -v -z --stdin [3ms]
[2022-08-18T00:05:00.562Z] > git config --get commit.template [1ms]
[2022-08-18T00:05:01.433Z] > git check-ignore -v -z --stdin [1ms]
[2022-08-18T00:05:01.630Z] > git ls-files --stage -- /home/near/Documents/Code/zerai.xyz/config.toml [1ms]
[2022-08-18T00:05:01.632Z] > git cat-file -s 9b4126c47e278aec20346703d62687e9b4116e3e [0ms]
[2022-08-18T00:05:01.637Z] > git show --textconv :config.toml [1ms]
[2022-08-18T00:05:02.135Z] > git show --textconv :resources/_gen/assets/scss/sass/main.scss_b4f67ac5085b89b62b54c1923e5a9145.content [2ms]
[2022-08-18T00:05:02.135Z] > git ls-files --stage -- /home/near/Documents/Code/zerai.xyz/resources/_gen/assets/scss/sass/main.scss_b4f67ac5085b89b62b54c1923e5a9145.content [0ms]
[2022-08-18T00:05:02.142Z] > git show --textconv :resources/_gen/assets/scss/sass/main.scss_b4f67ac5085b89b62b54c1923e5a9145.content [2ms]
[2022-08-18T00:05:02.142Z] > git ls-files --stage -- /home/near/Documents/Code/zerai.xyz/resources/_gen/assets/scss/sass/main.scss_b4f67ac5085b89b62b54c1923e5a9145.content [0ms]
[2022-08-18T00:05:02.372Z] > git check-ignore -v -z --stdin [1ms]
[2022-08-18T00:05:02.671Z] > git show --textconv :resources/_gen/assets/scss/sass/main.scss_b4f67ac5085b89b62b54c1923e5a9145.json [3ms]
[2022-08-18T00:05:02.679Z] > git ls-files --stage -- /home/near/Documents/Code/zerai.xyz/resources/_gen/assets/scss/sass/main.scss_b4f67ac5085b89b62b54c1923e5a9145.json [9ms]
[2022-08-18T00:05:08.399Z] > git check-ignore -v -z --stdin [1ms]
[2022-08-18T00:05:09.041Z] > git show --textconv :static/style.css [3ms]
[2022-08-18T00:05:09.042Z] > git ls-files --stage -- /home/near/Documents/Code/zerai.xyz/static/style.css [1ms]
[2022-08-18T00:05:09.050Z] > git cat-file -s d3b2088cd6bd82da75bffbc3a3412efafdc07673 [6ms]
[2022-08-18T00:05:11.255Z] > git check-ignore -v -z --stdin [1ms]
[2022-08-18T00:05:12.719Z] > git check-ignore -v -z --stdin [0ms]
[2022-08-18T00:05:14.043Z] > git check-ignore -v -z --stdin [1ms]
[2022-08-18T00:05:14.946Z] > git show --textconv :themes/pure/exampleSite/config.yml [2ms]
[2022-08-18T00:05:14.946Z] > git ls-files --stage -- /home/near/Documents/Code/zerai.xyz/themes/pure/exampleSite/config.yml [0ms]
[2022-08-18T00:05:29.357Z] > git show --textconv :config.toml [2ms]
[2022-08-18T00:05:29.358Z] > git ls-files --stage -- /home/near/Documents/Code/zerai.xyz/config.toml [1ms]
[2022-08-18T00:05:29.360Z] > git cat-file -s 9b4126c47e278aec20346703d62687e9b4116e3e [0ms]
[2022-08-18T00:05:31.293Z] > git show --textconv :config.yml [2ms]
[2022-08-18T00:05:31.293Z] > git ls-files --stage -- /home/near/Documents/Code/zerai.xyz/config.yml [1ms]
[2022-08-18T00:05:31.600Z] > git check-ignore -v -z --stdin [1ms]
[2022-08-18T00:05:32.120Z] > git status -z -uall [1ms]
[2022-08-18T00:05:32.122Z] > git symbolic-ref --short HEAD [0ms]
[2022-08-18T00:05:32.125Z] > git for-each-ref --format=%(refname)%00%(upstream:short)%00%(objectname)%00%(upstream:track)%00%(upstream:remotename)%00%(upstream:remoteref) refs/heads/main refs/remotes/main [1ms]
[2022-08-18T00:05:32.129Z] > git for-each-ref --sort -committerdate --format %(refname) %(objectname) %(*objectname) [2ms]
[2022-08-18T00:05:32.129Z] > git remote --verbose [0ms]
[2022-08-18T00:05:32.132Z] > git config --get commit.template [0ms]
[2022-08-18T00:05:36.355Z] > git show --textconv :config.toml [2ms]
[2022-08-18T00:05:36.359Z] > git ls-files --stage -- /home/near/Documents/Code/zerai.xyz/config.toml [4ms]
[2022-08-18T00:05:36.362Z] > git cat-file -s 9b4126c47e278aec20346703d62687e9b4116e3e [1ms]
[2022-08-18T00:05:38.224Z] > git show --textconv :config.yml [2ms]
[2022-08-18T00:05:38.224Z] > git ls-files --stage -- /home/near/Documents/Code/zerai.xyz/config.yml [0ms]
[2022-08-18T00:05:43.873Z] > git status -z -uall [2ms]
[2022-08-18T00:05:43.876Z] > git symbolic-ref --short HEAD [1ms]
[2022-08-18T00:05:43.878Z] > git for-each-ref --format=%(refname)%00%(upstream:short)%00%(objectname)%00%(upstream:track)%00%(upstream:remotename)%00%(upstream:remoteref) refs/heads/main refs/remotes/main [0ms]
[2022-08-18T00:05:43.881Z] > git for-each-ref --sort -committerdate --format %(refname) %(objectname) %(*objectname) [1ms]
[2022-08-18T00:05:43.882Z] > git remote --verbose [1ms]
[2022-08-18T00:05:43.884Z] > git config --get commit.template [0ms]
[2022-08-18T00:06:19.012Z] > git show --textconv :config.toml [3ms]
[2022-08-18T00:06:19.012Z] > git ls-files --stage -- /home/near/Documents/Code/zerai.xyz/config.toml [0ms]
[2022-08-18T00:06:19.015Z] > git cat-file -s 9b4126c47e278aec20346703d62687e9b4116e3e [1ms]
[2022-08-18T00:06:22.613Z] > git show --textconv :_config.toml [2ms]
[2022-08-18T00:06:22.614Z] > git ls-files --stage -- /home/near/Documents/Code/zerai.xyz/_config.toml [1ms]
[2022-08-18T00:06:22.927Z] > git check-ignore -v -z --stdin [1ms]
[2022-08-18T00:06:23.428Z] > git status -z -uall [2ms]
[2022-08-18T00:06:23.430Z] > git symbolic-ref --short HEAD [1ms]
[2022-08-18T00:06:23.432Z] > git for-each-ref --format=%(refname)%00%(upstream:short)%00%(objectname)%00%(upstream:track)%00%(upstream:remotename)%00%(upstream:remoteref) refs/heads/main refs/remotes/main [1ms]
[2022-08-18T00:06:23.435Z] > git for-each-ref --sort -committerdate --format %(refname) %(objectname) %(*objectname) [2ms]
[2022-08-18T00:06:23.435Z] > git remote --verbose [0ms]
[2022-08-18T00:06:23.439Z] > git config --get commit.template [1ms]
[2022-08-18T00:14:31.097Z] > git fetch [521ms]
[2022-08-18T00:14:31.101Z] > git status -z -uall [0ms]
[2022-08-18T00:14:31.103Z] > git symbolic-ref --short HEAD [1ms]
[2022-08-18T00:14:31.105Z] > git for-each-ref --format=%(refname)%00%(upstream:short)%00%(objectname)%00%(upstream:track)%00%(upstream:remotename)%00%(upstream:remoteref) refs/heads/main refs/remotes/main [1ms]
[2022-08-18T00:14:31.108Z] > git for-each-ref --sort -committerdate --format %(refname) %(objectname) %(*objectname) [2ms]
[2022-08-18T00:14:31.108Z] > git remote --verbose [0ms]
[2022-08-18T00:14:31.111Z] > git config --get commit.template [0ms]
[2022-08-18T00:14:32.131Z] > git status -z -uall [1ms]
[2022-08-18T00:14:32.134Z] > git symbolic-ref --short HEAD [0ms]
[2022-08-18T00:14:32.137Z] > git for-each-ref --format=%(refname)%00%(upstream:short)%00%(objectname)%00%(upstream:track)%00%(upstream:remotename)%00%(upstream:remoteref) refs/heads/main refs/remotes/main [1ms]
[2022-08-18T00:14:32.142Z] > git for-each-ref --sort -committerdate --format %(refname) %(objectname) %(*objectname) [3ms]
[2022-08-18T00:14:32.142Z] > git remote --verbose [1ms]
[2022-08-18T00:14:32.145Z] > git config --get commit.template [0ms]
[2022-08-18T00:14:32.233Z] > git ls-files --stage -- /home/near/Documents/Code/zerai.xyz/_config.toml [1ms]
[2022-08-18T00:14:32.239Z] > git show --textconv :_config.toml [1ms]
[2022-08-18T00:14:36.845Z] > git check-ignore -v -z --stdin [0ms]
[2022-08-18T00:14:46.832Z] > git check-ignore -v -z --stdin [1ms]
[2022-08-18T00:14:47.475Z] > git show --textconv :themes/pure/archetypes/default.md [7ms]
[2022-08-18T00:14:47.475Z] > git ls-files --stage -- /home/near/Documents/Code/zerai.xyz/themes/pure/archetypes/default.md [5ms]
[2022-08-18T00:14:50.289Z] > git show --textconv :themes/lugo/archetypes/default.md [2ms]
[2022-08-18T00:14:50.289Z] > git ls-files --stage -- /home/near/Documents/Code/zerai.xyz/themes/lugo/archetypes/default.md [0ms]
[2022-08-18T00:14:50.292Z] > git cat-file -s 00e77bd79be44872c0b29256b03799c2fb00c10d [1ms]
[2022-08-18T00:14:52.885Z] > git show --textconv :_config.toml [3ms]
[2022-08-18T00:14:52.886Z] > git ls-files --stage -- /home/near/Documents/Code/zerai.xyz/_config.toml [2ms]
[2022-08-18T00:14:56.822Z] > git show --textconv :themes/pure/archetypes/default.md [2ms]
[2022-08-18T00:14:56.823Z] > git ls-files --stage -- /home/near/Documents/Code/zerai.xyz/themes/pure/archetypes/default.md [1ms]
[2022-08-18T00:14:59.422Z] > git check-ignore -v -z --stdin [1ms]
[2022-08-18T00:15:01.004Z] > git check-ignore -v -z --stdin [1ms]
[2022-08-18T00:15:09.847Z] > git check-ignore -v -z --stdin [0ms]
[2022-08-18T00:15:10.715Z] > git check-ignore -v -z --stdin [1ms]
[2022-08-18T00:15:11.630Z] > git show --textconv :themes/pure/exampleSite/content/homepage/about.md [3ms]
[2022-08-18T00:15:11.630Z] > git ls-files --stage -- /home/near/Documents/Code/zerai.xyz/themes/pure/exampleSite/content/homepage/about.md [1ms]
[2022-08-18T00:15:13.475Z] > git show --textconv :themes/pure/exampleSite/content/homepage/index.md [2ms]
[2022-08-18T00:15:13.476Z] > git ls-files --stage -- /home/near/Documents/Code/zerai.xyz/themes/pure/exampleSite/content/homepage/index.md [1ms]
[2022-08-18T00:15:14.876Z] > git check-ignore -v -z --stdin [1ms]
[2022-08-18T00:15:16.976Z] > git show --textconv :themes/pure/exampleSite/content/posts/_index.md [2ms]
[2022-08-18T00:15:16.977Z] > git ls-files --stage -- /home/near/Documents/Code/zerai.xyz/themes/pure/exampleSite/content/posts/_index.md [1ms]
[2022-08-18T00:15:18.629Z] > git show --textconv :themes/pure/exampleSite/content/posts/emoji-support.md [3ms]
[2022-08-18T00:15:18.629Z] > git ls-files --stage -- /home/near/Documents/Code/zerai.xyz/themes/pure/exampleSite/content/posts/emoji-support.md [1ms]
[2022-08-18T00:15:27.836Z] > git show --textconv :themes/pure/exampleSite/content/posts/markdown-syntax.md [2ms]
[2022-08-18T00:15:27.836Z] > git ls-files --stage -- /home/near/Documents/Code/zerai.xyz/themes/pure/exampleSite/content/posts/markdown-syntax.md [0ms]
[2022-08-18T00:15:30.282Z] > git show --textconv :themes/pure/exampleSite/content/posts/math-typesetting.mmark [2ms]
[2022-08-18T00:15:30.282Z] > git ls-files --stage -- /home/near/Documents/Code/zerai.xyz/themes/pure/exampleSite/content/posts/math-typesetting.mmark [1ms]
[2022-08-18T00:15:32.907Z] > git show --textconv :themes/pure/exampleSite/content/posts/placeholder-text.md [2ms]
[2022-08-18T00:15:32.907Z] > git ls-files --stage -- /home/near/Documents/Code/zerai.xyz/themes/pure/exampleSite/content/posts/placeholder-text.md [1ms]
[2022-08-18T00:15:33.701Z] > git show --textconv :themes/pure/exampleSite/content/posts/rich-content.md [2ms]
[2022-08-18T00:15:33.701Z] > git ls-files --stage -- /home/near/Documents/Code/zerai.xyz/themes/pure/exampleSite/content/posts/rich-content.md [0ms]
[2022-08-18T00:15:52.837Z] > git show --textconv :themes/pure/exampleSite/content/about.md [3ms]
[2022-08-18T00:15:52.837Z] > git ls-files --stage -- /home/near/Documents/Code/zerai.xyz/themes/pure/exampleSite/content/about.md [0ms]
[2022-08-18T00:15:56.292Z] > git check-ignore -v -z --stdin [1ms]
[2022-08-18T00:16:08.932Z] > git show --textconv :_config.toml [2ms]
[2022-08-18T00:16:08.932Z] > git ls-files --stage -- /home/near/Documents/Code/zerai.xyz/_config.toml [0ms]
[2022-08-18T00:16:12.942Z] > git show --textconv :themes/pure/exampleSite/content/about.md [2ms]
[2022-08-18T00:16:12.942Z] > git ls-files --stage -- /home/near/Documents/Code/zerai.xyz/themes/pure/exampleSite/content/about.md [1ms]
[2022-08-18T00:16:15.543Z] > git show --textconv :content/about.md [2ms]
[2022-08-18T00:16:15.543Z] > git ls-files --stage -- /home/near/Documents/Code/zerai.xyz/content/about.md [0ms]
[2022-08-18T00:16:15.545Z] > git cat-file -s 955e264562a5d63e8bfd78ff01d429916d63788a [0ms]
[2022-08-18T00:16:17.994Z] > git show --textconv :themes/pure/exampleSite/content/about.md [3ms]
[2022-08-18T00:16:17.994Z] > git ls-files --stage -- /home/near/Documents/Code/zerai.xyz/themes/pure/exampleSite/content/about.md [1ms]
[2022-08-18T00:16:29.021Z] > git show --textconv :netlify.toml [2ms]
[2022-08-18T00:16:29.021Z] > git ls-files --stage -- /home/near/Documents/Code/zerai.xyz/netlify.toml [1ms]
[2022-08-18T00:16:29.023Z] > git cat-file -s c56850f39dfb29a82f71c09ecd50b8172ff7a22f [0ms]
[2022-08-18T00:16:29.523Z] > git show --textconv :themes/pure/exampleSite/content/about.md [2ms]
[2022-08-18T00:16:29.523Z] > git ls-files --stage -- /home/near/Documents/Code/zerai.xyz/themes/pure/exampleSite/content/about.md [1ms]
[2022-08-18T00:16:29.987Z] > git show --textconv :content/blog/hello-world.md [5ms]
[2022-08-18T00:16:29.988Z] > git ls-files --stage -- /home/near/Documents/Code/zerai.xyz/content/blog/hello-world.md [1ms]
[2022-08-18T00:16:29.992Z] > git cat-file -s 11cb1dbe3b9ac3e33a85f15761da69593e755018 [0ms]
[2022-08-18T00:16:30.879Z] > git show --textconv :themes/pure/exampleSite/content/about.md [3ms]
[2022-08-18T00:16:30.880Z] > git ls-files --stage -- /home/near/Documents/Code/zerai.xyz/themes/pure/exampleSite/content/about.md [1ms]
[2022-08-18T00:16:32.166Z] > git show --textconv :content/about.md [2ms]
[2022-08-18T00:16:32.167Z] > git ls-files --stage -- /home/near/Documents/Code/zerai.xyz/content/about.md [1ms]
[2022-08-18T00:16:32.170Z] > git cat-file -s 955e264562a5d63e8bfd78ff01d429916d63788a [1ms]
[2022-08-18T00:16:46.358Z] > git show --textconv :themes/pure/exampleSite/content/about.md [2ms]
[2022-08-18T00:16:46.358Z] > git ls-files --stage -- /home/near/Documents/Code/zerai.xyz/themes/pure/exampleSite/content/about.md [0ms]
[2022-08-18T00:16:49.294Z] > git show --textconv :content/about.md [2ms]
[2022-08-18T00:16:49.294Z] > git ls-files --stage -- /home/near/Documents/Code/zerai.xyz/content/about.md [0ms]
[2022-08-18T00:16:49.297Z] > git cat-file -s 955e264562a5d63e8bfd78ff01d429916d63788a [1ms]
[2022-08-18T00:16:52.616Z] > git status -z -uall [2ms]
[2022-08-18T00:16:52.618Z] > git symbolic-ref --short HEAD [0ms]
[2022-08-18T00:16:52.620Z] > git for-each-ref --format=%(refname)%00%(upstream:short)%00%(objectname)%00%(upstream:track)%00%(upstream:remotename)%00%(upstream:remoteref) refs/heads/main refs/remotes/main [0ms]
[2022-08-18T00:16:52.624Z] > git for-each-ref --sort -committerdate --format %(refname) %(objectname) %(*objectname) [2ms]
[2022-08-18T00:16:52.624Z] > git remote --verbose [1ms]
[2022-08-18T00:16:52.627Z] > git config --get commit.template [1ms]
[2022-08-18T00:17:00.135Z] > git show --textconv :themes/pure/exampleSite/content/about.md [2ms]
[2022-08-18T00:17:00.135Z] > git ls-files --stage -- /home/near/Documents/Code/zerai.xyz/themes/pure/exampleSite/content/about.md [0ms]
[2022-08-18T00:17:05.296Z] > git show --textconv :content/about.md [2ms]
[2022-08-18T00:17:05.297Z] > git ls-files --stage -- /home/near/Documents/Code/zerai.xyz/content/about.md [1ms]
[2022-08-18T00:17:05.299Z] > git cat-file -s 955e264562a5d63e8bfd78ff01d429916d63788a [0ms]
[2022-08-18T00:17:10.117Z] > git status -z -uall [1ms]
[2022-08-18T00:17:10.120Z] > git symbolic-ref --short HEAD [1ms]
[2022-08-18T00:17:10.122Z] > git for-each-ref --format=%(refname)%00%(upstream:short)%00%(objectname)%00%(upstream:track)%00%(upstream:remotename)%00%(upstream:remoteref) refs/heads/main refs/remotes/main [0ms]
[2022-08-18T00:17:10.126Z] > git for-each-ref --sort -committerdate --format %(refname) %(objectname) %(*objectname) [2ms]
[2022-08-18T00:17:10.126Z] > git remote --verbose [0ms]
[2022-08-18T00:17:10.129Z] > git config --get commit.template [0ms]
[2022-08-18T00:17:18.218Z] > git status -z -uall [1ms]
[2022-08-18T00:17:18.221Z] > git symbolic-ref --short HEAD [1ms]
[2022-08-18T00:17:18.223Z] > git for-each-ref --format=%(refname)%00%(upstream:short)%00%(objectname)%00%(upstream:track)%00%(upstream:remotename)%00%(upstream:remoteref) refs/heads/main refs/remotes/main [1ms]
[2022-08-18T00:17:18.226Z] > git for-each-ref --sort -committerdate --format %(refname) %(objectname) %(*objectname) [1ms]
[2022-08-18T00:17:18.227Z] > git remote --verbose [1ms]
[2022-08-18T00:17:18.230Z] > git config --get commit.template [1ms]
[2022-08-18T00:17:31.629Z] > git fetch [514ms]
[2022-08-18T00:17:31.632Z] > git status -z -uall [0ms]
[2022-08-18T00:17:31.635Z] > git symbolic-ref --short HEAD [1ms]
[2022-08-18T00:17:31.637Z] > git for-each-ref --format=%(refname)%00%(upstream:short)%00%(objectname)%00%(upstream:track)%00%(upstream:remotename)%00%(upstream:remoteref) refs/heads/main refs/remotes/main [1ms]
[2022-08-18T00:17:31.641Z] > git for-each-ref --sort -committerdate --format %(refname) %(objectname) %(*objectname) [2ms]
[2022-08-18T00:17:31.641Z] > git remote --verbose [1ms]
[2022-08-18T00:17:31.644Z] > git config --get commit.template [1ms]
[2022-08-18T00:17:32.662Z] > git status -z -uall [1ms]
[2022-08-18T00:17:32.665Z] > git symbolic-ref --short HEAD [1ms]
[2022-08-18T00:17:32.668Z] > git for-each-ref --format=%(refname)%00%(upstream:short)%00%(objectname)%00%(upstream:track)%00%(upstream:remotename)%00%(upstream:remoteref) refs/heads/main refs/remotes/main [1ms]
[2022-08-18T00:17:32.671Z] > git for-each-ref --sort -committerdate --format %(refname) %(objectname) %(*objectname) [2ms]
[2022-08-18T00:17:32.671Z] > git remote --verbose [0ms]
[2022-08-18T00:17:32.674Z] > git config --get commit.template [0ms]
[2022-08-18T00:17:32.781Z] > git ls-files --stage -- /home/near/Documents/Code/zerai.xyz/content/about.md [1ms]
[2022-08-18T00:17:32.784Z] > git cat-file -s 955e264562a5d63e8bfd78ff01d429916d63788a [0ms]
[2022-08-18T00:17:32.791Z] > git show --textconv :content/about.md [1ms]
[2022-08-18T00:18:43.118Z] > git status -z -uall [1ms]
[2022-08-18T00:18:43.120Z] > git symbolic-ref --short HEAD [0ms]
[2022-08-18T00:18:43.123Z] > git for-each-ref --format=%(refname)%00%(upstream:short)%00%(objectname)%00%(upstream:track)%00%(upstream:remotename)%00%(upstream:remoteref) refs/heads/main refs/remotes/main [1ms]
[2022-08-18T00:18:43.127Z] > git for-each-ref --sort -committerdate --format %(refname) %(objectname) %(*objectname) [2ms]
[2022-08-18T00:18:43.127Z] > git remote --verbose [1ms]
[2022-08-18T00:18:43.130Z] > git config --get commit.template [1ms]
[2022-08-18T00:18:46.518Z] > git show --textconv :config.yml [2ms]
[2022-08-18T00:18:46.518Z] > git ls-files --stage -- /home/near/Documents/Code/zerai.xyz/config.yml [0ms]
[2022-08-18T00:18:49.841Z] > git show --textconv :content/about.md [2ms]
[2022-08-18T00:18:49.842Z] > git ls-files --stage -- /home/near/Documents/Code/zerai.xyz/content/about.md [1ms]
[2022-08-18T00:18:49.844Z] > git cat-file -s 955e264562a5d63e8bfd78ff01d429916d63788a [1ms]
[2022-08-18T00:18:50.660Z] > git status -z -uall [1ms]
[2022-08-18T00:18:50.662Z] > git symbolic-ref --short HEAD [0ms]
[2022-08-18T00:18:50.665Z] > git for-each-ref --format=%(refname)%00%(upstream:short)%00%(objectname)%00%(upstream:track)%00%(upstream:remotename)%00%(upstream:remoteref) refs/heads/main refs/remotes/main [0ms]
[2022-08-18T00:18:50.670Z] > git for-each-ref --sort -committerdate --format %(refname) %(objectname) %(*objectname) [2ms]
[2022-08-18T00:18:50.670Z] > git remote --verbose [0ms]
[2022-08-18T00:18:50.673Z] > git config --get commit.template [1ms]
[2022-08-18T00:18:50.984Z] > git show --textconv :_config.toml [2ms]
[2022-08-18T00:18:50.985Z] > git ls-files --stage -- /home/near/Documents/Code/zerai.xyz/_config.toml [1ms]
[2022-08-18T00:18:52.562Z] > git show --textconv :config.toml [2ms]
[2022-08-18T00:18:52.563Z] > git ls-files --stage -- /home/near/Documents/Code/zerai.xyz/config.toml [1ms]
[2022-08-18T00:18:52.565Z] > git cat-file -s 9b4126c47e278aec20346703d62687e9b4116e3e [0ms]
[2022-08-18T00:18:55.678Z] > git status -z -uall [1ms]
[2022-08-18T00:18:55.681Z] > git symbolic-ref --short HEAD [0ms]
[2022-08-18T00:18:55.684Z] > git for-each-ref --format=%(refname)%00%(upstream:short)%00%(objectname)%00%(upstream:track)%00%(upstream:remotename)%00%(upstream:remoteref) refs/heads/main refs/remotes/main [1ms]
[2022-08-18T00:18:55.688Z] > git for-each-ref --sort -committerdate --format %(refname) %(objectname) %(*objectname) [2ms]
[2022-08-18T00:18:55.688Z] > git remote --verbose [1ms]
[2022-08-18T00:18:55.691Z] > git config --get commit.template [0ms]
[2022-08-18T00:19:11.233Z] > git status -z -uall [1ms]
[2022-08-18T00:19:11.237Z] > git symbolic-ref --short HEAD [1ms]
[2022-08-18T00:19:11.239Z] > git for-each-ref --format=%(refname)%00%(upstream:short)%00%(objectname)%00%(upstream:track)%00%(upstream:remotename)%00%(upstream:remoteref) refs/heads/main refs/remotes/main [1ms]
[2022-08-18T00:19:11.243Z] > git for-each-ref --sort -committerdate --format %(refname) %(objectname) %(*objectname) [2ms]
[2022-08-18T00:19:11.243Z] > git remote --verbose [1ms]
[2022-08-18T00:19:11.247Z] > git config --get commit.template [1ms]
[2022-08-18T00:19:25.982Z] > git status -z -uall [1ms]
[2022-08-18T00:19:25.985Z] > git symbolic-ref --short HEAD [1ms]
[2022-08-18T00:19:25.988Z] > git for-each-ref --format=%(refname)%00%(upstream:short)%00%(objectname)%00%(upstream:track)%00%(upstream:remotename)%00%(upstream:remoteref) refs/heads/main refs/remotes/main [1ms]
[2022-08-18T00:19:25.991Z] > git for-each-ref --sort -committerdate --format %(refname) %(objectname) %(*objectname) [2ms]
[2022-08-18T00:19:25.991Z] > git remote --verbose [0ms]
[2022-08-18T00:19:25.996Z] > git config --get commit.template [1ms]
[2022-08-18T00:34:37.861Z] > git status -z -uall [1ms]
[2022-08-18T00:34:37.864Z] > git symbolic-ref --short HEAD [0ms]
[2022-08-18T00:34:37.866Z] > git for-each-ref --format=%(refname)%00%(upstream:short)%00%(objectname)%00%(upstream:track)%00%(upstream:remotename)%00%(upstream:remoteref) refs/heads/main refs/remotes/main [0ms]
[2022-08-18T00:34:37.870Z] > git for-each-ref --sort -committerdate --format %(refname) %(objectname) %(*objectname) [2ms]
[2022-08-18T00:34:37.870Z] > git remote --verbose [0ms]
[2022-08-18T00:34:37.874Z] > git config --get commit.template [1ms]
[2022-08-18T00:34:38.380Z] > git fetch [522ms]
[2022-08-18T00:34:38.384Z] > git status -z -uall [1ms]
[2022-08-18T00:34:38.386Z] > git symbolic-ref --short HEAD [0ms]
[2022-08-18T00:34:38.389Z] > git for-each-ref --format=%(refname)%00%(upstream:short)%00%(objectname)%00%(upstream:track)%00%(upstream:remotename)%00%(upstream:remoteref) refs/heads/main refs/remotes/main [1ms]
[2022-08-18T00:34:38.392Z] > git for-each-ref --sort -committerdate --format %(refname) %(objectname) %(*objectname) [2ms]
[2022-08-18T00:34:38.392Z] > git remote --verbose [0ms]
[2022-08-18T00:34:38.395Z] > git config --get commit.template [0ms]
[2022-08-18T00:34:38.431Z] > git check-ignore -v -z --stdin [1ms]
[2022-08-18T00:34:39.474Z] > git ls-files --stage -- /home/near/Documents/Code/zerai.xyz/config.toml [1ms]
[2022-08-18T00:34:39.476Z] > git cat-file -s 9b4126c47e278aec20346703d62687e9b4116e3e [1ms]
[2022-08-18T00:34:39.482Z] > git show --textconv :config.toml [1ms]
[2022-08-18T00:34:39.922Z] > git check-ignore -v -z --stdin [0ms]
[2022-08-18T00:34:42.879Z] > git status -z -uall [2ms]
[2022-08-18T00:34:42.881Z] > git symbolic-ref --short HEAD [0ms]
[2022-08-18T00:34:42.884Z] > git for-each-ref --format=%(refname)%00%(upstream:short)%00%(objectname)%00%(upstream:track)%00%(upstream:remotename)%00%(upstream:remoteref) refs/heads/main refs/remotes/main [1ms]
[2022-08-18T00:34:42.888Z] > git for-each-ref --sort -committerdate --format %(refname) %(objectname) %(*objectname) [2ms]
[2022-08-18T00:34:42.888Z] > git remote --verbose [1ms]
[2022-08-18T00:34:42.893Z] > git config --get commit.template [1ms]
[2022-08-18T00:34:49.008Z] > git check-ignore -v -z --stdin [0ms]
[2022-08-18T00:34:49.243Z] > git show --textconv :themes/ezhil/archetypes/default.md [2ms]
[2022-08-18T00:34:49.243Z] > git ls-files --stage -- /home/near/Documents/Code/zerai.xyz/themes/ezhil/archetypes/default.md [0ms]
[2022-08-18T00:34:50.455Z] > git show --textconv :config.toml [2ms]
[2022-08-18T00:34:50.455Z] > git ls-files --stage -- /home/near/Documents/Code/zerai.xyz/config.toml [0ms]
[2022-08-18T00:34:50.459Z] > git cat-file -s 9b4126c47e278aec20346703d62687e9b4116e3e [1ms]
[2022-08-18T00:34:52.699Z] > git check-ignore -v -z --stdin [1ms]
[2022-08-18T00:34:53.943Z] > git check-ignore -v -z --stdin [1ms]
[2022-08-18T00:34:54.775Z] > git check-ignore -v -z --stdin [1ms]
[2022-08-18T00:34:55.225Z] > git show --textconv :themes/ezhil/exampleSite/content/posts/post-1.md [4ms]
[2022-08-18T00:34:55.226Z] > git ls-files --stage -- /home/near/Documents/Code/zerai.xyz/themes/ezhil/exampleSite/content/posts/post-1.md [1ms]
[2022-08-18T00:34:57.230Z] > git show --textconv :config.toml [2ms]
[2022-08-18T00:34:57.230Z] > git ls-files --stage -- /home/near/Documents/Code/zerai.xyz/config.toml [0ms]
[2022-08-18T00:34:57.233Z] > git cat-file -s 9b4126c47e278aec20346703d62687e9b4116e3e [1ms]
[2022-08-18T00:35:07.293Z] > git show --textconv :themes/ezhil/exampleSite/config.toml [3ms]
[2022-08-18T00:35:07.293Z] > git ls-files --stage -- /home/near/Documents/Code/zerai.xyz/themes/ezhil/exampleSite/config.toml [1ms]
[2022-08-18T00:35:26.529Z] > git show --textconv :config.toml [3ms]
[2022-08-18T00:35:26.529Z] > git ls-files --stage -- /home/near/Documents/Code/zerai.xyz/config.toml [0ms]
[2022-08-18T00:35:26.532Z] > git cat-file -s 9b4126c47e278aec20346703d62687e9b4116e3e [1ms]
[2022-08-18T00:35:28.646Z] > git show --textconv :themes/ezhil/exampleSite/config.toml [1ms]
[2022-08-18T00:35:28.647Z] > git ls-files --stage -- /home/near/Documents/Code/zerai.xyz/themes/ezhil/exampleSite/config.toml [1ms]
[2022-08-18T00:35:29.691Z] > git show --textconv :config.toml [2ms]
[2022-08-18T00:35:29.692Z] > git ls-files --stage -- /home/near/Documents/Code/zerai.xyz/config.toml [1ms]
[2022-08-18T00:35:29.694Z] > git cat-file -s 9b4126c47e278aec20346703d62687e9b4116e3e [0ms]
[2022-08-18T00:35:30.842Z] > git show --textconv :themes/ezhil/exampleSite/config.toml [2ms]
[2022-08-18T00:35:30.842Z] > git ls-files --stage -- /home/near/Documents/Code/zerai.xyz/themes/ezhil/exampleSite/config.toml [1ms]
[2022-08-18T00:35:31.747Z] > git show --textconv :config.toml [2ms]
[2022-08-18T00:35:31.747Z] > git ls-files --stage -- /home/near/Documents/Code/zerai.xyz/config.toml [0ms]
[2022-08-18T00:35:31.750Z] > git cat-file -s 9b4126c47e278aec20346703d62687e9b4116e3e [1ms]
[2022-08-18T00:35:32.618Z] > git show --textconv :themes/ezhil/exampleSite/config.toml [2ms]
[2022-08-18T00:35:32.619Z] > git ls-files --stage -- /home/near/Documents/Code/zerai.xyz/themes/ezhil/exampleSite/config.toml [1ms]
[2022-08-18T00:35:40.263Z] > git show --textconv :config.toml [2ms]
[2022-08-18T00:35:40.263Z] > git ls-files --stage -- /home/near/Documents/Code/zerai.xyz/config.toml [0ms]
[2022-08-18T00:35:40.266Z] > git cat-file -s 9b4126c47e278aec20346703d62687e9b4116e3e [1ms]
[2022-08-18T00:35:43.505Z] > git status -z -uall [1ms]
[2022-08-18T00:35:43.508Z] > git symbolic-ref --short HEAD [1ms]
[2022-08-18T00:35:43.510Z] > git for-each-ref --format=%(refname)%00%(upstream:short)%00%(objectname)%00%(upstream:track)%00%(upstream:remotename)%00%(upstream:remoteref) refs/heads/main refs/remotes/main [0ms]
[2022-08-18T00:35:43.514Z] > git for-each-ref --sort -committerdate --format %(refname) %(objectname) %(*objectname) [2ms]
[2022-08-18T00:35:43.514Z] > git remote --verbose [1ms]
[2022-08-18T00:35:43.516Z] > git config --get commit.template [0ms]
[2022-08-18T00:40:43.582Z] > git fetch [531ms]
[2022-08-18T00:40:43.586Z] > git status -z -uall [1ms]
[2022-08-18T00:40:43.588Z] > git symbolic-ref --short HEAD [0ms]
[2022-08-18T00:40:43.591Z] > git for-each-ref --format=%(refname)%00%(upstream:short)%00%(objectname)%00%(upstream:track)%00%(upstream:remotename)%00%(upstream:remoteref) refs/heads/main refs/remotes/main [1ms]
[2022-08-18T00:40:43.595Z] > git for-each-ref --sort -committerdate --format %(refname) %(objectname) %(*objectname) [2ms]
[2022-08-18T00:40:43.595Z] > git remote --verbose [0ms]
[2022-08-18T00:40:43.599Z] > git config --get commit.template [1ms]
[2022-08-18T00:40:44.678Z] > git ls-files --stage -- /home/near/Documents/Code/zerai.xyz/config.toml [0ms]
[2022-08-18T00:40:44.680Z] > git cat-file -s 9b4126c47e278aec20346703d62687e9b4116e3e [0ms]
[2022-08-18T00:40:44.686Z] > git show --textconv :config.toml [1ms]
[2022-08-18T00:40:49.996Z] > git status -z -uall [2ms]
[2022-08-18T00:40:50.000Z] > git symbolic-ref --short HEAD [0ms]
[2022-08-18T00:40:50.005Z] > git for-each-ref --format=%(refname)%00%(upstream:short)%00%(objectname)%00%(upstream:track)%00%(upstream:remotename)%00%(upstream:remoteref) refs/heads/main refs/remotes/main [1ms]
[2022-08-18T00:40:50.015Z] > git for-each-ref --sort -committerdate --format %(refname) %(objectname) %(*objectname) [5ms]
[2022-08-18T00:40:50.015Z] > git remote --verbose [1ms]
[2022-08-18T00:40:50.022Z] > git config --get commit.template [1ms]
[2022-08-18T00:48:26.878Z] > git status -z -uall [1ms]
[2022-08-18T00:48:26.883Z] > git symbolic-ref --short HEAD [1ms]
[2022-08-18T00:48:26.887Z] > git for-each-ref --format=%(refname)%00%(upstream:short)%00%(objectname)%00%(upstream:track)%00%(upstream:remotename)%00%(upstream:remoteref) refs/heads/main refs/remotes/main [0ms]
[2022-08-18T00:48:26.892Z] > git for-each-ref --sort -committerdate --format %(refname) %(objectname) %(*objectname) [3ms]
[2022-08-18T00:48:26.892Z] > git remote --verbose [0ms]
[2022-08-18T00:48:26.896Z] > git config --get commit.template [1ms]
[2022-08-18T00:48:27.421Z] > git fetch [550ms]
[2022-08-18T00:48:27.424Z] > git status -z -uall [1ms]
[2022-08-18T00:48:27.427Z] > git symbolic-ref --short HEAD [0ms]
[2022-08-18T00:48:27.430Z] > git for-each-ref --format=%(refname)%00%(upstream:short)%00%(objectname)%00%(upstream:track)%00%(upstream:remotename)%00%(upstream:remoteref) refs/heads/main refs/remotes/main [1ms]
[2022-08-18T00:48:27.434Z] > git for-each-ref --sort -committerdate --format %(refname) %(objectname) %(*objectname) [1ms]
[2022-08-18T00:48:27.434Z] > git remote --verbose [1ms]
[2022-08-18T00:48:27.437Z] > git config --get commit.template [1ms]
[2022-08-18T00:48:28.555Z] > git ls-files --stage -- /home/near/Documents/Code/zerai.xyz/config.toml [1ms]
[2022-08-18T00:48:28.557Z] > git cat-file -s 9b4126c47e278aec20346703d62687e9b4116e3e [0ms]
[2022-08-18T00:48:28.562Z] > git show --textconv :config.toml [0ms]
[2022-08-18T00:48:31.902Z] > git status -z -uall [1ms]
[2022-08-18T00:48:31.904Z] > git symbolic-ref --short HEAD [0ms]
[2022-08-18T00:48:31.907Z] > git for-each-ref --format=%(refname)%00%(upstream:short)%00%(objectname)%00%(upstream:track)%00%(upstream:remotename)%00%(upstream:remoteref) refs/heads/main refs/remotes/main [1ms]
[2022-08-18T00:48:31.911Z] > git for-each-ref --sort -committerdate --format %(refname) %(objectname) %(*objectname) [2ms]
[2022-08-18T00:48:31.911Z] > git remote --verbose [1ms]
[2022-08-18T00:48:31.914Z] > git config --get commit.template [1ms]
[2022-08-18T00:54:02.644Z] > git fetch [636ms]
[2022-08-18T00:54:02.644Z] From github.com:naoufalzerai/zerai.xyz
   a327509..edb7553  main       -> origin/main
[2022-08-18T00:54:02.648Z] > git status -z -uall [1ms]
[2022-08-18T00:54:02.650Z] > git symbolic-ref --short HEAD [0ms]
[2022-08-18T00:54:02.653Z] > git for-each-ref --format=%(refname)%00%(upstream:short)%00%(objectname)%00%(upstream:track)%00%(upstream:remotename)%00%(upstream:remoteref) refs/heads/main refs/remotes/main [0ms]
[2022-08-18T00:54:02.659Z] > git for-each-ref --sort -committerdate --format %(refname) %(objectname) %(*objectname) [2ms]
[2022-08-18T00:54:02.659Z] > git remote --verbose [0ms]
[2022-08-18T00:54:02.665Z] > git config --get commit.template [1ms]
[2022-08-18T00:54:03.800Z] > git status -z -uall [1ms]
[2022-08-18T00:54:03.806Z] > git symbolic-ref --short HEAD [1ms]
[2022-08-18T00:54:03.809Z] > git for-each-ref --format=%(refname)%00%(upstream:short)%00%(objectname)%00%(upstream:track)%00%(upstream:remotename)%00%(upstream:remoteref) refs/heads/main refs/remotes/main [1ms]
[2022-08-18T00:54:03.812Z] > git for-each-ref --sort -committerdate --format %(refname) %(objectname) %(*objectname) [2ms]
[2022-08-18T00:54:03.812Z] > git remote --verbose [0ms]
[2022-08-18T00:54:03.815Z] > git config --get commit.template [0ms]
[2022-08-18T00:54:03.903Z] > git ls-files --stage -- /home/near/Documents/Code/zerai.xyz/config.toml [1ms]
[2022-08-18T00:54:03.907Z] > git cat-file -s 9b4126c47e278aec20346703d62687e9b4116e3e [1ms]
[2022-08-18T00:54:03.914Z] > git show --textconv :config.toml [2ms]
[2022-08-18T00:54:07.578Z] > git show --textconv :themes/ezhil/exampleSite/config.toml [3ms]
[2022-08-18T00:54:07.578Z] > git ls-files --stage -- /home/near/Documents/Code/zerai.xyz/themes/ezhil/exampleSite/config.toml [0ms]
[2022-08-18T00:54:08.821Z] > git status -z -uall [1ms]
[2022-08-18T00:54:08.824Z] > git symbolic-ref --short HEAD [1ms]
[2022-08-18T00:54:08.826Z] > git for-each-ref --format=%(refname)%00%(upstream:short)%00%(objectname)%00%(upstream:track)%00%(upstream:remotename)%00%(upstream:remoteref) refs/heads/main refs/remotes/main [1ms]
[2022-08-18T00:54:08.830Z] > git for-each-ref --sort -committerdate --format %(refname) %(objectname) %(*objectname) [2ms]
[2022-08-18T00:54:08.830Z] > git remote --verbose [0ms]
[2022-08-18T00:54:08.833Z] > git config --get commit.template [0ms]
[2022-08-18T00:55:42.471Z] > git show --textconv :content/about.md [3ms]
[2022-08-18T00:55:42.472Z] > git ls-files --stage -- /home/near/Documents/Code/zerai.xyz/content/about.md [1ms]
[2022-08-18T00:55:42.475Z] > git cat-file -s 955e264562a5d63e8bfd78ff01d429916d63788a [1ms]
[2022-08-18T01:01:09.538Z] > git fetch [546ms]
[2022-08-18T01:01:09.542Z] > git status -z -uall [1ms]
[2022-08-18T01:01:09.544Z] > git symbolic-ref --short HEAD [0ms]
[2022-08-18T01:01:09.547Z] > git for-each-ref --format=%(refname)%00%(upstream:short)%00%(objectname)%00%(upstream:track)%00%(upstream:remotename)%00%(upstream:remoteref) refs/heads/main refs/remotes/main [1ms]
[2022-08-18T01:01:09.550Z] > git for-each-ref --sort -committerdate --format %(refname) %(objectname) %(*objectname) [2ms]
[2022-08-18T01:01:09.550Z] > git remote --verbose [0ms]
[2022-08-18T01:01:09.553Z] > git config --get commit.template [0ms]
[2022-08-18T01:01:10.634Z] > git ls-files --stage -- /home/near/Documents/Code/zerai.xyz/content/about.md [1ms]
[2022-08-18T01:01:10.636Z] > git cat-file -s 955e264562a5d63e8bfd78ff01d429916d63788a [1ms]
[2022-08-18T01:01:10.642Z] > git show --textconv :content/about.md [0ms]
[2022-08-18T01:01:26.426Z] > git show --textconv :content/blog/hello-world.md [2ms]
[2022-08-18T01:01:26.427Z] > git ls-files --stage -- /home/near/Documents/Code/zerai.xyz/content/blog/hello-world.md [1ms]
[2022-08-18T01:01:26.429Z] > git cat-file -s 11cb1dbe3b9ac3e33a85f15761da69593e755018 [1ms]
[2022-08-18T01:01:30.653Z] > git show --textconv :content/post/hello-world.md [2ms]
[2022-08-18T01:01:30.653Z] > git ls-files --stage -- /home/near/Documents/Code/zerai.xyz/content/post/hello-world.md [0ms]
[2022-08-18T01:01:30.970Z] > git check-ignore -v -z --stdin [0ms]
[2022-08-18T01:01:31.471Z] > git status -z -uall [1ms]
[2022-08-18T01:01:31.474Z] > git symbolic-ref --short HEAD [1ms]
[2022-08-18T01:01:31.477Z] > git for-each-ref --format=%(refname)%00%(upstream:short)%00%(objectname)%00%(upstream:track)%00%(upstream:remotename)%00%(upstream:remoteref) refs/heads/main refs/remotes/main [1ms]
[2022-08-18T01:01:31.482Z] > git for-each-ref --sort -committerdate --format %(refname) %(objectname) %(*objectname) [3ms]
[2022-08-18T01:01:31.482Z] > git remote --verbose [1ms]
[2022-08-18T01:01:31.485Z] > git config --get commit.template [1ms]
[2022-08-18T01:01:41.805Z] > git show --textconv :content/posts/hello-world.md [2ms]
[2022-08-18T01:01:41.806Z] > git ls-files --stage -- /home/near/Documents/Code/zerai.xyz/content/posts/hello-world.md [1ms]
[2022-08-18T01:01:42.129Z] > git check-ignore -v -z --stdin [1ms]
[2022-08-18T01:01:42.629Z] > git status -z -uall [1ms]
[2022-08-18T01:01:42.632Z] > git symbolic-ref --short HEAD [0ms]
[2022-08-18T01:01:42.634Z] > git for-each-ref --format=%(refname)%00%(upstream:short)%00%(objectname)%00%(upstream:track)%00%(upstream:remotename)%00%(upstream:remoteref) refs/heads/main refs/remotes/main [0ms]
[2022-08-18T01:01:42.638Z] > git for-each-ref --sort -committerdate --format %(refname) %(objectname) %(*objectname) [2ms]
[2022-08-18T01:01:42.638Z] > git remote --verbose [0ms]
[2022-08-18T01:01:42.643Z] > git config --get commit.template [1ms]
[2022-08-18T01:01:53.803Z] > git show --textconv :content/about.md [2ms]
[2022-08-18T01:01:53.803Z] > git ls-files --stage -- /home/near/Documents/Code/zerai.xyz/content/about.md [1ms]
[2022-08-18T01:01:53.805Z] > git cat-file -s 955e264562a5d63e8bfd78ff01d429916d63788a [0ms]
[2022-08-18T01:02:00.927Z] > git show --textconv :themes/ezhil/exampleSite/content/posts/post-1.md [2ms]
[2022-08-18T01:02:00.927Z] > git ls-files --stage -- /home/near/Documents/Code/zerai.xyz/themes/ezhil/exampleSite/content/posts/post-1.md [0ms]
[2022-08-18T01:02:15.899Z] > git show --textconv :content/about.md [2ms]
[2022-08-18T01:02:15.899Z] > git ls-files --stage -- /home/near/Documents/Code/zerai.xyz/content/about.md [0ms]
[2022-08-18T01:02:15.902Z] > git cat-file -s 955e264562a5d63e8bfd78ff01d429916d63788a [1ms]
[2022-08-18T01:02:18.280Z] > git show --textconv :themes/ezhil/exampleSite/content/posts/post-1.md [2ms]
[2022-08-18T01:02:18.280Z] > git ls-files --stage -- /home/near/Documents/Code/zerai.xyz/themes/ezhil/exampleSite/content/posts/post-1.md [1ms]
[2022-08-18T01:02:19.536Z] > git show --textconv :content/about.md [2ms]
[2022-08-18T01:02:19.536Z] > git ls-files --stage -- /home/near/Documents/Code/zerai.xyz/content/about.md [1ms]
[2022-08-18T01:02:19.538Z] > git cat-file -s 955e264562a5d63e8bfd78ff01d429916d63788a [0ms]
[2022-08-18T01:02:26.766Z] > git status -z -uall [1ms]
[2022-08-18T01:02:26.769Z] > git symbolic-ref --short HEAD [0ms]
[2022-08-18T01:02:26.772Z] > git for-each-ref --format=%(refname)%00%(upstream:short)%00%(objectname)%00%(upstream:track)%00%(upstream:remotename)%00%(upstream:remoteref) refs/heads/main refs/remotes/main [0ms]
[2022-08-18T01:02:26.779Z] > git for-each-ref --sort -committerdate --format %(refname) %(objectname) %(*objectname) [4ms]
[2022-08-18T01:02:26.779Z] > git remote --verbose [1ms]
[2022-08-18T01:02:26.782Z] > git config --get commit.template [0ms]
[2022-08-18T01:02:46.457Z] > git show --textconv :content/posts/hello-world.md [2ms]
[2022-08-18T01:02:46.457Z] > git ls-files --stage -- /home/near/Documents/Code/zerai.xyz/content/posts/hello-world.md [0ms]
[2022-08-18T01:02:48.173Z] > git show --textconv :content/about.md [2ms]
[2022-08-18T01:02:48.174Z] > git ls-files --stage -- /home/near/Documents/Code/zerai.xyz/content/about.md [1ms]
[2022-08-18T01:02:48.179Z] > git cat-file -s 955e264562a5d63e8bfd78ff01d429916d63788a [1ms]
[2022-08-18T01:02:52.638Z] > git show --textconv :content/posts/hello-world.md [2ms]
[2022-08-18T01:02:52.639Z] > git ls-files --stage -- /home/near/Documents/Code/zerai.xyz/content/posts/hello-world.md [1ms]
[2022-08-18T01:02:59.395Z] > git log --oneline --cherry main...main@{upstream} -- [1ms]
[2022-08-18T01:02:59.881Z] > git pull --tags origin main [483ms]
[2022-08-18T01:02:59.881Z] From github.com:naoufalzerai/zerai.xyz
 * branch            main       -> FETCH_HEAD
[2022-08-18T01:02:59.885Z] > git status -z -uall [1ms]
[2022-08-18T01:02:59.888Z] > git symbolic-ref --short HEAD [1ms]
[2022-08-18T01:02:59.891Z] > git for-each-ref --format=%(refname)%00%(upstream:short)%00%(objectname)%00%(upstream:track)%00%(upstream:remotename)%00%(upstream:remoteref) refs/heads/main refs/remotes/main [1ms]
[2022-08-18T01:02:59.896Z] > git for-each-ref --sort -committerdate --format %(refname) %(objectname) %(*objectname) [3ms]
[2022-08-18T01:02:59.896Z] > git remote --verbose [0ms]
[2022-08-18T01:02:59.901Z] > git config --get commit.template [1ms]
[2022-08-18T01:03:00.462Z] > git check-ignore -v -z --stdin [1ms]
[2022-08-18T01:03:00.938Z] > git status -z -uall [1ms]
[2022-08-18T01:03:00.940Z] > git symbolic-ref --short HEAD [0ms]
[2022-08-18T01:03:00.943Z] > git for-each-ref --format=%(refname)%00%(upstream:short)%00%(objectname)%00%(upstream:track)%00%(upstream:remotename)%00%(upstream:remoteref) refs/heads/main refs/remotes/main [0ms]
[2022-08-18T01:03:00.947Z] > git for-each-ref --sort -committerdate --format %(refname) %(objectname) %(*objectname) [2ms]
[2022-08-18T01:03:00.947Z] > git remote --verbose [0ms]
[2022-08-18T01:03:00.950Z] > git config --get commit.template [1ms]
[2022-08-18T01:03:16.714Z] > git add -A -- . [9ms]
[2022-08-18T01:03:16.714Z] warning: adding embedded git repository: themes/ezhil
hint: You've added another git repository inside your current repository.
hint: Clones of the outer repository will not contain the contents of
hint: the embedded repository and will not know how to obtain it.
hint: If you meant to add a submodule, use:
hint: 
hint: 	git submodule add <url> themes/ezhil
hint: 
hint: If you added this path by mistake, you can remove it from the
hint: index with:
hint: 
hint: 	git rm --cached themes/ezhil
hint: 
hint: See "git help submodule" for more information.
[2022-08-18T01:03:16.722Z] > git -c user.useConfigOnly=true commit --quiet --allow-empty-message --file - [3ms]
[2022-08-18T01:03:16.731Z] > git status -z -uall [4ms]
[2022-08-18T01:03:16.734Z] > git symbolic-ref --short HEAD [0ms]
[2022-08-18T01:03:16.737Z] > git for-each-ref --format=%(refname)%00%(upstream:short)%00%(objectname)%00%(upstream:track)%00%(upstream:remotename)%00%(upstream:remoteref) refs/heads/main refs/remotes/main [1ms]
[2022-08-18T01:03:16.740Z] > git for-each-ref --sort -committerdate --format %(refname) %(objectname) %(*objectname) [2ms]
[2022-08-18T01:03:16.740Z] > git remote --verbose [0ms]
[2022-08-18T01:03:16.746Z] > git config --get commit.template [1ms]
[2022-08-18T01:03:16.750Z] > git config --get commit.template [0ms]
[2022-08-18T01:03:17.714Z] > git log --oneline --cherry main...main@{upstream} -- [1ms]
[2022-08-18T01:03:18.296Z] > git pull --tags origin main [580ms]
[2022-08-18T01:03:18.296Z] From github.com:naoufalzerai/zerai.xyz
 * branch            main       -> FETCH_HEAD
[2022-08-18T01:03:19.147Z] > git push origin main:main [848ms]
[2022-08-18T01:03:19.147Z] To github.com:naoufalzerai/zerai.xyz.git
   edb7553..d2c7682  main -> main
[2022-08-18T01:03:19.154Z] > git status -z -uall [3ms]
[2022-08-18T01:03:19.157Z] > git symbolic-ref --short HEAD [0ms]
[2022-08-18T01:03:19.162Z] > git for-each-ref --format=%(refname)%00%(upstream:short)%00%(objectname)%00%(upstream:track)%00%(upstream:remotename)%00%(upstream:remoteref) refs/heads/main refs/remotes/main [1ms]
[2022-08-18T01:03:19.167Z] > git for-each-ref --sort -committerdate --format %(refname) %(objectname) %(*objectname) [2ms]
[2022-08-18T01:03:19.167Z] > git remote --verbose [1ms]
[2022-08-18T01:03:19.170Z] > git config --get commit.template [1ms]
[2022-08-18T01:03:19.176Z] > git status -z -uall [4ms]
[2022-08-18T01:03:19.180Z] > git symbolic-ref --short HEAD [1ms]
[2022-08-18T01:03:19.183Z] > git for-each-ref --format=%(refname)%00%(upstream:short)%00%(objectname)%00%(upstream:track)%00%(upstream:remotename)%00%(upstream:remoteref) refs/heads/main refs/remotes/main [0ms]
[2022-08-18T01:03:19.188Z] > git for-each-ref --sort -committerdate --format %(refname) %(objectname) %(*objectname) [3ms]
[2022-08-18T01:03:19.188Z] > git remote --verbose [1ms]
[2022-08-18T01:03:19.191Z] > git config --get commit.template [1ms]
[2022-08-18T01:12:13.437Z] > git status -z -uall [4ms]
[2022-08-18T01:12:13.441Z] > git symbolic-ref --short HEAD [1ms]
[2022-08-18T01:12:13.443Z] > git for-each-ref --format=%(refname)%00%(upstream:short)%00%(objectname)%00%(upstream:track)%00%(upstream:remotename)%00%(upstream:remoteref) refs/heads/main refs/remotes/main [0ms]
[2022-08-18T01:12:13.448Z] > git for-each-ref --sort -committerdate --format %(refname) %(objectname) %(*objectname) [3ms]
[2022-08-18T01:12:13.449Z] > git remote --verbose [1ms]
[2022-08-18T01:12:13.453Z] > git config --get commit.template [1ms]
[2022-08-18T01:12:13.969Z] > git fetch [542ms]
[2022-08-18T01:12:13.976Z] > git status -z -uall [3ms]
[2022-08-18T01:12:13.979Z] > git symbolic-ref --short HEAD [1ms]
[2022-08-18T01:12:13.982Z] > git for-each-ref --format=%(refname)%00%(upstream:short)%00%(objectname)%00%(upstream:track)%00%(upstream:remotename)%00%(upstream:remoteref) refs/heads/main refs/remotes/main [1ms]
[2022-08-18T01:12:13.986Z] > git for-each-ref --sort -committerdate --format %(refname) %(objectname) %(*objectname) [2ms]
[2022-08-18T01:12:13.986Z] > git remote --verbose [0ms]
[2022-08-18T01:12:13.990Z] > git config --get commit.template [1ms]
[2022-08-18T01:12:43.322Z] > git status -z -uall [4ms]
[2022-08-18T01:12:43.325Z] > git symbolic-ref --short HEAD [0ms]
[2022-08-18T01:12:43.328Z] > git for-each-ref --format=%(refname)%00%(upstream:short)%00%(objectname)%00%(upstream:track)%00%(upstream:remotename)%00%(upstream:remoteref) refs/heads/main refs/remotes/main [1ms]
[2022-08-18T01:12:43.333Z] > git for-each-ref --sort -committerdate --format %(refname) %(objectname) %(*objectname) [2ms]
[2022-08-18T01:12:43.333Z] > git remote --verbose [0ms]
[2022-08-18T01:12:43.338Z] > git config --get commit.template [1ms]
[2022-08-18T01:27:54.164Z] > git fetch [558ms]
[2022-08-18T01:27:54.171Z] > git status -z -uall [4ms]
[2022-08-18T01:27:54.174Z] > git symbolic-ref --short HEAD [1ms]
[2022-08-18T01:27:54.176Z] > git for-each-ref --format=%(refname)%00%(upstream:short)%00%(objectname)%00%(upstream:track)%00%(upstream:remotename)%00%(upstream:remoteref) refs/heads/main refs/remotes/main [1ms]
[2022-08-18T01:27:54.180Z] > git for-each-ref --sort -committerdate --format %(refname) %(objectname) %(*objectname) [2ms]
[2022-08-18T01:27:54.180Z] > git remote --verbose [1ms]
[2022-08-18T01:27:54.182Z] > git config --get commit.template [0ms]
