[2022-08-17T02:46:38.520Z] Log level: Info
[2022-08-17T02:46:38.522Z] [info] Validating found git in: git
[2022-08-17T02:46:38.531Z] [info] Using git 2.34.1 from git
[2022-08-17T02:46:38.547Z] > git rev-parse --show-toplevel [4ms]
[2022-08-17T02:46:38.555Z] > git rev-parse --git-dir --git-common-dir [1ms]
[2022-08-17T02:46:38.560Z] [info] Open repository: /home/near/Documents/Code/zerai.xyz
[2022-08-17T02:46:38.683Z] > git status -z -uall [113ms]
[2022-08-17T02:46:38.708Z] > git symbolic-ref --short HEAD [21ms]
[2022-08-17T02:46:38.714Z] > git for-each-ref --format=%(refname)%00%(upstream:short)%00%(objectname)%00%(upstream:track)%00%(upstream:remotename)%00%(upstream:remoteref) refs/heads/main refs/remotes/main [1ms]
[2022-08-17T02:46:38.726Z] > git remote --verbose [2ms]
[2022-08-17T02:46:38.727Z] > git for-each-ref --sort -committerdate --format %(refname) %(objectname) %(*objectname) [8ms]
[2022-08-17T02:46:38.733Z] > git config --get commit.template [1ms]
[2022-08-17T02:46:38.741Z] > git status -z -uall [1ms]
[2022-08-17T02:46:38.744Z] > git symbolic-ref --short HEAD [1ms]
[2022-08-17T02:46:38.748Z] > git for-each-ref --format=%(refname)%00%(upstream:short)%00%(objectname)%00%(upstream:track)%00%(upstream:remotename)%00%(upstream:remoteref) refs/heads/main refs/remotes/main [1ms]
[2022-08-17T02:46:38.754Z] > git for-each-ref --sort -committerdate --format %(refname) %(objectname) %(*objectname) [4ms]
[2022-08-17T02:46:38.754Z] > git remote --verbose [1ms]
[2022-08-17T02:46:38.760Z] > git config --get commit.template [1ms]
[2022-08-17T02:46:39.083Z] > git check-ignore -v -z --stdin [2ms]
[2022-08-17T02:46:39.083Z] > git fetch [518ms]
[2022-08-17T02:46:39.089Z] > git status -z -uall [1ms]
[2022-08-17T02:46:39.094Z] > git symbolic-ref --short HEAD [1ms]
[2022-08-17T02:46:39.098Z] > git for-each-ref --format=%(refname)%00%(upstream:short)%00%(objectname)%00%(upstream:track)%00%(upstream:remotename)%00%(upstream:remoteref) refs/heads/main refs/remotes/main [1ms]
[2022-08-17T02:46:39.103Z] > git for-each-ref --sort -committerdate --format %(refname) %(objectname) %(*objectname) [2ms]
[2022-08-17T02:46:39.103Z] > git remote --verbose [1ms]
[2022-08-17T02:46:39.109Z] > git config --get commit.template [0ms]
[2022-08-17T02:46:40.117Z] > git status -z -uall [2ms]
[2022-08-17T02:46:40.124Z] > git symbolic-ref --short HEAD [0ms]
[2022-08-17T02:46:40.128Z] > git for-each-ref --format=%(refname)%00%(upstream:short)%00%(objectname)%00%(upstream:track)%00%(upstream:remotename)%00%(upstream:remoteref) refs/heads/main refs/remotes/main [1ms]
[2022-08-17T02:46:40.133Z] > git for-each-ref --sort -committerdate --format %(refname) %(objectname) %(*objectname) [3ms]
[2022-08-17T02:46:40.133Z] > git remote --verbose [1ms]
[2022-08-17T02:46:40.138Z] > git config --get commit.template [0ms]
[2022-08-17T02:53:04.724Z] > git fetch [431ms]
[2022-08-17T02:53:04.729Z] > git status -z -uall [1ms]
[2022-08-17T02:53:04.733Z] > git symbolic-ref --short HEAD [1ms]
[2022-08-17T02:53:04.735Z] > git for-each-ref --format=%(refname)%00%(upstream:short)%00%(objectname)%00%(upstream:track)%00%(upstream:remotename)%00%(upstream:remoteref) refs/heads/main refs/remotes/main [0ms]
[2022-08-17T02:53:04.739Z] > git for-each-ref --sort -committerdate --format %(refname) %(objectname) %(*objectname) [2ms]
[2022-08-17T02:53:04.740Z] > git remote --verbose [1ms]
[2022-08-17T02:53:04.746Z] > git config --get commit.template [1ms]
[2022-08-17T02:53:05.762Z] > git status -z -uall [0ms]
[2022-08-17T02:53:05.765Z] > git symbolic-ref --short HEAD [0ms]
[2022-08-17T02:53:05.768Z] > git for-each-ref --format=%(refname)%00%(upstream:short)%00%(objectname)%00%(upstream:track)%00%(upstream:remotename)%00%(upstream:remoteref) refs/heads/main refs/remotes/main [1ms]
[2022-08-17T02:53:05.775Z] > git remote --verbose [1ms]
[2022-08-17T02:53:05.776Z] > git for-each-ref --sort -committerdate --format %(refname) %(objectname) %(*objectname) [4ms]
[2022-08-17T02:53:05.780Z] > git config --get commit.template [1ms]
[2022-08-17T02:55:27.564Z] > git check-ignore -v -z --stdin [1ms]
[2022-08-17T02:56:23.705Z] > git status -z -uall [1ms]
[2022-08-17T02:56:23.707Z] > git symbolic-ref --short HEAD [1ms]
[2022-08-17T02:56:23.709Z] > git for-each-ref --format=%(refname)%00%(upstream:short)%00%(objectname)%00%(upstream:track)%00%(upstream:remotename)%00%(upstream:remoteref) refs/heads/main refs/remotes/main [1ms]
[2022-08-17T02:56:23.713Z] > git for-each-ref --sort -committerdate --format %(refname) %(objectname) %(*objectname) [2ms]
[2022-08-17T02:56:23.713Z] > git remote --verbose [0ms]
[2022-08-17T02:56:23.717Z] > git config --get commit.template [1ms]
[2022-08-17T02:56:24.187Z] > git fetch [484ms]
[2022-08-17T02:56:24.190Z] > git status -z -uall [1ms]
[2022-08-17T02:56:24.192Z] > git symbolic-ref --short HEAD [1ms]
[2022-08-17T02:56:24.195Z] > git for-each-ref --format=%(refname)%00%(upstream:short)%00%(objectname)%00%(upstream:track)%00%(upstream:remotename)%00%(upstream:remoteref) refs/heads/main refs/remotes/main [1ms]
[2022-08-17T02:56:24.198Z] > git for-each-ref --sort -committerdate --format %(refname) %(objectname) %(*objectname) [2ms]
[2022-08-17T02:56:24.198Z] > git remote --verbose [1ms]
[2022-08-17T02:56:24.201Z] > git config --get commit.template [1ms]
[2022-08-17T02:56:28.721Z] > git status -z -uall [1ms]
[2022-08-17T02:56:28.724Z] > git symbolic-ref --short HEAD [1ms]
[2022-08-17T02:56:28.726Z] > git for-each-ref --format=%(refname)%00%(upstream:short)%00%(objectname)%00%(upstream:track)%00%(upstream:remotename)%00%(upstream:remoteref) refs/heads/main refs/remotes/main [0ms]
[2022-08-17T02:56:28.730Z] > git for-each-ref --sort -committerdate --format %(refname) %(objectname) %(*objectname) [2ms]
[2022-08-17T02:56:28.730Z] > git remote --verbose [1ms]
[2022-08-17T02:56:28.733Z] > git config --get commit.template [0ms]
[2022-08-17T02:56:28.931Z] > git check-ignore -v -z --stdin [1ms]
[2022-08-17T02:56:30.510Z] > git show --textconv :archetypes/default.md [7ms]
[2022-08-17T02:56:30.510Z] > git ls-files --stage -- /home/near/Documents/Code/zerai.xyz/archetypes/default.md [5ms]
[2022-08-17T02:58:34.930Z] > git status -z -uall [1ms]
[2022-08-17T02:58:34.932Z] > git symbolic-ref --short HEAD [0ms]
[2022-08-17T02:58:34.935Z] > git for-each-ref --format=%(refname)%00%(upstream:short)%00%(objectname)%00%(upstream:track)%00%(upstream:remotename)%00%(upstream:remoteref) refs/heads/main refs/remotes/main [1ms]
[2022-08-17T02:58:34.939Z] > git for-each-ref --sort -committerdate --format %(refname) %(objectname) %(*objectname) [3ms]
[2022-08-17T02:58:34.939Z] > git remote --verbose [1ms]
[2022-08-17T02:58:34.942Z] > git config --get commit.template [0ms]
[2022-08-17T02:58:35.262Z] > git show --textconv :config.toml [2ms]
[2022-08-17T02:58:35.263Z] > git ls-files --stage -- /home/near/Documents/Code/zerai.xyz/config.toml [1ms]
[2022-08-17T02:59:11.792Z] > git status -z -uall [1ms]
[2022-08-17T02:59:11.795Z] > git symbolic-ref --short HEAD [0ms]
[2022-08-17T02:59:11.798Z] > git for-each-ref --format=%(refname)%00%(upstream:short)%00%(objectname)%00%(upstream:track)%00%(upstream:remotename)%00%(upstream:remoteref) refs/heads/main refs/remotes/main [1ms]
[2022-08-17T02:59:11.802Z] > git for-each-ref --sort -committerdate --format %(refname) %(objectname) %(*objectname) [2ms]
[2022-08-17T02:59:11.802Z] > git remote --verbose [1ms]
[2022-08-17T02:59:11.806Z] > git config --get commit.template [1ms]
[2022-08-17T02:59:16.810Z] > git status -z -uall [1ms]
[2022-08-17T02:59:16.813Z] > git symbolic-ref --short HEAD [0ms]
[2022-08-17T02:59:16.815Z] > git for-each-ref --format=%(refname)%00%(upstream:short)%00%(objectname)%00%(upstream:track)%00%(upstream:remotename)%00%(upstream:remoteref) refs/heads/main refs/remotes/main [0ms]
[2022-08-17T02:59:16.819Z] > git for-each-ref --sort -committerdate --format %(refname) %(objectname) %(*objectname) [2ms]
[2022-08-17T02:59:16.819Z] > git remote --verbose [1ms]
[2022-08-17T02:59:16.822Z] > git config --get commit.template [1ms]
[2022-08-17T02:59:17.118Z] > git check-ignore -v -z --stdin [0ms]
[2022-08-17T02:59:24.644Z] > git fetch [440ms]
[2022-08-17T02:59:24.648Z] > git status -z -uall [1ms]
[2022-08-17T02:59:24.651Z] > git symbolic-ref --short HEAD [0ms]
[2022-08-17T02:59:24.654Z] > git for-each-ref --format=%(refname)%00%(upstream:short)%00%(objectname)%00%(upstream:track)%00%(upstream:remotename)%00%(upstream:remoteref) refs/heads/main refs/remotes/main [1ms]
[2022-08-17T02:59:24.657Z] > git for-each-ref --sort -committerdate --format %(refname) %(objectname) %(*objectname) [2ms]
[2022-08-17T02:59:24.657Z] > git remote --verbose [1ms]
[2022-08-17T02:59:24.660Z] > git config --get commit.template [0ms]
[2022-08-17T02:59:25.008Z] > git check-ignore -v -z --stdin [1ms]
[2022-08-17T02:59:25.682Z] > git status -z -uall [0ms]
[2022-08-17T02:59:25.685Z] > git symbolic-ref --short HEAD [1ms]
[2022-08-17T02:59:25.687Z] > git for-each-ref --format=%(refname)%00%(upstream:short)%00%(objectname)%00%(upstream:track)%00%(upstream:remotename)%00%(upstream:remoteref) refs/heads/main refs/remotes/main [1ms]
[2022-08-17T02:59:25.690Z] > git for-each-ref --sort -committerdate --format %(refname) %(objectname) %(*objectname) [2ms]
[2022-08-17T02:59:25.690Z] > git remote --verbose [1ms]
[2022-08-17T02:59:25.693Z] > git config --get commit.template [1ms]
[2022-08-17T02:59:25.785Z] > git ls-files --stage -- /home/near/Documents/Code/zerai.xyz/config.toml [0ms]
[2022-08-17T02:59:25.793Z] > git show --textconv :config.toml [2ms]
[2022-08-17T02:59:29.031Z] > git check-ignore -v -z --stdin [0ms]
[2022-08-17T03:01:25.554Z] > git check-ignore -v -z --stdin [1ms]
[2022-08-17T03:01:29.341Z] > git status -z -uall [1ms]
[2022-08-17T03:01:29.343Z] > git symbolic-ref --short HEAD [0ms]
[2022-08-17T03:01:29.346Z] > git for-each-ref --format=%(refname)%00%(upstream:short)%00%(objectname)%00%(upstream:track)%00%(upstream:remotename)%00%(upstream:remoteref) refs/heads/main refs/remotes/main [1ms]
[2022-08-17T03:01:29.350Z] > git for-each-ref --sort -committerdate --format %(refname) %(objectname) %(*objectname) [2ms]
[2022-08-17T03:01:29.350Z] > git remote --verbose [1ms]
[2022-08-17T03:01:29.353Z] > git config --get commit.template [0ms]
[2022-08-17T03:01:29.916Z] > git check-ignore -v -z --stdin [0ms]
[2022-08-17T03:02:32.060Z] > git show --textconv :config.toml [2ms]
[2022-08-17T03:02:32.061Z] > git ls-files --stage -- /home/near/Documents/Code/zerai.xyz/config.toml [1ms]
[2022-08-17T03:02:32.167Z] > git fetch [460ms]
[2022-08-17T03:02:32.170Z] > git status -z -uall [1ms]
[2022-08-17T03:02:32.173Z] > git symbolic-ref --short HEAD [1ms]
[2022-08-17T03:02:32.175Z] > git for-each-ref --format=%(refname)%00%(upstream:short)%00%(objectname)%00%(upstream:track)%00%(upstream:remotename)%00%(upstream:remoteref) refs/heads/main refs/remotes/main [1ms]
[2022-08-17T03:02:32.179Z] > git for-each-ref --sort -committerdate --format %(refname) %(objectname) %(*objectname) [2ms]
[2022-08-17T03:02:32.179Z] > git remote --verbose [1ms]
[2022-08-17T03:02:32.183Z] > git config --get commit.template [1ms]
[2022-08-17T03:02:33.202Z] > git status -z -uall [1ms]
[2022-08-17T03:02:33.204Z] > git symbolic-ref --short HEAD [0ms]
[2022-08-17T03:02:33.206Z] > git for-each-ref --format=%(refname)%00%(upstream:short)%00%(objectname)%00%(upstream:track)%00%(upstream:remotename)%00%(upstream:remoteref) refs/heads/main refs/remotes/main [0ms]
[2022-08-17T03:02:33.210Z] > git for-each-ref --sort -committerdate --format %(refname) %(objectname) %(*objectname) [2ms]
[2022-08-17T03:02:33.210Z] > git remote --verbose [1ms]
[2022-08-17T03:02:33.213Z] > git config --get commit.template [0ms]
[2022-08-17T03:02:33.304Z] > git ls-files --stage -- /home/near/Documents/Code/zerai.xyz/config.toml [0ms]
[2022-08-17T03:02:33.314Z] > git show --textconv :config.toml [4ms]
[2022-08-17T03:02:42.995Z] > git status -z -uall [1ms]
[2022-08-17T03:02:42.999Z] > git symbolic-ref --short HEAD [2ms]
[2022-08-17T03:02:43.002Z] > git for-each-ref --format=%(refname)%00%(upstream:short)%00%(objectname)%00%(upstream:track)%00%(upstream:remotename)%00%(upstream:remoteref) refs/heads/main refs/remotes/main [0ms]
[2022-08-17T03:02:43.006Z] > git for-each-ref --sort -committerdate --format %(refname) %(objectname) %(*objectname) [2ms]
[2022-08-17T03:02:43.006Z] > git remote --verbose [1ms]
[2022-08-17T03:02:43.009Z] > git config --get commit.template [0ms]
[2022-08-17T03:05:13.538Z] > git status -z -uall [1ms]
[2022-08-17T03:05:13.541Z] > git symbolic-ref --short HEAD [1ms]
[2022-08-17T03:05:13.543Z] > git for-each-ref --format=%(refname)%00%(upstream:short)%00%(objectname)%00%(upstream:track)%00%(upstream:remotename)%00%(upstream:remoteref) refs/heads/main refs/remotes/main [1ms]
[2022-08-17T03:05:13.546Z] > git for-each-ref --sort -committerdate --format %(refname) %(objectname) %(*objectname) [2ms]
[2022-08-17T03:05:13.546Z] > git remote --verbose [0ms]
[2022-08-17T03:05:13.550Z] > git config --get commit.template [1ms]
[2022-08-17T03:05:14.161Z] > git check-ignore -v -z --stdin [1ms]
[2022-08-17T03:05:15.166Z] > git show --textconv :content/about.md [2ms]
[2022-08-17T03:05:15.167Z] > git ls-files --stage -- /home/near/Documents/Code/zerai.xyz/content/about.md [1ms]
[2022-08-17T03:05:32.679Z] > git fetch [492ms]
[2022-08-17T03:05:32.682Z] > git status -z -uall [1ms]
[2022-08-17T03:05:32.684Z] > git symbolic-ref --short HEAD [0ms]
[2022-08-17T03:05:32.687Z] > git for-each-ref --format=%(refname)%00%(upstream:short)%00%(objectname)%00%(upstream:track)%00%(upstream:remotename)%00%(upstream:remoteref) refs/heads/main refs/remotes/main [1ms]
[2022-08-17T03:05:32.690Z] > git for-each-ref --sort -committerdate --format %(refname) %(objectname) %(*objectname) [1ms]
[2022-08-17T03:05:32.691Z] > git remote --verbose [1ms]
[2022-08-17T03:05:32.693Z] > git config --get commit.template [0ms]
[2022-08-17T03:05:33.713Z] > git status -z -uall [2ms]
[2022-08-17T03:05:33.715Z] > git symbolic-ref --short HEAD [0ms]
[2022-08-17T03:05:33.719Z] > git for-each-ref --format=%(refname)%00%(upstream:short)%00%(objectname)%00%(upstream:track)%00%(upstream:remotename)%00%(upstream:remoteref) refs/heads/main refs/remotes/main [1ms]
[2022-08-17T03:05:33.724Z] > git for-each-ref --sort -committerdate --format %(refname) %(objectname) %(*objectname) [2ms]
[2022-08-17T03:05:33.724Z] > git remote --verbose [1ms]
[2022-08-17T03:05:33.727Z] > git config --get commit.template [1ms]
[2022-08-17T03:05:33.814Z] > git ls-files --stage -- /home/near/Documents/Code/zerai.xyz/content/about.md [0ms]
[2022-08-17T03:05:33.820Z] > git show --textconv :content/about.md [1ms]
[2022-08-17T03:05:40.829Z] > git status -z -uall [1ms]
[2022-08-17T03:05:40.832Z] > git symbolic-ref --short HEAD [1ms]
[2022-08-17T03:05:40.834Z] > git for-each-ref --format=%(refname)%00%(upstream:short)%00%(objectname)%00%(upstream:track)%00%(upstream:remotename)%00%(upstream:remoteref) refs/heads/main refs/remotes/main [1ms]
[2022-08-17T03:05:40.838Z] > git for-each-ref --sort -committerdate --format %(refname) %(objectname) %(*objectname) [2ms]
[2022-08-17T03:05:40.838Z] > git remote --verbose [0ms]
[2022-08-17T03:05:40.841Z] > git config --get commit.template [0ms]
[2022-08-17T03:05:50.210Z] > git status -z -uall [1ms]
[2022-08-17T03:05:50.212Z] > git symbolic-ref --short HEAD [0ms]
[2022-08-17T03:05:50.215Z] > git for-each-ref --format=%(refname)%00%(upstream:short)%00%(objectname)%00%(upstream:track)%00%(upstream:remotename)%00%(upstream:remoteref) refs/heads/main refs/remotes/main [1ms]
[2022-08-17T03:05:50.219Z] > git for-each-ref --sort -committerdate --format %(refname) %(objectname) %(*objectname) [2ms]
[2022-08-17T03:05:50.220Z] > git remote --verbose [1ms]
[2022-08-17T03:05:50.224Z] > git config --get commit.template [1ms]
[2022-08-17T03:06:58.744Z] > git show --textconv :content/about.md [2ms]
[2022-08-17T03:06:58.744Z] > git ls-files --stage -- /home/near/Documents/Code/zerai.xyz/content/about.md [0ms]
[2022-08-17T03:07:12.109Z] > git status -z -uall [1ms]
[2022-08-17T03:07:12.111Z] > git symbolic-ref --short HEAD [0ms]
[2022-08-17T03:07:12.114Z] > git for-each-ref --format=%(refname)%00%(upstream:short)%00%(objectname)%00%(upstream:track)%00%(upstream:remotename)%00%(upstream:remoteref) refs/heads/main refs/remotes/main [1ms]
[2022-08-17T03:07:12.117Z] > git for-each-ref --sort -committerdate --format %(refname) %(objectname) %(*objectname) [2ms]
[2022-08-17T03:07:12.117Z] > git remote --verbose [0ms]
[2022-08-17T03:07:12.121Z] > git config --get commit.template [0ms]
[2022-08-17T03:07:36.448Z] > git status -z -uall [1ms]
[2022-08-17T03:07:36.450Z] > git symbolic-ref --short HEAD [1ms]
[2022-08-17T03:07:36.453Z] > git for-each-ref --format=%(refname)%00%(upstream:short)%00%(objectname)%00%(upstream:track)%00%(upstream:remotename)%00%(upstream:remoteref) refs/heads/main refs/remotes/main [1ms]
[2022-08-17T03:07:36.456Z] > git for-each-ref --sort -committerdate --format %(refname) %(objectname) %(*objectname) [1ms]
[2022-08-17T03:07:36.457Z] > git remote --verbose [0ms]
[2022-08-17T03:07:36.461Z] > git config --get commit.template [1ms]
[2022-08-17T03:07:44.891Z] > git status -z -uall [1ms]
[2022-08-17T03:07:44.894Z] > git symbolic-ref --short HEAD [0ms]
[2022-08-17T03:07:44.896Z] > git for-each-ref --format=%(refname)%00%(upstream:short)%00%(objectname)%00%(upstream:track)%00%(upstream:remotename)%00%(upstream:remoteref) refs/heads/main refs/remotes/main [0ms]
[2022-08-17T03:07:44.901Z] > git for-each-ref --sort -committerdate --format %(refname) %(objectname) %(*objectname) [3ms]
[2022-08-17T03:07:44.901Z] > git remote --verbose [1ms]
[2022-08-17T03:07:44.907Z] > git config --get commit.template [1ms]
[2022-08-17T03:07:57.979Z] > git check-ignore -v -z --stdin [1ms]
[2022-08-17T03:08:09.116Z] > git check-ignore -v -z --stdin [1ms]
[2022-08-17T03:08:17.654Z] > git check-ignore -v -z --stdin [0ms]
[2022-08-17T03:08:18.232Z] > git show --textconv :themes/lugo/archetypes/default.md [2ms]
[2022-08-17T03:08:18.232Z] > git ls-files --stage -- /home/near/Documents/Code/zerai.xyz/themes/lugo/archetypes/default.md [1ms]
[2022-08-17T03:08:22.643Z] > git show --textconv :content/about.md [2ms]
[2022-08-17T03:08:22.643Z] > git ls-files --stage -- /home/near/Documents/Code/zerai.xyz/content/about.md [0ms]
[2022-08-17T03:08:25.427Z] > git check-ignore -v -z --stdin [1ms]
[2022-08-17T03:08:28.766Z] > git check-ignore -v -z --stdin [1ms]
[2022-08-17T03:08:33.185Z] > git fetch [487ms]
[2022-08-17T03:08:33.189Z] > git status -z -uall [0ms]
[2022-08-17T03:08:33.191Z] > git symbolic-ref --short HEAD [1ms]
[2022-08-17T03:08:33.192Z] > git for-each-ref --format=%(refname)%00%(upstream:short)%00%(objectname)%00%(upstream:track)%00%(upstream:remotename)%00%(upstream:remoteref) refs/heads/main refs/remotes/main [0ms]
[2022-08-17T03:08:33.196Z] > git for-each-ref --sort -committerdate --format %(refname) %(objectname) %(*objectname) [2ms]
[2022-08-17T03:08:33.196Z] > git remote --verbose [1ms]
[2022-08-17T03:08:33.199Z] > git config --get commit.template [0ms]
[2022-08-17T03:08:33.849Z] > git check-ignore -v -z --stdin [1ms]
[2022-08-17T03:08:34.220Z] > git status -z -uall [1ms]
[2022-08-17T03:08:34.223Z] > git symbolic-ref --short HEAD [1ms]
[2022-08-17T03:08:34.225Z] > git for-each-ref --format=%(refname)%00%(upstream:short)%00%(objectname)%00%(upstream:track)%00%(upstream:remotename)%00%(upstream:remoteref) refs/heads/main refs/remotes/main [1ms]
[2022-08-17T03:08:34.228Z] > git for-each-ref --sort -committerdate --format %(refname) %(objectname) %(*objectname) [2ms]
[2022-08-17T03:08:34.228Z] > git remote --verbose [1ms]
[2022-08-17T03:08:34.231Z] > git config --get commit.template [0ms]
[2022-08-17T03:08:34.323Z] > git ls-files --stage -- /home/near/Documents/Code/zerai.xyz/content/about.md [1ms]
[2022-08-17T03:08:34.333Z] > git show --textconv :content/about.md [5ms]
[2022-08-17T03:08:36.245Z] > git show --textconv :themes/lugo/layouts/shortcodes/vid.html [3ms]
[2022-08-17T03:08:36.245Z] > git ls-files --stage -- /home/near/Documents/Code/zerai.xyz/themes/lugo/layouts/shortcodes/vid.html [1ms]
[2022-08-17T03:08:39.293Z] > git show --textconv :content/about.md [2ms]
[2022-08-17T03:08:39.294Z] > git ls-files --stage -- /home/near/Documents/Code/zerai.xyz/content/about.md [1ms]
[2022-08-17T03:09:01.586Z] > git status -z -uall [1ms]
[2022-08-17T03:09:01.589Z] > git symbolic-ref --short HEAD [1ms]
[2022-08-17T03:09:01.591Z] > git for-each-ref --format=%(refname)%00%(upstream:short)%00%(objectname)%00%(upstream:track)%00%(upstream:remotename)%00%(upstream:remoteref) refs/heads/main refs/remotes/main [1ms]
[2022-08-17T03:09:01.594Z] > git for-each-ref --sort -committerdate --format %(refname) %(objectname) %(*objectname) [2ms]
[2022-08-17T03:09:01.594Z] > git remote --verbose [0ms]
[2022-08-17T03:09:01.600Z] > git config --get commit.template [2ms]
[2022-08-17T03:09:44.486Z] > git status -z -uall [1ms]
[2022-08-17T03:09:44.488Z] > git symbolic-ref --short HEAD [0ms]
[2022-08-17T03:09:44.491Z] > git for-each-ref --format=%(refname)%00%(upstream:short)%00%(objectname)%00%(upstream:track)%00%(upstream:remotename)%00%(upstream:remoteref) refs/heads/main refs/remotes/main [1ms]
[2022-08-17T03:09:44.494Z] > git for-each-ref --sort -committerdate --format %(refname) %(objectname) %(*objectname) [2ms]
[2022-08-17T03:09:44.494Z] > git remote --verbose [0ms]
[2022-08-17T03:09:44.500Z] > git config --get commit.template [1ms]
[2022-08-17T03:10:00.333Z] > git check-ignore -v -z --stdin [0ms]
[2022-08-17T03:10:02.104Z] > git show --textconv :public/tags/index.html [2ms]
[2022-08-17T03:10:02.105Z] > git ls-files --stage -- /home/near/Documents/Code/zerai.xyz/public/tags/index.html [1ms]
[2022-08-17T03:10:03.812Z] > git show --textconv :public/tags/index.xml [3ms]
[2022-08-17T03:10:03.812Z] > git ls-files --stage -- /home/near/Documents/Code/zerai.xyz/public/tags/index.xml [1ms]
[2022-08-17T03:10:04.912Z] > git show --textconv :public/tags/index.html [2ms]
[2022-08-17T03:10:04.912Z] > git ls-files --stage -- /home/near/Documents/Code/zerai.xyz/public/tags/index.html [0ms]
[2022-08-17T03:10:05.524Z] > git show --textconv :public/tags/index.xml [2ms]
[2022-08-17T03:10:05.525Z] > git ls-files --stage -- /home/near/Documents/Code/zerai.xyz/public/tags/index.xml [1ms]
[2022-08-17T03:11:33.701Z] > git fetch [498ms]
[2022-08-17T03:11:33.704Z] > git status -z -uall [1ms]
[2022-08-17T03:11:33.706Z] > git symbolic-ref --short HEAD [0ms]
[2022-08-17T03:11:33.709Z] > git for-each-ref --format=%(refname)%00%(upstream:short)%00%(objectname)%00%(upstream:track)%00%(upstream:remotename)%00%(upstream:remoteref) refs/heads/main refs/remotes/main [1ms]
[2022-08-17T03:11:33.712Z] > git for-each-ref --sort -committerdate --format %(refname) %(objectname) %(*objectname) [2ms]
[2022-08-17T03:11:33.713Z] > git remote --verbose [1ms]
[2022-08-17T03:11:33.716Z] > git config --get commit.template [0ms]
[2022-08-17T03:11:34.734Z] > git status -z -uall [1ms]
[2022-08-17T03:11:34.737Z] > git symbolic-ref --short HEAD [1ms]
[2022-08-17T03:11:34.739Z] > git for-each-ref --format=%(refname)%00%(upstream:short)%00%(objectname)%00%(upstream:track)%00%(upstream:remotename)%00%(upstream:remoteref) refs/heads/main refs/remotes/main [1ms]
[2022-08-17T03:11:34.742Z] > git for-each-ref --sort -committerdate --format %(refname) %(objectname) %(*objectname) [2ms]
[2022-08-17T03:11:34.742Z] > git remote --verbose [0ms]
[2022-08-17T03:11:34.748Z] > git config --get commit.template [1ms]
[2022-08-17T03:11:34.836Z] > git ls-files --stage -- /home/near/Documents/Code/zerai.xyz/public/tags/index.xml [0ms]
[2022-08-17T03:11:34.842Z] > git show --textconv :public/tags/index.xml [0ms]
[2022-08-17T03:13:12.040Z] > git check-ignore -v -z --stdin [0ms]
[2022-08-17T03:13:36.885Z] > git status -z -uall [1ms]
[2022-08-17T03:13:36.891Z] > git symbolic-ref --short HEAD [1ms]
[2022-08-17T03:13:36.896Z] > git for-each-ref --format=%(refname)%00%(upstream:short)%00%(objectname)%00%(upstream:track)%00%(upstream:remotename)%00%(upstream:remoteref) refs/heads/main refs/remotes/main [1ms]
[2022-08-17T03:13:36.905Z] > git for-each-ref --sort -committerdate --format %(refname) %(objectname) %(*objectname) [4ms]
[2022-08-17T03:13:36.905Z] > git remote --verbose [0ms]
[2022-08-17T03:13:36.912Z] > git config --get commit.template [1ms]
[2022-08-17T03:13:40.727Z] > git check-ignore -v -z --stdin [0ms]
[2022-08-17T03:13:41.152Z] > git show --textconv :content/blog/hello-world.md [2ms]
[2022-08-17T03:13:41.153Z] > git ls-files --stage -- /home/near/Documents/Code/zerai.xyz/content/blog/hello-world.md [1ms]
[2022-08-17T03:13:51.632Z] > git status -z -uall [1ms]
[2022-08-17T03:13:51.634Z] > git symbolic-ref --short HEAD [0ms]
[2022-08-17T03:13:51.637Z] > git for-each-ref --format=%(refname)%00%(upstream:short)%00%(objectname)%00%(upstream:track)%00%(upstream:remotename)%00%(upstream:remoteref) refs/heads/main refs/remotes/main [1ms]
[2022-08-17T03:13:51.643Z] > git for-each-ref --sort -committerdate --format %(refname) %(objectname) %(*objectname) [4ms]
[2022-08-17T03:13:51.643Z] > git remote --verbose [1ms]
[2022-08-17T03:13:51.648Z] > git config --get commit.template [1ms]
[2022-08-17T03:17:55.768Z] > git fetch [533ms]
[2022-08-17T03:17:55.771Z] > git status -z -uall [1ms]
[2022-08-17T03:17:55.774Z] > git symbolic-ref --short HEAD [1ms]
[2022-08-17T03:17:55.776Z] > git for-each-ref --format=%(refname)%00%(upstream:short)%00%(objectname)%00%(upstream:track)%00%(upstream:remotename)%00%(upstream:remoteref) refs/heads/main refs/remotes/main [1ms]
[2022-08-17T03:17:55.780Z] > git for-each-ref --sort -committerdate --format %(refname) %(objectname) %(*objectname) [2ms]
[2022-08-17T03:17:55.780Z] > git remote --verbose [1ms]
[2022-08-17T03:17:55.783Z] > git config --get commit.template [0ms]
[2022-08-17T03:17:56.865Z] > git ls-files --stage -- /home/near/Documents/Code/zerai.xyz/content/blog/hello-world.md [1ms]
[2022-08-17T03:17:56.871Z] > git show --textconv :content/blog/hello-world.md [0ms]
[2022-08-17T03:18:39.126Z] > git show --textconv :themes/lugo/layouts/shortcodes/img.html [2ms]
[2022-08-17T03:18:39.126Z] > git ls-files --stage -- /home/near/Documents/Code/zerai.xyz/themes/lugo/layouts/shortcodes/img.html [0ms]
[2022-08-17T03:18:46.648Z] > git show --textconv :themes/lugo/layouts/shortcodes/hidvid.html [3ms]
[2022-08-17T03:18:46.649Z] > git ls-files --stage -- /home/near/Documents/Code/zerai.xyz/themes/lugo/layouts/shortcodes/hidvid.html [1ms]
[2022-08-17T03:18:50.492Z] > git show --textconv :themes/lugo/layouts/shortcodes/tagcloud.html [2ms]
[2022-08-17T03:18:50.493Z] > git ls-files --stage -- /home/near/Documents/Code/zerai.xyz/themes/lugo/layouts/shortcodes/tagcloud.html [1ms]
[2022-08-17T03:18:51.025Z] > git show --textconv :themes/lugo/layouts/shortcodes/vid.html [2ms]
[2022-08-17T03:18:51.026Z] > git ls-files --stage -- /home/near/Documents/Code/zerai.xyz/themes/lugo/layouts/shortcodes/vid.html [1ms]
[2022-08-17T03:19:08.425Z] > git show --textconv :themes/lugo/layouts/shortcodes/img.html [2ms]
[2022-08-17T03:19:08.425Z] > git ls-files --stage -- /home/near/Documents/Code/zerai.xyz/themes/lugo/layouts/shortcodes/img.html [0ms]
[2022-08-17T03:19:29.850Z] > git check-ignore -v -z --stdin [1ms]
[2022-08-17T03:19:53.715Z] > git show --textconv :content/blog/hello-world.md [1ms]
[2022-08-17T03:19:53.716Z] > git ls-files --stage -- /home/near/Documents/Code/zerai.xyz/content/blog/hello-world.md [1ms]
[2022-08-17T03:19:55.070Z] > git show --textconv :content/about.md [2ms]
[2022-08-17T03:19:55.071Z] > git ls-files --stage -- /home/near/Documents/Code/zerai.xyz/content/about.md [1ms]
[2022-08-17T03:19:56.060Z] > git show --textconv :config.toml [2ms]
[2022-08-17T03:19:56.060Z] > git ls-files --stage -- /home/near/Documents/Code/zerai.xyz/config.toml [0ms]
[2022-08-17T03:19:58.642Z] > git show --textconv :themes/lugo/layouts/shortcodes/img.html [2ms]
[2022-08-17T03:19:58.642Z] > git ls-files --stage -- /home/near/Documents/Code/zerai.xyz/themes/lugo/layouts/shortcodes/img.html [0ms]
[2022-08-17T03:23:03.936Z] > git fetch [558ms]
[2022-08-17T03:23:03.939Z] > git status -z -uall [1ms]
[2022-08-17T03:23:03.942Z] > git symbolic-ref --short HEAD [1ms]
[2022-08-17T03:23:03.944Z] > git for-each-ref --format=%(refname)%00%(upstream:short)%00%(objectname)%00%(upstream:track)%00%(upstream:remotename)%00%(upstream:remoteref) refs/heads/main refs/remotes/main [1ms]
[2022-08-17T03:23:03.948Z] > git for-each-ref --sort -committerdate --format %(refname) %(objectname) %(*objectname) [3ms]
[2022-08-17T03:23:03.948Z] > git remote --verbose [1ms]
[2022-08-17T03:23:03.951Z] > git config --get commit.template [0ms]
[2022-08-17T03:23:05.030Z] > git ls-files --stage -- /home/near/Documents/Code/zerai.xyz/themes/lugo/layouts/shortcodes/img.html [1ms]
[2022-08-17T03:23:05.034Z] > git show --textconv :themes/lugo/layouts/shortcodes/img.html [1ms]
[2022-08-17T03:23:51.146Z] > git status -z -uall [1ms]
[2022-08-17T03:23:51.151Z] > git symbolic-ref --short HEAD [1ms]
[2022-08-17T03:23:51.154Z] > git for-each-ref --format=%(refname)%00%(upstream:short)%00%(objectname)%00%(upstream:track)%00%(upstream:remotename)%00%(upstream:remoteref) refs/heads/main refs/remotes/main [1ms]
[2022-08-17T03:23:51.158Z] > git for-each-ref --sort -committerdate --format %(refname) %(objectname) %(*objectname) [2ms]
[2022-08-17T03:23:51.158Z] > git remote --verbose [1ms]
[2022-08-17T03:23:51.161Z] > git config --get commit.template [0ms]
[2022-08-17T03:23:56.168Z] > git status -z -uall [1ms]
[2022-08-17T03:23:56.171Z] > git symbolic-ref --short HEAD [0ms]
[2022-08-17T03:23:56.174Z] > git for-each-ref --format=%(refname)%00%(upstream:short)%00%(objectname)%00%(upstream:track)%00%(upstream:remotename)%00%(upstream:remoteref) refs/heads/main refs/remotes/main [1ms]
[2022-08-17T03:23:56.179Z] > git for-each-ref --sort -committerdate --format %(refname) %(objectname) %(*objectname) [3ms]
[2022-08-17T03:23:56.179Z] > git remote --verbose [1ms]
[2022-08-17T03:23:56.182Z] > git config --get commit.template [0ms]
[2022-08-17T17:55:25.208Z] > git fetch [505ms]
[2022-08-17T17:55:25.211Z] > git status -z -uall [1ms]
[2022-08-17T17:55:25.215Z] > git symbolic-ref --short HEAD [1ms]
[2022-08-17T17:55:25.218Z] > git for-each-ref --format=%(refname)%00%(upstream:short)%00%(objectname)%00%(upstream:track)%00%(upstream:remotename)%00%(upstream:remoteref) refs/heads/main refs/remotes/main [1ms]
[2022-08-17T17:55:25.221Z] > git for-each-ref --sort -committerdate --format %(refname) %(objectname) %(*objectname) [2ms]
[2022-08-17T17:55:25.221Z] > git remote --verbose [0ms]
[2022-08-17T17:55:25.224Z] > git config --get commit.template [0ms]
[2022-08-17T18:17:52.637Z] > git status -z -uall [2ms]
[2022-08-17T18:17:52.642Z] > git symbolic-ref --short HEAD [1ms]
[2022-08-17T18:17:52.645Z] > git for-each-ref --format=%(refname)%00%(upstream:short)%00%(objectname)%00%(upstream:track)%00%(upstream:remotename)%00%(upstream:remoteref) refs/heads/main refs/remotes/main [1ms]
[2022-08-17T18:17:52.649Z] > git for-each-ref --sort -committerdate --format %(refname) %(objectname) %(*objectname) [2ms]
[2022-08-17T18:17:52.649Z] > git remote --verbose [1ms]
[2022-08-17T18:17:52.652Z] > git config --get commit.template [1ms]
[2022-08-17T18:17:52.662Z] > git ls-files --stage -- /home/near/Documents/Code/zerai.xyz/themes/lugo/layouts/shortcodes/img.html [1ms]
[2022-08-17T18:17:52.667Z] > git show --textconv :themes/lugo/layouts/shortcodes/img.html [0ms]
[2022-08-17T18:17:53.111Z] > git fetch [482ms]
[2022-08-17T18:17:53.115Z] > git status -z -uall [1ms]
[2022-08-17T18:17:53.117Z] > git symbolic-ref --short HEAD [0ms]
[2022-08-17T18:17:53.120Z] > git for-each-ref --format=%(refname)%00%(upstream:short)%00%(objectname)%00%(upstream:track)%00%(upstream:remotename)%00%(upstream:remoteref) refs/heads/main refs/remotes/main [1ms]
[2022-08-17T18:17:53.124Z] > git for-each-ref --sort -committerdate --format %(refname) %(objectname) %(*objectname) [2ms]
[2022-08-17T18:17:53.124Z] > git remote --verbose [0ms]
[2022-08-17T18:17:53.127Z] > git config --get commit.template [0ms]
[2022-08-17T18:20:06.608Z] > git status -z -uall [1ms]
[2022-08-17T18:20:06.615Z] > git symbolic-ref --short HEAD [3ms]
[2022-08-17T18:20:06.618Z] > git ls-files --stage -- /home/near/Documents/Code/zerai.xyz/themes/lugo/layouts/shortcodes/img.html [3ms]
[2022-08-17T18:20:06.619Z] > git for-each-ref --format=%(refname)%00%(upstream:short)%00%(objectname)%00%(upstream:track)%00%(upstream:remotename)%00%(upstream:remoteref) refs/heads/main refs/remotes/main [1ms]
[2022-08-17T18:20:06.623Z] > git for-each-ref --sort -committerdate --format %(refname) %(objectname) %(*objectname) [2ms]
[2022-08-17T18:20:06.623Z] > git remote --verbose [0ms]
[2022-08-17T18:20:06.629Z] > git show --textconv :themes/lugo/layouts/shortcodes/img.html [1ms]
[2022-08-17T18:20:06.629Z] > git config --get commit.template [3ms]
[2022-08-17T18:21:20.846Z] > git fetch [489ms]
[2022-08-17T18:21:20.851Z] > git status -z -uall [1ms]
[2022-08-17T18:21:20.855Z] > git symbolic-ref --short HEAD [0ms]
[2022-08-17T18:21:20.859Z] > git for-each-ref --format=%(refname)%00%(upstream:short)%00%(objectname)%00%(upstream:track)%00%(upstream:remotename)%00%(upstream:remoteref) refs/heads/main refs/remotes/main [1ms]
[2022-08-17T18:21:20.863Z] > git for-each-ref --sort -committerdate --format %(refname) %(objectname) %(*objectname) [2ms]
[2022-08-17T18:21:20.863Z] > git remote --verbose [0ms]
[2022-08-17T18:21:20.869Z] > git config --get commit.template [1ms]
[2022-08-17T18:21:21.906Z] > git status -z -uall [1ms]
[2022-08-17T18:21:21.911Z] > git symbolic-ref --short HEAD [1ms]
[2022-08-17T18:21:21.916Z] > git for-each-ref --format=%(refname)%00%(upstream:short)%00%(objectname)%00%(upstream:track)%00%(upstream:remotename)%00%(upstream:remoteref) refs/heads/main refs/remotes/main [1ms]
[2022-08-17T18:21:21.921Z] > git for-each-ref --sort -committerdate --format %(refname) %(objectname) %(*objectname) [3ms]
[2022-08-17T18:21:21.921Z] > git remote --verbose [1ms]
[2022-08-17T18:21:21.925Z] > git config --get commit.template [0ms]
[2022-08-17T18:21:21.984Z] > git ls-files --stage -- /home/near/Documents/Code/zerai.xyz/themes/lugo/layouts/shortcodes/img.html [1ms]
[2022-08-17T18:21:21.989Z] > git show --textconv :themes/lugo/layouts/shortcodes/img.html [0ms]
[2022-08-17T18:28:06.420Z] > git fetch [508ms]
[2022-08-17T18:28:06.424Z] > git status -z -uall [0ms]
[2022-08-17T18:28:06.427Z] > git symbolic-ref --short HEAD [0ms]
[2022-08-17T18:28:06.430Z] > git for-each-ref --format=%(refname)%00%(upstream:short)%00%(objectname)%00%(upstream:track)%00%(upstream:remotename)%00%(upstream:remoteref) refs/heads/main refs/remotes/main [1ms]
[2022-08-17T18:28:06.433Z] > git for-each-ref --sort -committerdate --format %(refname) %(objectname) %(*objectname) [1ms]
[2022-08-17T18:28:06.433Z] > git remote --verbose [0ms]
[2022-08-17T18:28:06.436Z] > git config --get commit.template [0ms]
[2022-08-17T18:28:07.453Z] > git status -z -uall [1ms]
[2022-08-17T18:28:07.455Z] > git symbolic-ref --short HEAD [0ms]
[2022-08-17T18:28:07.457Z] > git for-each-ref --format=%(refname)%00%(upstream:short)%00%(objectname)%00%(upstream:track)%00%(upstream:remotename)%00%(upstream:remoteref) refs/heads/main refs/remotes/main [0ms]
[2022-08-17T18:28:07.460Z] > git for-each-ref --sort -committerdate --format %(refname) %(objectname) %(*objectname) [1ms]
[2022-08-17T18:28:07.460Z] > git remote --verbose [0ms]
[2022-08-17T18:28:07.463Z] > git config --get commit.template [0ms]
[2022-08-17T18:28:07.555Z] > git ls-files --stage -- /home/near/Documents/Code/zerai.xyz/themes/lugo/layouts/shortcodes/img.html [1ms]
[2022-08-17T18:28:07.566Z] > git show --textconv :themes/lugo/layouts/shortcodes/img.html [5ms]
[2022-08-17T20:21:56.342Z] > git fetch [517ms]
[2022-08-17T20:21:56.349Z] > git status -z -uall [2ms]
[2022-08-17T20:21:56.352Z] > git symbolic-ref --short HEAD [0ms]
[2022-08-17T20:21:56.355Z] > git for-each-ref --format=%(refname)%00%(upstream:short)%00%(objectname)%00%(upstream:track)%00%(upstream:remotename)%00%(upstream:remoteref) refs/heads/main refs/remotes/main [1ms]
[2022-08-17T20:21:56.361Z] > git for-each-ref --sort -committerdate --format %(refname) %(objectname) %(*objectname) [3ms]
[2022-08-17T20:21:56.362Z] > git remote --verbose [1ms]
[2022-08-17T20:21:56.367Z] > git config --get commit.template [1ms]
[2022-08-17T20:23:18.299Z] > git status -z -uall [1ms]
[2022-08-17T20:23:18.304Z] > git symbolic-ref --short HEAD [2ms]
[2022-08-17T20:23:18.306Z] > git ls-files --stage -- /home/near/Documents/Code/zerai.xyz/themes/lugo/layouts/shortcodes/img.html [2ms]
[2022-08-17T20:23:18.306Z] > git for-each-ref --format=%(refname)%00%(upstream:short)%00%(objectname)%00%(upstream:track)%00%(upstream:remotename)%00%(upstream:remoteref) refs/heads/main refs/remotes/main [0ms]
[2022-08-17T20:23:18.311Z] > git remote --verbose [1ms]
[2022-08-17T20:23:18.311Z] > git for-each-ref --sort -committerdate --format %(refname) %(objectname) %(*objectname) [3ms]
[2022-08-17T20:23:18.318Z] > git config --get commit.template [3ms]
[2022-08-17T20:23:18.319Z] > git show --textconv :themes/lugo/layouts/shortcodes/img.html [1ms]
[2022-08-17T20:25:49.991Z] > git fetch [420ms]
[2022-08-17T20:25:49.995Z] > git status -z -uall [1ms]
[2022-08-17T20:25:49.998Z] > git symbolic-ref --short HEAD [0ms]
[2022-08-17T20:25:50.001Z] > git for-each-ref --format=%(refname)%00%(upstream:short)%00%(objectname)%00%(upstream:track)%00%(upstream:remotename)%00%(upstream:remoteref) refs/heads/main refs/remotes/main [0ms]
[2022-08-17T20:25:50.006Z] > git for-each-ref --sort -committerdate --format %(refname) %(objectname) %(*objectname) [3ms]
[2022-08-17T20:25:50.006Z] > git remote --verbose [0ms]
[2022-08-17T20:25:50.010Z] > git config --get commit.template [1ms]
[2022-08-17T20:25:51.029Z] > git status -z -uall [1ms]
[2022-08-17T20:25:51.033Z] > git symbolic-ref --short HEAD [1ms]
[2022-08-17T20:25:51.036Z] > git for-each-ref --format=%(refname)%00%(upstream:short)%00%(objectname)%00%(upstream:track)%00%(upstream:remotename)%00%(upstream:remoteref) refs/heads/main refs/remotes/main [1ms]
[2022-08-17T20:25:51.042Z] > git for-each-ref --sort -committerdate --format %(refname) %(objectname) %(*objectname) [3ms]
[2022-08-17T20:25:51.042Z] > git remote --verbose [1ms]
[2022-08-17T20:25:51.046Z] > git config --get commit.template [0ms]
[2022-08-17T20:25:51.132Z] > git ls-files --stage -- /home/near/Documents/Code/zerai.xyz/themes/lugo/layouts/shortcodes/img.html [1ms]
[2022-08-17T20:25:51.138Z] > git show --textconv :themes/lugo/layouts/shortcodes/img.html [1ms]
[2022-08-17T20:35:41.018Z] > git status -z -uall [1ms]
[2022-08-17T20:35:41.022Z] > git symbolic-ref --short HEAD [1ms]
[2022-08-17T20:35:41.024Z] > git for-each-ref --format=%(refname)%00%(upstream:short)%00%(objectname)%00%(upstream:track)%00%(upstream:remotename)%00%(upstream:remoteref) refs/heads/main refs/remotes/main [0ms]
[2022-08-17T20:35:41.028Z] > git for-each-ref --sort -committerdate --format %(refname) %(objectname) %(*objectname) [2ms]
[2022-08-17T20:35:41.028Z] > git remote --verbose [0ms]
[2022-08-17T20:35:41.032Z] > git config --get commit.template [0ms]
[2022-08-17T20:35:41.349Z] > git show --textconv :.hugo_build.lock [3ms]
[2022-08-17T20:35:41.349Z] > git ls-files --stage -- /home/near/Documents/Code/zerai.xyz/.hugo_build.lock [0ms]
[2022-08-17T20:35:41.505Z] > git fetch [491ms]
[2022-08-17T20:35:41.509Z] > git status -z -uall [1ms]
[2022-08-17T20:35:41.511Z] > git symbolic-ref --short HEAD [1ms]
[2022-08-17T20:35:41.513Z] > git for-each-ref --format=%(refname)%00%(upstream:short)%00%(objectname)%00%(upstream:track)%00%(upstream:remotename)%00%(upstream:remoteref) refs/heads/main refs/remotes/main [0ms]
[2022-08-17T20:35:41.517Z] > git for-each-ref --sort -committerdate --format %(refname) %(objectname) %(*objectname) [2ms]
[2022-08-17T20:35:41.517Z] > git remote --verbose [0ms]
[2022-08-17T20:35:41.520Z] > git config --get commit.template [0ms]
[2022-08-17T20:35:42.642Z] > git ls-files --stage -- /home/near/Documents/Code/zerai.xyz/.hugo_build.lock [1ms]
[2022-08-17T20:35:42.647Z] > git show --textconv :.hugo_build.lock [0ms]
[2022-08-17T20:35:44.760Z] > git show --textconv :netlify.toml [2ms]
[2022-08-17T20:35:44.761Z] > git ls-files --stage -- /home/near/Documents/Code/zerai.xyz/netlify.toml [1ms]
[2022-08-17T20:35:45.064Z] > git check-ignore -v -z --stdin [1ms]
[2022-08-17T20:36:02.912Z] > git status -z -uall [1ms]
[2022-08-17T20:36:02.916Z] > git symbolic-ref --short HEAD [1ms]
[2022-08-17T20:36:02.921Z] > git for-each-ref --format=%(refname)%00%(upstream:short)%00%(objectname)%00%(upstream:track)%00%(upstream:remotename)%00%(upstream:remoteref) refs/heads/main refs/remotes/main [0ms]
[2022-08-17T20:36:02.926Z] > git for-each-ref --sort -committerdate --format %(refname) %(objectname) %(*objectname) [2ms]
[2022-08-17T20:36:02.926Z] > git remote --verbose [1ms]
[2022-08-17T20:36:02.929Z] > git config --get commit.template [1ms]
[2022-08-17T20:36:07.934Z] > git status -z -uall [2ms]
[2022-08-17T20:36:07.938Z] > git symbolic-ref --short HEAD [1ms]
[2022-08-17T20:36:07.941Z] > git for-each-ref --format=%(refname)%00%(upstream:short)%00%(objectname)%00%(upstream:track)%00%(upstream:remotename)%00%(upstream:remoteref) refs/heads/main refs/remotes/main [1ms]
[2022-08-17T20:36:07.945Z] > git for-each-ref --sort -committerdate --format %(refname) %(objectname) %(*objectname) [2ms]
[2022-08-17T20:36:07.945Z] > git remote --verbose [0ms]
[2022-08-17T20:36:07.949Z] > git config --get commit.template [1ms]
[2022-08-17T20:36:46.798Z] > git check-ignore -v -z --stdin [0ms]
[2022-08-17T20:36:54.047Z] > git add -A -- . [3ms]
[2022-08-17T20:36:54.047Z] warning: adding embedded git repository: themes/lugo
hint: You've added another git repository inside your current repository.
hint: Clones of the outer repository will not contain the contents of
hint: the embedded repository and will not know how to obtain it.
hint: If you meant to add a submodule, use:
hint: 
hint: 	git submodule add <url> themes/lugo
hint: 
hint: If you added this path by mistake, you can remove it from the
hint: index with:
hint: 
hint: 	git rm --cached themes/lugo
hint: 
hint: See "git help submodule" for more information.
[2022-08-17T20:36:54.056Z] > git -c user.useConfigOnly=true commit --quiet --allow-empty-message --file - [5ms]
[2022-08-17T20:36:54.062Z] > git status -z -uall [3ms]
[2022-08-17T20:36:54.066Z] > git symbolic-ref --short HEAD [1ms]
[2022-08-17T20:36:54.071Z] > git for-each-ref --format=%(refname)%00%(upstream:short)%00%(objectname)%00%(upstream:track)%00%(upstream:remotename)%00%(upstream:remoteref) refs/heads/main refs/remotes/main [1ms]
[2022-08-17T20:36:54.076Z] > git for-each-ref --sort -committerdate --format %(refname) %(objectname) %(*objectname) [2ms]
[2022-08-17T20:36:54.077Z] > git remote --verbose [1ms]
[2022-08-17T20:36:54.081Z] > git config --get commit.template [1ms]
[2022-08-17T20:36:54.084Z] > git config --get commit.template [1ms]
[2022-08-17T20:36:54.954Z] > git log --oneline --cherry main...main@{upstream} -- [1ms]
[2022-08-17T20:36:55.448Z] > git pull --tags origin main [492ms]
[2022-08-17T20:36:55.448Z] From github.com:naoufalzerai/zerai.xyz
 * branch            main       -> FETCH_HEAD
[2022-08-17T20:36:56.163Z] > git push origin main:main [711ms]
[2022-08-17T20:36:56.163Z] To github.com:naoufalzerai/zerai.xyz.git
   166f250..afa605b  main -> main
[2022-08-17T20:36:56.169Z] > git status -z -uall [3ms]
[2022-08-17T20:36:56.172Z] > git symbolic-ref --short HEAD [1ms]
[2022-08-17T20:36:56.175Z] > git for-each-ref --format=%(refname)%00%(upstream:short)%00%(objectname)%00%(upstream:track)%00%(upstream:remotename)%00%(upstream:remoteref) refs/heads/main refs/remotes/main [1ms]
[2022-08-17T20:36:56.181Z] > git for-each-ref --sort -committerdate --format %(refname) %(objectname) %(*objectname) [3ms]
[2022-08-17T20:36:56.181Z] > git remote --verbose [1ms]
[2022-08-17T20:36:56.186Z] > git config --get commit.template [0ms]
[2022-08-17T20:36:56.194Z] > git status -z -uall [3ms]
[2022-08-17T20:36:56.199Z] > git symbolic-ref --short HEAD [1ms]
[2022-08-17T20:36:56.203Z] > git for-each-ref --format=%(refname)%00%(upstream:short)%00%(objectname)%00%(upstream:track)%00%(upstream:remotename)%00%(upstream:remoteref) refs/heads/main refs/remotes/main [1ms]
[2022-08-17T20:36:56.210Z] > git for-each-ref --sort -committerdate --format %(refname) %(objectname) %(*objectname) [3ms]
[2022-08-17T20:36:56.210Z] > git remote --verbose [0ms]
[2022-08-17T20:36:56.215Z] > git config --get commit.template [1ms]
[2022-08-17T20:36:57.321Z] > git ls-files --stage -- /home/near/Documents/Code/zerai.xyz/netlify.toml [1ms]
[2022-08-17T20:36:57.323Z] > git cat-file -s 36c1bb5319cbb617cb7486aabe3aace7cba46d88 [0ms]
[2022-08-17T20:36:57.329Z] > git show --textconv :netlify.toml [1ms]
[2022-08-17T20:38:42.133Z] > git fetch [609ms]
[2022-08-17T20:38:42.138Z] > git status -z -uall [2ms]
[2022-08-17T20:38:42.142Z] > git symbolic-ref --short HEAD [0ms]
[2022-08-17T20:38:42.146Z] > git for-each-ref --format=%(refname)%00%(upstream:short)%00%(objectname)%00%(upstream:track)%00%(upstream:remotename)%00%(upstream:remoteref) refs/heads/main refs/remotes/main [1ms]
[2022-08-17T20:38:42.150Z] > git for-each-ref --sort -committerdate --format %(refname) %(objectname) %(*objectname) [2ms]
[2022-08-17T20:38:42.150Z] > git remote --verbose [1ms]
[2022-08-17T20:38:42.153Z] > git config --get commit.template [0ms]
[2022-08-17T20:38:43.165Z] > git status -z -uall [2ms]
[2022-08-17T20:38:43.168Z] > git symbolic-ref --short HEAD [0ms]
[2022-08-17T20:38:43.172Z] > git for-each-ref --format=%(refname)%00%(upstream:short)%00%(objectname)%00%(upstream:track)%00%(upstream:remotename)%00%(upstream:remoteref) refs/heads/main refs/remotes/main [1ms]
[2022-08-17T20:38:43.177Z] > git for-each-ref --sort -committerdate --format %(refname) %(objectname) %(*objectname) [3ms]
[2022-08-17T20:38:43.177Z] > git remote --verbose [1ms]
[2022-08-17T20:38:43.180Z] > git config --get commit.template [0ms]
[2022-08-17T20:38:43.265Z] > git ls-files --stage -- /home/near/Documents/Code/zerai.xyz/netlify.toml [0ms]
[2022-08-17T20:38:43.268Z] > git cat-file -s 36c1bb5319cbb617cb7486aabe3aace7cba46d88 [1ms]
[2022-08-17T20:38:43.275Z] > git show --textconv :netlify.toml [1ms]
[2022-08-17T20:38:49.025Z] > git show --textconv :themes/lugo/.github/workflows/upload.yml [2ms]
[2022-08-17T20:38:49.026Z] > git ls-files --stage -- /home/near/Documents/Code/zerai.xyz/themes/lugo/.github/workflows/upload.yml [1ms]
[2022-08-17T20:39:12.857Z] > git show --textconv :netlify.toml [3ms]
[2022-08-17T20:39:12.857Z] > git ls-files --stage -- /home/near/Documents/Code/zerai.xyz/netlify.toml [1ms]
[2022-08-17T20:39:12.859Z] > git cat-file -s 36c1bb5319cbb617cb7486aabe3aace7cba46d88 [0ms]
[2022-08-17T20:39:13.681Z] > git status -z -uall [3ms]
[2022-08-17T20:39:13.683Z] > git symbolic-ref --short HEAD [0ms]
[2022-08-17T20:39:13.685Z] > git for-each-ref --format=%(refname)%00%(upstream:short)%00%(objectname)%00%(upstream:track)%00%(upstream:remotename)%00%(upstream:remoteref) refs/heads/main refs/remotes/main [0ms]
[2022-08-17T20:39:13.690Z] > git for-each-ref --sort -committerdate --format %(refname) %(objectname) %(*objectname) [3ms]
[2022-08-17T20:39:13.690Z] > git remote --verbose [1ms]
[2022-08-17T20:39:13.693Z] > git config --get commit.template [0ms]
[2022-08-17T20:40:24.937Z] > git show --textconv :config.toml [2ms]
[2022-08-17T20:40:24.937Z] > git ls-files --stage -- /home/near/Documents/Code/zerai.xyz/config.toml [0ms]
[2022-08-17T20:40:24.939Z] > git cat-file -s 9b4126c47e278aec20346703d62687e9b4116e3e [0ms]
[2022-08-17T20:42:43.863Z] > git status -z -uall [1ms]
[2022-08-17T20:42:43.868Z] > git symbolic-ref --short HEAD [3ms]
[2022-08-17T20:42:43.870Z] > git ls-files --stage -- /home/near/Documents/Code/zerai.xyz/config.toml [2ms]
[2022-08-17T20:42:43.873Z] > git for-each-ref --format=%(refname)%00%(upstream:short)%00%(objectname)%00%(upstream:track)%00%(upstream:remotename)%00%(upstream:remoteref) refs/heads/main refs/remotes/main [3ms]
[2022-08-17T20:42:43.878Z] > git for-each-ref --sort -committerdate --format %(refname) %(objectname) %(*objectname) [2ms]
[2022-08-17T20:42:43.878Z] > git cat-file -s 9b4126c47e278aec20346703d62687e9b4116e3e [5ms]
[2022-08-17T20:42:43.879Z] > git remote --verbose [1ms]
[2022-08-17T20:42:43.885Z] > git config --get commit.template [4ms]
[2022-08-17T20:42:43.885Z] > git show --textconv :config.toml [1ms]
[2022-08-17T20:42:44.393Z] > git fetch [533ms]
[2022-08-17T20:42:44.396Z] > git status -z -uall [1ms]
[2022-08-17T20:42:44.399Z] > git symbolic-ref --short HEAD [1ms]
[2022-08-17T20:42:44.401Z] > git for-each-ref --format=%(refname)%00%(upstream:short)%00%(objectname)%00%(upstream:track)%00%(upstream:remotename)%00%(upstream:remoteref) refs/heads/main refs/remotes/main [1ms]
[2022-08-17T20:42:44.404Z] > git for-each-ref --sort -committerdate --format %(refname) %(objectname) %(*objectname) [2ms]
[2022-08-17T20:42:44.404Z] > git remote --verbose [0ms]
[2022-08-17T20:42:44.408Z] > git config --get commit.template [1ms]
[2022-08-17T20:42:45.529Z] > git ls-files --stage -- /home/near/Documents/Code/zerai.xyz/config.toml [1ms]
[2022-08-17T20:42:45.531Z] > git cat-file -s 9b4126c47e278aec20346703d62687e9b4116e3e [0ms]
[2022-08-17T20:42:45.537Z] > git show --textconv :config.toml [1ms]
[2022-08-17T20:42:48.890Z] > git status -z -uall [1ms]
[2022-08-17T20:42:48.893Z] > git symbolic-ref --short HEAD [1ms]
[2022-08-17T20:42:48.896Z] > git for-each-ref --format=%(refname)%00%(upstream:short)%00%(objectname)%00%(upstream:track)%00%(upstream:remotename)%00%(upstream:remoteref) refs/heads/main refs/remotes/main [1ms]
[2022-08-17T20:42:48.900Z] > git for-each-ref --sort -committerdate --format %(refname) %(objectname) %(*objectname) [2ms]
[2022-08-17T20:42:48.900Z] > git remote --verbose [1ms]
[2022-08-17T20:42:48.903Z] > git config --get commit.template [1ms]
[2022-08-17T20:42:55.654Z] > git -c user.useConfigOnly=true commit --quiet --allow-empty-message --file - [3ms]
[2022-08-17T20:42:55.658Z] > git status -z -uall [1ms]
[2022-08-17T20:42:55.662Z] > git symbolic-ref --short HEAD [1ms]
[2022-08-17T20:42:55.666Z] > git for-each-ref --format=%(refname)%00%(upstream:short)%00%(objectname)%00%(upstream:track)%00%(upstream:remotename)%00%(upstream:remoteref) refs/heads/main refs/remotes/main [0ms]
[2022-08-17T20:42:55.670Z] > git for-each-ref --sort -committerdate --format %(refname) %(objectname) %(*objectname) [2ms]
[2022-08-17T20:42:55.671Z] > git remote --verbose [1ms]
[2022-08-17T20:42:55.675Z] > git config --get commit.template [0ms]
[2022-08-17T20:42:55.679Z] > git config --get commit.template [0ms]
[2022-08-17T20:42:56.441Z] > git log --oneline --cherry main...main@{upstream} -- [0ms]
[2022-08-17T20:42:56.888Z] > git pull --tags origin main [444ms]
[2022-08-17T20:42:56.888Z] From github.com:naoufalzerai/zerai.xyz
 * branch            main       -> FETCH_HEAD
[2022-08-17T20:42:57.609Z] > git push origin main:main [716ms]
[2022-08-17T20:42:57.609Z] To github.com:naoufalzerai/zerai.xyz.git
   afa605b..12070f4  main -> main
[2022-08-17T20:42:57.612Z] > git status -z -uall [1ms]
[2022-08-17T20:42:57.615Z] > git symbolic-ref --short HEAD [1ms]
[2022-08-17T20:42:57.617Z] > git for-each-ref --format=%(refname)%00%(upstream:short)%00%(objectname)%00%(upstream:track)%00%(upstream:remotename)%00%(upstream:remoteref) refs/heads/main refs/remotes/main [1ms]
[2022-08-17T20:42:57.620Z] > git for-each-ref --sort -committerdate --format %(refname) %(objectname) %(*objectname) [2ms]
[2022-08-17T20:42:57.620Z] > git remote --verbose [0ms]
[2022-08-17T20:42:57.625Z] > git config --get commit.template [0ms]
[2022-08-17T20:42:57.629Z] > git status -z -uall [1ms]
[2022-08-17T20:42:57.632Z] > git symbolic-ref --short HEAD [0ms]
[2022-08-17T20:42:57.635Z] > git for-each-ref --format=%(refname)%00%(upstream:short)%00%(objectname)%00%(upstream:track)%00%(upstream:remotename)%00%(upstream:remoteref) refs/heads/main refs/remotes/main [1ms]
[2022-08-17T20:42:57.639Z] > git for-each-ref --sort -committerdate --format %(refname) %(objectname) %(*objectname) [2ms]
[2022-08-17T20:42:57.639Z] > git remote --verbose [1ms]
[2022-08-17T20:42:57.644Z] > git config --get commit.template [0ms]
[2022-08-17T20:42:58.768Z] > git ls-files --stage -- /home/near/Documents/Code/zerai.xyz/config.toml [0ms]
[2022-08-17T20:42:58.771Z] > git cat-file -s 9b4126c47e278aec20346703d62687e9b4116e3e [1ms]
[2022-08-17T20:42:58.776Z] > git show --textconv :config.toml [1ms]
[2022-08-17T20:43:02.649Z] > git status -z -uall [1ms]
[2022-08-17T20:43:02.653Z] > git symbolic-ref --short HEAD [0ms]
[2022-08-17T20:43:02.657Z] > git for-each-ref --format=%(refname)%00%(upstream:short)%00%(objectname)%00%(upstream:track)%00%(upstream:remotename)%00%(upstream:remoteref) refs/heads/main refs/remotes/main [1ms]
[2022-08-17T20:43:02.663Z] > git for-each-ref --sort -committerdate --format %(refname) %(objectname) %(*objectname) [2ms]
[2022-08-17T20:43:02.663Z] > git remote --verbose [1ms]
[2022-08-17T20:43:02.666Z] > git config --get commit.template [1ms]
[2022-08-17T20:49:09.030Z] > git fetch [483ms]
[2022-08-17T20:49:09.033Z] > git status -z -uall [1ms]
[2022-08-17T20:49:09.035Z] > git symbolic-ref --short HEAD [0ms]
[2022-08-17T20:49:09.038Z] > git for-each-ref --format=%(refname)%00%(upstream:short)%00%(objectname)%00%(upstream:track)%00%(upstream:remotename)%00%(upstream:remoteref) refs/heads/main refs/remotes/main [1ms]
[2022-08-17T20:49:09.042Z] > git for-each-ref --sort -committerdate --format %(refname) %(objectname) %(*objectname) [2ms]
[2022-08-17T20:49:09.042Z] > git remote --verbose [0ms]
[2022-08-17T20:49:09.046Z] > git config --get commit.template [0ms]
[2022-08-17T20:49:10.065Z] > git status -z -uall [1ms]
[2022-08-17T20:49:10.067Z] > git symbolic-ref --short HEAD [0ms]
[2022-08-17T20:49:10.070Z] > git for-each-ref --format=%(refname)%00%(upstream:short)%00%(objectname)%00%(upstream:track)%00%(upstream:remotename)%00%(upstream:remoteref) refs/heads/main refs/remotes/main [1ms]
[2022-08-17T20:49:10.073Z] > git for-each-ref --sort -committerdate --format %(refname) %(objectname) %(*objectname) [2ms]
[2022-08-17T20:49:10.073Z] > git remote --verbose [0ms]
[2022-08-17T20:49:10.076Z] > git config --get commit.template [1ms]
[2022-08-17T20:49:10.169Z] > git ls-files --stage -- /home/near/Documents/Code/zerai.xyz/config.toml [0ms]
[2022-08-17T20:49:10.174Z] > git cat-file -s 9b4126c47e278aec20346703d62687e9b4116e3e [1ms]
[2022-08-17T20:49:10.182Z] > git show --textconv :config.toml [0ms]
[2022-08-17T20:49:13.031Z] > git show --textconv :netlify.toml [1ms]
[2022-08-17T20:49:13.032Z] > git ls-files --stage -- /home/near/Documents/Code/zerai.xyz/netlify.toml [1ms]
[2022-08-17T20:49:13.034Z] > git cat-file -s 36c1bb5319cbb617cb7486aabe3aace7cba46d88 [1ms]
[2022-08-17T20:50:35.796Z] > git status -z -uall [1ms]
[2022-08-17T20:50:35.800Z] > git symbolic-ref --short HEAD [1ms]
[2022-08-17T20:50:35.802Z] > git for-each-ref --format=%(refname)%00%(upstream:short)%00%(objectname)%00%(upstream:track)%00%(upstream:remotename)%00%(upstream:remoteref) refs/heads/main refs/remotes/main [1ms]
[2022-08-17T20:50:35.806Z] > git for-each-ref --sort -committerdate --format %(refname) %(objectname) %(*objectname) [2ms]
[2022-08-17T20:50:35.806Z] > git remote --verbose [1ms]
[2022-08-17T20:50:35.809Z] > git config --get commit.template [1ms]
[2022-08-17T20:50:49.464Z] > git add -A -- . [1ms]
[2022-08-17T20:50:49.464Z] warning: adding embedded git repository: themes/lugo
hint: You've added another git repository inside your current repository.
hint: Clones of the outer repository will not contain the contents of
hint: the embedded repository and will not know how to obtain it.
hint: If you meant to add a submodule, use:
hint: 
hint: 	git submodule add <url> themes/lugo
hint: 
hint: If you added this path by mistake, you can remove it from the
hint: index with:
hint: 
hint: 	git rm --cached themes/lugo
hint: 
hint: See "git help submodule" for more information.
[2022-08-17T20:50:49.476Z] > git -c user.useConfigOnly=true commit --quiet --allow-empty-message --file - [10ms]
[2022-08-17T20:50:49.483Z] > git status -z -uall [3ms]
[2022-08-17T20:50:49.486Z] > git symbolic-ref --short HEAD [1ms]
[2022-08-17T20:50:49.488Z] > git for-each-ref --format=%(refname)%00%(upstream:short)%00%(objectname)%00%(upstream:track)%00%(upstream:remotename)%00%(upstream:remoteref) refs/heads/main refs/remotes/main [1ms]
[2022-08-17T20:50:49.491Z] > git for-each-ref --sort -committerdate --format %(refname) %(objectname) %(*objectname) [1ms]
[2022-08-17T20:50:49.492Z] > git remote --verbose [1ms]
[2022-08-17T20:50:49.495Z] > git config --get commit.template [1ms]
[2022-08-17T20:50:49.499Z] > git config --get commit.template [0ms]
[2022-08-17T20:50:50.533Z] > git status -z -uall [2ms]
[2022-08-17T20:50:50.536Z] > git symbolic-ref --short HEAD [1ms]
[2022-08-17T20:50:50.538Z] > git for-each-ref --format=%(refname)%00%(upstream:short)%00%(objectname)%00%(upstream:track)%00%(upstream:remotename)%00%(upstream:remoteref) refs/heads/main refs/remotes/main [1ms]
[2022-08-17T20:50:50.541Z] > git for-each-ref --sort -committerdate --format %(refname) %(objectname) %(*objectname) [2ms]
[2022-08-17T20:50:50.541Z] > git remote --verbose [0ms]
[2022-08-17T20:50:50.544Z] > git config --get commit.template [1ms]
[2022-08-17T20:50:50.634Z] > git ls-files --stage -- /home/near/Documents/Code/zerai.xyz/netlify.toml [1ms]
[2022-08-17T20:50:50.637Z] > git cat-file -s c56850f39dfb29a82f71c09ecd50b8172ff7a22f [1ms]
[2022-08-17T20:50:50.642Z] > git show --textconv :netlify.toml [0ms]
[2022-08-17T20:50:53.760Z] > git add -A -- . [2ms]
[2022-08-17T20:50:53.769Z] > git -c user.useConfigOnly=true commit --quiet [5ms]
[2022-08-17T20:50:53.773Z] > git config --get-all user.name [0ms]
[2022-08-17T20:50:53.775Z] > git config --get-all user.email [0ms]
[2022-08-17T20:50:55.387Z] > git ls-files --stage -- /home/near/Documents/Code/zerai.xyz/netlify.toml [0ms]
[2022-08-17T20:50:55.390Z] > git cat-file -s c56850f39dfb29a82f71c09ecd50b8172ff7a22f [1ms]
[2022-08-17T20:50:55.395Z] > git show --textconv :netlify.toml [1ms]
[2022-08-17T20:50:55.550Z] > git status -z -uall [3ms]
[2022-08-17T20:50:55.553Z] > git symbolic-ref --short HEAD [1ms]
[2022-08-17T20:50:55.555Z] > git for-each-ref --format=%(refname)%00%(upstream:short)%00%(objectname)%00%(upstream:track)%00%(upstream:remotename)%00%(upstream:remoteref) refs/heads/main refs/remotes/main [1ms]
[2022-08-17T20:50:55.558Z] > git for-each-ref --sort -committerdate --format %(refname) %(objectname) %(*objectname) [2ms]
[2022-08-17T20:50:55.558Z] > git remote --verbose [0ms]
[2022-08-17T20:50:55.562Z] > git config --get commit.template [1ms]
[2022-08-17T20:50:57.142Z] > git show --textconv :config.toml [2ms]
[2022-08-17T20:50:57.143Z] > git ls-files --stage -- /home/near/Documents/Code/zerai.xyz/config.toml [1ms]
[2022-08-17T20:50:57.146Z] > git cat-file -s 9b4126c47e278aec20346703d62687e9b4116e3e [1ms]
[2022-08-17T20:50:58.344Z] > git add -A -- . [3ms]
[2022-08-17T20:50:58.352Z] > git -c user.useConfigOnly=true commit --quiet [4ms]
[2022-08-17T20:50:58.355Z] > git config --get-all user.name [0ms]
[2022-08-17T20:50:58.358Z] > git config --get-all user.email [0ms]
[2022-08-17T20:51:00.007Z] > git ls-files --stage -- /home/near/Documents/Code/zerai.xyz/config.toml [1ms]
[2022-08-17T20:51:00.009Z] > git cat-file -s 9b4126c47e278aec20346703d62687e9b4116e3e [1ms]
[2022-08-17T20:51:00.015Z] > git show --textconv :config.toml [1ms]
[2022-08-17T20:51:00.567Z] > git status -z -uall [2ms]
[2022-08-17T20:51:00.570Z] > git symbolic-ref --short HEAD [0ms]
[2022-08-17T20:51:00.573Z] > git for-each-ref --format=%(refname)%00%(upstream:short)%00%(objectname)%00%(upstream:track)%00%(upstream:remotename)%00%(upstream:remoteref) refs/heads/main refs/remotes/main [1ms]
[2022-08-17T20:51:00.576Z] > git for-each-ref --sort -committerdate --format %(refname) %(objectname) %(*objectname) [1ms]
[2022-08-17T20:51:00.577Z] > git remote --verbose [1ms]
[2022-08-17T20:51:00.581Z] > git config --get commit.template [1ms]
[2022-08-17T20:51:03.767Z] > git push origin main:main [736ms]
[2022-08-17T20:51:03.767Z] To github.com:naoufalzerai/zerai.xyz.git
   12070f4..9c0af7b  main -> main
[2022-08-17T20:51:03.772Z] > git status -z -uall [3ms]
[2022-08-17T20:51:03.774Z] > git symbolic-ref --short HEAD [0ms]
[2022-08-17T20:51:03.777Z] > git for-each-ref --format=%(refname)%00%(upstream:short)%00%(objectname)%00%(upstream:track)%00%(upstream:remotename)%00%(upstream:remoteref) refs/heads/main refs/remotes/main [1ms]
[2022-08-17T20:51:03.781Z] > git for-each-ref --sort -committerdate --format %(refname) %(objectname) %(*objectname) [2ms]
[2022-08-17T20:51:03.781Z] > git remote --verbose [1ms]
[2022-08-17T20:51:03.784Z] > git config --get commit.template [0ms]
[2022-08-17T20:51:04.925Z] > git ls-files --stage -- /home/near/Documents/Code/zerai.xyz/config.toml [1ms]
[2022-08-17T20:51:04.927Z] > git cat-file -s 9b4126c47e278aec20346703d62687e9b4116e3e [0ms]
[2022-08-17T20:51:04.934Z] > git show --textconv :config.toml [1ms]
[2022-08-17T20:51:05.587Z] > git status -z -uall [3ms]
[2022-08-17T20:51:05.590Z] > git symbolic-ref --short HEAD [0ms]
[2022-08-17T20:51:05.592Z] > git for-each-ref --format=%(refname)%00%(upstream:short)%00%(objectname)%00%(upstream:track)%00%(upstream:remotename)%00%(upstream:remoteref) refs/heads/main refs/remotes/main [0ms]
[2022-08-17T20:51:05.597Z] > git for-each-ref --sort -committerdate --format %(refname) %(objectname) %(*objectname) [3ms]
[2022-08-17T20:51:05.597Z] > git remote --verbose [0ms]
[2022-08-17T20:51:05.600Z] > git config --get commit.template [0ms]
[2022-08-17T20:51:14.186Z] > git add -A -- /home/near/Documents/Code/zerai.xyz/themes/lugo [2ms]
[2022-08-17T20:51:14.191Z] > git status -z -uall [2ms]
[2022-08-17T20:51:14.195Z] > git symbolic-ref --short HEAD [1ms]
[2022-08-17T20:51:14.200Z] > git for-each-ref --format=%(refname)%00%(upstream:short)%00%(objectname)%00%(upstream:track)%00%(upstream:remotename)%00%(upstream:remoteref) refs/heads/main refs/remotes/main [1ms]
[2022-08-17T20:51:14.205Z] > git for-each-ref --sort -committerdate --format %(refname) %(objectname) %(*objectname) [2ms]
[2022-08-17T20:51:14.205Z] > git remote --verbose [1ms]
[2022-08-17T20:51:14.208Z] > git config --get commit.template [1ms]
[2022-08-17T20:51:28.816Z] > git show --textconv :content/about.md [2ms]
[2022-08-17T20:51:28.816Z] > git ls-files --stage -- /home/near/Documents/Code/zerai.xyz/content/about.md [0ms]
[2022-08-17T20:51:28.818Z] > git cat-file -s 955e264562a5d63e8bfd78ff01d429916d63788a [0ms]
[2022-08-17T20:51:35.901Z] > git show --textconv :netlify.toml [2ms]
[2022-08-17T20:51:35.901Z] > git ls-files --stage -- /home/near/Documents/Code/zerai.xyz/netlify.toml [0ms]
[2022-08-17T20:51:35.903Z] > git cat-file -s c56850f39dfb29a82f71c09ecd50b8172ff7a22f [0ms]
[2022-08-17T20:51:39.233Z] > git add -A -- . [3ms]
[2022-08-17T20:51:39.239Z] > git -c user.useConfigOnly=true commit --quiet --allow-empty-message --file - [3ms]
[2022-08-17T20:51:39.245Z] > git config --get-all user.name [1ms]
[2022-08-17T20:51:39.252Z] > git config --get-all user.email [1ms]
[2022-08-17T20:51:40.532Z] > git status -z -uall [5ms]
[2022-08-17T20:51:40.536Z] > git ls-files --stage -- /home/near/Documents/Code/zerai.xyz/netlify.toml [4ms]
[2022-08-17T20:51:40.538Z] > git symbolic-ref --short HEAD [3ms]
[2022-08-17T20:51:40.540Z] > git cat-file -s c56850f39dfb29a82f71c09ecd50b8172ff7a22f [1ms]
[2022-08-17T20:51:40.540Z] > git for-each-ref --format=%(refname)%00%(upstream:short)%00%(objectname)%00%(upstream:track)%00%(upstream:remotename)%00%(upstream:remoteref) refs/heads/main refs/remotes/main [1ms]
[2022-08-17T20:51:40.544Z] > git for-each-ref --sort -committerdate --format %(refname) %(objectname) %(*objectname) [2ms]
[2022-08-17T20:51:40.544Z] > git remote --verbose [1ms]
[2022-08-17T20:51:40.551Z] > git config --get commit.template [3ms]
[2022-08-17T20:51:40.551Z] > git show --textconv :netlify.toml [0ms]
[2022-08-17T20:51:42.952Z] > git add -A -- /home/near/Documents/Code/zerai.xyz/themes/lugo [2ms]
[2022-08-17T20:51:42.956Z] > git status -z -uall [2ms]
[2022-08-17T20:51:42.959Z] > git symbolic-ref --short HEAD [1ms]
[2022-08-17T20:51:42.961Z] > git for-each-ref --format=%(refname)%00%(upstream:short)%00%(objectname)%00%(upstream:track)%00%(upstream:remotename)%00%(upstream:remoteref) refs/heads/main refs/remotes/main [1ms]
[2022-08-17T20:51:42.966Z] > git for-each-ref --sort -committerdate --format %(refname) %(objectname) %(*objectname) [3ms]
[2022-08-17T20:51:42.966Z] > git remote --verbose [1ms]
[2022-08-17T20:51:42.970Z] > git config --get commit.template [0ms]
[2022-08-17T20:51:44.242Z] > git add -A -- . [2ms]
[2022-08-17T20:51:44.249Z] > git -c user.useConfigOnly=true commit --quiet --allow-empty-message --file - [3ms]
[2022-08-17T20:51:44.252Z] > git config --get-all user.name [0ms]
[2022-08-17T20:51:44.255Z] > git config --get-all user.email [1ms]
[2022-08-17T20:51:45.470Z] > git ls-files --stage -- /home/near/Documents/Code/zerai.xyz/netlify.toml [1ms]
[2022-08-17T20:51:45.472Z] > git cat-file -s c56850f39dfb29a82f71c09ecd50b8172ff7a22f [0ms]
[2022-08-17T20:51:45.477Z] > git show --textconv :netlify.toml [0ms]
[2022-08-17T20:51:45.557Z] > git status -z -uall [3ms]
[2022-08-17T20:51:45.559Z] > git symbolic-ref --short HEAD [0ms]
[2022-08-17T20:51:45.562Z] > git for-each-ref --format=%(refname)%00%(upstream:short)%00%(objectname)%00%(upstream:track)%00%(upstream:remotename)%00%(upstream:remoteref) refs/heads/main refs/remotes/main [1ms]
[2022-08-17T20:51:45.568Z] > git for-each-ref --sort -committerdate --format %(refname) %(objectname) %(*objectname) [3ms]
[2022-08-17T20:51:45.568Z] > git remote --verbose [1ms]
[2022-08-17T20:51:45.571Z] > git config --get commit.template [1ms]
[2022-08-17T20:51:48.619Z] > git show --textconv :content/about.md [2ms]
[2022-08-17T20:51:48.619Z] > git ls-files --stage -- /home/near/Documents/Code/zerai.xyz/content/about.md [0ms]
[2022-08-17T20:51:48.621Z] > git cat-file -s 955e264562a5d63e8bfd78ff01d429916d63788a [0ms]
[2022-08-17T20:51:50.004Z] > git show --textconv HEAD:themes/lugo [2ms]
[2022-08-17T20:51:50.005Z] > git ls-tree -l HEAD -- /home/near/Documents/Code/zerai.xyz/themes/lugo [1ms]
[2022-08-17T20:51:50.195Z] > git show --textconv HEAD:themes/lugo [5ms]
[2022-08-17T20:51:50.195Z] > git ls-tree -l HEAD -- /home/near/Documents/Code/zerai.xyz/themes/lugo [1ms]
[2022-08-17T20:51:56.050Z] > git show --textconv HEAD:themes/lugo [3ms]
[2022-08-17T20:51:56.050Z] > git ls-tree -l HEAD -- /home/near/Documents/Code/zerai.xyz/themes/lugo [0ms]
[2022-08-17T20:51:59.835Z] > git show --textconv HEAD:themes/lugo [3ms]
[2022-08-17T20:51:59.835Z] > git ls-tree -l HEAD -- /home/near/Documents/Code/zerai.xyz/themes/lugo [1ms]
[2022-08-17T20:52:02.297Z] > git show --textconv :content/about.md [3ms]
[2022-08-17T20:52:02.297Z] > git ls-files --stage -- /home/near/Documents/Code/zerai.xyz/content/about.md [0ms]
[2022-08-17T20:52:02.300Z] > git cat-file -s 955e264562a5d63e8bfd78ff01d429916d63788a [1ms]
[2022-08-17T20:52:05.709Z] > git show --textconv :netlify.toml [2ms]
[2022-08-17T20:52:05.709Z] > git ls-files --stage -- /home/near/Documents/Code/zerai.xyz/netlify.toml [0ms]
[2022-08-17T20:52:05.711Z] > git cat-file -s c56850f39dfb29a82f71c09ecd50b8172ff7a22f [0ms]
[2022-08-17T20:52:09.567Z] > git fetch [517ms]
[2022-08-17T20:52:09.572Z] > git status -z -uall [2ms]
[2022-08-17T20:52:09.575Z] > git symbolic-ref --short HEAD [1ms]
[2022-08-17T20:52:09.577Z] > git for-each-ref --format=%(refname)%00%(upstream:short)%00%(objectname)%00%(upstream:track)%00%(upstream:remotename)%00%(upstream:remoteref) refs/heads/main refs/remotes/main [1ms]
[2022-08-17T20:52:09.581Z] > git for-each-ref --sort -committerdate --format %(refname) %(objectname) %(*objectname) [2ms]
[2022-08-17T20:52:09.581Z] > git remote --verbose [1ms]
[2022-08-17T20:52:09.583Z] > git config --get commit.template [0ms]
[2022-08-17T20:52:10.598Z] > git status -z -uall [2ms]
[2022-08-17T20:52:10.601Z] > git symbolic-ref --short HEAD [1ms]
[2022-08-17T20:52:10.603Z] > git for-each-ref --format=%(refname)%00%(upstream:short)%00%(objectname)%00%(upstream:track)%00%(upstream:remotename)%00%(upstream:remoteref) refs/heads/main refs/remotes/main [0ms]
[2022-08-17T20:52:10.607Z] > git for-each-ref --sort -committerdate --format %(refname) %(objectname) %(*objectname) [2ms]
[2022-08-17T20:52:10.607Z] > git remote --verbose [0ms]
[2022-08-17T20:52:10.610Z] > git config --get commit.template [0ms]
[2022-08-17T20:52:10.699Z] > git ls-files --stage -- /home/near/Documents/Code/zerai.xyz/netlify.toml [0ms]
[2022-08-17T20:52:10.701Z] > git cat-file -s c56850f39dfb29a82f71c09ecd50b8172ff7a22f [0ms]
[2022-08-17T20:52:10.706Z] > git show --textconv :netlify.toml [1ms]
[2022-08-17T20:52:16.703Z] > git checkout -q -- /home/near/Documents/Code/zerai.xyz/themes/lugo [2ms]
[2022-08-17T20:52:16.705Z] > git status -z -uall [2ms]
[2022-08-17T20:52:16.708Z] > git symbolic-ref --short HEAD [1ms]
[2022-08-17T20:52:16.711Z] > git for-each-ref --format=%(refname)%00%(upstream:short)%00%(objectname)%00%(upstream:track)%00%(upstream:remotename)%00%(upstream:remoteref) refs/heads/main refs/remotes/main [1ms]
[2022-08-17T20:52:16.715Z] > git for-each-ref --sort -committerdate --format %(refname) %(objectname) %(*objectname) [2ms]
[2022-08-17T20:52:16.715Z] > git remote --verbose [1ms]
[2022-08-17T20:52:16.718Z] > git config --get commit.template [1ms]
[2022-08-17T20:52:16.722Z] > git status -z -uall [2ms]
[2022-08-17T20:52:16.725Z] > git symbolic-ref --short HEAD [0ms]
[2022-08-17T20:52:16.728Z] > git for-each-ref --format=%(refname)%00%(upstream:short)%00%(objectname)%00%(upstream:track)%00%(upstream:remotename)%00%(upstream:remoteref) refs/heads/main refs/remotes/main [1ms]
[2022-08-17T20:52:16.733Z] > git for-each-ref --sort -committerdate --format %(refname) %(objectname) %(*objectname) [2ms]
[2022-08-17T20:52:16.734Z] > git remote --verbose [1ms]
[2022-08-17T20:52:16.736Z] > git config --get commit.template [0ms]
[2022-08-17T20:52:17.860Z] > git ls-files --stage -- /home/near/Documents/Code/zerai.xyz/netlify.toml [1ms]
[2022-08-17T20:52:17.863Z] > git cat-file -s c56850f39dfb29a82f71c09ecd50b8172ff7a22f [1ms]
[2022-08-17T20:52:17.869Z] > git show --textconv :netlify.toml [1ms]
[2022-08-17T20:52:18.961Z] > git show --textconv HEAD:themes/lugo [4ms]
[2022-08-17T20:52:18.961Z] > git ls-tree -l HEAD -- /home/near/Documents/Code/zerai.xyz/themes/lugo [1ms]
[2022-08-17T20:52:21.726Z] > git status -z -uall [2ms]
[2022-08-17T20:52:21.730Z] > git symbolic-ref --short HEAD [0ms]
[2022-08-17T20:52:21.733Z] > git for-each-ref --format=%(refname)%00%(upstream:short)%00%(objectname)%00%(upstream:track)%00%(upstream:remotename)%00%(upstream:remoteref) refs/heads/main refs/remotes/main [1ms]
[2022-08-17T20:52:21.736Z] > git for-each-ref --sort -committerdate --format %(refname) %(objectname) %(*objectname) [1ms]
[2022-08-17T20:52:21.736Z] > git remote --verbose [0ms]
[2022-08-17T20:52:21.740Z] > git config --get commit.template [0ms]
