[Debug 02:56:30.453] TableOfContentsProvider: create - file:///home/near/Documents/Code/zerai.xyz/archetypes/default.md
[Debug 02:56:30.499] LinkProvider: compute - file:///home/near/Documents/Code/zerai.xyz/archetypes/default.md
[Debug 02:56:31.950] MdFoldingProvider: provideFoldingRanges - file:///home/near/Documents/Code/zerai.xyz/archetypes/default.md
[Trace 02:58:20.787] VsCodeClientWorkspace: onDidChangeWatchedFiles: 1: file:///home/near/Documents/Code/zerai.xyz/themes/lugo/README.md
[Trace 02:58:20.790] VsCodeClientWorkspace: onDidChangeWatchedFiles: 1: file:///home/near/Documents/Code/zerai.xyz/themes/lugo/archetypes/default.md
[Trace 03:05:07.353] VsCodeClientWorkspace: onDidChangeWatchedFiles: 1: file:///home/near/Documents/Code/zerai.xyz/content/about.md
[Debug 03:05:14.967] TableOfContentsProvider: create - file:///home/near/Documents/Code/zerai.xyz/content/about.md
[Debug 03:05:14.968] LinkProvider: compute - file:///home/near/Documents/Code/zerai.xyz/content/about.md
[Debug 03:05:15.158] MdFoldingProvider: provideFoldingRanges - file:///home/near/Documents/Code/zerai.xyz/content/about.md
[Debug 03:05:35.472] MdFoldingProvider: provideFoldingRanges - file:///home/near/Documents/Code/zerai.xyz/content/about.md
[Debug 03:05:35.472] TableOfContentsProvider: create - file:///home/near/Documents/Code/zerai.xyz/content/about.md
[Debug 03:05:35.917] MdFoldingProvider: provideFoldingRanges - file:///home/near/Documents/Code/zerai.xyz/content/about.md
[Debug 03:05:35.917] TableOfContentsProvider: create - file:///home/near/Documents/Code/zerai.xyz/content/about.md
[Debug 03:05:36.206] MdFoldingProvider: provideFoldingRanges - file:///home/near/Documents/Code/zerai.xyz/content/about.md
[Debug 03:05:36.206] TableOfContentsProvider: create - file:///home/near/Documents/Code/zerai.xyz/content/about.md
[Debug 03:05:36.910] MdFoldingProvider: provideFoldingRanges - file:///home/near/Documents/Code/zerai.xyz/content/about.md
[Debug 03:05:36.910] TableOfContentsProvider: create - file:///home/near/Documents/Code/zerai.xyz/content/about.md
[Debug 03:05:37.139] MdFoldingProvider: provideFoldingRanges - file:///home/near/Documents/Code/zerai.xyz/content/about.md
[Debug 03:05:37.139] TableOfContentsProvider: create - file:///home/near/Documents/Code/zerai.xyz/content/about.md
[Debug 03:05:37.941] LinkProvider: compute - file:///home/near/Documents/Code/zerai.xyz/content/about.md
[Trace 03:05:40.075] VsCodeClientWorkspace: onDidChangeWatchedFiles: 2: file:///home/near/Documents/Code/zerai.xyz/content/about.md
[Debug 03:05:48.086] MdFoldingProvider: provideFoldingRanges - file:///home/near/Documents/Code/zerai.xyz/content/about.md
[Debug 03:05:48.087] TableOfContentsProvider: create - file:///home/near/Documents/Code/zerai.xyz/content/about.md
[Debug 03:05:48.888] LinkProvider: compute - file:///home/near/Documents/Code/zerai.xyz/content/about.md
[Trace 03:05:49.456] VsCodeClientWorkspace: onDidChangeWatchedFiles: 2: file:///home/near/Documents/Code/zerai.xyz/content/about.md
[Debug 03:06:58.548] LinkProvider: compute - file:///home/near/Documents/Code/zerai.xyz/content/about.md
[Debug 03:06:58.727] MdFoldingProvider: provideFoldingRanges - file:///home/near/Documents/Code/zerai.xyz/content/about.md
[Debug 03:06:58.728] TableOfContentsProvider: create - file:///home/near/Documents/Code/zerai.xyz/content/about.md
[Debug 03:07:10.485] MdFoldingProvider: provideFoldingRanges - file:///home/near/Documents/Code/zerai.xyz/content/about.md
[Debug 03:07:10.485] TableOfContentsProvider: create - file:///home/near/Documents/Code/zerai.xyz/content/about.md
[Debug 03:07:11.286] LinkProvider: compute - file:///home/near/Documents/Code/zerai.xyz/content/about.md
[Trace 03:07:11.356] VsCodeClientWorkspace: onDidChangeWatchedFiles: 2: file:///home/near/Documents/Code/zerai.xyz/content/about.md
[Trace 03:07:17.002] VsCodeClientWorkspace: onDidChangeWatchedFiles: 2: file:///home/near/Documents/Code/zerai.xyz/content/about.md
[Debug 03:07:37.401] MdFoldingProvider: provideFoldingRanges - file:///home/near/Documents/Code/zerai.xyz/content/about.md
[Debug 03:07:37.401] TableOfContentsProvider: create - file:///home/near/Documents/Code/zerai.xyz/content/about.md
[Debug 03:07:38.202] LinkProvider: compute - file:///home/near/Documents/Code/zerai.xyz/content/about.md
[Trace 03:07:38.997] VsCodeClientWorkspace: onDidChangeWatchedFiles: 2: file:///home/near/Documents/Code/zerai.xyz/content/about.md
[Debug 03:08:18.035] TableOfContentsProvider: create - file:///home/near/Documents/Code/zerai.xyz/themes/lugo/archetypes/default.md
[Debug 03:08:18.040] LinkProvider: compute - file:///home/near/Documents/Code/zerai.xyz/themes/lugo/archetypes/default.md
[Debug 03:08:18.218] MdFoldingProvider: provideFoldingRanges - file:///home/near/Documents/Code/zerai.xyz/themes/lugo/archetypes/default.md
[Debug 03:08:22.445] LinkProvider: compute - file:///home/near/Documents/Code/zerai.xyz/content/about.md
[Debug 03:08:22.626] MdFoldingProvider: provideFoldingRanges - file:///home/near/Documents/Code/zerai.xyz/content/about.md
[Debug 03:08:22.626] TableOfContentsProvider: create - file:///home/near/Documents/Code/zerai.xyz/content/about.md
[Debug 03:08:39.275] MdFoldingProvider: provideFoldingRanges - file:///home/near/Documents/Code/zerai.xyz/content/about.md
[Debug 03:08:45.709] MdFoldingProvider: provideFoldingRanges - file:///home/near/Documents/Code/zerai.xyz/content/about.md
[Debug 03:08:45.709] TableOfContentsProvider: create - file:///home/near/Documents/Code/zerai.xyz/content/about.md
[Debug 03:08:46.644] MdFoldingProvider: provideFoldingRanges - file:///home/near/Documents/Code/zerai.xyz/content/about.md
[Debug 03:08:46.644] TableOfContentsProvider: create - file:///home/near/Documents/Code/zerai.xyz/content/about.md
[Debug 03:08:46.855] MdFoldingProvider: provideFoldingRanges - file:///home/near/Documents/Code/zerai.xyz/content/about.md
[Debug 03:08:46.856] TableOfContentsProvider: create - file:///home/near/Documents/Code/zerai.xyz/content/about.md
[Debug 03:08:47.108] MdFoldingProvider: provideFoldingRanges - file:///home/near/Documents/Code/zerai.xyz/content/about.md
[Debug 03:08:47.109] TableOfContentsProvider: create - file:///home/near/Documents/Code/zerai.xyz/content/about.md
[Debug 03:08:47.972] MdFoldingProvider: provideFoldingRanges - file:///home/near/Documents/Code/zerai.xyz/content/about.md
[Debug 03:08:47.972] TableOfContentsProvider: create - file:///home/near/Documents/Code/zerai.xyz/content/about.md
[Debug 03:08:48.349] MdFoldingProvider: provideFoldingRanges - file:///home/near/Documents/Code/zerai.xyz/content/about.md
[Debug 03:08:48.349] TableOfContentsProvider: create - file:///home/near/Documents/Code/zerai.xyz/content/about.md
[Debug 03:08:49.150] LinkProvider: compute - file:///home/near/Documents/Code/zerai.xyz/content/about.md
[Debug 03:08:50.663] MdFoldingProvider: provideFoldingRanges - file:///home/near/Documents/Code/zerai.xyz/content/about.md
[Debug 03:08:50.663] TableOfContentsProvider: create - file:///home/near/Documents/Code/zerai.xyz/content/about.md
[Debug 03:08:50.896] MdFoldingProvider: provideFoldingRanges - file:///home/near/Documents/Code/zerai.xyz/content/about.md
[Debug 03:08:50.896] TableOfContentsProvider: create - file:///home/near/Documents/Code/zerai.xyz/content/about.md
[Debug 03:08:51.697] LinkProvider: compute - file:///home/near/Documents/Code/zerai.xyz/content/about.md
[Debug 03:08:52.007] MdFoldingProvider: provideFoldingRanges - file:///home/near/Documents/Code/zerai.xyz/content/about.md
[Debug 03:08:52.007] TableOfContentsProvider: create - file:///home/near/Documents/Code/zerai.xyz/content/about.md
[Debug 03:08:52.955] MdFoldingProvider: provideFoldingRanges - file:///home/near/Documents/Code/zerai.xyz/content/about.md
[Debug 03:08:52.955] TableOfContentsProvider: create - file:///home/near/Documents/Code/zerai.xyz/content/about.md
[Debug 03:08:53.755] LinkProvider: compute - file:///home/near/Documents/Code/zerai.xyz/content/about.md
[Debug 03:08:54.193] MdFoldingProvider: provideFoldingRanges - file:///home/near/Documents/Code/zerai.xyz/content/about.md
[Debug 03:08:54.193] TableOfContentsProvider: create - file:///home/near/Documents/Code/zerai.xyz/content/about.md
[Debug 03:08:54.680] MdFoldingProvider: provideFoldingRanges - file:///home/near/Documents/Code/zerai.xyz/content/about.md
[Debug 03:08:54.680] TableOfContentsProvider: create - file:///home/near/Documents/Code/zerai.xyz/content/about.md
[Debug 03:08:55.480] LinkProvider: compute - file:///home/near/Documents/Code/zerai.xyz/content/about.md
[Debug 03:08:56.383] MdFoldingProvider: provideFoldingRanges - file:///home/near/Documents/Code/zerai.xyz/content/about.md
[Debug 03:08:56.383] TableOfContentsProvider: create - file:///home/near/Documents/Code/zerai.xyz/content/about.md
[Debug 03:08:57.134] MdFoldingProvider: provideFoldingRanges - file:///home/near/Documents/Code/zerai.xyz/content/about.md
[Debug 03:08:57.134] TableOfContentsProvider: create - file:///home/near/Documents/Code/zerai.xyz/content/about.md
[Debug 03:08:58.387] MdFoldingProvider: provideFoldingRanges - file:///home/near/Documents/Code/zerai.xyz/content/about.md
[Debug 03:08:58.387] TableOfContentsProvider: create - file:///home/near/Documents/Code/zerai.xyz/content/about.md
[Debug 03:08:58.761] MdFoldingProvider: provideFoldingRanges - file:///home/near/Documents/Code/zerai.xyz/content/about.md
[Debug 03:08:58.761] TableOfContentsProvider: create - file:///home/near/Documents/Code/zerai.xyz/content/about.md
[Debug 03:08:58.970] MdFoldingProvider: provideFoldingRanges - file:///home/near/Documents/Code/zerai.xyz/content/about.md
[Debug 03:08:58.970] TableOfContentsProvider: create - file:///home/near/Documents/Code/zerai.xyz/content/about.md
[Debug 03:08:59.197] MdFoldingProvider: provideFoldingRanges - file:///home/near/Documents/Code/zerai.xyz/content/about.md
[Debug 03:08:59.197] TableOfContentsProvider: create - file:///home/near/Documents/Code/zerai.xyz/content/about.md
[Debug 03:08:59.637] MdFoldingProvider: provideFoldingRanges - file:///home/near/Documents/Code/zerai.xyz/content/about.md
[Debug 03:08:59.637] TableOfContentsProvider: create - file:///home/near/Documents/Code/zerai.xyz/content/about.md
[Debug 03:09:00.037] MdFoldingProvider: provideFoldingRanges - file:///home/near/Documents/Code/zerai.xyz/content/about.md
[Debug 03:09:00.037] TableOfContentsProvider: create - file:///home/near/Documents/Code/zerai.xyz/content/about.md
[Debug 03:09:00.378] MdFoldingProvider: provideFoldingRanges - file:///home/near/Documents/Code/zerai.xyz/content/about.md
[Debug 03:09:00.379] TableOfContentsProvider: create - file:///home/near/Documents/Code/zerai.xyz/content/about.md
[Trace 03:09:00.832] VsCodeClientWorkspace: onDidChangeWatchedFiles: 2: file:///home/near/Documents/Code/zerai.xyz/content/about.md
[Debug 03:09:01.180] LinkProvider: compute - file:///home/near/Documents/Code/zerai.xyz/content/about.md
[Debug 03:09:39.727] MdFoldingProvider: provideFoldingRanges - file:///home/near/Documents/Code/zerai.xyz/content/about.md
[Debug 03:09:39.727] TableOfContentsProvider: create - file:///home/near/Documents/Code/zerai.xyz/content/about.md
[Debug 03:09:40.528] LinkProvider: compute - file:///home/near/Documents/Code/zerai.xyz/content/about.md
[Debug 03:09:40.900] MdFoldingProvider: provideFoldingRanges - file:///home/near/Documents/Code/zerai.xyz/content/about.md
[Debug 03:09:40.901] TableOfContentsProvider: create - file:///home/near/Documents/Code/zerai.xyz/content/about.md
[Debug 03:09:41.358] MdFoldingProvider: provideFoldingRanges - file:///home/near/Documents/Code/zerai.xyz/content/about.md
[Debug 03:09:41.358] TableOfContentsProvider: create - file:///home/near/Documents/Code/zerai.xyz/content/about.md
[Debug 03:09:41.736] MdFoldingProvider: provideFoldingRanges - file:///home/near/Documents/Code/zerai.xyz/content/about.md
[Debug 03:09:41.736] TableOfContentsProvider: create - file:///home/near/Documents/Code/zerai.xyz/content/about.md
[Debug 03:09:42.093] MdFoldingProvider: provideFoldingRanges - file:///home/near/Documents/Code/zerai.xyz/content/about.md
[Debug 03:09:42.093] TableOfContentsProvider: create - file:///home/near/Documents/Code/zerai.xyz/content/about.md
[Debug 03:09:42.535] MdFoldingProvider: provideFoldingRanges - file:///home/near/Documents/Code/zerai.xyz/content/about.md
[Debug 03:09:42.535] TableOfContentsProvider: create - file:///home/near/Documents/Code/zerai.xyz/content/about.md
[Debug 03:09:43.020] MdFoldingProvider: provideFoldingRanges - file:///home/near/Documents/Code/zerai.xyz/content/about.md
[Debug 03:09:43.020] TableOfContentsProvider: create - file:///home/near/Documents/Code/zerai.xyz/content/about.md
[Debug 03:09:43.227] MdFoldingProvider: provideFoldingRanges - file:///home/near/Documents/Code/zerai.xyz/content/about.md
[Debug 03:09:43.227] TableOfContentsProvider: create - file:///home/near/Documents/Code/zerai.xyz/content/about.md
[Trace 03:09:43.733] VsCodeClientWorkspace: onDidChangeWatchedFiles: 2: file:///home/near/Documents/Code/zerai.xyz/content/about.md
[Debug 03:09:44.027] LinkProvider: compute - file:///home/near/Documents/Code/zerai.xyz/content/about.md
[Trace 03:13:11.281] VsCodeClientWorkspace: onDidChangeWatchedFiles: 2: file:///home/near/Documents/Code/zerai.xyz/content/blog/hello-world.md
[Debug 03:13:40.947] TableOfContentsProvider: create - file:///home/near/Documents/Code/zerai.xyz/content/blog/hello-world.md
[Debug 03:13:40.954] LinkProvider: compute - file:///home/near/Documents/Code/zerai.xyz/content/blog/hello-world.md
[Debug 03:13:41.140] MdFoldingProvider: provideFoldingRanges - file:///home/near/Documents/Code/zerai.xyz/content/blog/hello-world.md
[Debug 03:13:43.448] MdFoldingProvider: provideFoldingRanges - file:///home/near/Documents/Code/zerai.xyz/content/blog/hello-world.md
[Debug 03:13:43.448] TableOfContentsProvider: create - file:///home/near/Documents/Code/zerai.xyz/content/blog/hello-world.md
[Debug 03:13:44.249] LinkProvider: compute - file:///home/near/Documents/Code/zerai.xyz/content/blog/hello-world.md
[Debug 03:13:46.283] MdFoldingProvider: provideFoldingRanges - file:///home/near/Documents/Code/zerai.xyz/content/blog/hello-world.md
[Debug 03:13:46.283] TableOfContentsProvider: create - file:///home/near/Documents/Code/zerai.xyz/content/blog/hello-world.md
[Debug 03:13:46.493] MdFoldingProvider: provideFoldingRanges - file:///home/near/Documents/Code/zerai.xyz/content/blog/hello-world.md
[Debug 03:13:46.493] TableOfContentsProvider: create - file:///home/near/Documents/Code/zerai.xyz/content/blog/hello-world.md
[Debug 03:13:46.829] MdFoldingProvider: provideFoldingRanges - file:///home/near/Documents/Code/zerai.xyz/content/blog/hello-world.md
[Debug 03:13:46.829] TableOfContentsProvider: create - file:///home/near/Documents/Code/zerai.xyz/content/blog/hello-world.md
[Debug 03:13:47.489] MdFoldingProvider: provideFoldingRanges - file:///home/near/Documents/Code/zerai.xyz/content/blog/hello-world.md
[Debug 03:13:47.490] TableOfContentsProvider: create - file:///home/near/Documents/Code/zerai.xyz/content/blog/hello-world.md
[Debug 03:13:47.721] MdFoldingProvider: provideFoldingRanges - file:///home/near/Documents/Code/zerai.xyz/content/blog/hello-world.md
[Debug 03:13:47.721] TableOfContentsProvider: create - file:///home/near/Documents/Code/zerai.xyz/content/blog/hello-world.md
[Debug 03:13:47.948] MdFoldingProvider: provideFoldingRanges - file:///home/near/Documents/Code/zerai.xyz/content/blog/hello-world.md
[Debug 03:13:47.948] TableOfContentsProvider: create - file:///home/near/Documents/Code/zerai.xyz/content/blog/hello-world.md
[Debug 03:13:48.488] MdFoldingProvider: provideFoldingRanges - file:///home/near/Documents/Code/zerai.xyz/content/blog/hello-world.md
[Debug 03:13:48.488] TableOfContentsProvider: create - file:///home/near/Documents/Code/zerai.xyz/content/blog/hello-world.md
[Debug 03:13:48.785] MdFoldingProvider: provideFoldingRanges - file:///home/near/Documents/Code/zerai.xyz/content/blog/hello-world.md
[Debug 03:13:48.785] TableOfContentsProvider: create - file:///home/near/Documents/Code/zerai.xyz/content/blog/hello-world.md
[Debug 03:13:49.152] MdFoldingProvider: provideFoldingRanges - file:///home/near/Documents/Code/zerai.xyz/content/blog/hello-world.md
[Debug 03:13:49.152] TableOfContentsProvider: create - file:///home/near/Documents/Code/zerai.xyz/content/blog/hello-world.md
[Debug 03:13:49.683] MdFoldingProvider: provideFoldingRanges - file:///home/near/Documents/Code/zerai.xyz/content/blog/hello-world.md
[Debug 03:13:49.683] TableOfContentsProvider: create - file:///home/near/Documents/Code/zerai.xyz/content/blog/hello-world.md
[Debug 03:13:49.903] MdFoldingProvider: provideFoldingRanges - file:///home/near/Documents/Code/zerai.xyz/content/blog/hello-world.md
[Debug 03:13:49.903] TableOfContentsProvider: create - file:///home/near/Documents/Code/zerai.xyz/content/blog/hello-world.md
[Debug 03:13:50.338] MdFoldingProvider: provideFoldingRanges - file:///home/near/Documents/Code/zerai.xyz/content/blog/hello-world.md
[Debug 03:13:50.338] TableOfContentsProvider: create - file:///home/near/Documents/Code/zerai.xyz/content/blog/hello-world.md
[Trace 03:13:50.877] VsCodeClientWorkspace: onDidChangeWatchedFiles: 2: file:///home/near/Documents/Code/zerai.xyz/content/blog/hello-world.md
[Debug 03:13:51.139] LinkProvider: compute - file:///home/near/Documents/Code/zerai.xyz/content/blog/hello-world.md
[Debug 03:19:53.623] MdFoldingProvider: provideFoldingRanges - file:///home/near/Documents/Code/zerai.xyz/content/blog/hello-world.md
[Debug 03:19:53.623] TableOfContentsProvider: create - file:///home/near/Documents/Code/zerai.xyz/content/blog/hello-world.md
[Debug 03:19:55.053] MdFoldingProvider: provideFoldingRanges - file:///home/near/Documents/Code/zerai.xyz/content/about.md
[Debug 03:19:55.053] TableOfContentsProvider: create - file:///home/near/Documents/Code/zerai.xyz/content/about.md
[Trace 03:23:33.618] VsCodeClientWorkspace: onDidChangeWatchedFiles: 1: file:///home/near/Documents/Code/zerai.xyz/themes/lugo/README.md
[Trace 03:23:33.618] VsCodeClientWorkspace: onDidChangeWatchedFiles: 1: file:///home/near/Documents/Code/zerai.xyz/themes/lugo/archetypes/default.md
[Debug 20:51:28.798] MdFoldingProvider: provideFoldingRanges - file:///home/near/Documents/Code/zerai.xyz/content/about.md
[Debug 20:51:48.601] MdFoldingProvider: provideFoldingRanges - file:///home/near/Documents/Code/zerai.xyz/content/about.md
[Debug 20:52:02.280] MdFoldingProvider: provideFoldingRanges - file:///home/near/Documents/Code/zerai.xyz/content/about.md
