[2022-08-17 22:14:52.843] [exthost] [info] Extension host with pid 3968 started
[2022-08-17 22:14:52.844] [exthost] [info] Skipping acquiring lock for /home/near/.config/VSCodium/User/workspaceStorage/e58519af411028565401dfb6037c7e8b.
[2022-08-17 22:14:52.883] [exthost] [info] ExtensionService#_doActivateExtension vscode.debug-auto-launch, startup: true, activationEvent: '*'
[2022-08-17 22:14:52.886] [exthost] [info] ExtensionService#_doActivateExtension vscode.git-base, startup: true, activationEvent: '*', root cause: vscode.git
[2022-08-17 22:14:52.888] [exthost] [info] ExtensionService#_doActivateExtension vscode.ipynb, startup: true, activationEvent: '*'
[2022-08-17 22:14:52.891] [exthost] [info] ExtensionService#_doActivateExtension ms-vscode.sublime-keybindings, startup: true, activationEvent: '*'
[2022-08-17 22:14:52.900] [exthost] [info] ExtensionService#_doActivateExtension vscode.git, startup: true, activationEvent: '*'
[2022-08-17 22:14:52.916] [exthost] [info] ExtensionService#_doActivateExtension vscode.github, startup: true, activationEvent: '*'
[2022-08-17 22:14:52.938] [exthost] [info] Eager extensions activated
[2022-08-17 22:14:52.954] [exthost] [info] ExtensionService#_doActivateExtension vscode.emmet, startup: false, activationEvent: 'onStartupFinished'
[2022-08-17 22:14:52.960] [exthost] [info] ExtensionService#_doActivateExtension vscode.merge-conflict, startup: false, activationEvent: 'onStartupFinished'
[2022-08-17 22:14:52.962] [exthost] [info] ExtensionService#_doActivateExtension bierner.emojisense, startup: false, activationEvent: 'onStartupFinished'
[2022-08-17 22:14:52.973] [exthost] [info] ExtensionService#_doActivateExtension esbenp.prettier-vscode, startup: false, activationEvent: 'onStartupFinished'
[2022-08-17 22:14:53.459] [exthost] [error] {"message":"Git error","stdout":"","stderr":"fatal: Pathspec '/home/near/Documents/Code/zerai.xyz/themes/ezhil/archetypes' is in submodule 'themes/ezhil'\n","exitCode":128,"gitErrorCode":"IsInSubmodule"}
[2022-08-17 22:14:53.459] [exthost] [error] {"message":"Git error","stdout":"","stderr":"fatal: Pathspec '/home/near/Documents/Code/zerai.xyz/themes/ezhil/archetypes' is in submodule 'themes/ezhil'\n","exitCode":128,"gitErrorCode":"IsInSubmodule"}
[2022-08-17 22:14:53.459] [exthost] [error] {"message":"Git error","stdout":"","stderr":"fatal: Pathspec '/home/near/Documents/Code/zerai.xyz/themes/ezhil/archetypes' is in submodule 'themes/ezhil'\n","exitCode":128,"gitErrorCode":"IsInSubmodule"}
[2022-08-17 22:14:53.459] [exthost] [error] {"message":"Git error","stdout":"","stderr":"fatal: Pathspec '/home/near/Documents/Code/zerai.xyz/themes/ezhil/archetypes' is in submodule 'themes/ezhil'\n","exitCode":128,"gitErrorCode":"IsInSubmodule"}
[2022-08-17 22:14:53.459] [exthost] [error] {"message":"Git error","stdout":"","stderr":"fatal: Pathspec '/home/near/Documents/Code/zerai.xyz/themes/ezhil/archetypes' is in submodule 'themes/ezhil'\n","exitCode":128,"gitErrorCode":"IsInSubmodule"}
[2022-08-17 22:14:53.459] [exthost] [error] {"message":"Git error","stdout":"","stderr":"fatal: Pathspec '/home/near/Documents/Code/zerai.xyz/themes/ezhil/archetypes' is in submodule 'themes/ezhil'\n","exitCode":128,"gitErrorCode":"IsInSubmodule"}
[2022-08-17 22:14:53.459] [exthost] [error] {"message":"Git error","stdout":"","stderr":"fatal: Pathspec '/home/near/Documents/Code/zerai.xyz/themes/ezhil/archetypes' is in submodule 'themes/ezhil'\n","exitCode":128,"gitErrorCode":"IsInSubmodule"}
[2022-08-17 22:14:53.459] [exthost] [error] {"message":"Git error","stdout":"","stderr":"fatal: Pathspec '/home/near/Documents/Code/zerai.xyz/themes/ezhil/archetypes' is in submodule 'themes/ezhil'\n","exitCode":128,"gitErrorCode":"IsInSubmodule"}
[2022-08-17 22:14:53.459] [exthost] [error] {"message":"Git error","stdout":"","stderr":"fatal: Pathspec '/home/near/Documents/Code/zerai.xyz/themes/ezhil/archetypes' is in submodule 'themes/ezhil'\n","exitCode":128,"gitErrorCode":"IsInSubmodule"}
[2022-08-17 22:14:53.459] [exthost] [error] {"message":"Git error","stdout":"","stderr":"fatal: Pathspec '/home/near/Documents/Code/zerai.xyz/themes/ezhil/archetypes' is in submodule 'themes/ezhil'\n","exitCode":128,"gitErrorCode":"IsInSubmodule"}
[2022-08-17 22:14:53.459] [exthost] [error] {"message":"Git error","stdout":"","stderr":"fatal: Pathspec '/home/near/Documents/Code/zerai.xyz/themes/ezhil/archetypes' is in submodule 'themes/ezhil'\n","exitCode":128,"gitErrorCode":"IsInSubmodule"}
[2022-08-17 22:14:53.459] [exthost] [error] {"message":"Git error","stdout":"","stderr":"fatal: Pathspec '/home/near/Documents/Code/zerai.xyz/themes/ezhil/archetypes' is in submodule 'themes/ezhil'\n","exitCode":128,"gitErrorCode":"IsInSubmodule"}
[2022-08-17 22:14:53.459] [exthost] [error] {"message":"Git error","stdout":"","stderr":"fatal: Pathspec '/home/near/Documents/Code/zerai.xyz/themes/ezhil/archetypes' is in submodule 'themes/ezhil'\n","exitCode":128,"gitErrorCode":"IsInSubmodule"}
[2022-08-17 22:14:53.459] [exthost] [error] {"message":"Git error","stdout":"","stderr":"fatal: Pathspec '/home/near/Documents/Code/zerai.xyz/themes/ezhil/archetypes' is in submodule 'themes/ezhil'\n","exitCode":128,"gitErrorCode":"IsInSubmodule"}
[2022-08-17 22:14:53.459] [exthost] [error] {"message":"Git error","stdout":"","stderr":"fatal: Pathspec '/home/near/Documents/Code/zerai.xyz/themes/ezhil/archetypes' is in submodule 'themes/ezhil'\n","exitCode":128,"gitErrorCode":"IsInSubmodule"}
[2022-08-17 22:14:53.459] [exthost] [error] {"message":"Git error","stdout":"","stderr":"fatal: Pathspec '/home/near/Documents/Code/zerai.xyz/themes/ezhil/archetypes' is in submodule 'themes/ezhil'\n","exitCode":128,"gitErrorCode":"IsInSubmodule"}
[2022-08-17 22:14:53.459] [exthost] [error] {"message":"Git error","stdout":"","stderr":"fatal: Pathspec '/home/near/Documents/Code/zerai.xyz/themes/ezhil/archetypes' is in submodule 'themes/ezhil'\n","exitCode":128,"gitErrorCode":"IsInSubmodule"}
[2022-08-17 22:14:53.459] [exthost] [error] {"message":"Git error","stdout":"","stderr":"fatal: Pathspec '/home/near/Documents/Code/zerai.xyz/themes/ezhil/archetypes' is in submodule 'themes/ezhil'\n","exitCode":128,"gitErrorCode":"IsInSubmodule"}
[2022-08-17 22:14:53.459] [exthost] [error] {"message":"Git error","stdout":"","stderr":"fatal: Pathspec '/home/near/Documents/Code/zerai.xyz/themes/ezhil/archetypes' is in submodule 'themes/ezhil'\n","exitCode":128,"gitErrorCode":"IsInSubmodule"}
[2022-08-17 22:14:53.459] [exthost] [error] {"message":"Git error","stdout":"","stderr":"fatal: Pathspec '/home/near/Documents/Code/zerai.xyz/themes/ezhil/archetypes' is in submodule 'themes/ezhil'\n","exitCode":128,"gitErrorCode":"IsInSubmodule"}
[2022-08-17 22:14:53.459] [exthost] [error] {"message":"Git error","stdout":"","stderr":"fatal: Pathspec '/home/near/Documents/Code/zerai.xyz/themes/ezhil/archetypes' is in submodule 'themes/ezhil'\n","exitCode":128,"gitErrorCode":"IsInSubmodule"}
[2022-08-17 22:14:53.459] [exthost] [error] {"message":"Git error","stdout":"","stderr":"fatal: Pathspec '/home/near/Documents/Code/zerai.xyz/themes/ezhil/archetypes' is in submodule 'themes/ezhil'\n","exitCode":128,"gitErrorCode":"IsInSubmodule"}
[2022-08-17 22:14:53.459] [exthost] [error] {"message":"Git error","stdout":"","stderr":"fatal: Pathspec '/home/near/Documents/Code/zerai.xyz/themes/ezhil/archetypes' is in submodule 'themes/ezhil'\n","exitCode":128,"gitErrorCode":"IsInSubmodule"}
[2022-08-17 22:14:53.459] [exthost] [error] {"message":"Git error","stdout":"","stderr":"fatal: Pathspec '/home/near/Documents/Code/zerai.xyz/themes/ezhil/archetypes' is in submodule 'themes/ezhil'\n","exitCode":128,"gitErrorCode":"IsInSubmodule"}
[2022-08-17 22:14:53.459] [exthost] [error] {"message":"Git error","stdout":"","stderr":"fatal: Pathspec '/home/near/Documents/Code/zerai.xyz/themes/ezhil/archetypes' is in submodule 'themes/ezhil'\n","exitCode":128,"gitErrorCode":"IsInSubmodule"}
[2022-08-17 22:14:53.459] [exthost] [error] {"message":"Git error","stdout":"","stderr":"fatal: Pathspec '/home/near/Documents/Code/zerai.xyz/themes/ezhil/archetypes' is in submodule 'themes/ezhil'\n","exitCode":128,"gitErrorCode":"IsInSubmodule"}
[2022-08-17 22:14:53.459] [exthost] [error] {"message":"Git error","stdout":"","stderr":"fatal: Pathspec '/home/near/Documents/Code/zerai.xyz/themes/ezhil/archetypes' is in submodule 'themes/ezhil'\n","exitCode":128,"gitErrorCode":"IsInSubmodule"}
[2022-08-17 22:14:53.459] [exthost] [error] {"message":"Git error","stdout":"","stderr":"fatal: Pathspec '/home/near/Documents/Code/zerai.xyz/themes/ezhil/archetypes' is in submodule 'themes/ezhil'\n","exitCode":128,"gitErrorCode":"IsInSubmodule"}
[2022-08-17 22:14:53.459] [exthost] [error] {"message":"Git error","stdout":"","stderr":"fatal: Pathspec '/home/near/Documents/Code/zerai.xyz/themes/ezhil/archetypes' is in submodule 'themes/ezhil'\n","exitCode":128,"gitErrorCode":"IsInSubmodule"}
[2022-08-17 22:14:53.459] [exthost] [error] {"message":"Git error","stdout":"","stderr":"fatal: Pathspec '/home/near/Documents/Code/zerai.xyz/themes/ezhil/archetypes' is in submodule 'themes/ezhil'\n","exitCode":128,"gitErrorCode":"IsInSubmodule"}
[2022-08-17 22:14:53.459] [exthost] [error] {"message":"Git error","stdout":"","stderr":"fatal: Pathspec '/home/near/Documents/Code/zerai.xyz/themes/ezhil/archetypes' is in submodule 'themes/ezhil'\n","exitCode":128,"gitErrorCode":"IsInSubmodule"}
[2022-08-17 22:14:53.459] [exthost] [error] {"message":"Git error","stdout":"","stderr":"fatal: Pathspec '/home/near/Documents/Code/zerai.xyz/themes/ezhil/archetypes' is in submodule 'themes/ezhil'\n","exitCode":128,"gitErrorCode":"IsInSubmodule"}
[2022-08-17 22:14:53.459] [exthost] [error] {"message":"Git error","stdout":"","stderr":"fatal: Pathspec '/home/near/Documents/Code/zerai.xyz/themes/ezhil/archetypes' is in submodule 'themes/ezhil'\n","exitCode":128,"gitErrorCode":"IsInSubmodule"}
[2022-08-17 22:14:53.459] [exthost] [error] {"message":"Git error","stdout":"","stderr":"fatal: Pathspec '/home/near/Documents/Code/zerai.xyz/themes/ezhil/archetypes' is in submodule 'themes/ezhil'\n","exitCode":128,"gitErrorCode":"IsInSubmodule"}
[2022-08-17 22:14:53.459] [exthost] [error] {"message":"Git error","stdout":"","stderr":"fatal: Pathspec '/home/near/Documents/Code/zerai.xyz/themes/ezhil/archetypes' is in submodule 'themes/ezhil'\n","exitCode":128,"gitErrorCode":"IsInSubmodule"}
[2022-08-17 22:14:53.459] [exthost] [error] {"message":"Git error","stdout":"","stderr":"fatal: Pathspec '/home/near/Documents/Code/zerai.xyz/themes/ezhil/archetypes' is in submodule 'themes/ezhil'\n","exitCode":128,"gitErrorCode":"IsInSubmodule"}
[2022-08-17 22:14:53.459] [exthost] [error] {"message":"Git error","stdout":"","stderr":"fatal: Pathspec '/home/near/Documents/Code/zerai.xyz/themes/ezhil/archetypes' is in submodule 'themes/ezhil'\n","exitCode":128,"gitErrorCode":"IsInSubmodule"}
[2022-08-17 22:14:53.459] [exthost] [error] {"message":"Git error","stdout":"","stderr":"fatal: Pathspec '/home/near/Documents/Code/zerai.xyz/themes/ezhil/archetypes' is in submodule 'themes/ezhil'\n","exitCode":128,"gitErrorCode":"IsInSubmodule"}
[2022-08-17 22:14:53.459] [exthost] [error] {"message":"Git error","stdout":"","stderr":"fatal: Pathspec '/home/near/Documents/Code/zerai.xyz/themes/ezhil/archetypes' is in submodule 'themes/ezhil'\n","exitCode":128,"gitErrorCode":"IsInSubmodule"}
[2022-08-17 22:14:53.459] [exthost] [error] {"message":"Git error","stdout":"","stderr":"fatal: Pathspec '/home/near/Documents/Code/zerai.xyz/themes/ezhil/archetypes' is in submodule 'themes/ezhil'\n","exitCode":128,"gitErrorCode":"IsInSubmodule"}
[2022-08-17 22:14:53.459] [exthost] [error] {"message":"Git error","stdout":"","stderr":"fatal: Pathspec '/home/near/Documents/Code/zerai.xyz/themes/ezhil/archetypes' is in submodule 'themes/ezhil'\n","exitCode":128,"gitErrorCode":"IsInSubmodule"}
[2022-08-17 22:14:53.459] [exthost] [error] {"message":"Git error","stdout":"","stderr":"fatal: Pathspec '/home/near/Documents/Code/zerai.xyz/themes/ezhil/archetypes' is in submodule 'themes/ezhil'\n","exitCode":128,"gitErrorCode":"IsInSubmodule"}
[2022-08-17 22:14:53.459] [exthost] [error] {"message":"Git error","stdout":"","stderr":"fatal: Pathspec '/home/near/Documents/Code/zerai.xyz/themes/ezhil/archetypes' is in submodule 'themes/ezhil'\n","exitCode":128,"gitErrorCode":"IsInSubmodule"}
[2022-08-17 22:14:53.459] [exthost] [error] {"message":"Git error","stdout":"","stderr":"fatal: Pathspec '/home/near/Documents/Code/zerai.xyz/themes/ezhil/archetypes' is in submodule 'themes/ezhil'\n","exitCode":128,"gitErrorCode":"IsInSubmodule"}
[2022-08-17 22:14:53.459] [exthost] [error] {"message":"Git error","stdout":"","stderr":"fatal: Pathspec '/home/near/Documents/Code/zerai.xyz/themes/ezhil/archetypes' is in submodule 'themes/ezhil'\n","exitCode":128,"gitErrorCode":"IsInSubmodule"}
[2022-08-17 22:14:53.459] [exthost] [error] {"message":"Git error","stdout":"","stderr":"fatal: Pathspec '/home/near/Documents/Code/zerai.xyz/themes/ezhil/archetypes' is in submodule 'themes/ezhil'\n","exitCode":128,"gitErrorCode":"IsInSubmodule"}
[2022-08-17 22:14:53.460] [exthost] [error] {"message":"Git error","stdout":"","stderr":"fatal: Pathspec '/home/near/Documents/Code/zerai.xyz/themes/ezhil/archetypes' is in submodule 'themes/ezhil'\n","exitCode":128,"gitErrorCode":"IsInSubmodule"}
[2022-08-17 22:14:53.460] [exthost] [error] {"message":"Git error","stdout":"","stderr":"fatal: Pathspec '/home/near/Documents/Code/zerai.xyz/themes/ezhil/archetypes' is in submodule 'themes/ezhil'\n","exitCode":128,"gitErrorCode":"IsInSubmodule"}
[2022-08-17 22:14:53.460] [exthost] [error] {"message":"Git error","stdout":"","stderr":"fatal: Pathspec '/home/near/Documents/Code/zerai.xyz/themes/ezhil/archetypes' is in submodule 'themes/ezhil'\n","exitCode":128,"gitErrorCode":"IsInSubmodule"}
[2022-08-17 22:14:53.460] [exthost] [error] {"message":"Git error","stdout":"","stderr":"fatal: Pathspec '/home/near/Documents/Code/zerai.xyz/themes/ezhil/archetypes' is in submodule 'themes/ezhil'\n","exitCode":128,"gitErrorCode":"IsInSubmodule"}
