[2022-08-18 10:22:09.091] [exthost] [info] Extension host with pid 4053 started
[2022-08-18 10:22:09.091] [exthost] [info] Skipping acquiring lock for /home/near/.config/VSCodium/User/workspaceStorage/e58519af411028565401dfb6037c7e8b.
[2022-08-18 10:22:09.127] [exthost] [info] ExtensionService#_doActivateExtension vscode.debug-auto-launch, startup: true, activationEvent: '*'
[2022-08-18 10:22:09.130] [exthost] [info] ExtensionService#_doActivateExtension vscode.git-base, startup: true, activationEvent: '*', root cause: vscode.git
[2022-08-18 10:22:09.133] [exthost] [info] ExtensionService#_doActivateExtension vscode.ipynb, startup: true, activationEvent: '*'
[2022-08-18 10:22:09.138] [exthost] [info] ExtensionService#_doActivateExtension ms-vscode.sublime-keybindings, startup: true, activationEvent: '*'
[2022-08-18 10:22:09.158] [exthost] [info] ExtensionService#_doActivateExtension vscode.git, startup: true, activationEvent: '*'
[2022-08-18 10:22:09.180] [exthost] [info] ExtensionService#_doActivateExtension vscode.github, startup: true, activationEvent: '*'
[2022-08-18 10:22:09.221] [exthost] [info] Eager extensions activated
[2022-08-18 10:22:09.231] [exthost] [info] ExtensionService#_doActivateExtension vscode.emmet, startup: false, activationEvent: 'onStartupFinished'
[2022-08-18 10:22:09.238] [exthost] [info] ExtensionService#_doActivateExtension vscode.merge-conflict, startup: false, activationEvent: 'onStartupFinished'
[2022-08-18 10:22:09.240] [exthost] [info] ExtensionService#_doActivateExtension bierner.emojisense, startup: false, activationEvent: 'onStartupFinished'
[2022-08-18 10:22:09.251] [exthost] [info] ExtensionService#_doActivateExtension esbenp.prettier-vscode, startup: false, activationEvent: 'onStartupFinished'
[2022-08-18 10:22:09.813] [exthost] [error] {"message":"Git error","stdout":"","stderr":"fatal: Pathspec '/home/near/Documents/Code/zerai.xyz/themes/ezhil/archetypes' is in submodule 'themes/ezhil'\n","exitCode":128,"gitErrorCode":"IsInSubmodule"}
[2022-08-18 10:22:09.813] [exthost] [error] {"message":"Git error","stdout":"","stderr":"fatal: Pathspec '/home/near/Documents/Code/zerai.xyz/themes/ezhil/archetypes' is in submodule 'themes/ezhil'\n","exitCode":128,"gitErrorCode":"IsInSubmodule"}
[2022-08-18 10:22:09.813] [exthost] [error] {"message":"Git error","stdout":"","stderr":"fatal: Pathspec '/home/near/Documents/Code/zerai.xyz/themes/ezhil/archetypes' is in submodule 'themes/ezhil'\n","exitCode":128,"gitErrorCode":"IsInSubmodule"}
[2022-08-18 10:22:09.813] [exthost] [error] {"message":"Git error","stdout":"","stderr":"fatal: Pathspec '/home/near/Documents/Code/zerai.xyz/themes/ezhil/archetypes' is in submodule 'themes/ezhil'\n","exitCode":128,"gitErrorCode":"IsInSubmodule"}
[2022-08-18 10:22:09.813] [exthost] [error] {"message":"Git error","stdout":"","stderr":"fatal: Pathspec '/home/near/Documents/Code/zerai.xyz/themes/ezhil/archetypes' is in submodule 'themes/ezhil'\n","exitCode":128,"gitErrorCode":"IsInSubmodule"}
[2022-08-18 10:22:09.813] [exthost] [error] {"message":"Git error","stdout":"","stderr":"fatal: Pathspec '/home/near/Documents/Code/zerai.xyz/themes/ezhil/archetypes' is in submodule 'themes/ezhil'\n","exitCode":128,"gitErrorCode":"IsInSubmodule"}
[2022-08-18 10:22:09.813] [exthost] [error] {"message":"Git error","stdout":"","stderr":"fatal: Pathspec '/home/near/Documents/Code/zerai.xyz/themes/ezhil/archetypes' is in submodule 'themes/ezhil'\n","exitCode":128,"gitErrorCode":"IsInSubmodule"}
[2022-08-18 10:22:09.813] [exthost] [error] {"message":"Git error","stdout":"","stderr":"fatal: Pathspec '/home/near/Documents/Code/zerai.xyz/themes/ezhil/archetypes' is in submodule 'themes/ezhil'\n","exitCode":128,"gitErrorCode":"IsInSubmodule"}
[2022-08-18 10:22:09.813] [exthost] [error] {"message":"Git error","stdout":"","stderr":"fatal: Pathspec '/home/near/Documents/Code/zerai.xyz/themes/ezhil/archetypes' is in submodule 'themes/ezhil'\n","exitCode":128,"gitErrorCode":"IsInSubmodule"}
[2022-08-18 10:22:09.813] [exthost] [error] {"message":"Git error","stdout":"","stderr":"fatal: Pathspec '/home/near/Documents/Code/zerai.xyz/themes/ezhil/archetypes' is in submodule 'themes/ezhil'\n","exitCode":128,"gitErrorCode":"IsInSubmodule"}
[2022-08-18 10:22:09.813] [exthost] [error] {"message":"Git error","stdout":"","stderr":"fatal: Pathspec '/home/near/Documents/Code/zerai.xyz/themes/ezhil/archetypes' is in submodule 'themes/ezhil'\n","exitCode":128,"gitErrorCode":"IsInSubmodule"}
[2022-08-18 10:22:09.813] [exthost] [error] {"message":"Git error","stdout":"","stderr":"fatal: Pathspec '/home/near/Documents/Code/zerai.xyz/themes/ezhil/archetypes' is in submodule 'themes/ezhil'\n","exitCode":128,"gitErrorCode":"IsInSubmodule"}
[2022-08-18 10:22:09.813] [exthost] [error] {"message":"Git error","stdout":"","stderr":"fatal: Pathspec '/home/near/Documents/Code/zerai.xyz/themes/ezhil/archetypes' is in submodule 'themes/ezhil'\n","exitCode":128,"gitErrorCode":"IsInSubmodule"}
[2022-08-18 10:22:09.813] [exthost] [error] {"message":"Git error","stdout":"","stderr":"fatal: Pathspec '/home/near/Documents/Code/zerai.xyz/themes/ezhil/archetypes' is in submodule 'themes/ezhil'\n","exitCode":128,"gitErrorCode":"IsInSubmodule"}
[2022-08-18 10:22:09.813] [exthost] [error] {"message":"Git error","stdout":"","stderr":"fatal: Pathspec '/home/near/Documents/Code/zerai.xyz/themes/ezhil/archetypes' is in submodule 'themes/ezhil'\n","exitCode":128,"gitErrorCode":"IsInSubmodule"}
[2022-08-18 10:22:09.813] [exthost] [error] {"message":"Git error","stdout":"","stderr":"fatal: Pathspec '/home/near/Documents/Code/zerai.xyz/themes/ezhil/archetypes' is in submodule 'themes/ezhil'\n","exitCode":128,"gitErrorCode":"IsInSubmodule"}
[2022-08-18 10:22:09.813] [exthost] [error] {"message":"Git error","stdout":"","stderr":"fatal: Pathspec '/home/near/Documents/Code/zerai.xyz/themes/ezhil/archetypes' is in submodule 'themes/ezhil'\n","exitCode":128,"gitErrorCode":"IsInSubmodule"}
[2022-08-18 10:22:09.813] [exthost] [error] {"message":"Git error","stdout":"","stderr":"fatal: Pathspec '/home/near/Documents/Code/zerai.xyz/themes/ezhil/archetypes' is in submodule 'themes/ezhil'\n","exitCode":128,"gitErrorCode":"IsInSubmodule"}
[2022-08-18 10:22:09.813] [exthost] [error] {"message":"Git error","stdout":"","stderr":"fatal: Pathspec '/home/near/Documents/Code/zerai.xyz/themes/ezhil/archetypes' is in submodule 'themes/ezhil'\n","exitCode":128,"gitErrorCode":"IsInSubmodule"}
[2022-08-18 10:22:09.813] [exthost] [error] {"message":"Git error","stdout":"","stderr":"fatal: Pathspec '/home/near/Documents/Code/zerai.xyz/themes/ezhil/archetypes' is in submodule 'themes/ezhil'\n","exitCode":128,"gitErrorCode":"IsInSubmodule"}
[2022-08-18 10:22:09.813] [exthost] [error] {"message":"Git error","stdout":"","stderr":"fatal: Pathspec '/home/near/Documents/Code/zerai.xyz/themes/ezhil/archetypes' is in submodule 'themes/ezhil'\n","exitCode":128,"gitErrorCode":"IsInSubmodule"}
[2022-08-18 10:22:09.813] [exthost] [error] {"message":"Git error","stdout":"","stderr":"fatal: Pathspec '/home/near/Documents/Code/zerai.xyz/themes/ezhil/archetypes' is in submodule 'themes/ezhil'\n","exitCode":128,"gitErrorCode":"IsInSubmodule"}
[2022-08-18 10:22:09.813] [exthost] [error] {"message":"Git error","stdout":"","stderr":"fatal: Pathspec '/home/near/Documents/Code/zerai.xyz/themes/ezhil/archetypes' is in submodule 'themes/ezhil'\n","exitCode":128,"gitErrorCode":"IsInSubmodule"}
[2022-08-18 10:22:09.813] [exthost] [error] {"message":"Git error","stdout":"","stderr":"fatal: Pathspec '/home/near/Documents/Code/zerai.xyz/themes/ezhil/archetypes' is in submodule 'themes/ezhil'\n","exitCode":128,"gitErrorCode":"IsInSubmodule"}
[2022-08-18 10:22:09.813] [exthost] [error] {"message":"Git error","stdout":"","stderr":"fatal: Pathspec '/home/near/Documents/Code/zerai.xyz/themes/ezhil/archetypes' is in submodule 'themes/ezhil'\n","exitCode":128,"gitErrorCode":"IsInSubmodule"}
[2022-08-18 10:22:09.813] [exthost] [error] {"message":"Git error","stdout":"","stderr":"fatal: Pathspec '/home/near/Documents/Code/zerai.xyz/themes/ezhil/archetypes' is in submodule 'themes/ezhil'\n","exitCode":128,"gitErrorCode":"IsInSubmodule"}
[2022-08-18 10:22:09.813] [exthost] [error] {"message":"Git error","stdout":"","stderr":"fatal: Pathspec '/home/near/Documents/Code/zerai.xyz/themes/ezhil/archetypes' is in submodule 'themes/ezhil'\n","exitCode":128,"gitErrorCode":"IsInSubmodule"}
[2022-08-18 10:22:09.813] [exthost] [error] {"message":"Git error","stdout":"","stderr":"fatal: Pathspec '/home/near/Documents/Code/zerai.xyz/themes/ezhil/archetypes' is in submodule 'themes/ezhil'\n","exitCode":128,"gitErrorCode":"IsInSubmodule"}
[2022-08-18 10:22:09.813] [exthost] [error] {"message":"Git error","stdout":"","stderr":"fatal: Pathspec '/home/near/Documents/Code/zerai.xyz/themes/ezhil/archetypes' is in submodule 'themes/ezhil'\n","exitCode":128,"gitErrorCode":"IsInSubmodule"}
[2022-08-18 10:22:09.813] [exthost] [error] {"message":"Git error","stdout":"","stderr":"fatal: Pathspec '/home/near/Documents/Code/zerai.xyz/themes/ezhil/archetypes' is in submodule 'themes/ezhil'\n","exitCode":128,"gitErrorCode":"IsInSubmodule"}
[2022-08-18 10:22:09.813] [exthost] [error] {"message":"Git error","stdout":"","stderr":"fatal: Pathspec '/home/near/Documents/Code/zerai.xyz/themes/ezhil/archetypes' is in submodule 'themes/ezhil'\n","exitCode":128,"gitErrorCode":"IsInSubmodule"}
[2022-08-18 10:22:09.813] [exthost] [error] {"message":"Git error","stdout":"","stderr":"fatal: Pathspec '/home/near/Documents/Code/zerai.xyz/themes/ezhil/archetypes' is in submodule 'themes/ezhil'\n","exitCode":128,"gitErrorCode":"IsInSubmodule"}
[2022-08-18 10:22:09.813] [exthost] [error] {"message":"Git error","stdout":"","stderr":"fatal: Pathspec '/home/near/Documents/Code/zerai.xyz/themes/ezhil/archetypes' is in submodule 'themes/ezhil'\n","exitCode":128,"gitErrorCode":"IsInSubmodule"}
[2022-08-18 10:22:09.813] [exthost] [error] {"message":"Git error","stdout":"","stderr":"fatal: Pathspec '/home/near/Documents/Code/zerai.xyz/themes/ezhil/archetypes' is in submodule 'themes/ezhil'\n","exitCode":128,"gitErrorCode":"IsInSubmodule"}
[2022-08-18 10:22:09.813] [exthost] [error] {"message":"Git error","stdout":"","stderr":"fatal: Pathspec '/home/near/Documents/Code/zerai.xyz/themes/ezhil/archetypes' is in submodule 'themes/ezhil'\n","exitCode":128,"gitErrorCode":"IsInSubmodule"}
[2022-08-18 10:22:09.813] [exthost] [error] {"message":"Git error","stdout":"","stderr":"fatal: Pathspec '/home/near/Documents/Code/zerai.xyz/themes/ezhil/archetypes' is in submodule 'themes/ezhil'\n","exitCode":128,"gitErrorCode":"IsInSubmodule"}
[2022-08-18 10:22:09.813] [exthost] [error] {"message":"Git error","stdout":"","stderr":"fatal: Pathspec '/home/near/Documents/Code/zerai.xyz/themes/ezhil/archetypes' is in submodule 'themes/ezhil'\n","exitCode":128,"gitErrorCode":"IsInSubmodule"}
[2022-08-18 10:22:09.813] [exthost] [error] {"message":"Git error","stdout":"","stderr":"fatal: Pathspec '/home/near/Documents/Code/zerai.xyz/themes/ezhil/archetypes' is in submodule 'themes/ezhil'\n","exitCode":128,"gitErrorCode":"IsInSubmodule"}
[2022-08-18 10:22:09.813] [exthost] [error] {"message":"Git error","stdout":"","stderr":"fatal: Pathspec '/home/near/Documents/Code/zerai.xyz/themes/ezhil/archetypes' is in submodule 'themes/ezhil'\n","exitCode":128,"gitErrorCode":"IsInSubmodule"}
[2022-08-18 10:22:09.813] [exthost] [error] {"message":"Git error","stdout":"","stderr":"fatal: Pathspec '/home/near/Documents/Code/zerai.xyz/themes/ezhil/archetypes' is in submodule 'themes/ezhil'\n","exitCode":128,"gitErrorCode":"IsInSubmodule"}
[2022-08-18 10:22:09.813] [exthost] [error] {"message":"Git error","stdout":"","stderr":"fatal: Pathspec '/home/near/Documents/Code/zerai.xyz/themes/ezhil/archetypes' is in submodule 'themes/ezhil'\n","exitCode":128,"gitErrorCode":"IsInSubmodule"}
[2022-08-18 10:22:09.813] [exthost] [error] {"message":"Git error","stdout":"","stderr":"fatal: Pathspec '/home/near/Documents/Code/zerai.xyz/themes/ezhil/archetypes' is in submodule 'themes/ezhil'\n","exitCode":128,"gitErrorCode":"IsInSubmodule"}
[2022-08-18 10:22:09.813] [exthost] [error] {"message":"Git error","stdout":"","stderr":"fatal: Pathspec '/home/near/Documents/Code/zerai.xyz/themes/ezhil/archetypes' is in submodule 'themes/ezhil'\n","exitCode":128,"gitErrorCode":"IsInSubmodule"}
[2022-08-18 10:22:09.813] [exthost] [error] {"message":"Git error","stdout":"","stderr":"fatal: Pathspec '/home/near/Documents/Code/zerai.xyz/themes/ezhil/archetypes' is in submodule 'themes/ezhil'\n","exitCode":128,"gitErrorCode":"IsInSubmodule"}
[2022-08-18 10:22:09.813] [exthost] [error] {"message":"Git error","stdout":"","stderr":"fatal: Pathspec '/home/near/Documents/Code/zerai.xyz/themes/ezhil/archetypes' is in submodule 'themes/ezhil'\n","exitCode":128,"gitErrorCode":"IsInSubmodule"}
[2022-08-18 10:22:09.813] [exthost] [error] {"message":"Git error","stdout":"","stderr":"fatal: Pathspec '/home/near/Documents/Code/zerai.xyz/themes/ezhil/archetypes' is in submodule 'themes/ezhil'\n","exitCode":128,"gitErrorCode":"IsInSubmodule"}
[2022-08-18 10:22:09.813] [exthost] [error] {"message":"Git error","stdout":"","stderr":"fatal: Pathspec '/home/near/Documents/Code/zerai.xyz/themes/ezhil/archetypes' is in submodule 'themes/ezhil'\n","exitCode":128,"gitErrorCode":"IsInSubmodule"}
[2022-08-18 10:22:09.813] [exthost] [error] {"message":"Git error","stdout":"","stderr":"fatal: Pathspec '/home/near/Documents/Code/zerai.xyz/themes/ezhil/archetypes' is in submodule 'themes/ezhil'\n","exitCode":128,"gitErrorCode":"IsInSubmodule"}
[2022-08-18 10:22:09.813] [exthost] [error] {"message":"Git error","stdout":"","stderr":"fatal: Pathspec '/home/near/Documents/Code/zerai.xyz/themes/ezhil/archetypes' is in submodule 'themes/ezhil'\n","exitCode":128,"gitErrorCode":"IsInSubmodule"}
[2022-08-18 10:22:09.813] [exthost] [error] {"message":"Git error","stdout":"","stderr":"fatal: Pathspec '/home/near/Documents/Code/zerai.xyz/themes/ezhil/archetypes' is in submodule 'themes/ezhil'\n","exitCode":128,"gitErrorCode":"IsInSubmodule"}
[2022-08-18 10:57:22.870] [exthost] [info] ExtensionService#_doActivateExtension vscode.extension-editing, startup: false, activationEvent: 'onLanguage:markdown'
[2022-08-18 10:57:22.876] [exthost] [info] ExtensionService#_doActivateExtension vscode.markdown-language-features, startup: false, activationEvent: 'onLanguage:markdown'
[2022-08-18 10:57:23.126] [exthost] [info] ExtensionService#_doActivateExtension vscode.markdown-math, startup: false, activationEvent: 'api', root cause: vscode.markdown-language-features
[2022-08-18 11:54:26.015] [exthost] [info] ExtensionService#_doActivateExtension vscode.css-language-features, startup: false, activationEvent: 'onLanguage:css'
[2022-08-18 11:56:23.815] [exthost] [info] ExtensionService#_doActivateExtension vscode.html-language-features, startup: false, activationEvent: 'onLanguage:html'
[2022-08-18 14:47:54.343] [exthost] [info] Extension host terminating: received terminate message from renderer
[2022-08-18 14:47:54.357] [exthost] [error] Error: read ECONNRESET
	at Pipe.onStreamRead (node:internal/stream_base_commons:220:20)
[2022-08-18 14:47:54.358] [exthost] [info] Extension host with pid 4053 exiting with code 0
