[2022-08-14T23:23:50.603Z] Log level: Info
[2022-08-14T23:23:50.603Z] [info] Validating found git in: git
[2022-08-14T23:23:50.613Z] [info] Using git 2.34.1 from git
[2022-08-14T23:23:50.619Z] > git rev-parse --show-toplevel [2ms]
[2022-08-14T23:23:50.619Z] fatal: not a git repository (or any parent up to mount point /)
Stopping at filesystem boundary (GIT_DISCOVERY_ACROSS_FILESYSTEM not set).
[2022-08-14T23:23:50.623Z] > git rev-parse --show-toplevel [1ms]
[2022-08-14T23:23:50.623Z] fatal: not a git repository (or any parent up to mount point /)
Stopping at filesystem boundary (GIT_DISCOVERY_ACROSS_FILESYSTEM not set).
[2022-08-14T23:23:50.626Z] > git rev-parse --show-toplevel [0ms]
[2022-08-14T23:23:50.626Z] fatal: not a git repository (or any parent up to mount point /)
Stopping at filesystem boundary (GIT_DISCOVERY_ACROSS_FILESYSTEM not set).
[2022-08-14T23:23:50.629Z] > git rev-parse --show-toplevel [1ms]
[2022-08-14T23:23:50.629Z] fatal: not a git repository (or any parent up to mount point /)
Stopping at filesystem boundary (GIT_DISCOVERY_ACROSS_FILESYSTEM not set).
[2022-08-14T23:23:50.691Z] > git rev-parse --show-toplevel [60ms]
[2022-08-14T23:23:50.691Z] fatal: not a git repository (or any parent up to mount point /)
Stopping at filesystem boundary (GIT_DISCOVERY_ACROSS_FILESYSTEM not set).
[2022-08-14T23:23:50.860Z] > git rev-parse --show-toplevel [1ms]
[2022-08-14T23:23:50.860Z] fatal: not a git repository (or any parent up to mount point /)
Stopping at filesystem boundary (GIT_DISCOVERY_ACROSS_FILESYSTEM not set).
